[2026-02-16T12:32:19.761+0000] {local_task_job_runner.py:120} INFO - ::group::Pre task execution logs
[2026-02-16T12:32:21.053+0000] {taskinstance.py:2076} INFO - Dependencies all met for dep_context=non-requeueable deps ti=<TaskInstance: airbnb_master_ingestion.ingest_listings_08_2020 manual__2026-02-16T12:31:43.521350+00:00 [queued]>
[2026-02-16T12:32:21.261+0000] {taskinstance.py:2076} INFO - Dependencies all met for dep_context=requeueable deps ti=<TaskInstance: airbnb_master_ingestion.ingest_listings_08_2020 manual__2026-02-16T12:31:43.521350+00:00 [queued]>
[2026-02-16T12:32:21.263+0000] {taskinstance.py:2306} INFO - Starting attempt 1 of 1
[2026-02-16T12:32:21.487+0000] {taskinstance.py:2330} INFO - Executing <Task(PythonOperator): ingest_listings_08_2020> on 2026-02-16 12:31:43.521350+00:00
[2026-02-16T12:32:21.510+0000] {standard_task_runner.py:63} INFO - Started process 1496 to run task
[2026-02-16T12:32:21.538+0000] {standard_task_runner.py:90} INFO - Running: ['airflow', 'tasks', 'run', 'airbnb_master_ingestion', 'ingest_listings_08_2020', 'manual__2026-02-16T12:31:43.521350+00:00', '--job-id', '20', '--raw', '--subdir', 'DAGS_FOLDER/master_load_bronze_data.py', '--cfg-path', '/tmp/tmp2pioeqt_']
[2026-02-16T12:32:21.546+0000] {standard_task_runner.py:91} INFO - Job 20: Subtask ingest_listings_08_2020
[2026-02-16T12:32:22.753+0000] {task_command.py:426} INFO - Running <TaskInstance: airbnb_master_ingestion.ingest_listings_08_2020 manual__2026-02-16T12:31:43.521350+00:00 [running]> on host 6404cf048eb4
[2026-02-16T12:32:26.358+0000] {taskinstance.py:2648} INFO - Exporting env vars: AIRFLOW_CTX_DAG_OWNER='airflow' AIRFLOW_CTX_DAG_ID='airbnb_master_ingestion' AIRFLOW_CTX_TASK_ID='ingest_listings_08_2020' AIRFLOW_CTX_EXECUTION_DATE='2026-02-16T12:31:43.521350+00:00' AIRFLOW_CTX_TRY_NUMBER='1' AIRFLOW_CTX_DAG_RUN_ID='manual__2026-02-16T12:31:43.521350+00:00'
[2026-02-16T12:32:26.363+0000] {taskinstance.py:430} INFO - ::endgroup::
[2026-02-16T12:32:26.835+0000] {logging_mixin.py:188} INFO - Starting ingestion for: listings/08-2020.csv
[2026-02-16T12:32:26.942+0000] {taskinstance.py:441} INFO - ::group::Post task execution logs
[2026-02-16T12:32:26.944+0000] {taskinstance.py:2905} ERROR - Task failed with exception
Traceback (most recent call last):
  File "/home/airflow/.local/lib/python3.10/site-packages/airflow/models/taskinstance.py", line 465, in _execute_task
    result = _execute_callable(context=context, **execute_callable_kwargs)
  File "/home/airflow/.local/lib/python3.10/site-packages/airflow/models/taskinstance.py", line 432, in _execute_callable
    return execute_callable(context=context, **execute_callable_kwargs)
  File "/home/airflow/.local/lib/python3.10/site-packages/airflow/models/baseoperator.py", line 400, in wrapper
    return func(self, *args, **kwargs)
  File "/home/airflow/.local/lib/python3.10/site-packages/airflow/operators/python.py", line 235, in execute
    return_value = self.execute_callable()
  File "/home/airflow/.local/lib/python3.10/site-packages/airflow/operators/python.py", line 252, in execute_callable
    return self.python_callable(*self.op_args, **self.op_kwargs)
  File "/opt/airflow/dags/master_load_bronze_data.py", line 16, in move_data_to_bronze
    data = pd.read_csv(csv_path)
  File "/home/airflow/.local/lib/python3.10/site-packages/pandas/io/parsers/readers.py", line 948, in read_csv
    return _read(filepath_or_buffer, kwds)
  File "/home/airflow/.local/lib/python3.10/site-packages/pandas/io/parsers/readers.py", line 611, in _read
    parser = TextFileReader(filepath_or_buffer, **kwds)
  File "/home/airflow/.local/lib/python3.10/site-packages/pandas/io/parsers/readers.py", line 1448, in __init__
    self._engine = self._make_engine(f, self.engine)
  File "/home/airflow/.local/lib/python3.10/site-packages/pandas/io/parsers/readers.py", line 1705, in _make_engine
    self.handles = get_handle(
  File "/home/airflow/.local/lib/python3.10/site-packages/pandas/io/common.py", line 863, in get_handle
    handle = open(
FileNotFoundError: [Errno 2] No such file or directory: '/opt/airflow/data/listings/08-2020.csv'
[2026-02-16T12:32:27.703+0000] {taskinstance.py:1206} INFO - Marking task as FAILED. dag_id=airbnb_master_ingestion, task_id=ingest_listings_08_2020, run_id=manual__2026-02-16T12:31:43.521350+00:00, execution_date=20260216T123143, start_date=20260216T123221, end_date=20260216T123227
[2026-02-16T12:32:28.108+0000] {standard_task_runner.py:110} ERROR - Failed to execute job 20 for task ingest_listings_08_2020 ([Errno 2] No such file or directory: '/opt/airflow/data/listings/08-2020.csv'; 1496)
[2026-02-16T12:32:28.493+0000] {local_task_job_runner.py:240} INFO - Task exited with return code 1
[2026-02-16T12:32:29.110+0000] {taskinstance.py:3498} INFO - 0 downstream tasks scheduled from follow-on schedule check
[2026-02-16T12:32:29.144+0000] {local_task_job_runner.py:222} INFO - ::endgroup::
