[2026-02-16T12:31:49.772+0000] {local_task_job_runner.py:120} INFO - ::group::Pre task execution logs
[2026-02-16T12:31:49.930+0000] {taskinstance.py:2076} INFO - Dependencies all met for dep_context=non-requeueable deps ti=<TaskInstance: airbnb_master_ingestion.ingest_suburb_mapping manual__2026-02-16T12:31:43.521350+00:00 [queued]>
[2026-02-16T12:31:49.957+0000] {taskinstance.py:2076} INFO - Dependencies all met for dep_context=requeueable deps ti=<TaskInstance: airbnb_master_ingestion.ingest_suburb_mapping manual__2026-02-16T12:31:43.521350+00:00 [queued]>
[2026-02-16T12:31:49.959+0000] {taskinstance.py:2306} INFO - Starting attempt 1 of 1
[2026-02-16T12:31:49.998+0000] {taskinstance.py:2330} INFO - Executing <Task(PythonOperator): ingest_suburb_mapping> on 2026-02-16 12:31:43.521350+00:00
[2026-02-16T12:31:50.013+0000] {standard_task_runner.py:63} INFO - Started process 1452 to run task
[2026-02-16T12:31:50.025+0000] {standard_task_runner.py:90} INFO - Running: ['airflow', 'tasks', 'run', 'airbnb_master_ingestion', 'ingest_suburb_mapping', 'manual__2026-02-16T12:31:43.521350+00:00', '--job-id', '9', '--raw', '--subdir', 'DAGS_FOLDER/master_load_bronze_data.py', '--cfg-path', '/tmp/tmp9ve8nkrk']
[2026-02-16T12:31:50.055+0000] {standard_task_runner.py:91} INFO - Job 9: Subtask ingest_suburb_mapping
[2026-02-16T12:31:50.427+0000] {task_command.py:426} INFO - Running <TaskInstance: airbnb_master_ingestion.ingest_suburb_mapping manual__2026-02-16T12:31:43.521350+00:00 [running]> on host 6404cf048eb4
[2026-02-16T12:31:51.000+0000] {taskinstance.py:2648} INFO - Exporting env vars: AIRFLOW_CTX_DAG_OWNER='airflow' AIRFLOW_CTX_DAG_ID='airbnb_master_ingestion' AIRFLOW_CTX_TASK_ID='ingest_suburb_mapping' AIRFLOW_CTX_EXECUTION_DATE='2026-02-16T12:31:43.521350+00:00' AIRFLOW_CTX_TRY_NUMBER='1' AIRFLOW_CTX_DAG_RUN_ID='manual__2026-02-16T12:31:43.521350+00:00'
[2026-02-16T12:31:51.002+0000] {taskinstance.py:430} INFO - ::endgroup::
[2026-02-16T12:31:51.381+0000] {logging_mixin.py:188} INFO - Starting ingestion for: NSW_LGA/NSW_LGA_SUBURB.csv
[2026-02-16T12:31:52.140+0000] {crypto.py:82} WARNING - empty cryptography key - values will not be stored encrypted.
[2026-02-16T12:31:52.153+0000] {base.py:84} INFO - Using connection ID 'postgres_conn' for task execution.
[2026-02-16T12:31:54.317+0000] {logging_mixin.py:188} INFO - Successfully moved 4470 rows to nsw_lga_suburb
[2026-02-16T12:31:54.329+0000] {python.py:237} INFO - Done. Returned value was: None
[2026-02-16T12:31:54.337+0000] {taskinstance.py:441} INFO - ::group::Post task execution logs
[2026-02-16T12:31:54.429+0000] {taskinstance.py:1206} INFO - Marking task as SUCCESS. dag_id=airbnb_master_ingestion, task_id=ingest_suburb_mapping, run_id=manual__2026-02-16T12:31:43.521350+00:00, execution_date=20260216T123143, start_date=20260216T123149, end_date=20260216T123154
[2026-02-16T12:31:54.564+0000] {local_task_job_runner.py:240} INFO - Task exited with return code 0
[2026-02-16T12:31:54.673+0000] {taskinstance.py:3498} INFO - 1 downstream tasks scheduled from follow-on schedule check
[2026-02-16T12:31:54.676+0000] {local_task_job_runner.py:222} INFO - ::endgroup::
