[2026-03-02T09:04:48.107+0000] {processor.py:161} INFO - Started process (PID=161) to work on /opt/airflow/dags/load_bronze_data.py
[2026-03-02T09:04:48.123+0000] {processor.py:830} INFO - Processing file /opt/airflow/dags/load_bronze_data.py for tasks to queue
[2026-03-02T09:04:48.154+0000] {logging_mixin.py:188} INFO - [2026-03-02T09:04:48.145+0000] {dagbag.py:545} INFO - Filling up the DagBag from /opt/airflow/dags/load_bronze_data.py
[2026-03-02T09:05:06.388+0000] {processor.py:840} INFO - DAG(s) 'ingest_airbnb_bronze' retrieved from /opt/airflow/dags/load_bronze_data.py
[2026-03-02T09:05:06.649+0000] {logging_mixin.py:188} INFO - [2026-03-02T09:05:06.649+0000] {dag.py:3096} INFO - Sync 1 DAGs
[2026-03-02T09:05:06.692+0000] {logging_mixin.py:188} INFO - [2026-03-02T09:05:06.691+0000] {dag.py:3954} INFO - Setting next_dagrun for ingest_airbnb_bronze to None, run_after=None
[2026-03-02T09:05:07.011+0000] {processor.py:183} INFO - Processing /opt/airflow/dags/load_bronze_data.py took 19.038 seconds
[2026-03-02T09:05:38.895+0000] {processor.py:161} INFO - Started process (PID=173) to work on /opt/airflow/dags/load_bronze_data.py
[2026-03-02T09:05:38.979+0000] {processor.py:830} INFO - Processing file /opt/airflow/dags/load_bronze_data.py for tasks to queue
[2026-03-02T09:05:38.988+0000] {logging_mixin.py:188} INFO - [2026-03-02T09:05:38.986+0000] {dagbag.py:545} INFO - Filling up the DagBag from /opt/airflow/dags/load_bronze_data.py
[2026-03-02T09:05:45.655+0000] {processor.py:840} INFO - DAG(s) 'ingest_airbnb_bronze' retrieved from /opt/airflow/dags/load_bronze_data.py
[2026-03-02T09:05:47.450+0000] {logging_mixin.py:188} INFO - [2026-03-02T09:05:47.449+0000] {dag.py:3096} INFO - Sync 1 DAGs
[2026-03-02T09:05:47.586+0000] {logging_mixin.py:188} INFO - [2026-03-02T09:05:47.584+0000] {dag.py:3954} INFO - Setting next_dagrun for ingest_airbnb_bronze to None, run_after=None
[2026-03-02T09:05:47.685+0000] {processor.py:183} INFO - Processing /opt/airflow/dags/load_bronze_data.py took 9.051 seconds
[2026-03-02T09:06:20.040+0000] {processor.py:161} INFO - Started process (PID=185) to work on /opt/airflow/dags/load_bronze_data.py
[2026-03-02T09:06:20.124+0000] {processor.py:830} INFO - Processing file /opt/airflow/dags/load_bronze_data.py for tasks to queue
[2026-03-02T09:06:20.148+0000] {logging_mixin.py:188} INFO - [2026-03-02T09:06:20.147+0000] {dagbag.py:545} INFO - Filling up the DagBag from /opt/airflow/dags/load_bronze_data.py
[2026-03-02T09:06:25.678+0000] {processor.py:840} INFO - DAG(s) 'ingest_airbnb_bronze' retrieved from /opt/airflow/dags/load_bronze_data.py
[2026-03-02T09:06:25.869+0000] {logging_mixin.py:188} INFO - [2026-03-02T09:06:25.861+0000] {dag.py:3096} INFO - Sync 1 DAGs
[2026-03-02T09:06:25.932+0000] {logging_mixin.py:188} INFO - [2026-03-02T09:06:25.931+0000] {dag.py:3954} INFO - Setting next_dagrun for ingest_airbnb_bronze to None, run_after=None
[2026-03-02T09:06:26.062+0000] {processor.py:183} INFO - Processing /opt/airflow/dags/load_bronze_data.py took 6.094 seconds
[2026-03-02T09:06:57.305+0000] {processor.py:161} INFO - Started process (PID=197) to work on /opt/airflow/dags/load_bronze_data.py
[2026-03-02T09:06:57.310+0000] {processor.py:830} INFO - Processing file /opt/airflow/dags/load_bronze_data.py for tasks to queue
[2026-03-02T09:06:57.321+0000] {logging_mixin.py:188} INFO - [2026-03-02T09:06:57.319+0000] {dagbag.py:545} INFO - Filling up the DagBag from /opt/airflow/dags/load_bronze_data.py
[2026-03-02T09:07:00.828+0000] {processor.py:840} INFO - DAG(s) 'ingest_airbnb_bronze' retrieved from /opt/airflow/dags/load_bronze_data.py
[2026-03-02T09:07:01.030+0000] {logging_mixin.py:188} INFO - [2026-03-02T09:07:01.026+0000] {dag.py:3096} INFO - Sync 1 DAGs
[2026-03-02T09:07:01.120+0000] {logging_mixin.py:188} INFO - [2026-03-02T09:07:01.119+0000] {dag.py:3954} INFO - Setting next_dagrun for ingest_airbnb_bronze to None, run_after=None
[2026-03-02T09:07:01.223+0000] {processor.py:183} INFO - Processing /opt/airflow/dags/load_bronze_data.py took 3.961 seconds
[2026-03-02T09:07:34.307+0000] {processor.py:161} INFO - Started process (PID=209) to work on /opt/airflow/dags/load_bronze_data.py
[2026-03-02T09:07:34.322+0000] {processor.py:830} INFO - Processing file /opt/airflow/dags/load_bronze_data.py for tasks to queue
[2026-03-02T09:07:34.341+0000] {logging_mixin.py:188} INFO - [2026-03-02T09:07:34.340+0000] {dagbag.py:545} INFO - Filling up the DagBag from /opt/airflow/dags/load_bronze_data.py
[2026-03-02T09:07:37.151+0000] {processor.py:840} INFO - DAG(s) 'ingest_airbnb_bronze' retrieved from /opt/airflow/dags/load_bronze_data.py
[2026-03-02T09:07:37.327+0000] {logging_mixin.py:188} INFO - [2026-03-02T09:07:37.326+0000] {dag.py:3096} INFO - Sync 1 DAGs
[2026-03-02T09:07:37.375+0000] {logging_mixin.py:188} INFO - [2026-03-02T09:07:37.374+0000] {dag.py:3954} INFO - Setting next_dagrun for ingest_airbnb_bronze to None, run_after=None
[2026-03-02T09:07:37.467+0000] {processor.py:183} INFO - Processing /opt/airflow/dags/load_bronze_data.py took 3.224 seconds
[2026-03-02T09:08:08.938+0000] {processor.py:161} INFO - Started process (PID=221) to work on /opt/airflow/dags/load_bronze_data.py
[2026-03-02T09:08:08.941+0000] {processor.py:830} INFO - Processing file /opt/airflow/dags/load_bronze_data.py for tasks to queue
[2026-03-02T09:08:08.949+0000] {logging_mixin.py:188} INFO - [2026-03-02T09:08:08.948+0000] {dagbag.py:545} INFO - Filling up the DagBag from /opt/airflow/dags/load_bronze_data.py
[2026-03-02T09:08:09.969+0000] {processor.py:840} INFO - DAG(s) 'ingest_airbnb_bronze' retrieved from /opt/airflow/dags/load_bronze_data.py
[2026-03-02T09:08:10.047+0000] {logging_mixin.py:188} INFO - [2026-03-02T09:08:10.046+0000] {dag.py:3096} INFO - Sync 1 DAGs
[2026-03-02T09:08:10.080+0000] {logging_mixin.py:188} INFO - [2026-03-02T09:08:10.080+0000] {dag.py:3954} INFO - Setting next_dagrun for ingest_airbnb_bronze to None, run_after=None
[2026-03-02T09:08:10.115+0000] {processor.py:183} INFO - Processing /opt/airflow/dags/load_bronze_data.py took 1.203 seconds
[2026-03-02T09:08:40.761+0000] {processor.py:161} INFO - Started process (PID=234) to work on /opt/airflow/dags/load_bronze_data.py
[2026-03-02T09:08:40.763+0000] {processor.py:830} INFO - Processing file /opt/airflow/dags/load_bronze_data.py for tasks to queue
[2026-03-02T09:08:40.769+0000] {logging_mixin.py:188} INFO - [2026-03-02T09:08:40.768+0000] {dagbag.py:545} INFO - Filling up the DagBag from /opt/airflow/dags/load_bronze_data.py
[2026-03-02T09:08:42.107+0000] {processor.py:840} INFO - DAG(s) 'ingest_airbnb_bronze' retrieved from /opt/airflow/dags/load_bronze_data.py
[2026-03-02T09:08:42.181+0000] {logging_mixin.py:188} INFO - [2026-03-02T09:08:42.180+0000] {dag.py:3096} INFO - Sync 1 DAGs
[2026-03-02T09:08:42.213+0000] {logging_mixin.py:188} INFO - [2026-03-02T09:08:42.212+0000] {dag.py:3954} INFO - Setting next_dagrun for ingest_airbnb_bronze to None, run_after=None
[2026-03-02T09:08:42.259+0000] {processor.py:183} INFO - Processing /opt/airflow/dags/load_bronze_data.py took 1.521 seconds
[2026-03-02T09:09:12.593+0000] {processor.py:161} INFO - Started process (PID=246) to work on /opt/airflow/dags/load_bronze_data.py
[2026-03-02T09:09:12.637+0000] {processor.py:830} INFO - Processing file /opt/airflow/dags/load_bronze_data.py for tasks to queue
[2026-03-02T09:09:12.641+0000] {logging_mixin.py:188} INFO - [2026-03-02T09:09:12.640+0000] {dagbag.py:545} INFO - Filling up the DagBag from /opt/airflow/dags/load_bronze_data.py
[2026-03-02T09:09:14.106+0000] {processor.py:840} INFO - DAG(s) 'ingest_airbnb_bronze' retrieved from /opt/airflow/dags/load_bronze_data.py
[2026-03-02T09:09:14.205+0000] {logging_mixin.py:188} INFO - [2026-03-02T09:09:14.204+0000] {dag.py:3096} INFO - Sync 1 DAGs
[2026-03-02T09:09:14.254+0000] {logging_mixin.py:188} INFO - [2026-03-02T09:09:14.253+0000] {dag.py:3954} INFO - Setting next_dagrun for ingest_airbnb_bronze to None, run_after=None
[2026-03-02T09:09:14.315+0000] {processor.py:183} INFO - Processing /opt/airflow/dags/load_bronze_data.py took 1.749 seconds
[2026-03-02T09:09:44.594+0000] {processor.py:161} INFO - Started process (PID=258) to work on /opt/airflow/dags/load_bronze_data.py
[2026-03-02T09:09:44.596+0000] {processor.py:830} INFO - Processing file /opt/airflow/dags/load_bronze_data.py for tasks to queue
[2026-03-02T09:09:44.604+0000] {logging_mixin.py:188} INFO - [2026-03-02T09:09:44.603+0000] {dagbag.py:545} INFO - Filling up the DagBag from /opt/airflow/dags/load_bronze_data.py
[2026-03-02T09:09:46.209+0000] {processor.py:840} INFO - DAG(s) 'ingest_airbnb_bronze' retrieved from /opt/airflow/dags/load_bronze_data.py
[2026-03-02T09:09:46.303+0000] {logging_mixin.py:188} INFO - [2026-03-02T09:09:46.302+0000] {dag.py:3096} INFO - Sync 1 DAGs
[2026-03-02T09:09:46.364+0000] {logging_mixin.py:188} INFO - [2026-03-02T09:09:46.363+0000] {dag.py:3954} INFO - Setting next_dagrun for ingest_airbnb_bronze to None, run_after=None
[2026-03-02T09:09:46.462+0000] {processor.py:183} INFO - Processing /opt/airflow/dags/load_bronze_data.py took 1.891 seconds
[2026-03-02T09:10:17.027+0000] {processor.py:161} INFO - Started process (PID=269) to work on /opt/airflow/dags/load_bronze_data.py
[2026-03-02T09:10:17.033+0000] {processor.py:830} INFO - Processing file /opt/airflow/dags/load_bronze_data.py for tasks to queue
[2026-03-02T09:10:17.050+0000] {logging_mixin.py:188} INFO - [2026-03-02T09:10:17.049+0000] {dagbag.py:545} INFO - Filling up the DagBag from /opt/airflow/dags/load_bronze_data.py
[2026-03-02T09:10:21.046+0000] {processor.py:840} INFO - DAG(s) 'ingest_airbnb_bronze' retrieved from /opt/airflow/dags/load_bronze_data.py
[2026-03-02T09:10:21.212+0000] {logging_mixin.py:188} INFO - [2026-03-02T09:10:21.211+0000] {dag.py:3096} INFO - Sync 1 DAGs
[2026-03-02T09:10:21.395+0000] {logging_mixin.py:188} INFO - [2026-03-02T09:10:21.392+0000] {dag.py:3954} INFO - Setting next_dagrun for ingest_airbnb_bronze to None, run_after=None
[2026-03-02T09:10:21.540+0000] {processor.py:183} INFO - Processing /opt/airflow/dags/load_bronze_data.py took 4.638 seconds
[2026-03-02T09:10:52.178+0000] {processor.py:161} INFO - Started process (PID=281) to work on /opt/airflow/dags/load_bronze_data.py
[2026-03-02T09:10:52.182+0000] {processor.py:830} INFO - Processing file /opt/airflow/dags/load_bronze_data.py for tasks to queue
[2026-03-02T09:10:52.188+0000] {logging_mixin.py:188} INFO - [2026-03-02T09:10:52.188+0000] {dagbag.py:545} INFO - Filling up the DagBag from /opt/airflow/dags/load_bronze_data.py
[2026-03-02T09:10:54.571+0000] {processor.py:840} INFO - DAG(s) 'ingest_airbnb_bronze' retrieved from /opt/airflow/dags/load_bronze_data.py
[2026-03-02T09:10:54.661+0000] {logging_mixin.py:188} INFO - [2026-03-02T09:10:54.660+0000] {dag.py:3096} INFO - Sync 1 DAGs
[2026-03-02T09:10:54.701+0000] {logging_mixin.py:188} INFO - [2026-03-02T09:10:54.700+0000] {dag.py:3954} INFO - Setting next_dagrun for ingest_airbnb_bronze to None, run_after=None
[2026-03-02T09:10:54.760+0000] {processor.py:183} INFO - Processing /opt/airflow/dags/load_bronze_data.py took 2.607 seconds
[2026-03-02T09:11:25.445+0000] {processor.py:161} INFO - Started process (PID=293) to work on /opt/airflow/dags/load_bronze_data.py
[2026-03-02T09:11:25.465+0000] {processor.py:830} INFO - Processing file /opt/airflow/dags/load_bronze_data.py for tasks to queue
[2026-03-02T09:11:25.500+0000] {logging_mixin.py:188} INFO - [2026-03-02T09:11:25.485+0000] {dagbag.py:545} INFO - Filling up the DagBag from /opt/airflow/dags/load_bronze_data.py
[2026-03-02T09:11:27.632+0000] {processor.py:840} INFO - DAG(s) 'ingest_airbnb_bronze' retrieved from /opt/airflow/dags/load_bronze_data.py
[2026-03-02T09:11:27.772+0000] {logging_mixin.py:188} INFO - [2026-03-02T09:11:27.771+0000] {dag.py:3096} INFO - Sync 1 DAGs
[2026-03-02T09:11:27.843+0000] {logging_mixin.py:188} INFO - [2026-03-02T09:11:27.842+0000] {dag.py:3954} INFO - Setting next_dagrun for ingest_airbnb_bronze to None, run_after=None
[2026-03-02T09:11:28.030+0000] {processor.py:183} INFO - Processing /opt/airflow/dags/load_bronze_data.py took 2.674 seconds
[2026-03-02T09:11:59.155+0000] {processor.py:161} INFO - Started process (PID=305) to work on /opt/airflow/dags/load_bronze_data.py
[2026-03-02T09:11:59.207+0000] {processor.py:830} INFO - Processing file /opt/airflow/dags/load_bronze_data.py for tasks to queue
[2026-03-02T09:11:59.215+0000] {logging_mixin.py:188} INFO - [2026-03-02T09:11:59.213+0000] {dagbag.py:545} INFO - Filling up the DagBag from /opt/airflow/dags/load_bronze_data.py
[2026-03-02T09:12:00.480+0000] {processor.py:840} INFO - DAG(s) 'ingest_airbnb_bronze' retrieved from /opt/airflow/dags/load_bronze_data.py
[2026-03-02T09:12:00.570+0000] {logging_mixin.py:188} INFO - [2026-03-02T09:12:00.569+0000] {dag.py:3096} INFO - Sync 1 DAGs
[2026-03-02T09:12:00.611+0000] {logging_mixin.py:188} INFO - [2026-03-02T09:12:00.611+0000] {dag.py:3954} INFO - Setting next_dagrun for ingest_airbnb_bronze to None, run_after=None
[2026-03-02T09:12:00.930+0000] {processor.py:183} INFO - Processing /opt/airflow/dags/load_bronze_data.py took 1.812 seconds
[2026-03-02T09:12:31.476+0000] {processor.py:161} INFO - Started process (PID=317) to work on /opt/airflow/dags/load_bronze_data.py
[2026-03-02T09:12:31.491+0000] {processor.py:830} INFO - Processing file /opt/airflow/dags/load_bronze_data.py for tasks to queue
[2026-03-02T09:12:31.500+0000] {logging_mixin.py:188} INFO - [2026-03-02T09:12:31.499+0000] {dagbag.py:545} INFO - Filling up the DagBag from /opt/airflow/dags/load_bronze_data.py
[2026-03-02T09:12:33.166+0000] {processor.py:840} INFO - DAG(s) 'ingest_airbnb_bronze' retrieved from /opt/airflow/dags/load_bronze_data.py
[2026-03-02T09:12:33.288+0000] {logging_mixin.py:188} INFO - [2026-03-02T09:12:33.287+0000] {dag.py:3096} INFO - Sync 1 DAGs
[2026-03-02T09:12:33.342+0000] {logging_mixin.py:188} INFO - [2026-03-02T09:12:33.341+0000] {dag.py:3954} INFO - Setting next_dagrun for ingest_airbnb_bronze to None, run_after=None
[2026-03-02T09:12:33.444+0000] {processor.py:183} INFO - Processing /opt/airflow/dags/load_bronze_data.py took 2.030 seconds
[2026-03-02T09:13:03.942+0000] {processor.py:161} INFO - Started process (PID=329) to work on /opt/airflow/dags/load_bronze_data.py
[2026-03-02T09:13:03.947+0000] {processor.py:830} INFO - Processing file /opt/airflow/dags/load_bronze_data.py for tasks to queue
[2026-03-02T09:13:03.963+0000] {logging_mixin.py:188} INFO - [2026-03-02T09:13:03.962+0000] {dagbag.py:545} INFO - Filling up the DagBag from /opt/airflow/dags/load_bronze_data.py
[2026-03-02T09:13:05.780+0000] {processor.py:840} INFO - DAG(s) 'ingest_airbnb_bronze' retrieved from /opt/airflow/dags/load_bronze_data.py
[2026-03-02T09:13:06.000+0000] {logging_mixin.py:188} INFO - [2026-03-02T09:13:05.999+0000] {dag.py:3096} INFO - Sync 1 DAGs
[2026-03-02T09:13:06.045+0000] {logging_mixin.py:188} INFO - [2026-03-02T09:13:06.044+0000] {dag.py:3954} INFO - Setting next_dagrun for ingest_airbnb_bronze to None, run_after=None
[2026-03-02T09:13:06.111+0000] {processor.py:183} INFO - Processing /opt/airflow/dags/load_bronze_data.py took 2.216 seconds
[2026-03-02T09:13:36.538+0000] {processor.py:161} INFO - Started process (PID=341) to work on /opt/airflow/dags/load_bronze_data.py
[2026-03-02T09:13:36.549+0000] {processor.py:830} INFO - Processing file /opt/airflow/dags/load_bronze_data.py for tasks to queue
[2026-03-02T09:13:36.559+0000] {logging_mixin.py:188} INFO - [2026-03-02T09:13:36.557+0000] {dagbag.py:545} INFO - Filling up the DagBag from /opt/airflow/dags/load_bronze_data.py
[2026-03-02T09:13:40.845+0000] {processor.py:840} INFO - DAG(s) 'ingest_airbnb_bronze' retrieved from /opt/airflow/dags/load_bronze_data.py
[2026-03-02T09:13:40.950+0000] {logging_mixin.py:188} INFO - [2026-03-02T09:13:40.949+0000] {dag.py:3096} INFO - Sync 1 DAGs
[2026-03-02T09:13:40.998+0000] {logging_mixin.py:188} INFO - [2026-03-02T09:13:40.998+0000] {dag.py:3954} INFO - Setting next_dagrun for ingest_airbnb_bronze to None, run_after=None
[2026-03-02T09:13:41.049+0000] {processor.py:183} INFO - Processing /opt/airflow/dags/load_bronze_data.py took 4.588 seconds
[2026-03-02T09:14:11.686+0000] {processor.py:161} INFO - Started process (PID=353) to work on /opt/airflow/dags/load_bronze_data.py
[2026-03-02T09:14:11.689+0000] {processor.py:830} INFO - Processing file /opt/airflow/dags/load_bronze_data.py for tasks to queue
[2026-03-02T09:14:11.697+0000] {logging_mixin.py:188} INFO - [2026-03-02T09:14:11.695+0000] {dagbag.py:545} INFO - Filling up the DagBag from /opt/airflow/dags/load_bronze_data.py
[2026-03-02T09:14:13.120+0000] {processor.py:840} INFO - DAG(s) 'ingest_airbnb_bronze' retrieved from /opt/airflow/dags/load_bronze_data.py
[2026-03-02T09:14:13.231+0000] {logging_mixin.py:188} INFO - [2026-03-02T09:14:13.230+0000] {dag.py:3096} INFO - Sync 1 DAGs
[2026-03-02T09:14:13.297+0000] {logging_mixin.py:188} INFO - [2026-03-02T09:14:13.296+0000] {dag.py:3954} INFO - Setting next_dagrun for ingest_airbnb_bronze to None, run_after=None
[2026-03-02T09:14:13.420+0000] {processor.py:183} INFO - Processing /opt/airflow/dags/load_bronze_data.py took 1.761 seconds
[2026-03-02T09:14:43.906+0000] {processor.py:161} INFO - Started process (PID=365) to work on /opt/airflow/dags/load_bronze_data.py
[2026-03-02T09:14:43.909+0000] {processor.py:830} INFO - Processing file /opt/airflow/dags/load_bronze_data.py for tasks to queue
[2026-03-02T09:14:43.916+0000] {logging_mixin.py:188} INFO - [2026-03-02T09:14:43.915+0000] {dagbag.py:545} INFO - Filling up the DagBag from /opt/airflow/dags/load_bronze_data.py
[2026-03-02T09:14:46.101+0000] {processor.py:840} INFO - DAG(s) 'ingest_airbnb_bronze' retrieved from /opt/airflow/dags/load_bronze_data.py
[2026-03-02T09:14:46.406+0000] {logging_mixin.py:188} INFO - [2026-03-02T09:14:46.386+0000] {dag.py:3096} INFO - Sync 1 DAGs
[2026-03-02T09:14:46.609+0000] {logging_mixin.py:188} INFO - [2026-03-02T09:14:46.596+0000] {dag.py:3954} INFO - Setting next_dagrun for ingest_airbnb_bronze to None, run_after=None
[2026-03-02T09:14:46.804+0000] {processor.py:183} INFO - Processing /opt/airflow/dags/load_bronze_data.py took 2.931 seconds
[2026-03-02T09:15:17.504+0000] {processor.py:161} INFO - Started process (PID=377) to work on /opt/airflow/dags/load_bronze_data.py
[2026-03-02T09:15:17.508+0000] {processor.py:830} INFO - Processing file /opt/airflow/dags/load_bronze_data.py for tasks to queue
[2026-03-02T09:15:17.515+0000] {logging_mixin.py:188} INFO - [2026-03-02T09:15:17.513+0000] {dagbag.py:545} INFO - Filling up the DagBag from /opt/airflow/dags/load_bronze_data.py
[2026-03-02T09:15:19.605+0000] {processor.py:840} INFO - DAG(s) 'ingest_airbnb_bronze' retrieved from /opt/airflow/dags/load_bronze_data.py
[2026-03-02T09:15:19.732+0000] {logging_mixin.py:188} INFO - [2026-03-02T09:15:19.731+0000] {dag.py:3096} INFO - Sync 1 DAGs
[2026-03-02T09:15:19.774+0000] {logging_mixin.py:188} INFO - [2026-03-02T09:15:19.774+0000] {dag.py:3954} INFO - Setting next_dagrun for ingest_airbnb_bronze to None, run_after=None
[2026-03-02T09:15:19.844+0000] {processor.py:183} INFO - Processing /opt/airflow/dags/load_bronze_data.py took 2.370 seconds
[2026-03-02T09:15:50.015+0000] {processor.py:161} INFO - Started process (PID=386) to work on /opt/airflow/dags/load_bronze_data.py
[2026-03-02T09:15:50.017+0000] {processor.py:830} INFO - Processing file /opt/airflow/dags/load_bronze_data.py for tasks to queue
[2026-03-02T09:15:50.023+0000] {logging_mixin.py:188} INFO - [2026-03-02T09:15:50.022+0000] {dagbag.py:545} INFO - Filling up the DagBag from /opt/airflow/dags/load_bronze_data.py
[2026-03-02T09:15:51.949+0000] {processor.py:840} INFO - DAG(s) 'ingest_airbnb_bronze' retrieved from /opt/airflow/dags/load_bronze_data.py
[2026-03-02T09:15:52.053+0000] {logging_mixin.py:188} INFO - [2026-03-02T09:15:52.052+0000] {dag.py:3096} INFO - Sync 1 DAGs
[2026-03-02T09:15:52.107+0000] {logging_mixin.py:188} INFO - [2026-03-02T09:15:52.106+0000] {dag.py:3954} INFO - Setting next_dagrun for ingest_airbnb_bronze to None, run_after=None
[2026-03-02T09:15:52.183+0000] {processor.py:183} INFO - Processing /opt/airflow/dags/load_bronze_data.py took 2.189 seconds
[2026-03-02T09:16:22.631+0000] {processor.py:161} INFO - Started process (PID=398) to work on /opt/airflow/dags/load_bronze_data.py
[2026-03-02T09:16:22.634+0000] {processor.py:830} INFO - Processing file /opt/airflow/dags/load_bronze_data.py for tasks to queue
[2026-03-02T09:16:22.639+0000] {logging_mixin.py:188} INFO - [2026-03-02T09:16:22.638+0000] {dagbag.py:545} INFO - Filling up the DagBag from /opt/airflow/dags/load_bronze_data.py
[2026-03-02T09:16:23.850+0000] {processor.py:840} INFO - DAG(s) 'ingest_airbnb_bronze' retrieved from /opt/airflow/dags/load_bronze_data.py
[2026-03-02T09:16:23.959+0000] {logging_mixin.py:188} INFO - [2026-03-02T09:16:23.958+0000] {dag.py:3096} INFO - Sync 1 DAGs
[2026-03-02T09:16:24.012+0000] {logging_mixin.py:188} INFO - [2026-03-02T09:16:24.011+0000] {dag.py:3954} INFO - Setting next_dagrun for ingest_airbnb_bronze to None, run_after=None
[2026-03-02T09:16:24.077+0000] {processor.py:183} INFO - Processing /opt/airflow/dags/load_bronze_data.py took 1.464 seconds
[2026-03-02T09:16:55.269+0000] {processor.py:161} INFO - Started process (PID=410) to work on /opt/airflow/dags/load_bronze_data.py
[2026-03-02T09:16:55.273+0000] {processor.py:830} INFO - Processing file /opt/airflow/dags/load_bronze_data.py for tasks to queue
[2026-03-02T09:16:55.281+0000] {logging_mixin.py:188} INFO - [2026-03-02T09:16:55.280+0000] {dagbag.py:545} INFO - Filling up the DagBag from /opt/airflow/dags/load_bronze_data.py
[2026-03-02T09:17:00.404+0000] {processor.py:840} INFO - DAG(s) 'ingest_airbnb_bronze' retrieved from /opt/airflow/dags/load_bronze_data.py
[2026-03-02T09:17:00.560+0000] {logging_mixin.py:188} INFO - [2026-03-02T09:17:00.559+0000] {dag.py:3096} INFO - Sync 1 DAGs
[2026-03-02T09:17:00.600+0000] {logging_mixin.py:188} INFO - [2026-03-02T09:17:00.599+0000] {dag.py:3954} INFO - Setting next_dagrun for ingest_airbnb_bronze to None, run_after=None
[2026-03-02T09:17:00.666+0000] {processor.py:183} INFO - Processing /opt/airflow/dags/load_bronze_data.py took 5.437 seconds
[2026-03-02T09:17:30.805+0000] {processor.py:161} INFO - Started process (PID=422) to work on /opt/airflow/dags/load_bronze_data.py
[2026-03-02T09:17:30.812+0000] {processor.py:830} INFO - Processing file /opt/airflow/dags/load_bronze_data.py for tasks to queue
[2026-03-02T09:17:30.819+0000] {logging_mixin.py:188} INFO - [2026-03-02T09:17:30.817+0000] {dagbag.py:545} INFO - Filling up the DagBag from /opt/airflow/dags/load_bronze_data.py
[2026-03-02T09:17:31.937+0000] {processor.py:840} INFO - DAG(s) 'ingest_airbnb_bronze' retrieved from /opt/airflow/dags/load_bronze_data.py
[2026-03-02T09:17:32.019+0000] {logging_mixin.py:188} INFO - [2026-03-02T09:17:32.018+0000] {dag.py:3096} INFO - Sync 1 DAGs
[2026-03-02T09:17:32.054+0000] {logging_mixin.py:188} INFO - [2026-03-02T09:17:32.054+0000] {dag.py:3954} INFO - Setting next_dagrun for ingest_airbnb_bronze to None, run_after=None
[2026-03-02T09:17:32.107+0000] {processor.py:183} INFO - Processing /opt/airflow/dags/load_bronze_data.py took 1.327 seconds
[2026-03-02T09:18:03.132+0000] {processor.py:161} INFO - Started process (PID=434) to work on /opt/airflow/dags/load_bronze_data.py
[2026-03-02T09:18:03.135+0000] {processor.py:830} INFO - Processing file /opt/airflow/dags/load_bronze_data.py for tasks to queue
[2026-03-02T09:18:03.141+0000] {logging_mixin.py:188} INFO - [2026-03-02T09:18:03.140+0000] {dagbag.py:545} INFO - Filling up the DagBag from /opt/airflow/dags/load_bronze_data.py
[2026-03-02T09:18:04.041+0000] {processor.py:840} INFO - DAG(s) 'ingest_airbnb_bronze' retrieved from /opt/airflow/dags/load_bronze_data.py
[2026-03-02T09:18:04.122+0000] {logging_mixin.py:188} INFO - [2026-03-02T09:18:04.121+0000] {dag.py:3096} INFO - Sync 1 DAGs
[2026-03-02T09:18:04.156+0000] {logging_mixin.py:188} INFO - [2026-03-02T09:18:04.155+0000] {dag.py:3954} INFO - Setting next_dagrun for ingest_airbnb_bronze to None, run_after=None
[2026-03-02T09:18:04.199+0000] {processor.py:183} INFO - Processing /opt/airflow/dags/load_bronze_data.py took 1.091 seconds
[2026-03-02T09:18:34.827+0000] {processor.py:161} INFO - Started process (PID=446) to work on /opt/airflow/dags/load_bronze_data.py
[2026-03-02T09:18:34.831+0000] {processor.py:830} INFO - Processing file /opt/airflow/dags/load_bronze_data.py for tasks to queue
[2026-03-02T09:18:34.837+0000] {logging_mixin.py:188} INFO - [2026-03-02T09:18:34.835+0000] {dagbag.py:545} INFO - Filling up the DagBag from /opt/airflow/dags/load_bronze_data.py
[2026-03-02T09:18:36.211+0000] {processor.py:840} INFO - DAG(s) 'ingest_airbnb_bronze' retrieved from /opt/airflow/dags/load_bronze_data.py
[2026-03-02T09:18:36.296+0000] {logging_mixin.py:188} INFO - [2026-03-02T09:18:36.294+0000] {dag.py:3096} INFO - Sync 1 DAGs
[2026-03-02T09:18:36.333+0000] {logging_mixin.py:188} INFO - [2026-03-02T09:18:36.332+0000] {dag.py:3954} INFO - Setting next_dagrun for ingest_airbnb_bronze to None, run_after=None
[2026-03-02T09:18:36.386+0000] {processor.py:183} INFO - Processing /opt/airflow/dags/load_bronze_data.py took 1.588 seconds
[2026-03-02T09:19:06.834+0000] {processor.py:161} INFO - Started process (PID=458) to work on /opt/airflow/dags/load_bronze_data.py
[2026-03-02T09:19:06.839+0000] {processor.py:830} INFO - Processing file /opt/airflow/dags/load_bronze_data.py for tasks to queue
[2026-03-02T09:19:06.845+0000] {logging_mixin.py:188} INFO - [2026-03-02T09:19:06.844+0000] {dagbag.py:545} INFO - Filling up the DagBag from /opt/airflow/dags/load_bronze_data.py
[2026-03-02T09:19:08.263+0000] {processor.py:840} INFO - DAG(s) 'ingest_airbnb_bronze' retrieved from /opt/airflow/dags/load_bronze_data.py
[2026-03-02T09:19:08.459+0000] {logging_mixin.py:188} INFO - [2026-03-02T09:19:08.457+0000] {dag.py:3096} INFO - Sync 1 DAGs
[2026-03-02T09:19:08.562+0000] {logging_mixin.py:188} INFO - [2026-03-02T09:19:08.561+0000] {dag.py:3954} INFO - Setting next_dagrun for ingest_airbnb_bronze to None, run_after=None
[2026-03-02T09:19:08.623+0000] {processor.py:183} INFO - Processing /opt/airflow/dags/load_bronze_data.py took 1.822 seconds
[2026-03-02T09:19:39.256+0000] {processor.py:161} INFO - Started process (PID=470) to work on /opt/airflow/dags/load_bronze_data.py
[2026-03-02T09:19:39.259+0000] {processor.py:830} INFO - Processing file /opt/airflow/dags/load_bronze_data.py for tasks to queue
[2026-03-02T09:19:39.268+0000] {logging_mixin.py:188} INFO - [2026-03-02T09:19:39.267+0000] {dagbag.py:545} INFO - Filling up the DagBag from /opt/airflow/dags/load_bronze_data.py
[2026-03-02T09:19:40.442+0000] {processor.py:840} INFO - DAG(s) 'ingest_airbnb_bronze' retrieved from /opt/airflow/dags/load_bronze_data.py
[2026-03-02T09:19:40.537+0000] {logging_mixin.py:188} INFO - [2026-03-02T09:19:40.535+0000] {dag.py:3096} INFO - Sync 1 DAGs
[2026-03-02T09:19:40.582+0000] {logging_mixin.py:188} INFO - [2026-03-02T09:19:40.582+0000] {dag.py:3954} INFO - Setting next_dagrun for ingest_airbnb_bronze to None, run_after=None
[2026-03-02T09:19:40.648+0000] {processor.py:183} INFO - Processing /opt/airflow/dags/load_bronze_data.py took 1.414 seconds
[2026-03-02T09:20:11.300+0000] {processor.py:161} INFO - Started process (PID=482) to work on /opt/airflow/dags/load_bronze_data.py
[2026-03-02T09:20:11.303+0000] {processor.py:830} INFO - Processing file /opt/airflow/dags/load_bronze_data.py for tasks to queue
[2026-03-02T09:20:11.308+0000] {logging_mixin.py:188} INFO - [2026-03-02T09:20:11.307+0000] {dagbag.py:545} INFO - Filling up the DagBag from /opt/airflow/dags/load_bronze_data.py
[2026-03-02T09:20:12.290+0000] {processor.py:840} INFO - DAG(s) 'ingest_airbnb_bronze' retrieved from /opt/airflow/dags/load_bronze_data.py
[2026-03-02T09:20:12.391+0000] {logging_mixin.py:188} INFO - [2026-03-02T09:20:12.390+0000] {dag.py:3096} INFO - Sync 1 DAGs
[2026-03-02T09:20:12.426+0000] {logging_mixin.py:188} INFO - [2026-03-02T09:20:12.425+0000] {dag.py:3954} INFO - Setting next_dagrun for ingest_airbnb_bronze to None, run_after=None
[2026-03-02T09:20:12.473+0000] {processor.py:183} INFO - Processing /opt/airflow/dags/load_bronze_data.py took 1.189 seconds
[2026-03-02T12:37:34.933+0000] {processor.py:161} INFO - Started process (PID=168) to work on /opt/airflow/dags/load_bronze_data.py
[2026-03-02T12:37:34.936+0000] {processor.py:830} INFO - Processing file /opt/airflow/dags/load_bronze_data.py for tasks to queue
[2026-03-02T12:37:34.943+0000] {logging_mixin.py:188} INFO - [2026-03-02T12:37:34.942+0000] {dagbag.py:545} INFO - Filling up the DagBag from /opt/airflow/dags/load_bronze_data.py
[2026-03-02T12:37:36.037+0000] {processor.py:840} INFO - DAG(s) 'ingest_airbnb_bronze' retrieved from /opt/airflow/dags/load_bronze_data.py
[2026-03-02T12:37:36.444+0000] {logging_mixin.py:188} INFO - [2026-03-02T12:37:36.442+0000] {dag.py:3096} INFO - Sync 1 DAGs
[2026-03-02T12:37:36.486+0000] {logging_mixin.py:188} INFO - [2026-03-02T12:37:36.485+0000] {dag.py:3954} INFO - Setting next_dagrun for ingest_airbnb_bronze to None, run_after=None
[2026-03-02T12:37:36.551+0000] {processor.py:183} INFO - Processing /opt/airflow/dags/load_bronze_data.py took 1.643 seconds
[2026-03-02T12:38:15.816+0000] {processor.py:161} INFO - Started process (PID=186) to work on /opt/airflow/dags/load_bronze_data.py
[2026-03-02T12:38:15.820+0000] {processor.py:830} INFO - Processing file /opt/airflow/dags/load_bronze_data.py for tasks to queue
[2026-03-02T12:38:15.829+0000] {logging_mixin.py:188} INFO - [2026-03-02T12:38:15.828+0000] {dagbag.py:545} INFO - Filling up the DagBag from /opt/airflow/dags/load_bronze_data.py
[2026-03-02T12:38:18.031+0000] {processor.py:840} INFO - DAG(s) 'ingest_airbnb_bronze' retrieved from /opt/airflow/dags/load_bronze_data.py
[2026-03-02T12:38:18.139+0000] {logging_mixin.py:188} INFO - [2026-03-02T12:38:18.138+0000] {dag.py:3096} INFO - Sync 1 DAGs
[2026-03-02T12:38:18.176+0000] {logging_mixin.py:188} INFO - [2026-03-02T12:38:18.176+0000] {dag.py:3954} INFO - Setting next_dagrun for ingest_airbnb_bronze to None, run_after=None
[2026-03-02T12:38:18.226+0000] {processor.py:183} INFO - Processing /opt/airflow/dags/load_bronze_data.py took 2.428 seconds
[2026-03-02T12:38:59.486+0000] {processor.py:161} INFO - Started process (PID=204) to work on /opt/airflow/dags/load_bronze_data.py
[2026-03-02T12:38:59.490+0000] {processor.py:830} INFO - Processing file /opt/airflow/dags/load_bronze_data.py for tasks to queue
[2026-03-02T12:38:59.499+0000] {logging_mixin.py:188} INFO - [2026-03-02T12:38:59.498+0000] {dagbag.py:545} INFO - Filling up the DagBag from /opt/airflow/dags/load_bronze_data.py
[2026-03-02T12:39:00.716+0000] {processor.py:840} INFO - DAG(s) 'ingest_airbnb_bronze' retrieved from /opt/airflow/dags/load_bronze_data.py
[2026-03-02T12:39:00.852+0000] {logging_mixin.py:188} INFO - [2026-03-02T12:39:00.851+0000] {dag.py:3096} INFO - Sync 1 DAGs
[2026-03-02T12:39:00.914+0000] {logging_mixin.py:188} INFO - [2026-03-02T12:39:00.913+0000] {dag.py:3954} INFO - Setting next_dagrun for ingest_airbnb_bronze to None, run_after=None
[2026-03-02T12:39:00.978+0000] {processor.py:183} INFO - Processing /opt/airflow/dags/load_bronze_data.py took 1.516 seconds
[2026-03-02T12:39:32.403+0000] {processor.py:161} INFO - Started process (PID=222) to work on /opt/airflow/dags/load_bronze_data.py
[2026-03-02T12:39:32.405+0000] {processor.py:830} INFO - Processing file /opt/airflow/dags/load_bronze_data.py for tasks to queue
[2026-03-02T12:39:32.412+0000] {logging_mixin.py:188} INFO - [2026-03-02T12:39:32.410+0000] {dagbag.py:545} INFO - Filling up the DagBag from /opt/airflow/dags/load_bronze_data.py
[2026-03-02T12:39:33.393+0000] {processor.py:840} INFO - DAG(s) 'ingest_airbnb_bronze' retrieved from /opt/airflow/dags/load_bronze_data.py
[2026-03-02T12:39:33.480+0000] {logging_mixin.py:188} INFO - [2026-03-02T12:39:33.479+0000] {dag.py:3096} INFO - Sync 1 DAGs
[2026-03-02T12:39:33.515+0000] {logging_mixin.py:188} INFO - [2026-03-02T12:39:33.515+0000] {dag.py:3954} INFO - Setting next_dagrun for ingest_airbnb_bronze to None, run_after=None
[2026-03-02T12:39:33.566+0000] {processor.py:183} INFO - Processing /opt/airflow/dags/load_bronze_data.py took 1.206 seconds
[2026-03-02T12:40:04.383+0000] {processor.py:161} INFO - Started process (PID=242) to work on /opt/airflow/dags/load_bronze_data.py
[2026-03-02T12:40:04.386+0000] {processor.py:830} INFO - Processing file /opt/airflow/dags/load_bronze_data.py for tasks to queue
[2026-03-02T12:40:04.391+0000] {logging_mixin.py:188} INFO - [2026-03-02T12:40:04.390+0000] {dagbag.py:545} INFO - Filling up the DagBag from /opt/airflow/dags/load_bronze_data.py
[2026-03-02T12:40:05.191+0000] {processor.py:840} INFO - DAG(s) 'ingest_airbnb_bronze' retrieved from /opt/airflow/dags/load_bronze_data.py
[2026-03-02T12:40:05.306+0000] {logging_mixin.py:188} INFO - [2026-03-02T12:40:05.304+0000] {dag.py:3096} INFO - Sync 1 DAGs
[2026-03-02T12:40:05.352+0000] {logging_mixin.py:188} INFO - [2026-03-02T12:40:05.351+0000] {dag.py:3954} INFO - Setting next_dagrun for ingest_airbnb_bronze to None, run_after=None
[2026-03-02T12:40:05.414+0000] {processor.py:183} INFO - Processing /opt/airflow/dags/load_bronze_data.py took 1.046 seconds
[2026-03-02T12:40:35.785+0000] {processor.py:161} INFO - Started process (PID=258) to work on /opt/airflow/dags/load_bronze_data.py
[2026-03-02T12:40:35.788+0000] {processor.py:830} INFO - Processing file /opt/airflow/dags/load_bronze_data.py for tasks to queue
[2026-03-02T12:40:35.793+0000] {logging_mixin.py:188} INFO - [2026-03-02T12:40:35.792+0000] {dagbag.py:545} INFO - Filling up the DagBag from /opt/airflow/dags/load_bronze_data.py
[2026-03-02T12:40:36.847+0000] {processor.py:840} INFO - DAG(s) 'ingest_airbnb_bronze' retrieved from /opt/airflow/dags/load_bronze_data.py
[2026-03-02T12:40:36.954+0000] {logging_mixin.py:188} INFO - [2026-03-02T12:40:36.953+0000] {dag.py:3096} INFO - Sync 1 DAGs
[2026-03-02T12:40:36.988+0000] {logging_mixin.py:188} INFO - [2026-03-02T12:40:36.988+0000] {dag.py:3954} INFO - Setting next_dagrun for ingest_airbnb_bronze to None, run_after=None
[2026-03-02T12:40:37.037+0000] {processor.py:183} INFO - Processing /opt/airflow/dags/load_bronze_data.py took 1.270 seconds
[2026-03-02T12:41:07.916+0000] {processor.py:161} INFO - Started process (PID=276) to work on /opt/airflow/dags/load_bronze_data.py
[2026-03-02T12:41:07.919+0000] {processor.py:830} INFO - Processing file /opt/airflow/dags/load_bronze_data.py for tasks to queue
[2026-03-02T12:41:07.933+0000] {logging_mixin.py:188} INFO - [2026-03-02T12:41:07.932+0000] {dagbag.py:545} INFO - Filling up the DagBag from /opt/airflow/dags/load_bronze_data.py
[2026-03-02T12:41:08.863+0000] {processor.py:840} INFO - DAG(s) 'ingest_airbnb_bronze' retrieved from /opt/airflow/dags/load_bronze_data.py
[2026-03-02T12:41:08.947+0000] {logging_mixin.py:188} INFO - [2026-03-02T12:41:08.946+0000] {dag.py:3096} INFO - Sync 1 DAGs
[2026-03-02T12:41:08.981+0000] {logging_mixin.py:188} INFO - [2026-03-02T12:41:08.980+0000] {dag.py:3954} INFO - Setting next_dagrun for ingest_airbnb_bronze to None, run_after=None
[2026-03-02T12:41:09.031+0000] {processor.py:183} INFO - Processing /opt/airflow/dags/load_bronze_data.py took 1.137 seconds
[2026-03-02T12:41:40.241+0000] {processor.py:161} INFO - Started process (PID=296) to work on /opt/airflow/dags/load_bronze_data.py
[2026-03-02T12:41:40.245+0000] {processor.py:830} INFO - Processing file /opt/airflow/dags/load_bronze_data.py for tasks to queue
[2026-03-02T12:41:40.252+0000] {logging_mixin.py:188} INFO - [2026-03-02T12:41:40.251+0000] {dagbag.py:545} INFO - Filling up the DagBag from /opt/airflow/dags/load_bronze_data.py
[2026-03-02T12:41:41.334+0000] {processor.py:840} INFO - DAG(s) 'ingest_airbnb_bronze' retrieved from /opt/airflow/dags/load_bronze_data.py
[2026-03-02T12:41:41.432+0000] {logging_mixin.py:188} INFO - [2026-03-02T12:41:41.431+0000] {dag.py:3096} INFO - Sync 1 DAGs
[2026-03-02T12:41:41.469+0000] {logging_mixin.py:188} INFO - [2026-03-02T12:41:41.469+0000] {dag.py:3954} INFO - Setting next_dagrun for ingest_airbnb_bronze to None, run_after=None
[2026-03-02T12:41:41.553+0000] {processor.py:183} INFO - Processing /opt/airflow/dags/load_bronze_data.py took 1.332 seconds
[2026-03-02T12:42:11.835+0000] {processor.py:161} INFO - Started process (PID=312) to work on /opt/airflow/dags/load_bronze_data.py
[2026-03-02T12:42:11.842+0000] {processor.py:830} INFO - Processing file /opt/airflow/dags/load_bronze_data.py for tasks to queue
[2026-03-02T12:42:11.848+0000] {logging_mixin.py:188} INFO - [2026-03-02T12:42:11.847+0000] {dagbag.py:545} INFO - Filling up the DagBag from /opt/airflow/dags/load_bronze_data.py
[2026-03-02T12:42:12.613+0000] {processor.py:840} INFO - DAG(s) 'ingest_airbnb_bronze' retrieved from /opt/airflow/dags/load_bronze_data.py
[2026-03-02T12:42:12.683+0000] {logging_mixin.py:188} INFO - [2026-03-02T12:42:12.682+0000] {dag.py:3096} INFO - Sync 1 DAGs
[2026-03-02T12:42:12.711+0000] {logging_mixin.py:188} INFO - [2026-03-02T12:42:12.710+0000] {dag.py:3954} INFO - Setting next_dagrun for ingest_airbnb_bronze to None, run_after=None
[2026-03-02T12:42:12.750+0000] {processor.py:183} INFO - Processing /opt/airflow/dags/load_bronze_data.py took 0.948 seconds
[2026-03-02T12:42:44.472+0000] {processor.py:161} INFO - Started process (PID=330) to work on /opt/airflow/dags/load_bronze_data.py
[2026-03-02T12:42:44.475+0000] {processor.py:830} INFO - Processing file /opt/airflow/dags/load_bronze_data.py for tasks to queue
[2026-03-02T12:42:44.483+0000] {logging_mixin.py:188} INFO - [2026-03-02T12:42:44.482+0000] {dagbag.py:545} INFO - Filling up the DagBag from /opt/airflow/dags/load_bronze_data.py
[2026-03-02T12:42:45.963+0000] {processor.py:840} INFO - DAG(s) 'ingest_airbnb_bronze' retrieved from /opt/airflow/dags/load_bronze_data.py
[2026-03-02T12:42:46.066+0000] {logging_mixin.py:188} INFO - [2026-03-02T12:42:46.065+0000] {dag.py:3096} INFO - Sync 1 DAGs
[2026-03-02T12:42:46.109+0000] {logging_mixin.py:188} INFO - [2026-03-02T12:42:46.108+0000] {dag.py:3954} INFO - Setting next_dagrun for ingest_airbnb_bronze to None, run_after=None
[2026-03-02T12:42:46.170+0000] {processor.py:183} INFO - Processing /opt/airflow/dags/load_bronze_data.py took 1.726 seconds
[2026-03-02T12:43:16.916+0000] {processor.py:161} INFO - Started process (PID=350) to work on /opt/airflow/dags/load_bronze_data.py
[2026-03-02T12:43:16.919+0000] {processor.py:830} INFO - Processing file /opt/airflow/dags/load_bronze_data.py for tasks to queue
[2026-03-02T12:43:16.925+0000] {logging_mixin.py:188} INFO - [2026-03-02T12:43:16.924+0000] {dagbag.py:545} INFO - Filling up the DagBag from /opt/airflow/dags/load_bronze_data.py
[2026-03-02T12:43:18.250+0000] {processor.py:840} INFO - DAG(s) 'ingest_airbnb_bronze' retrieved from /opt/airflow/dags/load_bronze_data.py
[2026-03-02T12:43:18.399+0000] {logging_mixin.py:188} INFO - [2026-03-02T12:43:18.397+0000] {dag.py:3096} INFO - Sync 1 DAGs
[2026-03-02T12:43:18.546+0000] {logging_mixin.py:188} INFO - [2026-03-02T12:43:18.536+0000] {dag.py:3954} INFO - Setting next_dagrun for ingest_airbnb_bronze to None, run_after=None
[2026-03-02T12:43:18.652+0000] {processor.py:183} INFO - Processing /opt/airflow/dags/load_bronze_data.py took 1.761 seconds
[2026-03-02T12:43:49.036+0000] {processor.py:161} INFO - Started process (PID=366) to work on /opt/airflow/dags/load_bronze_data.py
[2026-03-02T12:43:49.039+0000] {processor.py:830} INFO - Processing file /opt/airflow/dags/load_bronze_data.py for tasks to queue
[2026-03-02T12:43:49.047+0000] {logging_mixin.py:188} INFO - [2026-03-02T12:43:49.045+0000] {dagbag.py:545} INFO - Filling up the DagBag from /opt/airflow/dags/load_bronze_data.py
[2026-03-02T12:43:50.176+0000] {processor.py:840} INFO - DAG(s) 'ingest_airbnb_bronze' retrieved from /opt/airflow/dags/load_bronze_data.py
[2026-03-02T12:43:50.256+0000] {logging_mixin.py:188} INFO - [2026-03-02T12:43:50.255+0000] {dag.py:3096} INFO - Sync 1 DAGs
[2026-03-02T12:43:50.290+0000] {logging_mixin.py:188} INFO - [2026-03-02T12:43:50.289+0000] {dag.py:3954} INFO - Setting next_dagrun for ingest_airbnb_bronze to None, run_after=None
[2026-03-02T12:43:50.351+0000] {processor.py:183} INFO - Processing /opt/airflow/dags/load_bronze_data.py took 1.344 seconds
[2026-03-02T12:44:22.072+0000] {processor.py:161} INFO - Started process (PID=386) to work on /opt/airflow/dags/load_bronze_data.py
[2026-03-02T12:44:22.075+0000] {processor.py:830} INFO - Processing file /opt/airflow/dags/load_bronze_data.py for tasks to queue
[2026-03-02T12:44:22.080+0000] {logging_mixin.py:188} INFO - [2026-03-02T12:44:22.079+0000] {dagbag.py:545} INFO - Filling up the DagBag from /opt/airflow/dags/load_bronze_data.py
[2026-03-02T12:44:22.990+0000] {processor.py:840} INFO - DAG(s) 'ingest_airbnb_bronze' retrieved from /opt/airflow/dags/load_bronze_data.py
[2026-03-02T12:44:23.104+0000] {logging_mixin.py:188} INFO - [2026-03-02T12:44:23.103+0000] {dag.py:3096} INFO - Sync 1 DAGs
[2026-03-02T12:44:23.139+0000] {logging_mixin.py:188} INFO - [2026-03-02T12:44:23.138+0000] {dag.py:3954} INFO - Setting next_dagrun for ingest_airbnb_bronze to None, run_after=None
[2026-03-02T12:44:23.186+0000] {processor.py:183} INFO - Processing /opt/airflow/dags/load_bronze_data.py took 1.133 seconds
[2026-03-02T12:44:53.518+0000] {processor.py:161} INFO - Started process (PID=402) to work on /opt/airflow/dags/load_bronze_data.py
[2026-03-02T12:44:53.521+0000] {processor.py:830} INFO - Processing file /opt/airflow/dags/load_bronze_data.py for tasks to queue
[2026-03-02T12:44:53.535+0000] {logging_mixin.py:188} INFO - [2026-03-02T12:44:53.534+0000] {dagbag.py:545} INFO - Filling up the DagBag from /opt/airflow/dags/load_bronze_data.py
[2026-03-02T12:44:54.447+0000] {processor.py:840} INFO - DAG(s) 'ingest_airbnb_bronze' retrieved from /opt/airflow/dags/load_bronze_data.py
[2026-03-02T12:44:54.527+0000] {logging_mixin.py:188} INFO - [2026-03-02T12:44:54.526+0000] {dag.py:3096} INFO - Sync 1 DAGs
[2026-03-02T12:44:54.566+0000] {logging_mixin.py:188} INFO - [2026-03-02T12:44:54.565+0000] {dag.py:3954} INFO - Setting next_dagrun for ingest_airbnb_bronze to None, run_after=None
[2026-03-02T12:44:54.620+0000] {processor.py:183} INFO - Processing /opt/airflow/dags/load_bronze_data.py took 1.122 seconds
[2026-03-02T12:45:27.309+0000] {processor.py:161} INFO - Started process (PID=422) to work on /opt/airflow/dags/load_bronze_data.py
[2026-03-02T12:45:27.313+0000] {processor.py:830} INFO - Processing file /opt/airflow/dags/load_bronze_data.py for tasks to queue
[2026-03-02T12:45:27.323+0000] {logging_mixin.py:188} INFO - [2026-03-02T12:45:27.322+0000] {dagbag.py:545} INFO - Filling up the DagBag from /opt/airflow/dags/load_bronze_data.py
[2026-03-02T12:45:28.288+0000] {processor.py:840} INFO - DAG(s) 'ingest_airbnb_bronze' retrieved from /opt/airflow/dags/load_bronze_data.py
[2026-03-02T12:45:28.368+0000] {logging_mixin.py:188} INFO - [2026-03-02T12:45:28.367+0000] {dag.py:3096} INFO - Sync 1 DAGs
[2026-03-02T12:45:28.402+0000] {logging_mixin.py:188} INFO - [2026-03-02T12:45:28.401+0000] {dag.py:3954} INFO - Setting next_dagrun for ingest_airbnb_bronze to None, run_after=None
[2026-03-02T12:45:28.452+0000] {processor.py:183} INFO - Processing /opt/airflow/dags/load_bronze_data.py took 1.164 seconds
[2026-03-02T12:46:00.959+0000] {processor.py:161} INFO - Started process (PID=438) to work on /opt/airflow/dags/load_bronze_data.py
[2026-03-02T12:46:00.963+0000] {processor.py:830} INFO - Processing file /opt/airflow/dags/load_bronze_data.py for tasks to queue
[2026-03-02T12:46:00.982+0000] {logging_mixin.py:188} INFO - [2026-03-02T12:46:00.981+0000] {dagbag.py:545} INFO - Filling up the DagBag from /opt/airflow/dags/load_bronze_data.py
[2026-03-02T12:46:02.249+0000] {processor.py:840} INFO - DAG(s) 'ingest_airbnb_bronze' retrieved from /opt/airflow/dags/load_bronze_data.py
[2026-03-02T12:46:02.326+0000] {logging_mixin.py:188} INFO - [2026-03-02T12:46:02.325+0000] {dag.py:3096} INFO - Sync 1 DAGs
[2026-03-02T12:46:02.365+0000] {logging_mixin.py:188} INFO - [2026-03-02T12:46:02.365+0000] {dag.py:3954} INFO - Setting next_dagrun for ingest_airbnb_bronze to None, run_after=None
[2026-03-02T12:46:02.416+0000] {processor.py:183} INFO - Processing /opt/airflow/dags/load_bronze_data.py took 1.502 seconds
[2026-03-02T12:46:32.947+0000] {processor.py:161} INFO - Started process (PID=456) to work on /opt/airflow/dags/load_bronze_data.py
[2026-03-02T12:46:32.950+0000] {processor.py:830} INFO - Processing file /opt/airflow/dags/load_bronze_data.py for tasks to queue
[2026-03-02T12:46:32.956+0000] {logging_mixin.py:188} INFO - [2026-03-02T12:46:32.955+0000] {dagbag.py:545} INFO - Filling up the DagBag from /opt/airflow/dags/load_bronze_data.py
[2026-03-02T12:46:34.032+0000] {processor.py:840} INFO - DAG(s) 'ingest_airbnb_bronze' retrieved from /opt/airflow/dags/load_bronze_data.py
[2026-03-02T12:46:34.111+0000] {logging_mixin.py:188} INFO - [2026-03-02T12:46:34.110+0000] {dag.py:3096} INFO - Sync 1 DAGs
[2026-03-02T12:46:34.146+0000] {logging_mixin.py:188} INFO - [2026-03-02T12:46:34.146+0000] {dag.py:3954} INFO - Setting next_dagrun for ingest_airbnb_bronze to None, run_after=None
[2026-03-02T12:46:34.201+0000] {processor.py:183} INFO - Processing /opt/airflow/dags/load_bronze_data.py took 1.278 seconds
[2026-03-02T12:47:04.435+0000] {processor.py:161} INFO - Started process (PID=474) to work on /opt/airflow/dags/load_bronze_data.py
[2026-03-02T12:47:04.438+0000] {processor.py:830} INFO - Processing file /opt/airflow/dags/load_bronze_data.py for tasks to queue
[2026-03-02T12:47:04.445+0000] {logging_mixin.py:188} INFO - [2026-03-02T12:47:04.444+0000] {dagbag.py:545} INFO - Filling up the DagBag from /opt/airflow/dags/load_bronze_data.py
[2026-03-02T12:47:06.009+0000] {processor.py:840} INFO - DAG(s) 'ingest_airbnb_bronze' retrieved from /opt/airflow/dags/load_bronze_data.py
[2026-03-02T12:47:06.084+0000] {logging_mixin.py:188} INFO - [2026-03-02T12:47:06.083+0000] {dag.py:3096} INFO - Sync 1 DAGs
[2026-03-02T12:47:06.122+0000] {logging_mixin.py:188} INFO - [2026-03-02T12:47:06.121+0000] {dag.py:3954} INFO - Setting next_dagrun for ingest_airbnb_bronze to None, run_after=None
[2026-03-02T12:47:06.168+0000] {processor.py:183} INFO - Processing /opt/airflow/dags/load_bronze_data.py took 1.755 seconds
[2026-03-02T12:47:37.020+0000] {processor.py:161} INFO - Started process (PID=492) to work on /opt/airflow/dags/load_bronze_data.py
[2026-03-02T12:47:37.023+0000] {processor.py:830} INFO - Processing file /opt/airflow/dags/load_bronze_data.py for tasks to queue
[2026-03-02T12:47:37.028+0000] {logging_mixin.py:188} INFO - [2026-03-02T12:47:37.027+0000] {dagbag.py:545} INFO - Filling up the DagBag from /opt/airflow/dags/load_bronze_data.py
[2026-03-02T12:47:38.012+0000] {processor.py:840} INFO - DAG(s) 'ingest_airbnb_bronze' retrieved from /opt/airflow/dags/load_bronze_data.py
[2026-03-02T12:47:38.087+0000] {logging_mixin.py:188} INFO - [2026-03-02T12:47:38.086+0000] {dag.py:3096} INFO - Sync 1 DAGs
[2026-03-02T12:47:38.122+0000] {logging_mixin.py:188} INFO - [2026-03-02T12:47:38.122+0000] {dag.py:3954} INFO - Setting next_dagrun for ingest_airbnb_bronze to None, run_after=None
[2026-03-02T12:47:38.170+0000] {processor.py:183} INFO - Processing /opt/airflow/dags/load_bronze_data.py took 1.175 seconds
[2026-03-02T12:48:09.323+0000] {processor.py:161} INFO - Started process (PID=510) to work on /opt/airflow/dags/load_bronze_data.py
[2026-03-02T12:48:09.326+0000] {processor.py:830} INFO - Processing file /opt/airflow/dags/load_bronze_data.py for tasks to queue
[2026-03-02T12:48:09.331+0000] {logging_mixin.py:188} INFO - [2026-03-02T12:48:09.330+0000] {dagbag.py:545} INFO - Filling up the DagBag from /opt/airflow/dags/load_bronze_data.py
[2026-03-02T12:48:10.735+0000] {processor.py:840} INFO - DAG(s) 'ingest_airbnb_bronze' retrieved from /opt/airflow/dags/load_bronze_data.py
[2026-03-02T12:48:10.819+0000] {logging_mixin.py:188} INFO - [2026-03-02T12:48:10.818+0000] {dag.py:3096} INFO - Sync 1 DAGs
[2026-03-02T12:48:10.870+0000] {logging_mixin.py:188} INFO - [2026-03-02T12:48:10.869+0000] {dag.py:3954} INFO - Setting next_dagrun for ingest_airbnb_bronze to None, run_after=None
[2026-03-02T12:48:10.935+0000] {processor.py:183} INFO - Processing /opt/airflow/dags/load_bronze_data.py took 1.630 seconds
[2026-03-02T12:48:41.483+0000] {processor.py:161} INFO - Started process (PID=528) to work on /opt/airflow/dags/load_bronze_data.py
[2026-03-02T12:48:41.486+0000] {processor.py:830} INFO - Processing file /opt/airflow/dags/load_bronze_data.py for tasks to queue
[2026-03-02T12:48:41.494+0000] {logging_mixin.py:188} INFO - [2026-03-02T12:48:41.493+0000] {dagbag.py:545} INFO - Filling up the DagBag from /opt/airflow/dags/load_bronze_data.py
[2026-03-02T12:48:42.439+0000] {processor.py:840} INFO - DAG(s) 'ingest_airbnb_bronze' retrieved from /opt/airflow/dags/load_bronze_data.py
[2026-03-02T12:48:42.522+0000] {logging_mixin.py:188} INFO - [2026-03-02T12:48:42.521+0000] {dag.py:3096} INFO - Sync 1 DAGs
[2026-03-02T12:48:42.556+0000] {logging_mixin.py:188} INFO - [2026-03-02T12:48:42.556+0000] {dag.py:3954} INFO - Setting next_dagrun for ingest_airbnb_bronze to None, run_after=None
[2026-03-02T12:48:42.621+0000] {processor.py:183} INFO - Processing /opt/airflow/dags/load_bronze_data.py took 1.160 seconds
[2026-03-02T12:49:12.925+0000] {processor.py:161} INFO - Started process (PID=546) to work on /opt/airflow/dags/load_bronze_data.py
[2026-03-02T12:49:12.927+0000] {processor.py:830} INFO - Processing file /opt/airflow/dags/load_bronze_data.py for tasks to queue
[2026-03-02T12:49:12.933+0000] {logging_mixin.py:188} INFO - [2026-03-02T12:49:12.932+0000] {dagbag.py:545} INFO - Filling up the DagBag from /opt/airflow/dags/load_bronze_data.py
[2026-03-02T12:49:13.996+0000] {processor.py:840} INFO - DAG(s) 'ingest_airbnb_bronze' retrieved from /opt/airflow/dags/load_bronze_data.py
[2026-03-02T12:49:14.114+0000] {logging_mixin.py:188} INFO - [2026-03-02T12:49:14.113+0000] {dag.py:3096} INFO - Sync 1 DAGs
[2026-03-02T12:49:14.167+0000] {logging_mixin.py:188} INFO - [2026-03-02T12:49:14.166+0000] {dag.py:3954} INFO - Setting next_dagrun for ingest_airbnb_bronze to None, run_after=None
[2026-03-02T12:49:14.227+0000] {processor.py:183} INFO - Processing /opt/airflow/dags/load_bronze_data.py took 1.327 seconds
[2026-03-02T12:49:55.896+0000] {processor.py:161} INFO - Started process (PID=564) to work on /opt/airflow/dags/load_bronze_data.py
[2026-03-02T12:49:55.901+0000] {processor.py:830} INFO - Processing file /opt/airflow/dags/load_bronze_data.py for tasks to queue
[2026-03-02T12:49:55.914+0000] {logging_mixin.py:188} INFO - [2026-03-02T12:49:55.913+0000] {dagbag.py:545} INFO - Filling up the DagBag from /opt/airflow/dags/load_bronze_data.py
[2026-03-02T12:49:58.873+0000] {processor.py:840} INFO - DAG(s) 'ingest_airbnb_bronze' retrieved from /opt/airflow/dags/load_bronze_data.py
[2026-03-02T12:49:59.272+0000] {logging_mixin.py:188} INFO - [2026-03-02T12:49:59.237+0000] {dag.py:3096} INFO - Sync 1 DAGs
[2026-03-02T12:49:59.491+0000] {logging_mixin.py:188} INFO - [2026-03-02T12:49:59.490+0000] {dag.py:3954} INFO - Setting next_dagrun for ingest_airbnb_bronze to None, run_after=None
[2026-03-02T12:49:59.671+0000] {processor.py:183} INFO - Processing /opt/airflow/dags/load_bronze_data.py took 3.848 seconds
[2026-03-02T12:50:52.819+0000] {processor.py:161} INFO - Started process (PID=590) to work on /opt/airflow/dags/load_bronze_data.py
[2026-03-02T12:50:53.370+0000] {processor.py:830} INFO - Processing file /opt/airflow/dags/load_bronze_data.py for tasks to queue
[2026-03-02T12:50:53.387+0000] {logging_mixin.py:188} INFO - [2026-03-02T12:50:53.383+0000] {dagbag.py:545} INFO - Filling up the DagBag from /opt/airflow/dags/load_bronze_data.py
[2026-03-02T12:50:58.117+0000] {processor.py:840} INFO - DAG(s) 'ingest_airbnb_bronze' retrieved from /opt/airflow/dags/load_bronze_data.py
[2026-03-02T12:50:58.287+0000] {logging_mixin.py:188} INFO - [2026-03-02T12:50:58.286+0000] {dag.py:3096} INFO - Sync 1 DAGs
[2026-03-02T12:50:58.372+0000] {logging_mixin.py:188} INFO - [2026-03-02T12:50:58.371+0000] {dag.py:3954} INFO - Setting next_dagrun for ingest_airbnb_bronze to None, run_after=None
[2026-03-02T12:50:58.423+0000] {processor.py:183} INFO - Processing /opt/airflow/dags/load_bronze_data.py took 5.714 seconds
[2026-03-02T12:51:28.717+0000] {processor.py:161} INFO - Started process (PID=620) to work on /opt/airflow/dags/load_bronze_data.py
[2026-03-02T12:51:28.719+0000] {processor.py:830} INFO - Processing file /opt/airflow/dags/load_bronze_data.py for tasks to queue
[2026-03-02T12:51:28.723+0000] {logging_mixin.py:188} INFO - [2026-03-02T12:51:28.722+0000] {dagbag.py:545} INFO - Filling up the DagBag from /opt/airflow/dags/load_bronze_data.py
[2026-03-02T12:51:30.241+0000] {processor.py:840} INFO - DAG(s) 'ingest_airbnb_bronze' retrieved from /opt/airflow/dags/load_bronze_data.py
[2026-03-02T12:51:30.454+0000] {logging_mixin.py:188} INFO - [2026-03-02T12:51:30.452+0000] {dag.py:3096} INFO - Sync 1 DAGs
[2026-03-02T12:51:30.538+0000] {logging_mixin.py:188} INFO - [2026-03-02T12:51:30.537+0000] {dag.py:3954} INFO - Setting next_dagrun for ingest_airbnb_bronze to None, run_after=None
[2026-03-02T12:51:30.645+0000] {processor.py:183} INFO - Processing /opt/airflow/dags/load_bronze_data.py took 1.945 seconds
[2026-03-02T12:52:01.376+0000] {processor.py:161} INFO - Started process (PID=644) to work on /opt/airflow/dags/load_bronze_data.py
[2026-03-02T12:52:01.383+0000] {processor.py:830} INFO - Processing file /opt/airflow/dags/load_bronze_data.py for tasks to queue
[2026-03-02T12:52:01.392+0000] {logging_mixin.py:188} INFO - [2026-03-02T12:52:01.390+0000] {dagbag.py:545} INFO - Filling up the DagBag from /opt/airflow/dags/load_bronze_data.py
[2026-03-02T12:52:02.774+0000] {processor.py:840} INFO - DAG(s) 'ingest_airbnb_bronze' retrieved from /opt/airflow/dags/load_bronze_data.py
[2026-03-02T12:52:03.041+0000] {logging_mixin.py:188} INFO - [2026-03-02T12:52:03.038+0000] {dag.py:3096} INFO - Sync 1 DAGs
[2026-03-02T12:52:03.091+0000] {logging_mixin.py:188} INFO - [2026-03-02T12:52:03.090+0000] {dag.py:3954} INFO - Setting next_dagrun for ingest_airbnb_bronze to None, run_after=None
[2026-03-02T12:52:03.163+0000] {processor.py:183} INFO - Processing /opt/airflow/dags/load_bronze_data.py took 1.826 seconds
[2026-03-02T12:52:37.542+0000] {processor.py:161} INFO - Started process (PID=663) to work on /opt/airflow/dags/load_bronze_data.py
[2026-03-02T12:52:37.577+0000] {processor.py:830} INFO - Processing file /opt/airflow/dags/load_bronze_data.py for tasks to queue
[2026-03-02T12:52:37.587+0000] {logging_mixin.py:188} INFO - [2026-03-02T12:52:37.586+0000] {dagbag.py:545} INFO - Filling up the DagBag from /opt/airflow/dags/load_bronze_data.py
[2026-03-02T12:52:39.060+0000] {processor.py:840} INFO - DAG(s) 'ingest_airbnb_bronze' retrieved from /opt/airflow/dags/load_bronze_data.py
[2026-03-02T12:52:39.151+0000] {logging_mixin.py:188} INFO - [2026-03-02T12:52:39.150+0000] {dag.py:3096} INFO - Sync 1 DAGs
[2026-03-02T12:52:39.231+0000] {logging_mixin.py:188} INFO - [2026-03-02T12:52:39.230+0000] {dag.py:3954} INFO - Setting next_dagrun for ingest_airbnb_bronze to None, run_after=None
[2026-03-02T12:52:39.283+0000] {processor.py:183} INFO - Processing /opt/airflow/dags/load_bronze_data.py took 1.768 seconds
[2026-03-02T12:53:13.190+0000] {processor.py:161} INFO - Started process (PID=687) to work on /opt/airflow/dags/load_bronze_data.py
[2026-03-02T12:53:13.194+0000] {processor.py:830} INFO - Processing file /opt/airflow/dags/load_bronze_data.py for tasks to queue
[2026-03-02T12:53:13.210+0000] {logging_mixin.py:188} INFO - [2026-03-02T12:53:13.208+0000] {dagbag.py:545} INFO - Filling up the DagBag from /opt/airflow/dags/load_bronze_data.py
[2026-03-02T12:53:15.759+0000] {processor.py:840} INFO - DAG(s) 'ingest_airbnb_bronze' retrieved from /opt/airflow/dags/load_bronze_data.py
[2026-03-02T12:53:15.918+0000] {logging_mixin.py:188} INFO - [2026-03-02T12:53:15.917+0000] {dag.py:3096} INFO - Sync 1 DAGs
[2026-03-02T12:53:15.965+0000] {logging_mixin.py:188} INFO - [2026-03-02T12:53:15.964+0000] {dag.py:3954} INFO - Setting next_dagrun for ingest_airbnb_bronze to None, run_after=None
[2026-03-02T12:53:16.142+0000] {processor.py:183} INFO - Processing /opt/airflow/dags/load_bronze_data.py took 3.018 seconds
[2026-03-02T12:53:50.276+0000] {processor.py:161} INFO - Started process (PID=711) to work on /opt/airflow/dags/load_bronze_data.py
[2026-03-02T12:53:51.034+0000] {processor.py:830} INFO - Processing file /opt/airflow/dags/load_bronze_data.py for tasks to queue
[2026-03-02T12:53:51.039+0000] {logging_mixin.py:188} INFO - [2026-03-02T12:53:51.038+0000] {dagbag.py:545} INFO - Filling up the DagBag from /opt/airflow/dags/load_bronze_data.py
[2026-03-02T12:53:53.250+0000] {processor.py:840} INFO - DAG(s) 'ingest_airbnb_bronze' retrieved from /opt/airflow/dags/load_bronze_data.py
[2026-03-02T12:53:53.444+0000] {logging_mixin.py:188} INFO - [2026-03-02T12:53:53.443+0000] {dag.py:3096} INFO - Sync 1 DAGs
[2026-03-02T12:53:53.503+0000] {logging_mixin.py:188} INFO - [2026-03-02T12:53:53.502+0000] {dag.py:3954} INFO - Setting next_dagrun for ingest_airbnb_bronze to None, run_after=None
[2026-03-02T12:53:53.583+0000] {processor.py:183} INFO - Processing /opt/airflow/dags/load_bronze_data.py took 3.354 seconds
[2026-03-02T12:54:24.251+0000] {processor.py:161} INFO - Started process (PID=735) to work on /opt/airflow/dags/load_bronze_data.py
[2026-03-02T12:54:24.254+0000] {processor.py:830} INFO - Processing file /opt/airflow/dags/load_bronze_data.py for tasks to queue
[2026-03-02T12:54:24.272+0000] {logging_mixin.py:188} INFO - [2026-03-02T12:54:24.271+0000] {dagbag.py:545} INFO - Filling up the DagBag from /opt/airflow/dags/load_bronze_data.py
[2026-03-02T12:54:30.908+0000] {processor.py:840} INFO - DAG(s) 'ingest_airbnb_bronze' retrieved from /opt/airflow/dags/load_bronze_data.py
[2026-03-02T12:54:31.142+0000] {logging_mixin.py:188} INFO - [2026-03-02T12:54:31.141+0000] {dag.py:3096} INFO - Sync 1 DAGs
[2026-03-02T12:54:31.210+0000] {logging_mixin.py:188} INFO - [2026-03-02T12:54:31.209+0000] {dag.py:3954} INFO - Setting next_dagrun for ingest_airbnb_bronze to None, run_after=None
[2026-03-02T12:54:31.306+0000] {processor.py:183} INFO - Processing /opt/airflow/dags/load_bronze_data.py took 7.131 seconds
[2026-03-02T12:55:02.078+0000] {processor.py:161} INFO - Started process (PID=760) to work on /opt/airflow/dags/load_bronze_data.py
[2026-03-02T12:55:02.081+0000] {processor.py:830} INFO - Processing file /opt/airflow/dags/load_bronze_data.py for tasks to queue
[2026-03-02T12:55:02.102+0000] {logging_mixin.py:188} INFO - [2026-03-02T12:55:02.089+0000] {dagbag.py:545} INFO - Filling up the DagBag from /opt/airflow/dags/load_bronze_data.py
[2026-03-02T12:55:03.948+0000] {processor.py:840} INFO - DAG(s) 'ingest_airbnb_bronze' retrieved from /opt/airflow/dags/load_bronze_data.py
[2026-03-02T12:55:04.030+0000] {logging_mixin.py:188} INFO - [2026-03-02T12:55:04.029+0000] {dag.py:3096} INFO - Sync 1 DAGs
[2026-03-02T12:55:04.070+0000] {logging_mixin.py:188} INFO - [2026-03-02T12:55:04.069+0000] {dag.py:3954} INFO - Setting next_dagrun for ingest_airbnb_bronze to None, run_after=None
[2026-03-02T12:55:04.127+0000] {processor.py:183} INFO - Processing /opt/airflow/dags/load_bronze_data.py took 2.067 seconds
[2026-03-02T12:55:34.654+0000] {processor.py:161} INFO - Started process (PID=778) to work on /opt/airflow/dags/load_bronze_data.py
[2026-03-02T12:55:34.658+0000] {processor.py:830} INFO - Processing file /opt/airflow/dags/load_bronze_data.py for tasks to queue
[2026-03-02T12:55:34.665+0000] {logging_mixin.py:188} INFO - [2026-03-02T12:55:34.664+0000] {dagbag.py:545} INFO - Filling up the DagBag from /opt/airflow/dags/load_bronze_data.py
[2026-03-02T12:55:36.170+0000] {processor.py:840} INFO - DAG(s) 'ingest_airbnb_bronze' retrieved from /opt/airflow/dags/load_bronze_data.py
[2026-03-02T12:55:36.248+0000] {logging_mixin.py:188} INFO - [2026-03-02T12:55:36.247+0000] {dag.py:3096} INFO - Sync 1 DAGs
[2026-03-02T12:55:36.287+0000] {logging_mixin.py:188} INFO - [2026-03-02T12:55:36.286+0000] {dag.py:3954} INFO - Setting next_dagrun for ingest_airbnb_bronze to None, run_after=None
[2026-03-02T12:55:36.337+0000] {processor.py:183} INFO - Processing /opt/airflow/dags/load_bronze_data.py took 1.713 seconds
[2026-03-02T12:56:06.989+0000] {processor.py:161} INFO - Started process (PID=796) to work on /opt/airflow/dags/load_bronze_data.py
[2026-03-02T12:56:06.994+0000] {processor.py:830} INFO - Processing file /opt/airflow/dags/load_bronze_data.py for tasks to queue
[2026-03-02T12:56:07.000+0000] {logging_mixin.py:188} INFO - [2026-03-02T12:56:06.999+0000] {dagbag.py:545} INFO - Filling up the DagBag from /opt/airflow/dags/load_bronze_data.py
[2026-03-02T12:56:09.015+0000] {processor.py:840} INFO - DAG(s) 'ingest_airbnb_bronze' retrieved from /opt/airflow/dags/load_bronze_data.py
[2026-03-02T12:56:09.125+0000] {logging_mixin.py:188} INFO - [2026-03-02T12:56:09.124+0000] {dag.py:3096} INFO - Sync 1 DAGs
[2026-03-02T12:56:09.170+0000] {logging_mixin.py:188} INFO - [2026-03-02T12:56:09.169+0000] {dag.py:3954} INFO - Setting next_dagrun for ingest_airbnb_bronze to None, run_after=None
[2026-03-02T12:56:09.224+0000] {processor.py:183} INFO - Processing /opt/airflow/dags/load_bronze_data.py took 2.258 seconds
[2026-03-02T12:56:39.579+0000] {processor.py:161} INFO - Started process (PID=816) to work on /opt/airflow/dags/load_bronze_data.py
[2026-03-02T12:56:39.583+0000] {processor.py:830} INFO - Processing file /opt/airflow/dags/load_bronze_data.py for tasks to queue
[2026-03-02T12:56:39.589+0000] {logging_mixin.py:188} INFO - [2026-03-02T12:56:39.588+0000] {dagbag.py:545} INFO - Filling up the DagBag from /opt/airflow/dags/load_bronze_data.py
[2026-03-02T12:56:40.485+0000] {processor.py:840} INFO - DAG(s) 'ingest_airbnb_bronze' retrieved from /opt/airflow/dags/load_bronze_data.py
[2026-03-02T12:56:40.565+0000] {logging_mixin.py:188} INFO - [2026-03-02T12:56:40.564+0000] {dag.py:3096} INFO - Sync 1 DAGs
[2026-03-02T12:56:40.599+0000] {logging_mixin.py:188} INFO - [2026-03-02T12:56:40.598+0000] {dag.py:3954} INFO - Setting next_dagrun for ingest_airbnb_bronze to None, run_after=None
[2026-03-02T12:56:40.646+0000] {processor.py:183} INFO - Processing /opt/airflow/dags/load_bronze_data.py took 1.091 seconds
[2026-03-02T12:57:10.931+0000] {processor.py:161} INFO - Started process (PID=834) to work on /opt/airflow/dags/load_bronze_data.py
[2026-03-02T12:57:10.934+0000] {processor.py:830} INFO - Processing file /opt/airflow/dags/load_bronze_data.py for tasks to queue
[2026-03-02T12:57:10.939+0000] {logging_mixin.py:188} INFO - [2026-03-02T12:57:10.938+0000] {dagbag.py:545} INFO - Filling up the DagBag from /opt/airflow/dags/load_bronze_data.py
[2026-03-02T12:57:11.899+0000] {processor.py:840} INFO - DAG(s) 'ingest_airbnb_bronze' retrieved from /opt/airflow/dags/load_bronze_data.py
[2026-03-02T12:57:12.004+0000] {logging_mixin.py:188} INFO - [2026-03-02T12:57:12.003+0000] {dag.py:3096} INFO - Sync 1 DAGs
[2026-03-02T12:57:12.044+0000] {logging_mixin.py:188} INFO - [2026-03-02T12:57:12.043+0000] {dag.py:3954} INFO - Setting next_dagrun for ingest_airbnb_bronze to None, run_after=None
[2026-03-02T12:57:12.101+0000] {processor.py:183} INFO - Processing /opt/airflow/dags/load_bronze_data.py took 1.188 seconds
[2026-03-02T12:57:43.050+0000] {processor.py:161} INFO - Started process (PID=852) to work on /opt/airflow/dags/load_bronze_data.py
[2026-03-02T12:57:43.056+0000] {processor.py:830} INFO - Processing file /opt/airflow/dags/load_bronze_data.py for tasks to queue
[2026-03-02T12:57:43.064+0000] {logging_mixin.py:188} INFO - [2026-03-02T12:57:43.063+0000] {dagbag.py:545} INFO - Filling up the DagBag from /opt/airflow/dags/load_bronze_data.py
[2026-03-02T12:57:43.985+0000] {processor.py:840} INFO - DAG(s) 'ingest_airbnb_bronze' retrieved from /opt/airflow/dags/load_bronze_data.py
[2026-03-02T12:57:44.061+0000] {logging_mixin.py:188} INFO - [2026-03-02T12:57:44.060+0000] {dag.py:3096} INFO - Sync 1 DAGs
[2026-03-02T12:57:44.097+0000] {logging_mixin.py:188} INFO - [2026-03-02T12:57:44.097+0000] {dag.py:3954} INFO - Setting next_dagrun for ingest_airbnb_bronze to None, run_after=None
[2026-03-02T12:57:44.145+0000] {processor.py:183} INFO - Processing /opt/airflow/dags/load_bronze_data.py took 1.130 seconds
[2026-03-02T12:58:14.913+0000] {processor.py:161} INFO - Started process (PID=870) to work on /opt/airflow/dags/load_bronze_data.py
[2026-03-02T12:58:14.915+0000] {processor.py:830} INFO - Processing file /opt/airflow/dags/load_bronze_data.py for tasks to queue
[2026-03-02T12:58:14.920+0000] {logging_mixin.py:188} INFO - [2026-03-02T12:58:14.920+0000] {dagbag.py:545} INFO - Filling up the DagBag from /opt/airflow/dags/load_bronze_data.py
[2026-03-02T12:58:15.904+0000] {processor.py:840} INFO - DAG(s) 'ingest_airbnb_bronze' retrieved from /opt/airflow/dags/load_bronze_data.py
[2026-03-02T12:58:16.007+0000] {logging_mixin.py:188} INFO - [2026-03-02T12:58:16.006+0000] {dag.py:3096} INFO - Sync 1 DAGs
[2026-03-02T12:58:16.046+0000] {logging_mixin.py:188} INFO - [2026-03-02T12:58:16.046+0000] {dag.py:3954} INFO - Setting next_dagrun for ingest_airbnb_bronze to None, run_after=None
[2026-03-02T12:58:16.107+0000] {processor.py:183} INFO - Processing /opt/airflow/dags/load_bronze_data.py took 1.213 seconds
[2026-03-02T12:58:46.470+0000] {processor.py:161} INFO - Started process (PID=888) to work on /opt/airflow/dags/load_bronze_data.py
[2026-03-02T12:58:46.475+0000] {processor.py:830} INFO - Processing file /opt/airflow/dags/load_bronze_data.py for tasks to queue
[2026-03-02T12:58:46.483+0000] {logging_mixin.py:188} INFO - [2026-03-02T12:58:46.482+0000] {dagbag.py:545} INFO - Filling up the DagBag from /opt/airflow/dags/load_bronze_data.py
[2026-03-02T12:58:47.565+0000] {processor.py:840} INFO - DAG(s) 'ingest_airbnb_bronze' retrieved from /opt/airflow/dags/load_bronze_data.py
[2026-03-02T12:58:47.658+0000] {logging_mixin.py:188} INFO - [2026-03-02T12:58:47.657+0000] {dag.py:3096} INFO - Sync 1 DAGs
[2026-03-02T12:58:47.693+0000] {logging_mixin.py:188} INFO - [2026-03-02T12:58:47.692+0000] {dag.py:3954} INFO - Setting next_dagrun for ingest_airbnb_bronze to None, run_after=None
[2026-03-02T12:58:47.741+0000] {processor.py:183} INFO - Processing /opt/airflow/dags/load_bronze_data.py took 1.297 seconds
[2026-03-02T12:59:18.422+0000] {processor.py:161} INFO - Started process (PID=906) to work on /opt/airflow/dags/load_bronze_data.py
[2026-03-02T12:59:18.426+0000] {processor.py:830} INFO - Processing file /opt/airflow/dags/load_bronze_data.py for tasks to queue
[2026-03-02T12:59:18.432+0000] {logging_mixin.py:188} INFO - [2026-03-02T12:59:18.431+0000] {dagbag.py:545} INFO - Filling up the DagBag from /opt/airflow/dags/load_bronze_data.py
[2026-03-02T12:59:19.391+0000] {processor.py:840} INFO - DAG(s) 'ingest_airbnb_bronze' retrieved from /opt/airflow/dags/load_bronze_data.py
[2026-03-02T12:59:19.467+0000] {logging_mixin.py:188} INFO - [2026-03-02T12:59:19.466+0000] {dag.py:3096} INFO - Sync 1 DAGs
[2026-03-02T12:59:19.504+0000] {logging_mixin.py:188} INFO - [2026-03-02T12:59:19.504+0000] {dag.py:3954} INFO - Setting next_dagrun for ingest_airbnb_bronze to None, run_after=None
[2026-03-02T12:59:19.570+0000] {processor.py:183} INFO - Processing /opt/airflow/dags/load_bronze_data.py took 1.167 seconds
[2026-03-02T12:59:49.959+0000] {processor.py:161} INFO - Started process (PID=924) to work on /opt/airflow/dags/load_bronze_data.py
[2026-03-02T12:59:49.962+0000] {processor.py:830} INFO - Processing file /opt/airflow/dags/load_bronze_data.py for tasks to queue
[2026-03-02T12:59:49.969+0000] {logging_mixin.py:188} INFO - [2026-03-02T12:59:49.968+0000] {dagbag.py:545} INFO - Filling up the DagBag from /opt/airflow/dags/load_bronze_data.py
[2026-03-02T12:59:50.879+0000] {processor.py:840} INFO - DAG(s) 'ingest_airbnb_bronze' retrieved from /opt/airflow/dags/load_bronze_data.py
[2026-03-02T12:59:50.965+0000] {logging_mixin.py:188} INFO - [2026-03-02T12:59:50.964+0000] {dag.py:3096} INFO - Sync 1 DAGs
[2026-03-02T12:59:51.001+0000] {logging_mixin.py:188} INFO - [2026-03-02T12:59:51.001+0000] {dag.py:3954} INFO - Setting next_dagrun for ingest_airbnb_bronze to None, run_after=None
[2026-03-02T12:59:51.050+0000] {processor.py:183} INFO - Processing /opt/airflow/dags/load_bronze_data.py took 1.120 seconds
[2026-03-02T13:00:21.389+0000] {processor.py:161} INFO - Started process (PID=940) to work on /opt/airflow/dags/load_bronze_data.py
[2026-03-02T13:00:21.392+0000] {processor.py:830} INFO - Processing file /opt/airflow/dags/load_bronze_data.py for tasks to queue
[2026-03-02T13:00:21.397+0000] {logging_mixin.py:188} INFO - [2026-03-02T13:00:21.396+0000] {dagbag.py:545} INFO - Filling up the DagBag from /opt/airflow/dags/load_bronze_data.py
[2026-03-02T13:00:22.654+0000] {processor.py:840} INFO - DAG(s) 'ingest_airbnb_bronze' retrieved from /opt/airflow/dags/load_bronze_data.py
[2026-03-02T13:00:22.734+0000] {logging_mixin.py:188} INFO - [2026-03-02T13:00:22.733+0000] {dag.py:3096} INFO - Sync 1 DAGs
[2026-03-02T13:00:22.774+0000] {logging_mixin.py:188} INFO - [2026-03-02T13:00:22.773+0000] {dag.py:3954} INFO - Setting next_dagrun for ingest_airbnb_bronze to None, run_after=None
[2026-03-02T13:00:22.827+0000] {processor.py:183} INFO - Processing /opt/airflow/dags/load_bronze_data.py took 1.463 seconds
[2026-03-02T13:00:53.242+0000] {processor.py:161} INFO - Started process (PID=957) to work on /opt/airflow/dags/load_bronze_data.py
[2026-03-02T13:00:53.244+0000] {processor.py:830} INFO - Processing file /opt/airflow/dags/load_bronze_data.py for tasks to queue
[2026-03-02T13:00:53.250+0000] {logging_mixin.py:188} INFO - [2026-03-02T13:00:53.250+0000] {dagbag.py:545} INFO - Filling up the DagBag from /opt/airflow/dags/load_bronze_data.py
[2026-03-02T13:00:54.395+0000] {processor.py:840} INFO - DAG(s) 'ingest_airbnb_bronze' retrieved from /opt/airflow/dags/load_bronze_data.py
[2026-03-02T13:00:54.499+0000] {logging_mixin.py:188} INFO - [2026-03-02T13:00:54.498+0000] {dag.py:3096} INFO - Sync 1 DAGs
[2026-03-02T13:00:54.541+0000] {logging_mixin.py:188} INFO - [2026-03-02T13:00:54.540+0000] {dag.py:3954} INFO - Setting next_dagrun for ingest_airbnb_bronze to None, run_after=None
[2026-03-02T13:00:54.605+0000] {processor.py:183} INFO - Processing /opt/airflow/dags/load_bronze_data.py took 1.385 seconds
[2026-03-02T13:01:25.421+0000] {processor.py:161} INFO - Started process (PID=975) to work on /opt/airflow/dags/load_bronze_data.py
[2026-03-02T13:01:25.425+0000] {processor.py:830} INFO - Processing file /opt/airflow/dags/load_bronze_data.py for tasks to queue
[2026-03-02T13:01:25.440+0000] {logging_mixin.py:188} INFO - [2026-03-02T13:01:25.439+0000] {dagbag.py:545} INFO - Filling up the DagBag from /opt/airflow/dags/load_bronze_data.py
[2026-03-02T13:01:27.184+0000] {processor.py:840} INFO - DAG(s) 'ingest_airbnb_bronze' retrieved from /opt/airflow/dags/load_bronze_data.py
[2026-03-02T13:01:27.307+0000] {logging_mixin.py:188} INFO - [2026-03-02T13:01:27.304+0000] {dag.py:3096} INFO - Sync 1 DAGs
[2026-03-02T13:01:27.348+0000] {logging_mixin.py:188} INFO - [2026-03-02T13:01:27.348+0000] {dag.py:3954} INFO - Setting next_dagrun for ingest_airbnb_bronze to None, run_after=None
[2026-03-02T13:01:27.419+0000] {processor.py:183} INFO - Processing /opt/airflow/dags/load_bronze_data.py took 2.056 seconds
[2026-03-02T13:01:57.926+0000] {processor.py:161} INFO - Started process (PID=993) to work on /opt/airflow/dags/load_bronze_data.py
[2026-03-02T13:01:57.929+0000] {processor.py:830} INFO - Processing file /opt/airflow/dags/load_bronze_data.py for tasks to queue
[2026-03-02T13:01:57.934+0000] {logging_mixin.py:188} INFO - [2026-03-02T13:01:57.933+0000] {dagbag.py:545} INFO - Filling up the DagBag from /opt/airflow/dags/load_bronze_data.py
[2026-03-02T13:01:58.926+0000] {processor.py:840} INFO - DAG(s) 'ingest_airbnb_bronze' retrieved from /opt/airflow/dags/load_bronze_data.py
[2026-03-02T13:01:59.096+0000] {logging_mixin.py:188} INFO - [2026-03-02T13:01:59.095+0000] {dag.py:3096} INFO - Sync 1 DAGs
[2026-03-02T13:01:59.133+0000] {logging_mixin.py:188} INFO - [2026-03-02T13:01:59.133+0000] {dag.py:3954} INFO - Setting next_dagrun for ingest_airbnb_bronze to None, run_after=None
[2026-03-02T13:01:59.187+0000] {processor.py:183} INFO - Processing /opt/airflow/dags/load_bronze_data.py took 1.282 seconds
[2026-03-02T13:02:35.282+0000] {processor.py:161} INFO - Started process (PID=1011) to work on /opt/airflow/dags/load_bronze_data.py
[2026-03-02T13:02:35.373+0000] {processor.py:830} INFO - Processing file /opt/airflow/dags/load_bronze_data.py for tasks to queue
[2026-03-02T13:02:35.381+0000] {logging_mixin.py:188} INFO - [2026-03-02T13:02:35.379+0000] {dagbag.py:545} INFO - Filling up the DagBag from /opt/airflow/dags/load_bronze_data.py
[2026-03-02T13:02:36.695+0000] {processor.py:840} INFO - DAG(s) 'ingest_airbnb_bronze' retrieved from /opt/airflow/dags/load_bronze_data.py
[2026-03-02T13:02:36.870+0000] {logging_mixin.py:188} INFO - [2026-03-02T13:02:36.868+0000] {dag.py:3096} INFO - Sync 1 DAGs
[2026-03-02T13:02:37.011+0000] {logging_mixin.py:188} INFO - [2026-03-02T13:02:37.010+0000] {dag.py:3954} INFO - Setting next_dagrun for ingest_airbnb_bronze to None, run_after=None
[2026-03-02T13:02:37.130+0000] {processor.py:183} INFO - Processing /opt/airflow/dags/load_bronze_data.py took 1.880 seconds
[2026-03-02T13:03:07.850+0000] {processor.py:161} INFO - Started process (PID=1029) to work on /opt/airflow/dags/load_bronze_data.py
[2026-03-02T13:03:07.853+0000] {processor.py:830} INFO - Processing file /opt/airflow/dags/load_bronze_data.py for tasks to queue
[2026-03-02T13:03:07.859+0000] {logging_mixin.py:188} INFO - [2026-03-02T13:03:07.858+0000] {dagbag.py:545} INFO - Filling up the DagBag from /opt/airflow/dags/load_bronze_data.py
[2026-03-02T13:03:09.375+0000] {processor.py:840} INFO - DAG(s) 'ingest_airbnb_bronze' retrieved from /opt/airflow/dags/load_bronze_data.py
[2026-03-02T13:03:09.509+0000] {logging_mixin.py:188} INFO - [2026-03-02T13:03:09.507+0000] {dag.py:3096} INFO - Sync 1 DAGs
[2026-03-02T13:03:09.548+0000] {logging_mixin.py:188} INFO - [2026-03-02T13:03:09.548+0000] {dag.py:3954} INFO - Setting next_dagrun for ingest_airbnb_bronze to None, run_after=None
[2026-03-02T13:03:09.603+0000] {processor.py:183} INFO - Processing /opt/airflow/dags/load_bronze_data.py took 1.775 seconds
[2026-03-02T13:03:40.337+0000] {processor.py:161} INFO - Started process (PID=1047) to work on /opt/airflow/dags/load_bronze_data.py
[2026-03-02T13:03:40.341+0000] {processor.py:830} INFO - Processing file /opt/airflow/dags/load_bronze_data.py for tasks to queue
[2026-03-02T13:03:40.348+0000] {logging_mixin.py:188} INFO - [2026-03-02T13:03:40.345+0000] {dagbag.py:545} INFO - Filling up the DagBag from /opt/airflow/dags/load_bronze_data.py
[2026-03-02T13:03:41.215+0000] {processor.py:840} INFO - DAG(s) 'ingest_airbnb_bronze' retrieved from /opt/airflow/dags/load_bronze_data.py
[2026-03-02T13:03:41.292+0000] {logging_mixin.py:188} INFO - [2026-03-02T13:03:41.292+0000] {dag.py:3096} INFO - Sync 1 DAGs
[2026-03-02T13:03:41.321+0000] {logging_mixin.py:188} INFO - [2026-03-02T13:03:41.320+0000] {dag.py:3954} INFO - Setting next_dagrun for ingest_airbnb_bronze to None, run_after=None
[2026-03-02T13:03:41.361+0000] {processor.py:183} INFO - Processing /opt/airflow/dags/load_bronze_data.py took 1.044 seconds
[2026-03-02T13:04:11.961+0000] {processor.py:161} INFO - Started process (PID=1065) to work on /opt/airflow/dags/load_bronze_data.py
[2026-03-02T13:04:11.965+0000] {processor.py:830} INFO - Processing file /opt/airflow/dags/load_bronze_data.py for tasks to queue
[2026-03-02T13:04:11.970+0000] {logging_mixin.py:188} INFO - [2026-03-02T13:04:11.969+0000] {dagbag.py:545} INFO - Filling up the DagBag from /opt/airflow/dags/load_bronze_data.py
[2026-03-02T13:04:12.940+0000] {processor.py:840} INFO - DAG(s) 'ingest_airbnb_bronze' retrieved from /opt/airflow/dags/load_bronze_data.py
[2026-03-02T13:04:13.041+0000] {logging_mixin.py:188} INFO - [2026-03-02T13:04:13.040+0000] {dag.py:3096} INFO - Sync 1 DAGs
[2026-03-02T13:04:13.080+0000] {logging_mixin.py:188} INFO - [2026-03-02T13:04:13.080+0000] {dag.py:3954} INFO - Setting next_dagrun for ingest_airbnb_bronze to None, run_after=None
[2026-03-02T13:04:13.140+0000] {processor.py:183} INFO - Processing /opt/airflow/dags/load_bronze_data.py took 1.201 seconds
[2026-03-02T13:04:43.381+0000] {processor.py:161} INFO - Started process (PID=1080) to work on /opt/airflow/dags/load_bronze_data.py
[2026-03-02T13:04:43.384+0000] {processor.py:830} INFO - Processing file /opt/airflow/dags/load_bronze_data.py for tasks to queue
[2026-03-02T13:04:43.390+0000] {logging_mixin.py:188} INFO - [2026-03-02T13:04:43.389+0000] {dagbag.py:545} INFO - Filling up the DagBag from /opt/airflow/dags/load_bronze_data.py
[2026-03-02T13:04:44.597+0000] {processor.py:840} INFO - DAG(s) 'ingest_airbnb_bronze' retrieved from /opt/airflow/dags/load_bronze_data.py
[2026-03-02T13:04:44.695+0000] {logging_mixin.py:188} INFO - [2026-03-02T13:04:44.694+0000] {dag.py:3096} INFO - Sync 1 DAGs
[2026-03-02T13:04:44.736+0000] {logging_mixin.py:188} INFO - [2026-03-02T13:04:44.735+0000] {dag.py:3954} INFO - Setting next_dagrun for ingest_airbnb_bronze to None, run_after=None
[2026-03-02T13:04:44.807+0000] {processor.py:183} INFO - Processing /opt/airflow/dags/load_bronze_data.py took 1.456 seconds
[2026-03-02T13:05:15.088+0000] {processor.py:161} INFO - Started process (PID=1098) to work on /opt/airflow/dags/load_bronze_data.py
[2026-03-02T13:05:15.091+0000] {processor.py:830} INFO - Processing file /opt/airflow/dags/load_bronze_data.py for tasks to queue
[2026-03-02T13:05:15.097+0000] {logging_mixin.py:188} INFO - [2026-03-02T13:05:15.095+0000] {dagbag.py:545} INFO - Filling up the DagBag from /opt/airflow/dags/load_bronze_data.py
[2026-03-02T13:05:18.261+0000] {processor.py:840} INFO - DAG(s) 'ingest_airbnb_bronze' retrieved from /opt/airflow/dags/load_bronze_data.py
[2026-03-02T13:05:19.312+0000] {logging_mixin.py:188} INFO - [2026-03-02T13:05:19.311+0000] {dag.py:3096} INFO - Sync 1 DAGs
[2026-03-02T13:05:19.435+0000] {logging_mixin.py:188} INFO - [2026-03-02T13:05:19.434+0000] {dag.py:3954} INFO - Setting next_dagrun for ingest_airbnb_bronze to None, run_after=None
[2026-03-02T13:05:19.504+0000] {processor.py:183} INFO - Processing /opt/airflow/dags/load_bronze_data.py took 4.433 seconds
[2026-03-02T13:05:50.121+0000] {processor.py:161} INFO - Started process (PID=1119) to work on /opt/airflow/dags/load_bronze_data.py
[2026-03-02T13:05:50.125+0000] {processor.py:830} INFO - Processing file /opt/airflow/dags/load_bronze_data.py for tasks to queue
[2026-03-02T13:05:50.134+0000] {logging_mixin.py:188} INFO - [2026-03-02T13:05:50.132+0000] {dagbag.py:545} INFO - Filling up the DagBag from /opt/airflow/dags/load_bronze_data.py
[2026-03-02T13:05:51.763+0000] {processor.py:840} INFO - DAG(s) 'ingest_airbnb_bronze' retrieved from /opt/airflow/dags/load_bronze_data.py
[2026-03-02T13:05:51.927+0000] {logging_mixin.py:188} INFO - [2026-03-02T13:05:51.926+0000] {dag.py:3096} INFO - Sync 1 DAGs
[2026-03-02T13:05:52.075+0000] {logging_mixin.py:188} INFO - [2026-03-02T13:05:52.072+0000] {dag.py:3954} INFO - Setting next_dagrun for ingest_airbnb_bronze to None, run_after=None
[2026-03-02T13:05:52.362+0000] {processor.py:183} INFO - Processing /opt/airflow/dags/load_bronze_data.py took 2.274 seconds
[2026-03-02T13:06:23.325+0000] {processor.py:161} INFO - Started process (PID=1137) to work on /opt/airflow/dags/load_bronze_data.py
[2026-03-02T13:06:23.342+0000] {processor.py:830} INFO - Processing file /opt/airflow/dags/load_bronze_data.py for tasks to queue
[2026-03-02T13:06:23.357+0000] {logging_mixin.py:188} INFO - [2026-03-02T13:06:23.354+0000] {dagbag.py:545} INFO - Filling up the DagBag from /opt/airflow/dags/load_bronze_data.py
[2026-03-02T13:06:24.628+0000] {processor.py:840} INFO - DAG(s) 'ingest_airbnb_bronze' retrieved from /opt/airflow/dags/load_bronze_data.py
[2026-03-02T13:06:24.722+0000] {logging_mixin.py:188} INFO - [2026-03-02T13:06:24.721+0000] {dag.py:3096} INFO - Sync 1 DAGs
[2026-03-02T13:06:24.762+0000] {logging_mixin.py:188} INFO - [2026-03-02T13:06:24.761+0000] {dag.py:3954} INFO - Setting next_dagrun for ingest_airbnb_bronze to None, run_after=None
[2026-03-02T13:06:24.825+0000] {processor.py:183} INFO - Processing /opt/airflow/dags/load_bronze_data.py took 1.449 seconds
[2026-03-02T13:06:55.403+0000] {processor.py:161} INFO - Started process (PID=1155) to work on /opt/airflow/dags/load_bronze_data.py
[2026-03-02T13:06:55.405+0000] {processor.py:830} INFO - Processing file /opt/airflow/dags/load_bronze_data.py for tasks to queue
[2026-03-02T13:06:55.409+0000] {logging_mixin.py:188} INFO - [2026-03-02T13:06:55.409+0000] {dagbag.py:545} INFO - Filling up the DagBag from /opt/airflow/dags/load_bronze_data.py
[2026-03-02T13:06:56.238+0000] {processor.py:840} INFO - DAG(s) 'ingest_airbnb_bronze' retrieved from /opt/airflow/dags/load_bronze_data.py
[2026-03-02T13:06:56.361+0000] {logging_mixin.py:188} INFO - [2026-03-02T13:06:56.357+0000] {dag.py:3096} INFO - Sync 1 DAGs
[2026-03-02T13:06:56.434+0000] {logging_mixin.py:188} INFO - [2026-03-02T13:06:56.434+0000] {dag.py:3954} INFO - Setting next_dagrun for ingest_airbnb_bronze to None, run_after=None
[2026-03-02T13:06:56.491+0000] {processor.py:183} INFO - Processing /opt/airflow/dags/load_bronze_data.py took 1.106 seconds
[2026-03-02T13:07:27.435+0000] {processor.py:161} INFO - Started process (PID=1173) to work on /opt/airflow/dags/load_bronze_data.py
[2026-03-02T13:07:27.439+0000] {processor.py:830} INFO - Processing file /opt/airflow/dags/load_bronze_data.py for tasks to queue
[2026-03-02T13:07:27.447+0000] {logging_mixin.py:188} INFO - [2026-03-02T13:07:27.445+0000] {dagbag.py:545} INFO - Filling up the DagBag from /opt/airflow/dags/load_bronze_data.py
[2026-03-02T13:07:28.566+0000] {processor.py:840} INFO - DAG(s) 'ingest_airbnb_bronze' retrieved from /opt/airflow/dags/load_bronze_data.py
[2026-03-02T13:07:28.667+0000] {logging_mixin.py:188} INFO - [2026-03-02T13:07:28.666+0000] {dag.py:3096} INFO - Sync 1 DAGs
[2026-03-02T13:07:28.714+0000] {logging_mixin.py:188} INFO - [2026-03-02T13:07:28.713+0000] {dag.py:3954} INFO - Setting next_dagrun for ingest_airbnb_bronze to None, run_after=None
[2026-03-02T13:07:28.781+0000] {processor.py:183} INFO - Processing /opt/airflow/dags/load_bronze_data.py took 1.375 seconds
[2026-03-02T13:07:59.173+0000] {processor.py:161} INFO - Started process (PID=1191) to work on /opt/airflow/dags/load_bronze_data.py
[2026-03-02T13:07:59.176+0000] {processor.py:830} INFO - Processing file /opt/airflow/dags/load_bronze_data.py for tasks to queue
[2026-03-02T13:07:59.194+0000] {logging_mixin.py:188} INFO - [2026-03-02T13:07:59.192+0000] {dagbag.py:545} INFO - Filling up the DagBag from /opt/airflow/dags/load_bronze_data.py
[2026-03-02T13:08:00.376+0000] {processor.py:840} INFO - DAG(s) 'ingest_airbnb_bronze' retrieved from /opt/airflow/dags/load_bronze_data.py
[2026-03-02T13:08:00.656+0000] {logging_mixin.py:188} INFO - [2026-03-02T13:08:00.654+0000] {dag.py:3096} INFO - Sync 1 DAGs
[2026-03-02T13:08:00.755+0000] {logging_mixin.py:188} INFO - [2026-03-02T13:08:00.754+0000] {dag.py:3954} INFO - Setting next_dagrun for ingest_airbnb_bronze to None, run_after=None
[2026-03-02T13:08:00.884+0000] {processor.py:183} INFO - Processing /opt/airflow/dags/load_bronze_data.py took 1.731 seconds
[2026-03-02T13:08:31.711+0000] {processor.py:161} INFO - Started process (PID=1209) to work on /opt/airflow/dags/load_bronze_data.py
[2026-03-02T13:08:31.719+0000] {processor.py:830} INFO - Processing file /opt/airflow/dags/load_bronze_data.py for tasks to queue
[2026-03-02T13:08:31.726+0000] {logging_mixin.py:188} INFO - [2026-03-02T13:08:31.726+0000] {dagbag.py:545} INFO - Filling up the DagBag from /opt/airflow/dags/load_bronze_data.py
[2026-03-02T13:08:32.860+0000] {processor.py:840} INFO - DAG(s) 'ingest_airbnb_bronze' retrieved from /opt/airflow/dags/load_bronze_data.py
[2026-03-02T13:08:32.997+0000] {logging_mixin.py:188} INFO - [2026-03-02T13:08:32.996+0000] {dag.py:3096} INFO - Sync 1 DAGs
[2026-03-02T13:08:33.042+0000] {logging_mixin.py:188} INFO - [2026-03-02T13:08:33.042+0000] {dag.py:3954} INFO - Setting next_dagrun for ingest_airbnb_bronze to None, run_after=None
[2026-03-02T13:08:33.106+0000] {processor.py:183} INFO - Processing /opt/airflow/dags/load_bronze_data.py took 1.429 seconds
[2026-03-02T13:09:03.637+0000] {processor.py:161} INFO - Started process (PID=1227) to work on /opt/airflow/dags/load_bronze_data.py
[2026-03-02T13:09:03.640+0000] {processor.py:830} INFO - Processing file /opt/airflow/dags/load_bronze_data.py for tasks to queue
[2026-03-02T13:09:03.646+0000] {logging_mixin.py:188} INFO - [2026-03-02T13:09:03.645+0000] {dagbag.py:545} INFO - Filling up the DagBag from /opt/airflow/dags/load_bronze_data.py
[2026-03-02T13:09:04.481+0000] {processor.py:840} INFO - DAG(s) 'ingest_airbnb_bronze' retrieved from /opt/airflow/dags/load_bronze_data.py
[2026-03-02T13:09:04.554+0000] {logging_mixin.py:188} INFO - [2026-03-02T13:09:04.553+0000] {dag.py:3096} INFO - Sync 1 DAGs
[2026-03-02T13:09:04.591+0000] {logging_mixin.py:188} INFO - [2026-03-02T13:09:04.590+0000] {dag.py:3954} INFO - Setting next_dagrun for ingest_airbnb_bronze to None, run_after=None
[2026-03-02T13:09:04.644+0000] {processor.py:183} INFO - Processing /opt/airflow/dags/load_bronze_data.py took 1.035 seconds
[2026-03-02T13:09:35.333+0000] {processor.py:161} INFO - Started process (PID=1245) to work on /opt/airflow/dags/load_bronze_data.py
[2026-03-02T13:09:35.335+0000] {processor.py:830} INFO - Processing file /opt/airflow/dags/load_bronze_data.py for tasks to queue
[2026-03-02T13:09:35.339+0000] {logging_mixin.py:188} INFO - [2026-03-02T13:09:35.339+0000] {dagbag.py:545} INFO - Filling up the DagBag from /opt/airflow/dags/load_bronze_data.py
[2026-03-02T13:09:36.134+0000] {processor.py:840} INFO - DAG(s) 'ingest_airbnb_bronze' retrieved from /opt/airflow/dags/load_bronze_data.py
[2026-03-02T13:09:36.212+0000] {logging_mixin.py:188} INFO - [2026-03-02T13:09:36.211+0000] {dag.py:3096} INFO - Sync 1 DAGs
[2026-03-02T13:09:36.247+0000] {logging_mixin.py:188} INFO - [2026-03-02T13:09:36.247+0000] {dag.py:3954} INFO - Setting next_dagrun for ingest_airbnb_bronze to None, run_after=None
[2026-03-02T13:09:36.293+0000] {processor.py:183} INFO - Processing /opt/airflow/dags/load_bronze_data.py took 0.976 seconds
[2026-03-02T13:10:06.665+0000] {processor.py:161} INFO - Started process (PID=1263) to work on /opt/airflow/dags/load_bronze_data.py
[2026-03-02T13:10:06.668+0000] {processor.py:830} INFO - Processing file /opt/airflow/dags/load_bronze_data.py for tasks to queue
[2026-03-02T13:10:06.674+0000] {logging_mixin.py:188} INFO - [2026-03-02T13:10:06.673+0000] {dagbag.py:545} INFO - Filling up the DagBag from /opt/airflow/dags/load_bronze_data.py
[2026-03-02T13:10:08.010+0000] {processor.py:840} INFO - DAG(s) 'ingest_airbnb_bronze' retrieved from /opt/airflow/dags/load_bronze_data.py
[2026-03-02T13:10:08.153+0000] {logging_mixin.py:188} INFO - [2026-03-02T13:10:08.151+0000] {dag.py:3096} INFO - Sync 1 DAGs
[2026-03-02T13:10:08.259+0000] {logging_mixin.py:188} INFO - [2026-03-02T13:10:08.258+0000] {dag.py:3954} INFO - Setting next_dagrun for ingest_airbnb_bronze to None, run_after=None
[2026-03-02T13:10:08.377+0000] {processor.py:183} INFO - Processing /opt/airflow/dags/load_bronze_data.py took 1.739 seconds
[2026-03-02T13:10:38.842+0000] {processor.py:161} INFO - Started process (PID=1281) to work on /opt/airflow/dags/load_bronze_data.py
[2026-03-02T13:10:38.844+0000] {processor.py:830} INFO - Processing file /opt/airflow/dags/load_bronze_data.py for tasks to queue
[2026-03-02T13:10:38.850+0000] {logging_mixin.py:188} INFO - [2026-03-02T13:10:38.849+0000] {dagbag.py:545} INFO - Filling up the DagBag from /opt/airflow/dags/load_bronze_data.py
[2026-03-02T13:10:40.321+0000] {processor.py:840} INFO - DAG(s) 'ingest_airbnb_bronze' retrieved from /opt/airflow/dags/load_bronze_data.py
[2026-03-02T13:10:40.436+0000] {logging_mixin.py:188} INFO - [2026-03-02T13:10:40.435+0000] {dag.py:3096} INFO - Sync 1 DAGs
[2026-03-02T13:10:40.479+0000] {logging_mixin.py:188} INFO - [2026-03-02T13:10:40.478+0000] {dag.py:3954} INFO - Setting next_dagrun for ingest_airbnb_bronze to None, run_after=None
[2026-03-02T13:10:40.539+0000] {processor.py:183} INFO - Processing /opt/airflow/dags/load_bronze_data.py took 1.723 seconds
[2026-03-02T13:11:10.907+0000] {processor.py:161} INFO - Started process (PID=1299) to work on /opt/airflow/dags/load_bronze_data.py
[2026-03-02T13:11:10.910+0000] {processor.py:830} INFO - Processing file /opt/airflow/dags/load_bronze_data.py for tasks to queue
[2026-03-02T13:11:10.916+0000] {logging_mixin.py:188} INFO - [2026-03-02T13:11:10.915+0000] {dagbag.py:545} INFO - Filling up the DagBag from /opt/airflow/dags/load_bronze_data.py
[2026-03-02T13:11:12.068+0000] {processor.py:840} INFO - DAG(s) 'ingest_airbnb_bronze' retrieved from /opt/airflow/dags/load_bronze_data.py
[2026-03-02T13:11:12.199+0000] {logging_mixin.py:188} INFO - [2026-03-02T13:11:12.198+0000] {dag.py:3096} INFO - Sync 1 DAGs
[2026-03-02T13:11:12.252+0000] {logging_mixin.py:188} INFO - [2026-03-02T13:11:12.251+0000] {dag.py:3954} INFO - Setting next_dagrun for ingest_airbnb_bronze to None, run_after=None
[2026-03-02T13:11:12.316+0000] {processor.py:183} INFO - Processing /opt/airflow/dags/load_bronze_data.py took 1.434 seconds
[2026-03-02T13:11:43.123+0000] {processor.py:161} INFO - Started process (PID=1317) to work on /opt/airflow/dags/load_bronze_data.py
[2026-03-02T13:11:43.126+0000] {processor.py:830} INFO - Processing file /opt/airflow/dags/load_bronze_data.py for tasks to queue
[2026-03-02T13:11:43.131+0000] {logging_mixin.py:188} INFO - [2026-03-02T13:11:43.130+0000] {dagbag.py:545} INFO - Filling up the DagBag from /opt/airflow/dags/load_bronze_data.py
[2026-03-02T13:11:44.246+0000] {processor.py:840} INFO - DAG(s) 'ingest_airbnb_bronze' retrieved from /opt/airflow/dags/load_bronze_data.py
[2026-03-02T13:11:44.418+0000] {logging_mixin.py:188} INFO - [2026-03-02T13:11:44.417+0000] {dag.py:3096} INFO - Sync 1 DAGs
[2026-03-02T13:11:44.498+0000] {logging_mixin.py:188} INFO - [2026-03-02T13:11:44.497+0000] {dag.py:3954} INFO - Setting next_dagrun for ingest_airbnb_bronze to None, run_after=None
[2026-03-02T13:11:44.634+0000] {processor.py:183} INFO - Processing /opt/airflow/dags/load_bronze_data.py took 1.534 seconds
[2026-03-02T13:15:21.673+0000] {processor.py:161} INFO - Started process (PID=171) to work on /opt/airflow/dags/load_bronze_data.py
[2026-03-02T13:15:21.676+0000] {processor.py:830} INFO - Processing file /opt/airflow/dags/load_bronze_data.py for tasks to queue
[2026-03-02T13:15:21.680+0000] {logging_mixin.py:188} INFO - [2026-03-02T13:15:21.679+0000] {dagbag.py:545} INFO - Filling up the DagBag from /opt/airflow/dags/load_bronze_data.py
[2026-03-02T13:15:22.898+0000] {processor.py:840} INFO - DAG(s) 'ingest_airbnb_bronze' retrieved from /opt/airflow/dags/load_bronze_data.py
[2026-03-02T13:15:23.331+0000] {logging_mixin.py:188} INFO - [2026-03-02T13:15:23.330+0000] {dag.py:3096} INFO - Sync 1 DAGs
[2026-03-02T13:15:23.365+0000] {logging_mixin.py:188} INFO - [2026-03-02T13:15:23.365+0000] {dag.py:3954} INFO - Setting next_dagrun for ingest_airbnb_bronze to None, run_after=None
[2026-03-02T13:15:23.415+0000] {processor.py:183} INFO - Processing /opt/airflow/dags/load_bronze_data.py took 1.764 seconds
[2026-03-02T13:15:53.650+0000] {processor.py:161} INFO - Started process (PID=189) to work on /opt/airflow/dags/load_bronze_data.py
[2026-03-02T13:15:53.653+0000] {processor.py:830} INFO - Processing file /opt/airflow/dags/load_bronze_data.py for tasks to queue
[2026-03-02T13:15:53.659+0000] {logging_mixin.py:188} INFO - [2026-03-02T13:15:53.658+0000] {dagbag.py:545} INFO - Filling up the DagBag from /opt/airflow/dags/load_bronze_data.py
[2026-03-02T13:15:54.599+0000] {processor.py:840} INFO - DAG(s) 'ingest_airbnb_bronze' retrieved from /opt/airflow/dags/load_bronze_data.py
[2026-03-02T13:15:54.675+0000] {logging_mixin.py:188} INFO - [2026-03-02T13:15:54.674+0000] {dag.py:3096} INFO - Sync 1 DAGs
[2026-03-02T13:15:54.708+0000] {logging_mixin.py:188} INFO - [2026-03-02T13:15:54.707+0000] {dag.py:3954} INFO - Setting next_dagrun for ingest_airbnb_bronze to None, run_after=None
[2026-03-02T13:15:54.760+0000] {processor.py:183} INFO - Processing /opt/airflow/dags/load_bronze_data.py took 1.127 seconds
[2026-03-02T13:16:26.172+0000] {processor.py:161} INFO - Started process (PID=212) to work on /opt/airflow/dags/load_bronze_data.py
[2026-03-02T13:16:26.175+0000] {processor.py:830} INFO - Processing file /opt/airflow/dags/load_bronze_data.py for tasks to queue
[2026-03-02T13:16:26.181+0000] {logging_mixin.py:188} INFO - [2026-03-02T13:16:26.180+0000] {dagbag.py:545} INFO - Filling up the DagBag from /opt/airflow/dags/load_bronze_data.py
[2026-03-02T13:16:27.254+0000] {processor.py:840} INFO - DAG(s) 'ingest_airbnb_bronze' retrieved from /opt/airflow/dags/load_bronze_data.py
[2026-03-02T13:16:27.338+0000] {logging_mixin.py:188} INFO - [2026-03-02T13:16:27.337+0000] {dag.py:3096} INFO - Sync 1 DAGs
[2026-03-02T13:16:27.376+0000] {logging_mixin.py:188} INFO - [2026-03-02T13:16:27.375+0000] {dag.py:3954} INFO - Setting next_dagrun for ingest_airbnb_bronze to None, run_after=None
[2026-03-02T13:16:27.435+0000] {processor.py:183} INFO - Processing /opt/airflow/dags/load_bronze_data.py took 1.285 seconds
[2026-03-02T13:16:59.037+0000] {processor.py:161} INFO - Started process (PID=228) to work on /opt/airflow/dags/load_bronze_data.py
[2026-03-02T13:16:59.040+0000] {processor.py:830} INFO - Processing file /opt/airflow/dags/load_bronze_data.py for tasks to queue
[2026-03-02T13:16:59.047+0000] {logging_mixin.py:188} INFO - [2026-03-02T13:16:59.045+0000] {dagbag.py:545} INFO - Filling up the DagBag from /opt/airflow/dags/load_bronze_data.py
[2026-03-02T13:17:00.187+0000] {processor.py:840} INFO - DAG(s) 'ingest_airbnb_bronze' retrieved from /opt/airflow/dags/load_bronze_data.py
[2026-03-02T13:17:00.278+0000] {logging_mixin.py:188} INFO - [2026-03-02T13:17:00.277+0000] {dag.py:3096} INFO - Sync 1 DAGs
[2026-03-02T13:17:00.315+0000] {logging_mixin.py:188} INFO - [2026-03-02T13:17:00.314+0000] {dag.py:3954} INFO - Setting next_dagrun for ingest_airbnb_bronze to None, run_after=None
[2026-03-02T13:17:00.362+0000] {processor.py:183} INFO - Processing /opt/airflow/dags/load_bronze_data.py took 1.348 seconds
