[2026-03-02T09:04:47.959+0000] {processor.py:161} INFO - Started process (PID=158) to work on /opt/airflow/dags/master_load_bronze_data.py
[2026-03-02T09:04:47.975+0000] {processor.py:830} INFO - Processing file /opt/airflow/dags/master_load_bronze_data.py for tasks to queue
[2026-03-02T09:04:47.994+0000] {logging_mixin.py:188} INFO - [2026-03-02T09:04:47.985+0000] {dagbag.py:545} INFO - Filling up the DagBag from /opt/airflow/dags/master_load_bronze_data.py
[2026-03-02T09:05:06.381+0000] {processor.py:840} INFO - DAG(s) 'airbnb_master_ingestion' retrieved from /opt/airflow/dags/master_load_bronze_data.py
[2026-03-02T09:05:06.631+0000] {logging_mixin.py:188} INFO - [2026-03-02T09:05:06.629+0000] {dag.py:3096} INFO - Sync 1 DAGs
[2026-03-02T09:05:06.722+0000] {logging_mixin.py:188} INFO - [2026-03-02T09:05:06.721+0000] {dag.py:3954} INFO - Setting next_dagrun for airbnb_master_ingestion to None, run_after=None
[2026-03-02T09:05:07.033+0000] {processor.py:183} INFO - Processing /opt/airflow/dags/master_load_bronze_data.py took 19.177 seconds
[2026-03-02T09:05:38.587+0000] {processor.py:161} INFO - Started process (PID=170) to work on /opt/airflow/dags/master_load_bronze_data.py
[2026-03-02T09:05:38.616+0000] {processor.py:830} INFO - Processing file /opt/airflow/dags/master_load_bronze_data.py for tasks to queue
[2026-03-02T09:05:38.625+0000] {logging_mixin.py:188} INFO - [2026-03-02T09:05:38.624+0000] {dagbag.py:545} INFO - Filling up the DagBag from /opt/airflow/dags/master_load_bronze_data.py
[2026-03-02T09:05:45.104+0000] {processor.py:840} INFO - DAG(s) 'airbnb_master_ingestion' retrieved from /opt/airflow/dags/master_load_bronze_data.py
[2026-03-02T09:05:47.326+0000] {logging_mixin.py:188} INFO - [2026-03-02T09:05:47.324+0000] {dag.py:3096} INFO - Sync 1 DAGs
[2026-03-02T09:05:47.421+0000] {logging_mixin.py:188} INFO - [2026-03-02T09:05:47.421+0000] {dag.py:3954} INFO - Setting next_dagrun for airbnb_master_ingestion to None, run_after=None
[2026-03-02T09:05:47.518+0000] {processor.py:183} INFO - Processing /opt/airflow/dags/master_load_bronze_data.py took 9.075 seconds
[2026-03-02T09:06:19.896+0000] {processor.py:161} INFO - Started process (PID=182) to work on /opt/airflow/dags/master_load_bronze_data.py
[2026-03-02T09:06:19.991+0000] {processor.py:830} INFO - Processing file /opt/airflow/dags/master_load_bronze_data.py for tasks to queue
[2026-03-02T09:06:20.048+0000] {logging_mixin.py:188} INFO - [2026-03-02T09:06:20.047+0000] {dagbag.py:545} INFO - Filling up the DagBag from /opt/airflow/dags/master_load_bronze_data.py
[2026-03-02T09:06:25.748+0000] {processor.py:840} INFO - DAG(s) 'airbnb_master_ingestion' retrieved from /opt/airflow/dags/master_load_bronze_data.py
[2026-03-02T09:06:25.984+0000] {logging_mixin.py:188} INFO - [2026-03-02T09:06:25.983+0000] {dag.py:3096} INFO - Sync 1 DAGs
[2026-03-02T09:06:26.029+0000] {logging_mixin.py:188} INFO - [2026-03-02T09:06:26.028+0000] {dag.py:3954} INFO - Setting next_dagrun for airbnb_master_ingestion to None, run_after=None
[2026-03-02T09:06:26.136+0000] {processor.py:183} INFO - Processing /opt/airflow/dags/master_load_bronze_data.py took 6.322 seconds
[2026-03-02T09:06:57.271+0000] {processor.py:161} INFO - Started process (PID=194) to work on /opt/airflow/dags/master_load_bronze_data.py
[2026-03-02T09:06:57.281+0000] {processor.py:830} INFO - Processing file /opt/airflow/dags/master_load_bronze_data.py for tasks to queue
[2026-03-02T09:06:57.296+0000] {logging_mixin.py:188} INFO - [2026-03-02T09:06:57.295+0000] {dagbag.py:545} INFO - Filling up the DagBag from /opt/airflow/dags/master_load_bronze_data.py
[2026-03-02T09:07:00.986+0000] {processor.py:840} INFO - DAG(s) 'airbnb_master_ingestion' retrieved from /opt/airflow/dags/master_load_bronze_data.py
[2026-03-02T09:07:01.239+0000] {logging_mixin.py:188} INFO - [2026-03-02T09:07:01.237+0000] {dag.py:3096} INFO - Sync 1 DAGs
[2026-03-02T09:07:01.289+0000] {logging_mixin.py:188} INFO - [2026-03-02T09:07:01.288+0000] {dag.py:3954} INFO - Setting next_dagrun for airbnb_master_ingestion to None, run_after=None
[2026-03-02T09:07:01.485+0000] {processor.py:183} INFO - Processing /opt/airflow/dags/master_load_bronze_data.py took 4.308 seconds
[2026-03-02T09:07:33.878+0000] {processor.py:161} INFO - Started process (PID=206) to work on /opt/airflow/dags/master_load_bronze_data.py
[2026-03-02T09:07:33.921+0000] {processor.py:830} INFO - Processing file /opt/airflow/dags/master_load_bronze_data.py for tasks to queue
[2026-03-02T09:07:33.997+0000] {logging_mixin.py:188} INFO - [2026-03-02T09:07:33.996+0000] {dagbag.py:545} INFO - Filling up the DagBag from /opt/airflow/dags/master_load_bronze_data.py
[2026-03-02T09:07:37.133+0000] {processor.py:840} INFO - DAG(s) 'airbnb_master_ingestion' retrieved from /opt/airflow/dags/master_load_bronze_data.py
[2026-03-02T09:07:37.316+0000] {logging_mixin.py:188} INFO - [2026-03-02T09:07:37.315+0000] {dag.py:3096} INFO - Sync 1 DAGs
[2026-03-02T09:07:37.371+0000] {logging_mixin.py:188} INFO - [2026-03-02T09:07:37.370+0000] {dag.py:3954} INFO - Setting next_dagrun for airbnb_master_ingestion to None, run_after=None
[2026-03-02T09:07:37.431+0000] {processor.py:183} INFO - Processing /opt/airflow/dags/master_load_bronze_data.py took 3.791 seconds
[2026-03-02T09:08:08.923+0000] {processor.py:161} INFO - Started process (PID=218) to work on /opt/airflow/dags/master_load_bronze_data.py
[2026-03-02T09:08:08.925+0000] {processor.py:830} INFO - Processing file /opt/airflow/dags/master_load_bronze_data.py for tasks to queue
[2026-03-02T09:08:08.930+0000] {logging_mixin.py:188} INFO - [2026-03-02T09:08:08.930+0000] {dagbag.py:545} INFO - Filling up the DagBag from /opt/airflow/dags/master_load_bronze_data.py
[2026-03-02T09:08:09.862+0000] {processor.py:840} INFO - DAG(s) 'airbnb_master_ingestion' retrieved from /opt/airflow/dags/master_load_bronze_data.py
[2026-03-02T09:08:09.957+0000] {logging_mixin.py:188} INFO - [2026-03-02T09:08:09.956+0000] {dag.py:3096} INFO - Sync 1 DAGs
[2026-03-02T09:08:09.991+0000] {logging_mixin.py:188} INFO - [2026-03-02T09:08:09.991+0000] {dag.py:3954} INFO - Setting next_dagrun for airbnb_master_ingestion to None, run_after=None
[2026-03-02T09:08:10.033+0000] {processor.py:183} INFO - Processing /opt/airflow/dags/master_load_bronze_data.py took 1.153 seconds
[2026-03-02T09:08:40.219+0000] {processor.py:161} INFO - Started process (PID=230) to work on /opt/airflow/dags/master_load_bronze_data.py
[2026-03-02T09:08:40.224+0000] {processor.py:830} INFO - Processing file /opt/airflow/dags/master_load_bronze_data.py for tasks to queue
[2026-03-02T09:08:40.229+0000] {logging_mixin.py:188} INFO - [2026-03-02T09:08:40.228+0000] {dagbag.py:545} INFO - Filling up the DagBag from /opt/airflow/dags/master_load_bronze_data.py
[2026-03-02T09:08:41.548+0000] {processor.py:840} INFO - DAG(s) 'airbnb_master_ingestion' retrieved from /opt/airflow/dags/master_load_bronze_data.py
[2026-03-02T09:08:41.717+0000] {logging_mixin.py:188} INFO - [2026-03-02T09:08:41.715+0000] {dag.py:3096} INFO - Sync 1 DAGs
[2026-03-02T09:08:41.764+0000] {logging_mixin.py:188} INFO - [2026-03-02T09:08:41.763+0000] {dag.py:3954} INFO - Setting next_dagrun for airbnb_master_ingestion to None, run_after=None
[2026-03-02T09:08:41.884+0000] {processor.py:183} INFO - Processing /opt/airflow/dags/master_load_bronze_data.py took 1.683 seconds
[2026-03-02T09:09:12.331+0000] {processor.py:161} INFO - Started process (PID=242) to work on /opt/airflow/dags/master_load_bronze_data.py
[2026-03-02T09:09:12.333+0000] {processor.py:830} INFO - Processing file /opt/airflow/dags/master_load_bronze_data.py for tasks to queue
[2026-03-02T09:09:12.337+0000] {logging_mixin.py:188} INFO - [2026-03-02T09:09:12.336+0000] {dagbag.py:545} INFO - Filling up the DagBag from /opt/airflow/dags/master_load_bronze_data.py
[2026-03-02T09:09:13.493+0000] {processor.py:840} INFO - DAG(s) 'airbnb_master_ingestion' retrieved from /opt/airflow/dags/master_load_bronze_data.py
[2026-03-02T09:09:13.675+0000] {logging_mixin.py:188} INFO - [2026-03-02T09:09:13.674+0000] {dag.py:3096} INFO - Sync 1 DAGs
[2026-03-02T09:09:13.809+0000] {logging_mixin.py:188} INFO - [2026-03-02T09:09:13.806+0000] {dag.py:3954} INFO - Setting next_dagrun for airbnb_master_ingestion to None, run_after=None
[2026-03-02T09:09:13.878+0000] {processor.py:183} INFO - Processing /opt/airflow/dags/master_load_bronze_data.py took 1.560 seconds
[2026-03-02T09:09:44.188+0000] {processor.py:161} INFO - Started process (PID=254) to work on /opt/airflow/dags/master_load_bronze_data.py
[2026-03-02T09:09:44.191+0000] {processor.py:830} INFO - Processing file /opt/airflow/dags/master_load_bronze_data.py for tasks to queue
[2026-03-02T09:09:44.195+0000] {logging_mixin.py:188} INFO - [2026-03-02T09:09:44.195+0000] {dagbag.py:545} INFO - Filling up the DagBag from /opt/airflow/dags/master_load_bronze_data.py
[2026-03-02T09:09:45.604+0000] {processor.py:840} INFO - DAG(s) 'airbnb_master_ingestion' retrieved from /opt/airflow/dags/master_load_bronze_data.py
[2026-03-02T09:09:45.989+0000] {logging_mixin.py:188} INFO - [2026-03-02T09:09:45.987+0000] {dag.py:3096} INFO - Sync 1 DAGs
[2026-03-02T09:09:46.043+0000] {logging_mixin.py:188} INFO - [2026-03-02T09:09:46.042+0000] {dag.py:3954} INFO - Setting next_dagrun for airbnb_master_ingestion to None, run_after=None
[2026-03-02T09:09:46.112+0000] {processor.py:183} INFO - Processing /opt/airflow/dags/master_load_bronze_data.py took 1.940 seconds
[2026-03-02T09:10:16.905+0000] {processor.py:161} INFO - Started process (PID=266) to work on /opt/airflow/dags/master_load_bronze_data.py
[2026-03-02T09:10:16.915+0000] {processor.py:830} INFO - Processing file /opt/airflow/dags/master_load_bronze_data.py for tasks to queue
[2026-03-02T09:10:16.935+0000] {logging_mixin.py:188} INFO - [2026-03-02T09:10:16.933+0000] {dagbag.py:545} INFO - Filling up the DagBag from /opt/airflow/dags/master_load_bronze_data.py
[2026-03-02T09:10:21.232+0000] {processor.py:840} INFO - DAG(s) 'airbnb_master_ingestion' retrieved from /opt/airflow/dags/master_load_bronze_data.py
[2026-03-02T09:10:21.470+0000] {logging_mixin.py:188} INFO - [2026-03-02T09:10:21.469+0000] {dag.py:3096} INFO - Sync 1 DAGs
[2026-03-02T09:10:21.562+0000] {logging_mixin.py:188} INFO - [2026-03-02T09:10:21.560+0000] {dag.py:3954} INFO - Setting next_dagrun for airbnb_master_ingestion to None, run_after=None
[2026-03-02T09:10:21.718+0000] {processor.py:183} INFO - Processing /opt/airflow/dags/master_load_bronze_data.py took 4.928 seconds
[2026-03-02T09:10:52.156+0000] {processor.py:161} INFO - Started process (PID=278) to work on /opt/airflow/dags/master_load_bronze_data.py
[2026-03-02T09:10:52.160+0000] {processor.py:830} INFO - Processing file /opt/airflow/dags/master_load_bronze_data.py for tasks to queue
[2026-03-02T09:10:52.167+0000] {logging_mixin.py:188} INFO - [2026-03-02T09:10:52.165+0000] {dagbag.py:545} INFO - Filling up the DagBag from /opt/airflow/dags/master_load_bronze_data.py
[2026-03-02T09:10:54.498+0000] {processor.py:840} INFO - DAG(s) 'airbnb_master_ingestion' retrieved from /opt/airflow/dags/master_load_bronze_data.py
[2026-03-02T09:10:54.639+0000] {logging_mixin.py:188} INFO - [2026-03-02T09:10:54.638+0000] {dag.py:3096} INFO - Sync 1 DAGs
[2026-03-02T09:10:54.676+0000] {logging_mixin.py:188} INFO - [2026-03-02T09:10:54.675+0000] {dag.py:3954} INFO - Setting next_dagrun for airbnb_master_ingestion to None, run_after=None
[2026-03-02T09:10:54.735+0000] {processor.py:183} INFO - Processing /opt/airflow/dags/master_load_bronze_data.py took 2.607 seconds
[2026-03-02T09:11:25.360+0000] {processor.py:161} INFO - Started process (PID=290) to work on /opt/airflow/dags/master_load_bronze_data.py
[2026-03-02T09:11:25.376+0000] {processor.py:830} INFO - Processing file /opt/airflow/dags/master_load_bronze_data.py for tasks to queue
[2026-03-02T09:11:25.419+0000] {logging_mixin.py:188} INFO - [2026-03-02T09:11:25.417+0000] {dagbag.py:545} INFO - Filling up the DagBag from /opt/airflow/dags/master_load_bronze_data.py
[2026-03-02T09:11:27.659+0000] {processor.py:840} INFO - DAG(s) 'airbnb_master_ingestion' retrieved from /opt/airflow/dags/master_load_bronze_data.py
[2026-03-02T09:11:27.857+0000] {logging_mixin.py:188} INFO - [2026-03-02T09:11:27.856+0000] {dag.py:3096} INFO - Sync 1 DAGs
[2026-03-02T09:11:27.902+0000] {logging_mixin.py:188} INFO - [2026-03-02T09:11:27.901+0000] {dag.py:3954} INFO - Setting next_dagrun for airbnb_master_ingestion to None, run_after=None
[2026-03-02T09:11:28.030+0000] {processor.py:183} INFO - Processing /opt/airflow/dags/master_load_bronze_data.py took 2.734 seconds
[2026-03-02T09:11:59.122+0000] {processor.py:161} INFO - Started process (PID=302) to work on /opt/airflow/dags/master_load_bronze_data.py
[2026-03-02T09:11:59.150+0000] {processor.py:830} INFO - Processing file /opt/airflow/dags/master_load_bronze_data.py for tasks to queue
[2026-03-02T09:11:59.168+0000] {logging_mixin.py:188} INFO - [2026-03-02T09:11:59.167+0000] {dagbag.py:545} INFO - Filling up the DagBag from /opt/airflow/dags/master_load_bronze_data.py
[2026-03-02T09:12:00.425+0000] {processor.py:840} INFO - DAG(s) 'airbnb_master_ingestion' retrieved from /opt/airflow/dags/master_load_bronze_data.py
[2026-03-02T09:12:00.547+0000] {logging_mixin.py:188} INFO - [2026-03-02T09:12:00.546+0000] {dag.py:3096} INFO - Sync 1 DAGs
[2026-03-02T09:12:00.594+0000] {logging_mixin.py:188} INFO - [2026-03-02T09:12:00.594+0000] {dag.py:3954} INFO - Setting next_dagrun for airbnb_master_ingestion to None, run_after=None
[2026-03-02T09:12:00.857+0000] {processor.py:183} INFO - Processing /opt/airflow/dags/master_load_bronze_data.py took 1.844 seconds
[2026-03-02T09:12:31.430+0000] {processor.py:161} INFO - Started process (PID=314) to work on /opt/airflow/dags/master_load_bronze_data.py
[2026-03-02T09:12:31.486+0000] {processor.py:830} INFO - Processing file /opt/airflow/dags/master_load_bronze_data.py for tasks to queue
[2026-03-02T09:12:31.491+0000] {logging_mixin.py:188} INFO - [2026-03-02T09:12:31.490+0000] {dagbag.py:545} INFO - Filling up the DagBag from /opt/airflow/dags/master_load_bronze_data.py
[2026-03-02T09:12:33.144+0000] {processor.py:840} INFO - DAG(s) 'airbnb_master_ingestion' retrieved from /opt/airflow/dags/master_load_bronze_data.py
[2026-03-02T09:12:33.297+0000] {logging_mixin.py:188} INFO - [2026-03-02T09:12:33.295+0000] {dag.py:3096} INFO - Sync 1 DAGs
[2026-03-02T09:12:33.353+0000] {logging_mixin.py:188} INFO - [2026-03-02T09:12:33.352+0000] {dag.py:3954} INFO - Setting next_dagrun for airbnb_master_ingestion to None, run_after=None
[2026-03-02T09:12:33.506+0000] {processor.py:183} INFO - Processing /opt/airflow/dags/master_load_bronze_data.py took 2.172 seconds
[2026-03-02T09:13:03.842+0000] {processor.py:161} INFO - Started process (PID=326) to work on /opt/airflow/dags/master_load_bronze_data.py
[2026-03-02T09:13:03.846+0000] {processor.py:830} INFO - Processing file /opt/airflow/dags/master_load_bronze_data.py for tasks to queue
[2026-03-02T09:13:03.872+0000] {logging_mixin.py:188} INFO - [2026-03-02T09:13:03.864+0000] {dagbag.py:545} INFO - Filling up the DagBag from /opt/airflow/dags/master_load_bronze_data.py
[2026-03-02T09:13:05.350+0000] {processor.py:840} INFO - DAG(s) 'airbnb_master_ingestion' retrieved from /opt/airflow/dags/master_load_bronze_data.py
[2026-03-02T09:13:05.534+0000] {logging_mixin.py:188} INFO - [2026-03-02T09:13:05.522+0000] {dag.py:3096} INFO - Sync 1 DAGs
[2026-03-02T09:13:05.638+0000] {logging_mixin.py:188} INFO - [2026-03-02T09:13:05.637+0000] {dag.py:3954} INFO - Setting next_dagrun for airbnb_master_ingestion to None, run_after=None
[2026-03-02T09:13:05.796+0000] {processor.py:183} INFO - Processing /opt/airflow/dags/master_load_bronze_data.py took 2.003 seconds
[2026-03-02T09:13:36.411+0000] {processor.py:161} INFO - Started process (PID=338) to work on /opt/airflow/dags/master_load_bronze_data.py
[2026-03-02T09:13:36.424+0000] {processor.py:830} INFO - Processing file /opt/airflow/dags/master_load_bronze_data.py for tasks to queue
[2026-03-02T09:13:36.444+0000] {logging_mixin.py:188} INFO - [2026-03-02T09:13:36.442+0000] {dagbag.py:545} INFO - Filling up the DagBag from /opt/airflow/dags/master_load_bronze_data.py
[2026-03-02T09:13:40.868+0000] {processor.py:840} INFO - DAG(s) 'airbnb_master_ingestion' retrieved from /opt/airflow/dags/master_load_bronze_data.py
[2026-03-02T09:13:40.993+0000] {logging_mixin.py:188} INFO - [2026-03-02T09:13:40.992+0000] {dag.py:3096} INFO - Sync 1 DAGs
[2026-03-02T09:13:41.045+0000] {logging_mixin.py:188} INFO - [2026-03-02T09:13:41.044+0000] {dag.py:3954} INFO - Setting next_dagrun for airbnb_master_ingestion to None, run_after=None
[2026-03-02T09:13:41.151+0000] {processor.py:183} INFO - Processing /opt/airflow/dags/master_load_bronze_data.py took 4.768 seconds
[2026-03-02T09:14:11.665+0000] {processor.py:161} INFO - Started process (PID=350) to work on /opt/airflow/dags/master_load_bronze_data.py
[2026-03-02T09:14:11.668+0000] {processor.py:830} INFO - Processing file /opt/airflow/dags/master_load_bronze_data.py for tasks to queue
[2026-03-02T09:14:11.674+0000] {logging_mixin.py:188} INFO - [2026-03-02T09:14:11.674+0000] {dagbag.py:545} INFO - Filling up the DagBag from /opt/airflow/dags/master_load_bronze_data.py
[2026-03-02T09:14:13.002+0000] {processor.py:840} INFO - DAG(s) 'airbnb_master_ingestion' retrieved from /opt/airflow/dags/master_load_bronze_data.py
[2026-03-02T09:14:13.168+0000] {logging_mixin.py:188} INFO - [2026-03-02T09:14:13.167+0000] {dag.py:3096} INFO - Sync 1 DAGs
[2026-03-02T09:14:13.221+0000] {logging_mixin.py:188} INFO - [2026-03-02T09:14:13.220+0000] {dag.py:3954} INFO - Setting next_dagrun for airbnb_master_ingestion to None, run_after=None
[2026-03-02T09:14:13.294+0000] {processor.py:183} INFO - Processing /opt/airflow/dags/master_load_bronze_data.py took 1.666 seconds
[2026-03-02T09:14:43.880+0000] {processor.py:161} INFO - Started process (PID=362) to work on /opt/airflow/dags/master_load_bronze_data.py
[2026-03-02T09:14:43.883+0000] {processor.py:830} INFO - Processing file /opt/airflow/dags/master_load_bronze_data.py for tasks to queue
[2026-03-02T09:14:43.888+0000] {logging_mixin.py:188} INFO - [2026-03-02T09:14:43.887+0000] {dagbag.py:545} INFO - Filling up the DagBag from /opt/airflow/dags/master_load_bronze_data.py
[2026-03-02T09:14:46.110+0000] {processor.py:840} INFO - DAG(s) 'airbnb_master_ingestion' retrieved from /opt/airflow/dags/master_load_bronze_data.py
[2026-03-02T09:14:46.494+0000] {logging_mixin.py:188} INFO - [2026-03-02T09:14:46.492+0000] {dag.py:3096} INFO - Sync 1 DAGs
[2026-03-02T09:14:46.605+0000] {logging_mixin.py:188} INFO - [2026-03-02T09:14:46.605+0000] {dag.py:3954} INFO - Setting next_dagrun for airbnb_master_ingestion to None, run_after=None
[2026-03-02T09:14:46.890+0000] {processor.py:183} INFO - Processing /opt/airflow/dags/master_load_bronze_data.py took 3.040 seconds
[2026-03-02T09:15:17.440+0000] {processor.py:161} INFO - Started process (PID=374) to work on /opt/airflow/dags/master_load_bronze_data.py
[2026-03-02T09:15:17.444+0000] {processor.py:830} INFO - Processing file /opt/airflow/dags/master_load_bronze_data.py for tasks to queue
[2026-03-02T09:15:17.452+0000] {logging_mixin.py:188} INFO - [2026-03-02T09:15:17.451+0000] {dagbag.py:545} INFO - Filling up the DagBag from /opt/airflow/dags/master_load_bronze_data.py
[2026-03-02T09:15:19.816+0000] {processor.py:840} INFO - DAG(s) 'airbnb_master_ingestion' retrieved from /opt/airflow/dags/master_load_bronze_data.py
[2026-03-02T09:15:20.021+0000] {logging_mixin.py:188} INFO - [2026-03-02T09:15:20.020+0000] {dag.py:3096} INFO - Sync 1 DAGs
[2026-03-02T09:15:20.063+0000] {logging_mixin.py:188} INFO - [2026-03-02T09:15:20.062+0000] {dag.py:3954} INFO - Setting next_dagrun for airbnb_master_ingestion to None, run_after=None
[2026-03-02T09:15:20.117+0000] {processor.py:183} INFO - Processing /opt/airflow/dags/master_load_bronze_data.py took 2.703 seconds
[2026-03-02T09:15:50.789+0000] {processor.py:161} INFO - Started process (PID=390) to work on /opt/airflow/dags/master_load_bronze_data.py
[2026-03-02T09:15:50.794+0000] {processor.py:830} INFO - Processing file /opt/airflow/dags/master_load_bronze_data.py for tasks to queue
[2026-03-02T09:15:50.805+0000] {logging_mixin.py:188} INFO - [2026-03-02T09:15:50.799+0000] {dagbag.py:545} INFO - Filling up the DagBag from /opt/airflow/dags/master_load_bronze_data.py
[2026-03-02T09:15:52.676+0000] {processor.py:840} INFO - DAG(s) 'airbnb_master_ingestion' retrieved from /opt/airflow/dags/master_load_bronze_data.py
[2026-03-02T09:15:52.785+0000] {logging_mixin.py:188} INFO - [2026-03-02T09:15:52.784+0000] {dag.py:3096} INFO - Sync 1 DAGs
[2026-03-02T09:15:52.838+0000] {logging_mixin.py:188} INFO - [2026-03-02T09:15:52.837+0000] {dag.py:3954} INFO - Setting next_dagrun for airbnb_master_ingestion to None, run_after=None
[2026-03-02T09:15:52.887+0000] {processor.py:183} INFO - Processing /opt/airflow/dags/master_load_bronze_data.py took 2.149 seconds
[2026-03-02T09:16:23.313+0000] {processor.py:161} INFO - Started process (PID=402) to work on /opt/airflow/dags/master_load_bronze_data.py
[2026-03-02T09:16:23.315+0000] {processor.py:830} INFO - Processing file /opt/airflow/dags/master_load_bronze_data.py for tasks to queue
[2026-03-02T09:16:23.326+0000] {logging_mixin.py:188} INFO - [2026-03-02T09:16:23.323+0000] {dagbag.py:545} INFO - Filling up the DagBag from /opt/airflow/dags/master_load_bronze_data.py
[2026-03-02T09:16:24.996+0000] {processor.py:840} INFO - DAG(s) 'airbnb_master_ingestion' retrieved from /opt/airflow/dags/master_load_bronze_data.py
[2026-03-02T09:16:25.215+0000] {logging_mixin.py:188} INFO - [2026-03-02T09:16:25.214+0000] {dag.py:3096} INFO - Sync 1 DAGs
[2026-03-02T09:16:25.302+0000] {logging_mixin.py:188} INFO - [2026-03-02T09:16:25.301+0000] {dag.py:3954} INFO - Setting next_dagrun for airbnb_master_ingestion to None, run_after=None
[2026-03-02T09:16:26.024+0000] {processor.py:183} INFO - Processing /opt/airflow/dags/master_load_bronze_data.py took 2.734 seconds
[2026-03-02T09:16:57.724+0000] {processor.py:161} INFO - Started process (PID=414) to work on /opt/airflow/dags/master_load_bronze_data.py
[2026-03-02T09:16:57.743+0000] {processor.py:830} INFO - Processing file /opt/airflow/dags/master_load_bronze_data.py for tasks to queue
[2026-03-02T09:16:57.770+0000] {logging_mixin.py:188} INFO - [2026-03-02T09:16:57.759+0000] {dagbag.py:545} INFO - Filling up the DagBag from /opt/airflow/dags/master_load_bronze_data.py
[2026-03-02T09:17:01.547+0000] {processor.py:840} INFO - DAG(s) 'airbnb_master_ingestion' retrieved from /opt/airflow/dags/master_load_bronze_data.py
[2026-03-02T09:17:01.654+0000] {logging_mixin.py:188} INFO - [2026-03-02T09:17:01.653+0000] {dag.py:3096} INFO - Sync 1 DAGs
[2026-03-02T09:17:01.689+0000] {logging_mixin.py:188} INFO - [2026-03-02T09:17:01.688+0000] {dag.py:3954} INFO - Setting next_dagrun for airbnb_master_ingestion to None, run_after=None
[2026-03-02T09:17:04.843+0000] {processor.py:183} INFO - Processing /opt/airflow/dags/master_load_bronze_data.py took 7.265 seconds
[2026-03-02T09:17:35.265+0000] {processor.py:161} INFO - Started process (PID=428) to work on /opt/airflow/dags/master_load_bronze_data.py
[2026-03-02T09:17:35.268+0000] {processor.py:830} INFO - Processing file /opt/airflow/dags/master_load_bronze_data.py for tasks to queue
[2026-03-02T09:17:35.272+0000] {logging_mixin.py:188} INFO - [2026-03-02T09:17:35.271+0000] {dagbag.py:545} INFO - Filling up the DagBag from /opt/airflow/dags/master_load_bronze_data.py
[2026-03-02T09:17:36.292+0000] {processor.py:840} INFO - DAG(s) 'airbnb_master_ingestion' retrieved from /opt/airflow/dags/master_load_bronze_data.py
[2026-03-02T09:17:36.396+0000] {logging_mixin.py:188} INFO - [2026-03-02T09:17:36.395+0000] {dag.py:3096} INFO - Sync 1 DAGs
[2026-03-02T09:17:36.433+0000] {logging_mixin.py:188} INFO - [2026-03-02T09:17:36.432+0000] {dag.py:3954} INFO - Setting next_dagrun for airbnb_master_ingestion to None, run_after=None
[2026-03-02T09:17:36.490+0000] {processor.py:183} INFO - Processing /opt/airflow/dags/master_load_bronze_data.py took 1.242 seconds
[2026-03-02T09:18:07.775+0000] {processor.py:161} INFO - Started process (PID=440) to work on /opt/airflow/dags/master_load_bronze_data.py
[2026-03-02T09:18:07.778+0000] {processor.py:830} INFO - Processing file /opt/airflow/dags/master_load_bronze_data.py for tasks to queue
[2026-03-02T09:18:07.785+0000] {logging_mixin.py:188} INFO - [2026-03-02T09:18:07.784+0000] {dagbag.py:545} INFO - Filling up the DagBag from /opt/airflow/dags/master_load_bronze_data.py
[2026-03-02T09:18:10.832+0000] {processor.py:840} INFO - DAG(s) 'airbnb_master_ingestion' retrieved from /opt/airflow/dags/master_load_bronze_data.py
[2026-03-02T09:18:10.953+0000] {logging_mixin.py:188} INFO - [2026-03-02T09:18:10.952+0000] {dag.py:3096} INFO - Sync 1 DAGs
[2026-03-02T09:18:10.997+0000] {logging_mixin.py:188} INFO - [2026-03-02T09:18:10.996+0000] {dag.py:3954} INFO - Setting next_dagrun for airbnb_master_ingestion to None, run_after=None
[2026-03-02T09:18:11.057+0000] {processor.py:183} INFO - Processing /opt/airflow/dags/master_load_bronze_data.py took 3.315 seconds
[2026-03-02T09:18:41.388+0000] {processor.py:161} INFO - Started process (PID=452) to work on /opt/airflow/dags/master_load_bronze_data.py
[2026-03-02T09:18:41.392+0000] {processor.py:830} INFO - Processing file /opt/airflow/dags/master_load_bronze_data.py for tasks to queue
[2026-03-02T09:18:41.399+0000] {logging_mixin.py:188} INFO - [2026-03-02T09:18:41.398+0000] {dagbag.py:545} INFO - Filling up the DagBag from /opt/airflow/dags/master_load_bronze_data.py
[2026-03-02T09:18:42.637+0000] {processor.py:840} INFO - DAG(s) 'airbnb_master_ingestion' retrieved from /opt/airflow/dags/master_load_bronze_data.py
[2026-03-02T09:18:42.749+0000] {logging_mixin.py:188} INFO - [2026-03-02T09:18:42.748+0000] {dag.py:3096} INFO - Sync 1 DAGs
[2026-03-02T09:18:42.834+0000] {logging_mixin.py:188} INFO - [2026-03-02T09:18:42.833+0000] {dag.py:3954} INFO - Setting next_dagrun for airbnb_master_ingestion to None, run_after=None
[2026-03-02T09:18:42.910+0000] {processor.py:183} INFO - Processing /opt/airflow/dags/master_load_bronze_data.py took 1.578 seconds
[2026-03-02T09:19:13.367+0000] {processor.py:161} INFO - Started process (PID=464) to work on /opt/airflow/dags/master_load_bronze_data.py
[2026-03-02T09:19:13.370+0000] {processor.py:830} INFO - Processing file /opt/airflow/dags/master_load_bronze_data.py for tasks to queue
[2026-03-02T09:19:13.374+0000] {logging_mixin.py:188} INFO - [2026-03-02T09:19:13.374+0000] {dagbag.py:545} INFO - Filling up the DagBag from /opt/airflow/dags/master_load_bronze_data.py
[2026-03-02T09:19:14.389+0000] {processor.py:840} INFO - DAG(s) 'airbnb_master_ingestion' retrieved from /opt/airflow/dags/master_load_bronze_data.py
[2026-03-02T09:19:14.490+0000] {logging_mixin.py:188} INFO - [2026-03-02T09:19:14.489+0000] {dag.py:3096} INFO - Sync 1 DAGs
[2026-03-02T09:19:14.556+0000] {logging_mixin.py:188} INFO - [2026-03-02T09:19:14.555+0000] {dag.py:3954} INFO - Setting next_dagrun for airbnb_master_ingestion to None, run_after=None
[2026-03-02T09:19:14.648+0000] {processor.py:183} INFO - Processing /opt/airflow/dags/master_load_bronze_data.py took 1.298 seconds
[2026-03-02T09:19:44.816+0000] {processor.py:161} INFO - Started process (PID=476) to work on /opt/airflow/dags/master_load_bronze_data.py
[2026-03-02T09:19:44.819+0000] {processor.py:830} INFO - Processing file /opt/airflow/dags/master_load_bronze_data.py for tasks to queue
[2026-03-02T09:19:44.824+0000] {logging_mixin.py:188} INFO - [2026-03-02T09:19:44.823+0000] {dagbag.py:545} INFO - Filling up the DagBag from /opt/airflow/dags/master_load_bronze_data.py
[2026-03-02T09:19:46.101+0000] {processor.py:840} INFO - DAG(s) 'airbnb_master_ingestion' retrieved from /opt/airflow/dags/master_load_bronze_data.py
[2026-03-02T09:19:46.210+0000] {logging_mixin.py:188} INFO - [2026-03-02T09:19:46.209+0000] {dag.py:3096} INFO - Sync 1 DAGs
[2026-03-02T09:19:46.271+0000] {logging_mixin.py:188} INFO - [2026-03-02T09:19:46.270+0000] {dag.py:3954} INFO - Setting next_dagrun for airbnb_master_ingestion to None, run_after=None
[2026-03-02T09:19:46.352+0000] {processor.py:183} INFO - Processing /opt/airflow/dags/master_load_bronze_data.py took 1.553 seconds
[2026-03-02T09:20:16.619+0000] {processor.py:161} INFO - Started process (PID=488) to work on /opt/airflow/dags/master_load_bronze_data.py
[2026-03-02T09:20:16.622+0000] {processor.py:830} INFO - Processing file /opt/airflow/dags/master_load_bronze_data.py for tasks to queue
[2026-03-02T09:20:16.626+0000] {logging_mixin.py:188} INFO - [2026-03-02T09:20:16.626+0000] {dagbag.py:545} INFO - Filling up the DagBag from /opt/airflow/dags/master_load_bronze_data.py
[2026-03-02T09:20:17.716+0000] {processor.py:840} INFO - DAG(s) 'airbnb_master_ingestion' retrieved from /opt/airflow/dags/master_load_bronze_data.py
[2026-03-02T09:20:17.843+0000] {logging_mixin.py:188} INFO - [2026-03-02T09:20:17.842+0000] {dag.py:3096} INFO - Sync 1 DAGs
[2026-03-02T09:20:17.879+0000] {logging_mixin.py:188} INFO - [2026-03-02T09:20:17.879+0000] {dag.py:3954} INFO - Setting next_dagrun for airbnb_master_ingestion to None, run_after=None
[2026-03-02T09:20:18.375+0000] {processor.py:183} INFO - Processing /opt/airflow/dags/master_load_bronze_data.py took 1.798 seconds
[2026-03-02T12:37:03.709+0000] {processor.py:161} INFO - Started process (PID=161) to work on /opt/airflow/dags/master_load_bronze_data.py
[2026-03-02T12:37:03.741+0000] {processor.py:830} INFO - Processing file /opt/airflow/dags/master_load_bronze_data.py for tasks to queue
[2026-03-02T12:37:03.770+0000] {logging_mixin.py:188} INFO - [2026-03-02T12:37:03.758+0000] {dagbag.py:545} INFO - Filling up the DagBag from /opt/airflow/dags/master_load_bronze_data.py
[2026-03-02T12:37:31.464+0000] {processor.py:840} INFO - DAG(s) 'airbnb_master_ingestion' retrieved from /opt/airflow/dags/master_load_bronze_data.py
[2026-03-02T12:37:34.740+0000] {logging_mixin.py:188} INFO - [2026-03-02T12:37:34.737+0000] {dag.py:3096} INFO - Sync 1 DAGs
[2026-03-02T12:37:34.820+0000] {logging_mixin.py:188} INFO - [2026-03-02T12:37:34.819+0000] {dag.py:3954} INFO - Setting next_dagrun for airbnb_master_ingestion to None, run_after=None
[2026-03-02T12:37:35.000+0000] {processor.py:183} INFO - Processing /opt/airflow/dags/master_load_bronze_data.py took 31.453 seconds
[2026-03-02T12:38:05.965+0000] {processor.py:161} INFO - Started process (PID=179) to work on /opt/airflow/dags/master_load_bronze_data.py
[2026-03-02T12:38:06.002+0000] {processor.py:830} INFO - Processing file /opt/airflow/dags/master_load_bronze_data.py for tasks to queue
[2026-03-02T12:38:06.016+0000] {logging_mixin.py:188} INFO - [2026-03-02T12:38:06.015+0000] {dagbag.py:545} INFO - Filling up the DagBag from /opt/airflow/dags/master_load_bronze_data.py
[2026-03-02T12:38:13.540+0000] {processor.py:840} INFO - DAG(s) 'airbnb_master_ingestion' retrieved from /opt/airflow/dags/master_load_bronze_data.py
[2026-03-02T12:38:15.600+0000] {logging_mixin.py:188} INFO - [2026-03-02T12:38:15.598+0000] {dag.py:3096} INFO - Sync 1 DAGs
[2026-03-02T12:38:15.677+0000] {logging_mixin.py:188} INFO - [2026-03-02T12:38:15.676+0000] {dag.py:3954} INFO - Setting next_dagrun for airbnb_master_ingestion to None, run_after=None
[2026-03-02T12:38:15.886+0000] {processor.py:183} INFO - Processing /opt/airflow/dags/master_load_bronze_data.py took 10.265 seconds
[2026-03-02T12:38:46.963+0000] {processor.py:161} INFO - Started process (PID=197) to work on /opt/airflow/dags/master_load_bronze_data.py
[2026-03-02T12:38:46.976+0000] {processor.py:830} INFO - Processing file /opt/airflow/dags/master_load_bronze_data.py for tasks to queue
[2026-03-02T12:38:47.018+0000] {logging_mixin.py:188} INFO - [2026-03-02T12:38:47.016+0000] {dagbag.py:545} INFO - Filling up the DagBag from /opt/airflow/dags/master_load_bronze_data.py
[2026-03-02T12:38:56.035+0000] {processor.py:840} INFO - DAG(s) 'airbnb_master_ingestion' retrieved from /opt/airflow/dags/master_load_bronze_data.py
[2026-03-02T12:38:58.937+0000] {logging_mixin.py:188} INFO - [2026-03-02T12:38:58.936+0000] {dag.py:3096} INFO - Sync 1 DAGs
[2026-03-02T12:38:59.454+0000] {logging_mixin.py:188} INFO - [2026-03-02T12:38:59.453+0000] {dag.py:3954} INFO - Setting next_dagrun for airbnb_master_ingestion to None, run_after=None
[2026-03-02T12:38:59.517+0000] {processor.py:183} INFO - Processing /opt/airflow/dags/master_load_bronze_data.py took 12.732 seconds
[2026-03-02T12:39:30.655+0000] {processor.py:161} INFO - Started process (PID=216) to work on /opt/airflow/dags/master_load_bronze_data.py
[2026-03-02T12:39:30.659+0000] {processor.py:830} INFO - Processing file /opt/airflow/dags/master_load_bronze_data.py for tasks to queue
[2026-03-02T12:39:30.667+0000] {logging_mixin.py:188} INFO - [2026-03-02T12:39:30.666+0000] {dagbag.py:545} INFO - Filling up the DagBag from /opt/airflow/dags/master_load_bronze_data.py
[2026-03-02T12:39:32.560+0000] {processor.py:840} INFO - DAG(s) 'airbnb_master_ingestion' retrieved from /opt/airflow/dags/master_load_bronze_data.py
[2026-03-02T12:39:32.691+0000] {logging_mixin.py:188} INFO - [2026-03-02T12:39:32.689+0000] {dag.py:3096} INFO - Sync 1 DAGs
[2026-03-02T12:39:32.739+0000] {logging_mixin.py:188} INFO - [2026-03-02T12:39:32.738+0000] {dag.py:3954} INFO - Setting next_dagrun for airbnb_master_ingestion to None, run_after=None
[2026-03-02T12:39:32.811+0000] {processor.py:183} INFO - Processing /opt/airflow/dags/master_load_bronze_data.py took 2.185 seconds
[2026-03-02T12:40:02.949+0000] {processor.py:161} INFO - Started process (PID=234) to work on /opt/airflow/dags/master_load_bronze_data.py
[2026-03-02T12:40:02.951+0000] {processor.py:830} INFO - Processing file /opt/airflow/dags/master_load_bronze_data.py for tasks to queue
[2026-03-02T12:40:02.955+0000] {logging_mixin.py:188} INFO - [2026-03-02T12:40:02.955+0000] {dagbag.py:545} INFO - Filling up the DagBag from /opt/airflow/dags/master_load_bronze_data.py
[2026-03-02T12:40:03.738+0000] {processor.py:840} INFO - DAG(s) 'airbnb_master_ingestion' retrieved from /opt/airflow/dags/master_load_bronze_data.py
[2026-03-02T12:40:03.820+0000] {logging_mixin.py:188} INFO - [2026-03-02T12:40:03.820+0000] {dag.py:3096} INFO - Sync 1 DAGs
[2026-03-02T12:40:03.855+0000] {logging_mixin.py:188} INFO - [2026-03-02T12:40:03.854+0000] {dag.py:3954} INFO - Setting next_dagrun for airbnb_master_ingestion to None, run_after=None
[2026-03-02T12:40:03.893+0000] {processor.py:183} INFO - Processing /opt/airflow/dags/master_load_bronze_data.py took 0.961 seconds
[2026-03-02T12:40:34.857+0000] {processor.py:161} INFO - Started process (PID=252) to work on /opt/airflow/dags/master_load_bronze_data.py
[2026-03-02T12:40:34.861+0000] {processor.py:830} INFO - Processing file /opt/airflow/dags/master_load_bronze_data.py for tasks to queue
[2026-03-02T12:40:34.867+0000] {logging_mixin.py:188} INFO - [2026-03-02T12:40:34.866+0000] {dagbag.py:545} INFO - Filling up the DagBag from /opt/airflow/dags/master_load_bronze_data.py
[2026-03-02T12:40:36.125+0000] {processor.py:840} INFO - DAG(s) 'airbnb_master_ingestion' retrieved from /opt/airflow/dags/master_load_bronze_data.py
[2026-03-02T12:40:36.244+0000] {logging_mixin.py:188} INFO - [2026-03-02T12:40:36.243+0000] {dag.py:3096} INFO - Sync 1 DAGs
[2026-03-02T12:40:36.285+0000] {logging_mixin.py:188} INFO - [2026-03-02T12:40:36.285+0000] {dag.py:3954} INFO - Setting next_dagrun for airbnb_master_ingestion to None, run_after=None
[2026-03-02T12:40:36.373+0000] {processor.py:183} INFO - Processing /opt/airflow/dags/master_load_bronze_data.py took 1.558 seconds
[2026-03-02T12:41:06.522+0000] {processor.py:161} INFO - Started process (PID=269) to work on /opt/airflow/dags/master_load_bronze_data.py
[2026-03-02T12:41:06.525+0000] {processor.py:830} INFO - Processing file /opt/airflow/dags/master_load_bronze_data.py for tasks to queue
[2026-03-02T12:41:06.532+0000] {logging_mixin.py:188} INFO - [2026-03-02T12:41:06.530+0000] {dagbag.py:545} INFO - Filling up the DagBag from /opt/airflow/dags/master_load_bronze_data.py
[2026-03-02T12:41:07.618+0000] {processor.py:840} INFO - DAG(s) 'airbnb_master_ingestion' retrieved from /opt/airflow/dags/master_load_bronze_data.py
[2026-03-02T12:41:07.720+0000] {logging_mixin.py:188} INFO - [2026-03-02T12:41:07.719+0000] {dag.py:3096} INFO - Sync 1 DAGs
[2026-03-02T12:41:07.769+0000] {logging_mixin.py:188} INFO - [2026-03-02T12:41:07.768+0000] {dag.py:3954} INFO - Setting next_dagrun for airbnb_master_ingestion to None, run_after=None
[2026-03-02T12:41:07.853+0000] {processor.py:183} INFO - Processing /opt/airflow/dags/master_load_bronze_data.py took 1.352 seconds
[2026-03-02T12:41:38.688+0000] {processor.py:161} INFO - Started process (PID=287) to work on /opt/airflow/dags/master_load_bronze_data.py
[2026-03-02T12:41:38.694+0000] {processor.py:830} INFO - Processing file /opt/airflow/dags/master_load_bronze_data.py for tasks to queue
[2026-03-02T12:41:38.702+0000] {logging_mixin.py:188} INFO - [2026-03-02T12:41:38.701+0000] {dagbag.py:545} INFO - Filling up the DagBag from /opt/airflow/dags/master_load_bronze_data.py
[2026-03-02T12:41:39.842+0000] {processor.py:840} INFO - DAG(s) 'airbnb_master_ingestion' retrieved from /opt/airflow/dags/master_load_bronze_data.py
[2026-03-02T12:41:39.961+0000] {logging_mixin.py:188} INFO - [2026-03-02T12:41:39.960+0000] {dag.py:3096} INFO - Sync 1 DAGs
[2026-03-02T12:41:40.008+0000] {logging_mixin.py:188} INFO - [2026-03-02T12:41:40.007+0000] {dag.py:3954} INFO - Setting next_dagrun for airbnb_master_ingestion to None, run_after=None
[2026-03-02T12:41:40.119+0000] {processor.py:183} INFO - Processing /opt/airflow/dags/master_load_bronze_data.py took 1.473 seconds
[2026-03-02T12:42:10.742+0000] {processor.py:161} INFO - Started process (PID=305) to work on /opt/airflow/dags/master_load_bronze_data.py
[2026-03-02T12:42:10.744+0000] {processor.py:830} INFO - Processing file /opt/airflow/dags/master_load_bronze_data.py for tasks to queue
[2026-03-02T12:42:10.749+0000] {logging_mixin.py:188} INFO - [2026-03-02T12:42:10.748+0000] {dagbag.py:545} INFO - Filling up the DagBag from /opt/airflow/dags/master_load_bronze_data.py
[2026-03-02T12:42:11.580+0000] {processor.py:840} INFO - DAG(s) 'airbnb_master_ingestion' retrieved from /opt/airflow/dags/master_load_bronze_data.py
[2026-03-02T12:42:11.667+0000] {logging_mixin.py:188} INFO - [2026-03-02T12:42:11.666+0000] {dag.py:3096} INFO - Sync 1 DAGs
[2026-03-02T12:42:11.698+0000] {logging_mixin.py:188} INFO - [2026-03-02T12:42:11.697+0000] {dag.py:3954} INFO - Setting next_dagrun for airbnb_master_ingestion to None, run_after=None
[2026-03-02T12:42:11.759+0000] {processor.py:183} INFO - Processing /opt/airflow/dags/master_load_bronze_data.py took 1.035 seconds
[2026-03-02T12:42:42.544+0000] {processor.py:161} INFO - Started process (PID=323) to work on /opt/airflow/dags/master_load_bronze_data.py
[2026-03-02T12:42:42.548+0000] {processor.py:830} INFO - Processing file /opt/airflow/dags/master_load_bronze_data.py for tasks to queue
[2026-03-02T12:42:42.553+0000] {logging_mixin.py:188} INFO - [2026-03-02T12:42:42.552+0000] {dagbag.py:545} INFO - Filling up the DagBag from /opt/airflow/dags/master_load_bronze_data.py
[2026-03-02T12:42:44.052+0000] {processor.py:840} INFO - DAG(s) 'airbnb_master_ingestion' retrieved from /opt/airflow/dags/master_load_bronze_data.py
[2026-03-02T12:42:44.194+0000] {logging_mixin.py:188} INFO - [2026-03-02T12:42:44.193+0000] {dag.py:3096} INFO - Sync 1 DAGs
[2026-03-02T12:42:44.248+0000] {logging_mixin.py:188} INFO - [2026-03-02T12:42:44.247+0000] {dag.py:3954} INFO - Setting next_dagrun for airbnb_master_ingestion to None, run_after=None
[2026-03-02T12:42:44.329+0000] {processor.py:183} INFO - Processing /opt/airflow/dags/master_load_bronze_data.py took 1.811 seconds
[2026-03-02T12:43:15.253+0000] {processor.py:161} INFO - Started process (PID=341) to work on /opt/airflow/dags/master_load_bronze_data.py
[2026-03-02T12:43:15.257+0000] {processor.py:830} INFO - Processing file /opt/airflow/dags/master_load_bronze_data.py for tasks to queue
[2026-03-02T12:43:15.264+0000] {logging_mixin.py:188} INFO - [2026-03-02T12:43:15.263+0000] {dagbag.py:545} INFO - Filling up the DagBag from /opt/airflow/dags/master_load_bronze_data.py
[2026-03-02T12:43:16.557+0000] {processor.py:840} INFO - DAG(s) 'airbnb_master_ingestion' retrieved from /opt/airflow/dags/master_load_bronze_data.py
[2026-03-02T12:43:16.671+0000] {logging_mixin.py:188} INFO - [2026-03-02T12:43:16.670+0000] {dag.py:3096} INFO - Sync 1 DAGs
[2026-03-02T12:43:16.720+0000] {logging_mixin.py:188} INFO - [2026-03-02T12:43:16.719+0000] {dag.py:3954} INFO - Setting next_dagrun for airbnb_master_ingestion to None, run_after=None
[2026-03-02T12:43:16.793+0000] {processor.py:183} INFO - Processing /opt/airflow/dags/master_load_bronze_data.py took 1.563 seconds
[2026-03-02T12:43:47.284+0000] {processor.py:161} INFO - Started process (PID=359) to work on /opt/airflow/dags/master_load_bronze_data.py
[2026-03-02T12:43:47.287+0000] {processor.py:830} INFO - Processing file /opt/airflow/dags/master_load_bronze_data.py for tasks to queue
[2026-03-02T12:43:47.293+0000] {logging_mixin.py:188} INFO - [2026-03-02T12:43:47.292+0000] {dagbag.py:545} INFO - Filling up the DagBag from /opt/airflow/dags/master_load_bronze_data.py
[2026-03-02T12:43:48.565+0000] {processor.py:840} INFO - DAG(s) 'airbnb_master_ingestion' retrieved from /opt/airflow/dags/master_load_bronze_data.py
[2026-03-02T12:43:48.718+0000] {logging_mixin.py:188} INFO - [2026-03-02T12:43:48.717+0000] {dag.py:3096} INFO - Sync 1 DAGs
[2026-03-02T12:43:48.813+0000] {logging_mixin.py:188} INFO - [2026-03-02T12:43:48.812+0000] {dag.py:3954} INFO - Setting next_dagrun for airbnb_master_ingestion to None, run_after=None
[2026-03-02T12:43:48.898+0000] {processor.py:183} INFO - Processing /opt/airflow/dags/master_load_bronze_data.py took 1.634 seconds
[2026-03-02T12:44:19.878+0000] {processor.py:161} INFO - Started process (PID=377) to work on /opt/airflow/dags/master_load_bronze_data.py
[2026-03-02T12:44:19.881+0000] {processor.py:830} INFO - Processing file /opt/airflow/dags/master_load_bronze_data.py for tasks to queue
[2026-03-02T12:44:19.887+0000] {logging_mixin.py:188} INFO - [2026-03-02T12:44:19.886+0000] {dagbag.py:545} INFO - Filling up the DagBag from /opt/airflow/dags/master_load_bronze_data.py
[2026-03-02T12:44:21.612+0000] {processor.py:840} INFO - DAG(s) 'airbnb_master_ingestion' retrieved from /opt/airflow/dags/master_load_bronze_data.py
[2026-03-02T12:44:21.830+0000] {logging_mixin.py:188} INFO - [2026-03-02T12:44:21.829+0000] {dag.py:3096} INFO - Sync 1 DAGs
[2026-03-02T12:44:21.885+0000] {logging_mixin.py:188} INFO - [2026-03-02T12:44:21.884+0000] {dag.py:3954} INFO - Setting next_dagrun for airbnb_master_ingestion to None, run_after=None
[2026-03-02T12:44:21.961+0000] {processor.py:183} INFO - Processing /opt/airflow/dags/master_load_bronze_data.py took 2.050 seconds
[2026-03-02T12:44:52.198+0000] {processor.py:161} INFO - Started process (PID=395) to work on /opt/airflow/dags/master_load_bronze_data.py
[2026-03-02T12:44:52.200+0000] {processor.py:830} INFO - Processing file /opt/airflow/dags/master_load_bronze_data.py for tasks to queue
[2026-03-02T12:44:52.214+0000] {logging_mixin.py:188} INFO - [2026-03-02T12:44:52.211+0000] {dagbag.py:545} INFO - Filling up the DagBag from /opt/airflow/dags/master_load_bronze_data.py
[2026-03-02T12:44:53.135+0000] {processor.py:840} INFO - DAG(s) 'airbnb_master_ingestion' retrieved from /opt/airflow/dags/master_load_bronze_data.py
[2026-03-02T12:44:53.272+0000] {logging_mixin.py:188} INFO - [2026-03-02T12:44:53.271+0000] {dag.py:3096} INFO - Sync 1 DAGs
[2026-03-02T12:44:53.323+0000] {logging_mixin.py:188} INFO - [2026-03-02T12:44:53.322+0000] {dag.py:3954} INFO - Setting next_dagrun for airbnb_master_ingestion to None, run_after=None
[2026-03-02T12:44:53.377+0000] {processor.py:183} INFO - Processing /opt/airflow/dags/master_load_bronze_data.py took 1.193 seconds
[2026-03-02T12:45:25.145+0000] {processor.py:161} INFO - Started process (PID=413) to work on /opt/airflow/dags/master_load_bronze_data.py
[2026-03-02T12:45:25.149+0000] {processor.py:830} INFO - Processing file /opt/airflow/dags/master_load_bronze_data.py for tasks to queue
[2026-03-02T12:45:25.156+0000] {logging_mixin.py:188} INFO - [2026-03-02T12:45:25.155+0000] {dagbag.py:545} INFO - Filling up the DagBag from /opt/airflow/dags/master_load_bronze_data.py
[2026-03-02T12:45:26.726+0000] {processor.py:840} INFO - DAG(s) 'airbnb_master_ingestion' retrieved from /opt/airflow/dags/master_load_bronze_data.py
[2026-03-02T12:45:27.054+0000] {logging_mixin.py:188} INFO - [2026-03-02T12:45:27.053+0000] {dag.py:3096} INFO - Sync 1 DAGs
[2026-03-02T12:45:27.097+0000] {logging_mixin.py:188} INFO - [2026-03-02T12:45:27.096+0000] {dag.py:3954} INFO - Setting next_dagrun for airbnb_master_ingestion to None, run_after=None
[2026-03-02T12:45:27.184+0000] {processor.py:183} INFO - Processing /opt/airflow/dags/master_load_bronze_data.py took 2.070 seconds
[2026-03-02T12:45:57.904+0000] {processor.py:161} INFO - Started process (PID=431) to work on /opt/airflow/dags/master_load_bronze_data.py
[2026-03-02T12:45:57.922+0000] {processor.py:830} INFO - Processing file /opt/airflow/dags/master_load_bronze_data.py for tasks to queue
[2026-03-02T12:45:57.938+0000] {logging_mixin.py:188} INFO - [2026-03-02T12:45:57.936+0000] {dagbag.py:545} INFO - Filling up the DagBag from /opt/airflow/dags/master_load_bronze_data.py
[2026-03-02T12:46:00.200+0000] {processor.py:840} INFO - DAG(s) 'airbnb_master_ingestion' retrieved from /opt/airflow/dags/master_load_bronze_data.py
[2026-03-02T12:46:00.660+0000] {logging_mixin.py:188} INFO - [2026-03-02T12:46:00.658+0000] {dag.py:3096} INFO - Sync 1 DAGs
[2026-03-02T12:46:00.751+0000] {logging_mixin.py:188} INFO - [2026-03-02T12:46:00.750+0000] {dag.py:3954} INFO - Setting next_dagrun for airbnb_master_ingestion to None, run_after=None
[2026-03-02T12:46:00.948+0000] {processor.py:183} INFO - Processing /opt/airflow/dags/master_load_bronze_data.py took 3.082 seconds
[2026-03-02T12:46:31.616+0000] {processor.py:161} INFO - Started process (PID=450) to work on /opt/airflow/dags/master_load_bronze_data.py
[2026-03-02T12:46:31.620+0000] {processor.py:830} INFO - Processing file /opt/airflow/dags/master_load_bronze_data.py for tasks to queue
[2026-03-02T12:46:31.626+0000] {logging_mixin.py:188} INFO - [2026-03-02T12:46:31.624+0000] {dagbag.py:545} INFO - Filling up the DagBag from /opt/airflow/dags/master_load_bronze_data.py
[2026-03-02T12:46:33.053+0000] {processor.py:840} INFO - DAG(s) 'airbnb_master_ingestion' retrieved from /opt/airflow/dags/master_load_bronze_data.py
[2026-03-02T12:46:33.275+0000] {logging_mixin.py:188} INFO - [2026-03-02T12:46:33.274+0000] {dag.py:3096} INFO - Sync 1 DAGs
[2026-03-02T12:46:33.314+0000] {logging_mixin.py:188} INFO - [2026-03-02T12:46:33.313+0000] {dag.py:3954} INFO - Setting next_dagrun for airbnb_master_ingestion to None, run_after=None
[2026-03-02T12:46:33.377+0000] {processor.py:183} INFO - Processing /opt/airflow/dags/master_load_bronze_data.py took 1.793 seconds
[2026-03-02T12:47:03.860+0000] {processor.py:161} INFO - Started process (PID=468) to work on /opt/airflow/dags/master_load_bronze_data.py
[2026-03-02T12:47:03.864+0000] {processor.py:830} INFO - Processing file /opt/airflow/dags/master_load_bronze_data.py for tasks to queue
[2026-03-02T12:47:03.869+0000] {logging_mixin.py:188} INFO - [2026-03-02T12:47:03.868+0000] {dagbag.py:545} INFO - Filling up the DagBag from /opt/airflow/dags/master_load_bronze_data.py
[2026-03-02T12:47:05.131+0000] {processor.py:840} INFO - DAG(s) 'airbnb_master_ingestion' retrieved from /opt/airflow/dags/master_load_bronze_data.py
[2026-03-02T12:47:05.388+0000] {logging_mixin.py:188} INFO - [2026-03-02T12:47:05.370+0000] {dag.py:3096} INFO - Sync 1 DAGs
[2026-03-02T12:47:05.582+0000] {logging_mixin.py:188} INFO - [2026-03-02T12:47:05.581+0000] {dag.py:3954} INFO - Setting next_dagrun for airbnb_master_ingestion to None, run_after=None
[2026-03-02T12:47:05.678+0000] {processor.py:183} INFO - Processing /opt/airflow/dags/master_load_bronze_data.py took 1.841 seconds
[2026-03-02T12:47:35.986+0000] {processor.py:161} INFO - Started process (PID=486) to work on /opt/airflow/dags/master_load_bronze_data.py
[2026-03-02T12:47:35.990+0000] {processor.py:830} INFO - Processing file /opt/airflow/dags/master_load_bronze_data.py for tasks to queue
[2026-03-02T12:47:35.995+0000] {logging_mixin.py:188} INFO - [2026-03-02T12:47:35.994+0000] {dagbag.py:545} INFO - Filling up the DagBag from /opt/airflow/dags/master_load_bronze_data.py
[2026-03-02T12:47:37.093+0000] {processor.py:840} INFO - DAG(s) 'airbnb_master_ingestion' retrieved from /opt/airflow/dags/master_load_bronze_data.py
[2026-03-02T12:47:37.227+0000] {logging_mixin.py:188} INFO - [2026-03-02T12:47:37.226+0000] {dag.py:3096} INFO - Sync 1 DAGs
[2026-03-02T12:47:37.284+0000] {logging_mixin.py:188} INFO - [2026-03-02T12:47:37.283+0000] {dag.py:3954} INFO - Setting next_dagrun for airbnb_master_ingestion to None, run_after=None
[2026-03-02T12:47:37.383+0000] {processor.py:183} INFO - Processing /opt/airflow/dags/master_load_bronze_data.py took 1.421 seconds
[2026-03-02T12:48:08.209+0000] {processor.py:161} INFO - Started process (PID=504) to work on /opt/airflow/dags/master_load_bronze_data.py
[2026-03-02T12:48:08.220+0000] {processor.py:830} INFO - Processing file /opt/airflow/dags/master_load_bronze_data.py for tasks to queue
[2026-03-02T12:48:08.229+0000] {logging_mixin.py:188} INFO - [2026-03-02T12:48:08.228+0000] {dagbag.py:545} INFO - Filling up the DagBag from /opt/airflow/dags/master_load_bronze_data.py
[2026-03-02T12:48:09.581+0000] {processor.py:840} INFO - DAG(s) 'airbnb_master_ingestion' retrieved from /opt/airflow/dags/master_load_bronze_data.py
[2026-03-02T12:48:09.691+0000] {logging_mixin.py:188} INFO - [2026-03-02T12:48:09.690+0000] {dag.py:3096} INFO - Sync 1 DAGs
[2026-03-02T12:48:09.748+0000] {logging_mixin.py:188} INFO - [2026-03-02T12:48:09.747+0000] {dag.py:3954} INFO - Setting next_dagrun for airbnb_master_ingestion to None, run_after=None
[2026-03-02T12:48:09.955+0000] {processor.py:183} INFO - Processing /opt/airflow/dags/master_load_bronze_data.py took 1.786 seconds
[2026-03-02T12:48:40.443+0000] {processor.py:161} INFO - Started process (PID=522) to work on /opt/airflow/dags/master_load_bronze_data.py
[2026-03-02T12:48:40.446+0000] {processor.py:830} INFO - Processing file /opt/airflow/dags/master_load_bronze_data.py for tasks to queue
[2026-03-02T12:48:40.453+0000] {logging_mixin.py:188} INFO - [2026-03-02T12:48:40.452+0000] {dagbag.py:545} INFO - Filling up the DagBag from /opt/airflow/dags/master_load_bronze_data.py
[2026-03-02T12:48:41.418+0000] {processor.py:840} INFO - DAG(s) 'airbnb_master_ingestion' retrieved from /opt/airflow/dags/master_load_bronze_data.py
[2026-03-02T12:48:41.572+0000] {logging_mixin.py:188} INFO - [2026-03-02T12:48:41.571+0000] {dag.py:3096} INFO - Sync 1 DAGs
[2026-03-02T12:48:41.613+0000] {logging_mixin.py:188} INFO - [2026-03-02T12:48:41.612+0000] {dag.py:3954} INFO - Setting next_dagrun for airbnb_master_ingestion to None, run_after=None
[2026-03-02T12:48:41.680+0000] {processor.py:183} INFO - Processing /opt/airflow/dags/master_load_bronze_data.py took 1.258 seconds
[2026-03-02T12:49:11.834+0000] {processor.py:161} INFO - Started process (PID=540) to work on /opt/airflow/dags/master_load_bronze_data.py
[2026-03-02T12:49:11.837+0000] {processor.py:830} INFO - Processing file /opt/airflow/dags/master_load_bronze_data.py for tasks to queue
[2026-03-02T12:49:11.842+0000] {logging_mixin.py:188} INFO - [2026-03-02T12:49:11.841+0000] {dagbag.py:545} INFO - Filling up the DagBag from /opt/airflow/dags/master_load_bronze_data.py
[2026-03-02T12:49:12.935+0000] {processor.py:840} INFO - DAG(s) 'airbnb_master_ingestion' retrieved from /opt/airflow/dags/master_load_bronze_data.py
[2026-03-02T12:49:13.051+0000] {logging_mixin.py:188} INFO - [2026-03-02T12:49:13.050+0000] {dag.py:3096} INFO - Sync 1 DAGs
[2026-03-02T12:49:13.089+0000] {logging_mixin.py:188} INFO - [2026-03-02T12:49:13.089+0000] {dag.py:3954} INFO - Setting next_dagrun for airbnb_master_ingestion to None, run_after=None
[2026-03-02T12:49:13.141+0000] {processor.py:183} INFO - Processing /opt/airflow/dags/master_load_bronze_data.py took 1.324 seconds
[2026-03-02T12:49:44.200+0000] {processor.py:161} INFO - Started process (PID=558) to work on /opt/airflow/dags/master_load_bronze_data.py
[2026-03-02T12:49:44.234+0000] {processor.py:830} INFO - Processing file /opt/airflow/dags/master_load_bronze_data.py for tasks to queue
[2026-03-02T12:49:44.689+0000] {logging_mixin.py:188} INFO - [2026-03-02T12:49:44.661+0000] {dagbag.py:545} INFO - Filling up the DagBag from /opt/airflow/dags/master_load_bronze_data.py
[2026-03-02T12:49:53.676+0000] {processor.py:840} INFO - DAG(s) 'airbnb_master_ingestion' retrieved from /opt/airflow/dags/master_load_bronze_data.py
[2026-03-02T12:49:55.595+0000] {logging_mixin.py:188} INFO - [2026-03-02T12:49:55.593+0000] {dag.py:3096} INFO - Sync 1 DAGs
[2026-03-02T12:49:55.757+0000] {logging_mixin.py:188} INFO - [2026-03-02T12:49:55.756+0000] {dag.py:3954} INFO - Setting next_dagrun for airbnb_master_ingestion to None, run_after=None
[2026-03-02T12:49:56.021+0000] {processor.py:183} INFO - Processing /opt/airflow/dags/master_load_bronze_data.py took 12.172 seconds
[2026-03-02T12:50:27.539+0000] {processor.py:161} INFO - Started process (PID=578) to work on /opt/airflow/dags/master_load_bronze_data.py
[2026-03-02T12:50:27.563+0000] {processor.py:830} INFO - Processing file /opt/airflow/dags/master_load_bronze_data.py for tasks to queue
[2026-03-02T12:50:27.609+0000] {logging_mixin.py:188} INFO - [2026-03-02T12:50:27.584+0000] {dagbag.py:545} INFO - Filling up the DagBag from /opt/airflow/dags/master_load_bronze_data.py
[2026-03-02T12:50:49.051+0000] {processor.py:840} INFO - DAG(s) 'airbnb_master_ingestion' retrieved from /opt/airflow/dags/master_load_bronze_data.py
[2026-03-02T12:50:50.789+0000] {logging_mixin.py:188} INFO - [2026-03-02T12:50:50.788+0000] {dag.py:3096} INFO - Sync 1 DAGs
[2026-03-02T12:50:50.869+0000] {logging_mixin.py:188} INFO - [2026-03-02T12:50:50.869+0000] {dag.py:3954} INFO - Setting next_dagrun for airbnb_master_ingestion to None, run_after=None
[2026-03-02T12:50:51.223+0000] {processor.py:183} INFO - Processing /opt/airflow/dags/master_load_bronze_data.py took 23.934 seconds
[2026-03-02T12:51:21.703+0000] {processor.py:161} INFO - Started process (PID=609) to work on /opt/airflow/dags/master_load_bronze_data.py
[2026-03-02T12:51:21.707+0000] {processor.py:830} INFO - Processing file /opt/airflow/dags/master_load_bronze_data.py for tasks to queue
[2026-03-02T12:51:21.713+0000] {logging_mixin.py:188} INFO - [2026-03-02T12:51:21.711+0000] {dagbag.py:545} INFO - Filling up the DagBag from /opt/airflow/dags/master_load_bronze_data.py
[2026-03-02T12:51:24.245+0000] {processor.py:840} INFO - DAG(s) 'airbnb_master_ingestion' retrieved from /opt/airflow/dags/master_load_bronze_data.py
[2026-03-02T12:51:24.392+0000] {logging_mixin.py:188} INFO - [2026-03-02T12:51:24.391+0000] {dag.py:3096} INFO - Sync 1 DAGs
[2026-03-02T12:51:24.445+0000] {logging_mixin.py:188} INFO - [2026-03-02T12:51:24.444+0000] {dag.py:3954} INFO - Setting next_dagrun for airbnb_master_ingestion to None, run_after=None
[2026-03-02T12:51:24.515+0000] {processor.py:183} INFO - Processing /opt/airflow/dags/master_load_bronze_data.py took 2.834 seconds
[2026-03-02T12:51:55.462+0000] {processor.py:161} INFO - Started process (PID=632) to work on /opt/airflow/dags/master_load_bronze_data.py
[2026-03-02T12:51:55.496+0000] {processor.py:830} INFO - Processing file /opt/airflow/dags/master_load_bronze_data.py for tasks to queue
[2026-03-02T12:51:55.511+0000] {logging_mixin.py:188} INFO - [2026-03-02T12:51:55.505+0000] {dagbag.py:545} INFO - Filling up the DagBag from /opt/airflow/dags/master_load_bronze_data.py
[2026-03-02T12:51:58.473+0000] {processor.py:840} INFO - DAG(s) 'airbnb_master_ingestion' retrieved from /opt/airflow/dags/master_load_bronze_data.py
[2026-03-02T12:51:58.909+0000] {logging_mixin.py:188} INFO - [2026-03-02T12:51:58.908+0000] {dag.py:3096} INFO - Sync 1 DAGs
[2026-03-02T12:51:58.953+0000] {logging_mixin.py:188} INFO - [2026-03-02T12:51:58.953+0000] {dag.py:3954} INFO - Setting next_dagrun for airbnb_master_ingestion to None, run_after=None
[2026-03-02T12:51:59.054+0000] {processor.py:183} INFO - Processing /opt/airflow/dags/master_load_bronze_data.py took 3.637 seconds
[2026-03-02T12:52:30.050+0000] {processor.py:161} INFO - Started process (PID=655) to work on /opt/airflow/dags/master_load_bronze_data.py
[2026-03-02T12:52:30.058+0000] {processor.py:830} INFO - Processing file /opt/airflow/dags/master_load_bronze_data.py for tasks to queue
[2026-03-02T12:52:30.082+0000] {logging_mixin.py:188} INFO - [2026-03-02T12:52:30.081+0000] {dagbag.py:545} INFO - Filling up the DagBag from /opt/airflow/dags/master_load_bronze_data.py
[2026-03-02T12:52:35.738+0000] {processor.py:840} INFO - DAG(s) 'airbnb_master_ingestion' retrieved from /opt/airflow/dags/master_load_bronze_data.py
[2026-03-02T12:52:37.020+0000] {logging_mixin.py:188} INFO - [2026-03-02T12:52:37.019+0000] {dag.py:3096} INFO - Sync 1 DAGs
[2026-03-02T12:52:37.174+0000] {logging_mixin.py:188} INFO - [2026-03-02T12:52:37.173+0000] {dag.py:3954} INFO - Setting next_dagrun for airbnb_master_ingestion to None, run_after=None
[2026-03-02T12:52:37.324+0000] {processor.py:183} INFO - Processing /opt/airflow/dags/master_load_bronze_data.py took 7.319 seconds
[2026-03-02T12:53:08.023+0000] {processor.py:161} INFO - Started process (PID=677) to work on /opt/airflow/dags/master_load_bronze_data.py
[2026-03-02T12:53:08.026+0000] {processor.py:830} INFO - Processing file /opt/airflow/dags/master_load_bronze_data.py for tasks to queue
[2026-03-02T12:53:08.031+0000] {logging_mixin.py:188} INFO - [2026-03-02T12:53:08.030+0000] {dagbag.py:545} INFO - Filling up the DagBag from /opt/airflow/dags/master_load_bronze_data.py
[2026-03-02T12:53:10.922+0000] {processor.py:840} INFO - DAG(s) 'airbnb_master_ingestion' retrieved from /opt/airflow/dags/master_load_bronze_data.py
[2026-03-02T12:53:11.232+0000] {logging_mixin.py:188} INFO - [2026-03-02T12:53:11.230+0000] {dag.py:3096} INFO - Sync 1 DAGs
[2026-03-02T12:53:11.343+0000] {logging_mixin.py:188} INFO - [2026-03-02T12:53:11.342+0000] {dag.py:3954} INFO - Setting next_dagrun for airbnb_master_ingestion to None, run_after=None
[2026-03-02T12:53:12.817+0000] {processor.py:183} INFO - Processing /opt/airflow/dags/master_load_bronze_data.py took 4.817 seconds
[2026-03-02T12:53:43.784+0000] {processor.py:161} INFO - Started process (PID=701) to work on /opt/airflow/dags/master_load_bronze_data.py
[2026-03-02T12:53:43.789+0000] {processor.py:830} INFO - Processing file /opt/airflow/dags/master_load_bronze_data.py for tasks to queue
[2026-03-02T12:53:43.796+0000] {logging_mixin.py:188} INFO - [2026-03-02T12:53:43.795+0000] {dagbag.py:545} INFO - Filling up the DagBag from /opt/airflow/dags/master_load_bronze_data.py
[2026-03-02T12:53:46.333+0000] {processor.py:840} INFO - DAG(s) 'airbnb_master_ingestion' retrieved from /opt/airflow/dags/master_load_bronze_data.py
[2026-03-02T12:53:47.027+0000] {logging_mixin.py:188} INFO - [2026-03-02T12:53:47.026+0000] {dag.py:3096} INFO - Sync 1 DAGs
[2026-03-02T12:53:47.792+0000] {logging_mixin.py:188} INFO - [2026-03-02T12:53:47.792+0000] {dag.py:3954} INFO - Setting next_dagrun for airbnb_master_ingestion to None, run_after=None
[2026-03-02T12:53:49.575+0000] {processor.py:183} INFO - Processing /opt/airflow/dags/master_load_bronze_data.py took 5.810 seconds
[2026-03-02T12:54:20.258+0000] {processor.py:161} INFO - Started process (PID=725) to work on /opt/airflow/dags/master_load_bronze_data.py
[2026-03-02T12:54:20.262+0000] {processor.py:830} INFO - Processing file /opt/airflow/dags/master_load_bronze_data.py for tasks to queue
[2026-03-02T12:54:20.267+0000] {logging_mixin.py:188} INFO - [2026-03-02T12:54:20.266+0000] {dagbag.py:545} INFO - Filling up the DagBag from /opt/airflow/dags/master_load_bronze_data.py
[2026-03-02T12:54:22.183+0000] {processor.py:840} INFO - DAG(s) 'airbnb_master_ingestion' retrieved from /opt/airflow/dags/master_load_bronze_data.py
[2026-03-02T12:54:22.558+0000] {logging_mixin.py:188} INFO - [2026-03-02T12:54:22.556+0000] {dag.py:3096} INFO - Sync 1 DAGs
[2026-03-02T12:54:22.697+0000] {logging_mixin.py:188} INFO - [2026-03-02T12:54:22.695+0000] {dag.py:3954} INFO - Setting next_dagrun for airbnb_master_ingestion to None, run_after=None
[2026-03-02T12:54:22.954+0000] {processor.py:183} INFO - Processing /opt/airflow/dags/master_load_bronze_data.py took 2.719 seconds
[2026-03-02T12:54:53.721+0000] {processor.py:161} INFO - Started process (PID=750) to work on /opt/airflow/dags/master_load_bronze_data.py
[2026-03-02T12:54:53.739+0000] {processor.py:830} INFO - Processing file /opt/airflow/dags/master_load_bronze_data.py for tasks to queue
[2026-03-02T12:54:53.754+0000] {logging_mixin.py:188} INFO - [2026-03-02T12:54:53.753+0000] {dagbag.py:545} INFO - Filling up the DagBag from /opt/airflow/dags/master_load_bronze_data.py
[2026-03-02T12:54:55.484+0000] {processor.py:840} INFO - DAG(s) 'airbnb_master_ingestion' retrieved from /opt/airflow/dags/master_load_bronze_data.py
[2026-03-02T12:54:55.623+0000] {logging_mixin.py:188} INFO - [2026-03-02T12:54:55.620+0000] {dag.py:3096} INFO - Sync 1 DAGs
[2026-03-02T12:54:55.696+0000] {logging_mixin.py:188} INFO - [2026-03-02T12:54:55.685+0000] {dag.py:3954} INFO - Setting next_dagrun for airbnb_master_ingestion to None, run_after=None
[2026-03-02T12:54:55.812+0000] {processor.py:183} INFO - Processing /opt/airflow/dags/master_load_bronze_data.py took 2.140 seconds
[2026-03-02T12:55:26.486+0000] {processor.py:161} INFO - Started process (PID=768) to work on /opt/airflow/dags/master_load_bronze_data.py
[2026-03-02T12:55:26.489+0000] {processor.py:830} INFO - Processing file /opt/airflow/dags/master_load_bronze_data.py for tasks to queue
[2026-03-02T12:55:26.494+0000] {logging_mixin.py:188} INFO - [2026-03-02T12:55:26.493+0000] {dagbag.py:545} INFO - Filling up the DagBag from /opt/airflow/dags/master_load_bronze_data.py
[2026-03-02T12:55:27.559+0000] {processor.py:840} INFO - DAG(s) 'airbnb_master_ingestion' retrieved from /opt/airflow/dags/master_load_bronze_data.py
[2026-03-02T12:55:27.666+0000] {logging_mixin.py:188} INFO - [2026-03-02T12:55:27.665+0000] {dag.py:3096} INFO - Sync 1 DAGs
[2026-03-02T12:55:27.703+0000] {logging_mixin.py:188} INFO - [2026-03-02T12:55:27.703+0000] {dag.py:3954} INFO - Setting next_dagrun for airbnb_master_ingestion to None, run_after=None
[2026-03-02T12:55:27.755+0000] {processor.py:183} INFO - Processing /opt/airflow/dags/master_load_bronze_data.py took 1.288 seconds
[2026-03-02T12:55:58.125+0000] {processor.py:161} INFO - Started process (PID=786) to work on /opt/airflow/dags/master_load_bronze_data.py
[2026-03-02T12:55:58.128+0000] {processor.py:830} INFO - Processing file /opt/airflow/dags/master_load_bronze_data.py for tasks to queue
[2026-03-02T12:55:58.134+0000] {logging_mixin.py:188} INFO - [2026-03-02T12:55:58.133+0000] {dagbag.py:545} INFO - Filling up the DagBag from /opt/airflow/dags/master_load_bronze_data.py
[2026-03-02T12:55:59.473+0000] {processor.py:840} INFO - DAG(s) 'airbnb_master_ingestion' retrieved from /opt/airflow/dags/master_load_bronze_data.py
[2026-03-02T12:55:59.599+0000] {logging_mixin.py:188} INFO - [2026-03-02T12:55:59.598+0000] {dag.py:3096} INFO - Sync 1 DAGs
[2026-03-02T12:55:59.647+0000] {logging_mixin.py:188} INFO - [2026-03-02T12:55:59.646+0000] {dag.py:3954} INFO - Setting next_dagrun for airbnb_master_ingestion to None, run_after=None
[2026-03-02T12:55:59.721+0000] {processor.py:183} INFO - Processing /opt/airflow/dags/master_load_bronze_data.py took 1.621 seconds
[2026-03-02T12:56:30.314+0000] {processor.py:161} INFO - Started process (PID=804) to work on /opt/airflow/dags/master_load_bronze_data.py
[2026-03-02T12:56:30.317+0000] {processor.py:830} INFO - Processing file /opt/airflow/dags/master_load_bronze_data.py for tasks to queue
[2026-03-02T12:56:30.324+0000] {logging_mixin.py:188} INFO - [2026-03-02T12:56:30.323+0000] {dagbag.py:545} INFO - Filling up the DagBag from /opt/airflow/dags/master_load_bronze_data.py
[2026-03-02T12:56:31.890+0000] {processor.py:840} INFO - DAG(s) 'airbnb_master_ingestion' retrieved from /opt/airflow/dags/master_load_bronze_data.py
[2026-03-02T12:56:31.994+0000] {logging_mixin.py:188} INFO - [2026-03-02T12:56:31.993+0000] {dag.py:3096} INFO - Sync 1 DAGs
[2026-03-02T12:56:32.031+0000] {logging_mixin.py:188} INFO - [2026-03-02T12:56:32.030+0000] {dag.py:3954} INFO - Setting next_dagrun for airbnb_master_ingestion to None, run_after=None
[2026-03-02T12:56:32.079+0000] {processor.py:183} INFO - Processing /opt/airflow/dags/master_load_bronze_data.py took 1.785 seconds
[2026-03-02T12:57:03.022+0000] {processor.py:161} INFO - Started process (PID=822) to work on /opt/airflow/dags/master_load_bronze_data.py
[2026-03-02T12:57:03.025+0000] {processor.py:830} INFO - Processing file /opt/airflow/dags/master_load_bronze_data.py for tasks to queue
[2026-03-02T12:57:03.030+0000] {logging_mixin.py:188} INFO - [2026-03-02T12:57:03.029+0000] {dagbag.py:545} INFO - Filling up the DagBag from /opt/airflow/dags/master_load_bronze_data.py
[2026-03-02T12:57:03.976+0000] {processor.py:840} INFO - DAG(s) 'airbnb_master_ingestion' retrieved from /opt/airflow/dags/master_load_bronze_data.py
[2026-03-02T12:57:04.203+0000] {logging_mixin.py:188} INFO - [2026-03-02T12:57:04.201+0000] {dag.py:3096} INFO - Sync 1 DAGs
[2026-03-02T12:57:04.275+0000] {logging_mixin.py:188} INFO - [2026-03-02T12:57:04.274+0000] {dag.py:3954} INFO - Setting next_dagrun for airbnb_master_ingestion to None, run_after=None
[2026-03-02T12:57:04.391+0000] {processor.py:183} INFO - Processing /opt/airflow/dags/master_load_bronze_data.py took 1.390 seconds
[2026-03-02T12:57:34.509+0000] {processor.py:161} INFO - Started process (PID=840) to work on /opt/airflow/dags/master_load_bronze_data.py
[2026-03-02T12:57:34.513+0000] {processor.py:830} INFO - Processing file /opt/airflow/dags/master_load_bronze_data.py for tasks to queue
[2026-03-02T12:57:34.522+0000] {logging_mixin.py:188} INFO - [2026-03-02T12:57:34.520+0000] {dagbag.py:545} INFO - Filling up the DagBag from /opt/airflow/dags/master_load_bronze_data.py
[2026-03-02T12:57:35.529+0000] {processor.py:840} INFO - DAG(s) 'airbnb_master_ingestion' retrieved from /opt/airflow/dags/master_load_bronze_data.py
[2026-03-02T12:57:35.632+0000] {logging_mixin.py:188} INFO - [2026-03-02T12:57:35.631+0000] {dag.py:3096} INFO - Sync 1 DAGs
[2026-03-02T12:57:35.689+0000] {logging_mixin.py:188} INFO - [2026-03-02T12:57:35.688+0000] {dag.py:3954} INFO - Setting next_dagrun for airbnb_master_ingestion to None, run_after=None
[2026-03-02T12:57:35.742+0000] {processor.py:183} INFO - Processing /opt/airflow/dags/master_load_bronze_data.py took 1.254 seconds
[2026-03-02T12:58:06.588+0000] {processor.py:161} INFO - Started process (PID=858) to work on /opt/airflow/dags/master_load_bronze_data.py
[2026-03-02T12:58:06.591+0000] {processor.py:830} INFO - Processing file /opt/airflow/dags/master_load_bronze_data.py for tasks to queue
[2026-03-02T12:58:06.598+0000] {logging_mixin.py:188} INFO - [2026-03-02T12:58:06.597+0000] {dagbag.py:545} INFO - Filling up the DagBag from /opt/airflow/dags/master_load_bronze_data.py
[2026-03-02T12:58:08.090+0000] {processor.py:840} INFO - DAG(s) 'airbnb_master_ingestion' retrieved from /opt/airflow/dags/master_load_bronze_data.py
[2026-03-02T12:58:08.188+0000] {logging_mixin.py:188} INFO - [2026-03-02T12:58:08.187+0000] {dag.py:3096} INFO - Sync 1 DAGs
[2026-03-02T12:58:08.222+0000] {logging_mixin.py:188} INFO - [2026-03-02T12:58:08.222+0000] {dag.py:3954} INFO - Setting next_dagrun for airbnb_master_ingestion to None, run_after=None
[2026-03-02T12:58:08.273+0000] {processor.py:183} INFO - Processing /opt/airflow/dags/master_load_bronze_data.py took 1.711 seconds
[2026-03-02T12:58:38.861+0000] {processor.py:161} INFO - Started process (PID=876) to work on /opt/airflow/dags/master_load_bronze_data.py
[2026-03-02T12:58:38.864+0000] {processor.py:830} INFO - Processing file /opt/airflow/dags/master_load_bronze_data.py for tasks to queue
[2026-03-02T12:58:38.870+0000] {logging_mixin.py:188} INFO - [2026-03-02T12:58:38.869+0000] {dagbag.py:545} INFO - Filling up the DagBag from /opt/airflow/dags/master_load_bronze_data.py
[2026-03-02T12:58:40.015+0000] {processor.py:840} INFO - DAG(s) 'airbnb_master_ingestion' retrieved from /opt/airflow/dags/master_load_bronze_data.py
[2026-03-02T12:58:40.116+0000] {logging_mixin.py:188} INFO - [2026-03-02T12:58:40.115+0000] {dag.py:3096} INFO - Sync 1 DAGs
[2026-03-02T12:58:40.153+0000] {logging_mixin.py:188} INFO - [2026-03-02T12:58:40.152+0000] {dag.py:3954} INFO - Setting next_dagrun for airbnb_master_ingestion to None, run_after=None
[2026-03-02T12:58:40.203+0000] {processor.py:183} INFO - Processing /opt/airflow/dags/master_load_bronze_data.py took 1.359 seconds
[2026-03-02T12:59:10.824+0000] {processor.py:161} INFO - Started process (PID=894) to work on /opt/airflow/dags/master_load_bronze_data.py
[2026-03-02T12:59:10.827+0000] {processor.py:830} INFO - Processing file /opt/airflow/dags/master_load_bronze_data.py for tasks to queue
[2026-03-02T12:59:10.834+0000] {logging_mixin.py:188} INFO - [2026-03-02T12:59:10.833+0000] {dagbag.py:545} INFO - Filling up the DagBag from /opt/airflow/dags/master_load_bronze_data.py
[2026-03-02T12:59:11.959+0000] {processor.py:840} INFO - DAG(s) 'airbnb_master_ingestion' retrieved from /opt/airflow/dags/master_load_bronze_data.py
[2026-03-02T12:59:12.090+0000] {logging_mixin.py:188} INFO - [2026-03-02T12:59:12.089+0000] {dag.py:3096} INFO - Sync 1 DAGs
[2026-03-02T12:59:12.137+0000] {logging_mixin.py:188} INFO - [2026-03-02T12:59:12.137+0000] {dag.py:3954} INFO - Setting next_dagrun for airbnb_master_ingestion to None, run_after=None
[2026-03-02T12:59:12.209+0000] {processor.py:183} INFO - Processing /opt/airflow/dags/master_load_bronze_data.py took 1.409 seconds
[2026-03-02T12:59:42.680+0000] {processor.py:161} INFO - Started process (PID=912) to work on /opt/airflow/dags/master_load_bronze_data.py
[2026-03-02T12:59:42.686+0000] {processor.py:830} INFO - Processing file /opt/airflow/dags/master_load_bronze_data.py for tasks to queue
[2026-03-02T12:59:42.694+0000] {logging_mixin.py:188} INFO - [2026-03-02T12:59:42.692+0000] {dagbag.py:545} INFO - Filling up the DagBag from /opt/airflow/dags/master_load_bronze_data.py
[2026-03-02T12:59:44.041+0000] {processor.py:840} INFO - DAG(s) 'airbnb_master_ingestion' retrieved from /opt/airflow/dags/master_load_bronze_data.py
[2026-03-02T12:59:44.140+0000] {logging_mixin.py:188} INFO - [2026-03-02T12:59:44.139+0000] {dag.py:3096} INFO - Sync 1 DAGs
[2026-03-02T12:59:44.179+0000] {logging_mixin.py:188} INFO - [2026-03-02T12:59:44.178+0000] {dag.py:3954} INFO - Setting next_dagrun for airbnb_master_ingestion to None, run_after=None
[2026-03-02T12:59:44.232+0000] {processor.py:183} INFO - Processing /opt/airflow/dags/master_load_bronze_data.py took 1.576 seconds
[2026-03-02T13:00:14.841+0000] {processor.py:161} INFO - Started process (PID=930) to work on /opt/airflow/dags/master_load_bronze_data.py
[2026-03-02T13:00:14.844+0000] {processor.py:830} INFO - Processing file /opt/airflow/dags/master_load_bronze_data.py for tasks to queue
[2026-03-02T13:00:14.849+0000] {logging_mixin.py:188} INFO - [2026-03-02T13:00:14.848+0000] {dagbag.py:545} INFO - Filling up the DagBag from /opt/airflow/dags/master_load_bronze_data.py
[2026-03-02T13:00:15.786+0000] {processor.py:840} INFO - DAG(s) 'airbnb_master_ingestion' retrieved from /opt/airflow/dags/master_load_bronze_data.py
[2026-03-02T13:00:15.885+0000] {logging_mixin.py:188} INFO - [2026-03-02T13:00:15.884+0000] {dag.py:3096} INFO - Sync 1 DAGs
[2026-03-02T13:00:15.920+0000] {logging_mixin.py:188} INFO - [2026-03-02T13:00:15.920+0000] {dag.py:3954} INFO - Setting next_dagrun for airbnb_master_ingestion to None, run_after=None
[2026-03-02T13:00:15.968+0000] {processor.py:183} INFO - Processing /opt/airflow/dags/master_load_bronze_data.py took 1.143 seconds
[2026-03-02T13:00:46.467+0000] {processor.py:161} INFO - Started process (PID=948) to work on /opt/airflow/dags/master_load_bronze_data.py
[2026-03-02T13:00:46.470+0000] {processor.py:830} INFO - Processing file /opt/airflow/dags/master_load_bronze_data.py for tasks to queue
[2026-03-02T13:00:46.478+0000] {logging_mixin.py:188} INFO - [2026-03-02T13:00:46.477+0000] {dagbag.py:545} INFO - Filling up the DagBag from /opt/airflow/dags/master_load_bronze_data.py
[2026-03-02T13:00:47.650+0000] {processor.py:840} INFO - DAG(s) 'airbnb_master_ingestion' retrieved from /opt/airflow/dags/master_load_bronze_data.py
[2026-03-02T13:00:47.774+0000] {logging_mixin.py:188} INFO - [2026-03-02T13:00:47.773+0000] {dag.py:3096} INFO - Sync 1 DAGs
[2026-03-02T13:00:47.827+0000] {logging_mixin.py:188} INFO - [2026-03-02T13:00:47.827+0000] {dag.py:3954} INFO - Setting next_dagrun for airbnb_master_ingestion to None, run_after=None
[2026-03-02T13:00:47.902+0000] {processor.py:183} INFO - Processing /opt/airflow/dags/master_load_bronze_data.py took 1.458 seconds
[2026-03-02T13:01:18.187+0000] {processor.py:161} INFO - Started process (PID=966) to work on /opt/airflow/dags/master_load_bronze_data.py
[2026-03-02T13:01:18.189+0000] {processor.py:830} INFO - Processing file /opt/airflow/dags/master_load_bronze_data.py for tasks to queue
[2026-03-02T13:01:18.194+0000] {logging_mixin.py:188} INFO - [2026-03-02T13:01:18.193+0000] {dagbag.py:545} INFO - Filling up the DagBag from /opt/airflow/dags/master_load_bronze_data.py
[2026-03-02T13:01:19.126+0000] {processor.py:840} INFO - DAG(s) 'airbnb_master_ingestion' retrieved from /opt/airflow/dags/master_load_bronze_data.py
[2026-03-02T13:01:19.227+0000] {logging_mixin.py:188} INFO - [2026-03-02T13:01:19.226+0000] {dag.py:3096} INFO - Sync 1 DAGs
[2026-03-02T13:01:19.261+0000] {logging_mixin.py:188} INFO - [2026-03-02T13:01:19.260+0000] {dag.py:3954} INFO - Setting next_dagrun for airbnb_master_ingestion to None, run_after=None
[2026-03-02T13:01:19.308+0000] {processor.py:183} INFO - Processing /opt/airflow/dags/master_load_bronze_data.py took 1.138 seconds
[2026-03-02T13:01:49.976+0000] {processor.py:161} INFO - Started process (PID=984) to work on /opt/airflow/dags/master_load_bronze_data.py
[2026-03-02T13:01:49.978+0000] {processor.py:830} INFO - Processing file /opt/airflow/dags/master_load_bronze_data.py for tasks to queue
[2026-03-02T13:01:49.983+0000] {logging_mixin.py:188} INFO - [2026-03-02T13:01:49.982+0000] {dagbag.py:545} INFO - Filling up the DagBag from /opt/airflow/dags/master_load_bronze_data.py
[2026-03-02T13:01:51.369+0000] {processor.py:840} INFO - DAG(s) 'airbnb_master_ingestion' retrieved from /opt/airflow/dags/master_load_bronze_data.py
[2026-03-02T13:01:51.468+0000] {logging_mixin.py:188} INFO - [2026-03-02T13:01:51.467+0000] {dag.py:3096} INFO - Sync 1 DAGs
[2026-03-02T13:01:51.508+0000] {logging_mixin.py:188} INFO - [2026-03-02T13:01:51.507+0000] {dag.py:3954} INFO - Setting next_dagrun for airbnb_master_ingestion to None, run_after=None
[2026-03-02T13:01:51.572+0000] {processor.py:183} INFO - Processing /opt/airflow/dags/master_load_bronze_data.py took 1.613 seconds
[2026-03-02T13:02:21.721+0000] {processor.py:161} INFO - Started process (PID=1002) to work on /opt/airflow/dags/master_load_bronze_data.py
[2026-03-02T13:02:21.726+0000] {processor.py:830} INFO - Processing file /opt/airflow/dags/master_load_bronze_data.py for tasks to queue
[2026-03-02T13:02:21.733+0000] {logging_mixin.py:188} INFO - [2026-03-02T13:02:21.732+0000] {dagbag.py:545} INFO - Filling up the DagBag from /opt/airflow/dags/master_load_bronze_data.py
[2026-03-02T13:02:22.826+0000] {processor.py:840} INFO - DAG(s) 'airbnb_master_ingestion' retrieved from /opt/airflow/dags/master_load_bronze_data.py
[2026-03-02T13:02:22.953+0000] {logging_mixin.py:188} INFO - [2026-03-02T13:02:22.952+0000] {dag.py:3096} INFO - Sync 1 DAGs
[2026-03-02T13:02:23.013+0000] {logging_mixin.py:188} INFO - [2026-03-02T13:02:23.012+0000] {dag.py:3954} INFO - Setting next_dagrun for airbnb_master_ingestion to None, run_after=None
[2026-03-02T13:02:23.067+0000] {processor.py:183} INFO - Processing /opt/airflow/dags/master_load_bronze_data.py took 1.373 seconds
[2026-03-02T13:02:53.535+0000] {processor.py:161} INFO - Started process (PID=1020) to work on /opt/airflow/dags/master_load_bronze_data.py
[2026-03-02T13:02:53.537+0000] {processor.py:830} INFO - Processing file /opt/airflow/dags/master_load_bronze_data.py for tasks to queue
[2026-03-02T13:02:53.545+0000] {logging_mixin.py:188} INFO - [2026-03-02T13:02:53.543+0000] {dagbag.py:545} INFO - Filling up the DagBag from /opt/airflow/dags/master_load_bronze_data.py
[2026-03-02T13:02:54.492+0000] {processor.py:840} INFO - DAG(s) 'airbnb_master_ingestion' retrieved from /opt/airflow/dags/master_load_bronze_data.py
[2026-03-02T13:02:54.597+0000] {logging_mixin.py:188} INFO - [2026-03-02T13:02:54.596+0000] {dag.py:3096} INFO - Sync 1 DAGs
[2026-03-02T13:02:54.636+0000] {logging_mixin.py:188} INFO - [2026-03-02T13:02:54.635+0000] {dag.py:3954} INFO - Setting next_dagrun for airbnb_master_ingestion to None, run_after=None
[2026-03-02T13:02:54.705+0000] {processor.py:183} INFO - Processing /opt/airflow/dags/master_load_bronze_data.py took 1.188 seconds
[2026-03-02T13:03:24.943+0000] {processor.py:161} INFO - Started process (PID=1038) to work on /opt/airflow/dags/master_load_bronze_data.py
[2026-03-02T13:03:24.946+0000] {processor.py:830} INFO - Processing file /opt/airflow/dags/master_load_bronze_data.py for tasks to queue
[2026-03-02T13:03:24.950+0000] {logging_mixin.py:188} INFO - [2026-03-02T13:03:24.950+0000] {dagbag.py:545} INFO - Filling up the DagBag from /opt/airflow/dags/master_load_bronze_data.py
[2026-03-02T13:03:25.687+0000] {processor.py:840} INFO - DAG(s) 'airbnb_master_ingestion' retrieved from /opt/airflow/dags/master_load_bronze_data.py
[2026-03-02T13:03:25.764+0000] {logging_mixin.py:188} INFO - [2026-03-02T13:03:25.763+0000] {dag.py:3096} INFO - Sync 1 DAGs
[2026-03-02T13:03:25.792+0000] {logging_mixin.py:188} INFO - [2026-03-02T13:03:25.792+0000] {dag.py:3954} INFO - Setting next_dagrun for airbnb_master_ingestion to None, run_after=None
[2026-03-02T13:03:25.838+0000] {processor.py:183} INFO - Processing /opt/airflow/dags/master_load_bronze_data.py took 0.908 seconds
[2026-03-02T13:03:56.677+0000] {processor.py:161} INFO - Started process (PID=1056) to work on /opt/airflow/dags/master_load_bronze_data.py
[2026-03-02T13:03:56.679+0000] {processor.py:830} INFO - Processing file /opt/airflow/dags/master_load_bronze_data.py for tasks to queue
[2026-03-02T13:03:56.683+0000] {logging_mixin.py:188} INFO - [2026-03-02T13:03:56.682+0000] {dagbag.py:545} INFO - Filling up the DagBag from /opt/airflow/dags/master_load_bronze_data.py
[2026-03-02T13:03:57.459+0000] {processor.py:840} INFO - DAG(s) 'airbnb_master_ingestion' retrieved from /opt/airflow/dags/master_load_bronze_data.py
[2026-03-02T13:03:57.574+0000] {logging_mixin.py:188} INFO - [2026-03-02T13:03:57.572+0000] {dag.py:3096} INFO - Sync 1 DAGs
[2026-03-02T13:03:57.615+0000] {logging_mixin.py:188} INFO - [2026-03-02T13:03:57.615+0000] {dag.py:3954} INFO - Setting next_dagrun for airbnb_master_ingestion to None, run_after=None
[2026-03-02T13:03:57.679+0000] {processor.py:183} INFO - Processing /opt/airflow/dags/master_load_bronze_data.py took 1.016 seconds
[2026-03-02T13:04:28.380+0000] {processor.py:161} INFO - Started process (PID=1074) to work on /opt/airflow/dags/master_load_bronze_data.py
[2026-03-02T13:04:28.383+0000] {processor.py:830} INFO - Processing file /opt/airflow/dags/master_load_bronze_data.py for tasks to queue
[2026-03-02T13:04:28.389+0000] {logging_mixin.py:188} INFO - [2026-03-02T13:04:28.388+0000] {dagbag.py:545} INFO - Filling up the DagBag from /opt/airflow/dags/master_load_bronze_data.py
[2026-03-02T13:04:29.783+0000] {processor.py:840} INFO - DAG(s) 'airbnb_master_ingestion' retrieved from /opt/airflow/dags/master_load_bronze_data.py
[2026-03-02T13:04:29.897+0000] {logging_mixin.py:188} INFO - [2026-03-02T13:04:29.895+0000] {dag.py:3096} INFO - Sync 1 DAGs
[2026-03-02T13:04:29.949+0000] {logging_mixin.py:188} INFO - [2026-03-02T13:04:29.949+0000] {dag.py:3954} INFO - Setting next_dagrun for airbnb_master_ingestion to None, run_after=None
[2026-03-02T13:04:30.036+0000] {processor.py:183} INFO - Processing /opt/airflow/dags/master_load_bronze_data.py took 1.684 seconds
[2026-03-02T13:05:00.390+0000] {processor.py:161} INFO - Started process (PID=1092) to work on /opt/airflow/dags/master_load_bronze_data.py
[2026-03-02T13:05:00.393+0000] {processor.py:830} INFO - Processing file /opt/airflow/dags/master_load_bronze_data.py for tasks to queue
[2026-03-02T13:05:00.398+0000] {logging_mixin.py:188} INFO - [2026-03-02T13:05:00.398+0000] {dagbag.py:545} INFO - Filling up the DagBag from /opt/airflow/dags/master_load_bronze_data.py
[2026-03-02T13:05:01.394+0000] {processor.py:840} INFO - DAG(s) 'airbnb_master_ingestion' retrieved from /opt/airflow/dags/master_load_bronze_data.py
[2026-03-02T13:05:01.506+0000] {logging_mixin.py:188} INFO - [2026-03-02T13:05:01.505+0000] {dag.py:3096} INFO - Sync 1 DAGs
[2026-03-02T13:05:01.544+0000] {logging_mixin.py:188} INFO - [2026-03-02T13:05:01.543+0000] {dag.py:3954} INFO - Setting next_dagrun for airbnb_master_ingestion to None, run_after=None
[2026-03-02T13:05:01.594+0000] {processor.py:183} INFO - Processing /opt/airflow/dags/master_load_bronze_data.py took 1.222 seconds
[2026-03-02T13:05:31.795+0000] {processor.py:161} INFO - Started process (PID=1110) to work on /opt/airflow/dags/master_load_bronze_data.py
[2026-03-02T13:05:31.801+0000] {processor.py:830} INFO - Processing file /opt/airflow/dags/master_load_bronze_data.py for tasks to queue
[2026-03-02T13:05:31.808+0000] {logging_mixin.py:188} INFO - [2026-03-02T13:05:31.807+0000] {dagbag.py:545} INFO - Filling up the DagBag from /opt/airflow/dags/master_load_bronze_data.py
[2026-03-02T13:05:33.172+0000] {processor.py:840} INFO - DAG(s) 'airbnb_master_ingestion' retrieved from /opt/airflow/dags/master_load_bronze_data.py
[2026-03-02T13:05:33.293+0000] {logging_mixin.py:188} INFO - [2026-03-02T13:05:33.292+0000] {dag.py:3096} INFO - Sync 1 DAGs
[2026-03-02T13:05:33.347+0000] {logging_mixin.py:188} INFO - [2026-03-02T13:05:33.346+0000] {dag.py:3954} INFO - Setting next_dagrun for airbnb_master_ingestion to None, run_after=None
[2026-03-02T13:05:33.404+0000] {processor.py:183} INFO - Processing /opt/airflow/dags/master_load_bronze_data.py took 1.637 seconds
[2026-03-02T13:06:03.564+0000] {processor.py:161} INFO - Started process (PID=1128) to work on /opt/airflow/dags/master_load_bronze_data.py
[2026-03-02T13:06:03.569+0000] {processor.py:830} INFO - Processing file /opt/airflow/dags/master_load_bronze_data.py for tasks to queue
[2026-03-02T13:06:03.577+0000] {logging_mixin.py:188} INFO - [2026-03-02T13:06:03.575+0000] {dagbag.py:545} INFO - Filling up the DagBag from /opt/airflow/dags/master_load_bronze_data.py
[2026-03-02T13:06:05.725+0000] {processor.py:840} INFO - DAG(s) 'airbnb_master_ingestion' retrieved from /opt/airflow/dags/master_load_bronze_data.py
[2026-03-02T13:06:05.829+0000] {logging_mixin.py:188} INFO - [2026-03-02T13:06:05.828+0000] {dag.py:3096} INFO - Sync 1 DAGs
[2026-03-02T13:06:05.872+0000] {logging_mixin.py:188} INFO - [2026-03-02T13:06:05.871+0000] {dag.py:3954} INFO - Setting next_dagrun for airbnb_master_ingestion to None, run_after=None
[2026-03-02T13:06:05.933+0000] {processor.py:183} INFO - Processing /opt/airflow/dags/master_load_bronze_data.py took 2.406 seconds
[2026-03-02T13:06:36.098+0000] {processor.py:161} INFO - Started process (PID=1146) to work on /opt/airflow/dags/master_load_bronze_data.py
[2026-03-02T13:06:36.100+0000] {processor.py:830} INFO - Processing file /opt/airflow/dags/master_load_bronze_data.py for tasks to queue
[2026-03-02T13:06:36.105+0000] {logging_mixin.py:188} INFO - [2026-03-02T13:06:36.104+0000] {dagbag.py:545} INFO - Filling up the DagBag from /opt/airflow/dags/master_load_bronze_data.py
[2026-03-02T13:06:36.970+0000] {processor.py:840} INFO - DAG(s) 'airbnb_master_ingestion' retrieved from /opt/airflow/dags/master_load_bronze_data.py
[2026-03-02T13:06:37.065+0000] {logging_mixin.py:188} INFO - [2026-03-02T13:06:37.064+0000] {dag.py:3096} INFO - Sync 1 DAGs
[2026-03-02T13:06:37.102+0000] {logging_mixin.py:188} INFO - [2026-03-02T13:06:37.101+0000] {dag.py:3954} INFO - Setting next_dagrun for airbnb_master_ingestion to None, run_after=None
[2026-03-02T13:06:37.153+0000] {processor.py:183} INFO - Processing /opt/airflow/dags/master_load_bronze_data.py took 1.071 seconds
[2026-03-02T13:07:08.010+0000] {processor.py:161} INFO - Started process (PID=1164) to work on /opt/airflow/dags/master_load_bronze_data.py
[2026-03-02T13:07:08.012+0000] {processor.py:830} INFO - Processing file /opt/airflow/dags/master_load_bronze_data.py for tasks to queue
[2026-03-02T13:07:08.017+0000] {logging_mixin.py:188} INFO - [2026-03-02T13:07:08.016+0000] {dagbag.py:545} INFO - Filling up the DagBag from /opt/airflow/dags/master_load_bronze_data.py
[2026-03-02T13:07:08.967+0000] {processor.py:840} INFO - DAG(s) 'airbnb_master_ingestion' retrieved from /opt/airflow/dags/master_load_bronze_data.py
[2026-03-02T13:07:09.063+0000] {logging_mixin.py:188} INFO - [2026-03-02T13:07:09.062+0000] {dag.py:3096} INFO - Sync 1 DAGs
[2026-03-02T13:07:09.101+0000] {logging_mixin.py:188} INFO - [2026-03-02T13:07:09.101+0000] {dag.py:3954} INFO - Setting next_dagrun for airbnb_master_ingestion to None, run_after=None
[2026-03-02T13:07:09.149+0000] {processor.py:183} INFO - Processing /opt/airflow/dags/master_load_bronze_data.py took 1.155 seconds
[2026-03-02T13:07:40.288+0000] {processor.py:161} INFO - Started process (PID=1182) to work on /opt/airflow/dags/master_load_bronze_data.py
[2026-03-02T13:07:40.292+0000] {processor.py:830} INFO - Processing file /opt/airflow/dags/master_load_bronze_data.py for tasks to queue
[2026-03-02T13:07:40.299+0000] {logging_mixin.py:188} INFO - [2026-03-02T13:07:40.298+0000] {dagbag.py:545} INFO - Filling up the DagBag from /opt/airflow/dags/master_load_bronze_data.py
[2026-03-02T13:07:41.552+0000] {processor.py:840} INFO - DAG(s) 'airbnb_master_ingestion' retrieved from /opt/airflow/dags/master_load_bronze_data.py
[2026-03-02T13:07:41.648+0000] {logging_mixin.py:188} INFO - [2026-03-02T13:07:41.647+0000] {dag.py:3096} INFO - Sync 1 DAGs
[2026-03-02T13:07:41.686+0000] {logging_mixin.py:188} INFO - [2026-03-02T13:07:41.686+0000] {dag.py:3954} INFO - Setting next_dagrun for airbnb_master_ingestion to None, run_after=None
[2026-03-02T13:07:41.738+0000] {processor.py:183} INFO - Processing /opt/airflow/dags/master_load_bronze_data.py took 1.483 seconds
[2026-03-02T13:08:12.185+0000] {processor.py:161} INFO - Started process (PID=1200) to work on /opt/airflow/dags/master_load_bronze_data.py
[2026-03-02T13:08:12.189+0000] {processor.py:830} INFO - Processing file /opt/airflow/dags/master_load_bronze_data.py for tasks to queue
[2026-03-02T13:08:12.195+0000] {logging_mixin.py:188} INFO - [2026-03-02T13:08:12.194+0000] {dagbag.py:545} INFO - Filling up the DagBag from /opt/airflow/dags/master_load_bronze_data.py
[2026-03-02T13:08:13.188+0000] {processor.py:840} INFO - DAG(s) 'airbnb_master_ingestion' retrieved from /opt/airflow/dags/master_load_bronze_data.py
[2026-03-02T13:08:13.286+0000] {logging_mixin.py:188} INFO - [2026-03-02T13:08:13.285+0000] {dag.py:3096} INFO - Sync 1 DAGs
[2026-03-02T13:08:13.322+0000] {logging_mixin.py:188} INFO - [2026-03-02T13:08:13.322+0000] {dag.py:3954} INFO - Setting next_dagrun for airbnb_master_ingestion to None, run_after=None
[2026-03-02T13:08:13.389+0000] {processor.py:183} INFO - Processing /opt/airflow/dags/master_load_bronze_data.py took 1.235 seconds
[2026-03-02T13:08:44.340+0000] {processor.py:161} INFO - Started process (PID=1218) to work on /opt/airflow/dags/master_load_bronze_data.py
[2026-03-02T13:08:44.343+0000] {processor.py:830} INFO - Processing file /opt/airflow/dags/master_load_bronze_data.py for tasks to queue
[2026-03-02T13:08:44.354+0000] {logging_mixin.py:188} INFO - [2026-03-02T13:08:44.353+0000] {dagbag.py:545} INFO - Filling up the DagBag from /opt/airflow/dags/master_load_bronze_data.py
[2026-03-02T13:08:45.307+0000] {processor.py:840} INFO - DAG(s) 'airbnb_master_ingestion' retrieved from /opt/airflow/dags/master_load_bronze_data.py
[2026-03-02T13:08:45.409+0000] {logging_mixin.py:188} INFO - [2026-03-02T13:08:45.408+0000] {dag.py:3096} INFO - Sync 1 DAGs
[2026-03-02T13:08:45.448+0000] {logging_mixin.py:188} INFO - [2026-03-02T13:08:45.448+0000] {dag.py:3954} INFO - Setting next_dagrun for airbnb_master_ingestion to None, run_after=None
[2026-03-02T13:08:45.497+0000] {processor.py:183} INFO - Processing /opt/airflow/dags/master_load_bronze_data.py took 1.182 seconds
[2026-03-02T13:09:15.947+0000] {processor.py:161} INFO - Started process (PID=1236) to work on /opt/airflow/dags/master_load_bronze_data.py
[2026-03-02T13:09:15.949+0000] {processor.py:830} INFO - Processing file /opt/airflow/dags/master_load_bronze_data.py for tasks to queue
[2026-03-02T13:09:15.954+0000] {logging_mixin.py:188} INFO - [2026-03-02T13:09:15.953+0000] {dagbag.py:545} INFO - Filling up the DagBag from /opt/airflow/dags/master_load_bronze_data.py
[2026-03-02T13:09:16.749+0000] {processor.py:840} INFO - DAG(s) 'airbnb_master_ingestion' retrieved from /opt/airflow/dags/master_load_bronze_data.py
[2026-03-02T13:09:16.840+0000] {logging_mixin.py:188} INFO - [2026-03-02T13:09:16.838+0000] {dag.py:3096} INFO - Sync 1 DAGs
[2026-03-02T13:09:16.869+0000] {logging_mixin.py:188} INFO - [2026-03-02T13:09:16.868+0000] {dag.py:3954} INFO - Setting next_dagrun for airbnb_master_ingestion to None, run_after=None
[2026-03-02T13:09:16.940+0000] {processor.py:183} INFO - Processing /opt/airflow/dags/master_load_bronze_data.py took 1.006 seconds
[2026-03-02T13:09:47.481+0000] {processor.py:161} INFO - Started process (PID=1254) to work on /opt/airflow/dags/master_load_bronze_data.py
[2026-03-02T13:09:47.483+0000] {processor.py:830} INFO - Processing file /opt/airflow/dags/master_load_bronze_data.py for tasks to queue
[2026-03-02T13:09:47.487+0000] {logging_mixin.py:188} INFO - [2026-03-02T13:09:47.487+0000] {dagbag.py:545} INFO - Filling up the DagBag from /opt/airflow/dags/master_load_bronze_data.py
[2026-03-02T13:09:48.101+0000] {processor.py:840} INFO - DAG(s) 'airbnb_master_ingestion' retrieved from /opt/airflow/dags/master_load_bronze_data.py
[2026-03-02T13:09:48.168+0000] {logging_mixin.py:188} INFO - [2026-03-02T13:09:48.167+0000] {dag.py:3096} INFO - Sync 1 DAGs
[2026-03-02T13:09:48.197+0000] {logging_mixin.py:188} INFO - [2026-03-02T13:09:48.196+0000] {dag.py:3954} INFO - Setting next_dagrun for airbnb_master_ingestion to None, run_after=None
[2026-03-02T13:09:48.239+0000] {processor.py:183} INFO - Processing /opt/airflow/dags/master_load_bronze_data.py took 0.770 seconds
[2026-03-02T13:10:18.644+0000] {processor.py:161} INFO - Started process (PID=1272) to work on /opt/airflow/dags/master_load_bronze_data.py
[2026-03-02T13:10:18.648+0000] {processor.py:830} INFO - Processing file /opt/airflow/dags/master_load_bronze_data.py for tasks to queue
[2026-03-02T13:10:18.659+0000] {logging_mixin.py:188} INFO - [2026-03-02T13:10:18.656+0000] {dagbag.py:545} INFO - Filling up the DagBag from /opt/airflow/dags/master_load_bronze_data.py
[2026-03-02T13:10:19.858+0000] {processor.py:840} INFO - DAG(s) 'airbnb_master_ingestion' retrieved from /opt/airflow/dags/master_load_bronze_data.py
[2026-03-02T13:10:20.110+0000] {logging_mixin.py:188} INFO - [2026-03-02T13:10:20.099+0000] {dag.py:3096} INFO - Sync 1 DAGs
[2026-03-02T13:10:20.226+0000] {logging_mixin.py:188} INFO - [2026-03-02T13:10:20.225+0000] {dag.py:3954} INFO - Setting next_dagrun for airbnb_master_ingestion to None, run_after=None
[2026-03-02T13:10:20.296+0000] {processor.py:183} INFO - Processing /opt/airflow/dags/master_load_bronze_data.py took 1.671 seconds
[2026-03-02T13:10:50.613+0000] {processor.py:161} INFO - Started process (PID=1290) to work on /opt/airflow/dags/master_load_bronze_data.py
[2026-03-02T13:10:50.615+0000] {processor.py:830} INFO - Processing file /opt/airflow/dags/master_load_bronze_data.py for tasks to queue
[2026-03-02T13:10:50.619+0000] {logging_mixin.py:188} INFO - [2026-03-02T13:10:50.618+0000] {dagbag.py:545} INFO - Filling up the DagBag from /opt/airflow/dags/master_load_bronze_data.py
[2026-03-02T13:10:51.274+0000] {processor.py:840} INFO - DAG(s) 'airbnb_master_ingestion' retrieved from /opt/airflow/dags/master_load_bronze_data.py
[2026-03-02T13:10:51.347+0000] {logging_mixin.py:188} INFO - [2026-03-02T13:10:51.347+0000] {dag.py:3096} INFO - Sync 1 DAGs
[2026-03-02T13:10:51.374+0000] {logging_mixin.py:188} INFO - [2026-03-02T13:10:51.374+0000] {dag.py:3954} INFO - Setting next_dagrun for airbnb_master_ingestion to None, run_after=None
[2026-03-02T13:10:51.411+0000] {processor.py:183} INFO - Processing /opt/airflow/dags/master_load_bronze_data.py took 0.823 seconds
[2026-03-02T13:11:21.723+0000] {processor.py:161} INFO - Started process (PID=1308) to work on /opt/airflow/dags/master_load_bronze_data.py
[2026-03-02T13:11:21.727+0000] {processor.py:830} INFO - Processing file /opt/airflow/dags/master_load_bronze_data.py for tasks to queue
[2026-03-02T13:11:21.732+0000] {logging_mixin.py:188} INFO - [2026-03-02T13:11:21.731+0000] {dagbag.py:545} INFO - Filling up the DagBag from /opt/airflow/dags/master_load_bronze_data.py
[2026-03-02T13:11:22.784+0000] {processor.py:840} INFO - DAG(s) 'airbnb_master_ingestion' retrieved from /opt/airflow/dags/master_load_bronze_data.py
[2026-03-02T13:11:22.878+0000] {logging_mixin.py:188} INFO - [2026-03-02T13:11:22.877+0000] {dag.py:3096} INFO - Sync 1 DAGs
[2026-03-02T13:11:22.916+0000] {logging_mixin.py:188} INFO - [2026-03-02T13:11:22.916+0000] {dag.py:3954} INFO - Setting next_dagrun for airbnb_master_ingestion to None, run_after=None
[2026-03-02T13:11:22.965+0000] {processor.py:183} INFO - Processing /opt/airflow/dags/master_load_bronze_data.py took 1.257 seconds
[2026-03-02T13:15:11.712+0000] {processor.py:161} INFO - Started process (PID=162) to work on /opt/airflow/dags/master_load_bronze_data.py
[2026-03-02T13:15:11.736+0000] {processor.py:830} INFO - Processing file /opt/airflow/dags/master_load_bronze_data.py for tasks to queue
[2026-03-02T13:15:11.776+0000] {logging_mixin.py:188} INFO - [2026-03-02T13:15:11.775+0000] {dagbag.py:545} INFO - Filling up the DagBag from /opt/airflow/dags/master_load_bronze_data.py
[2026-03-02T13:15:19.711+0000] {processor.py:840} INFO - DAG(s) 'airbnb_master_ingestion' retrieved from /opt/airflow/dags/master_load_bronze_data.py
[2026-03-02T13:15:21.330+0000] {logging_mixin.py:188} INFO - [2026-03-02T13:15:21.329+0000] {dag.py:3096} INFO - Sync 1 DAGs
[2026-03-02T13:15:21.388+0000] {logging_mixin.py:188} INFO - [2026-03-02T13:15:21.387+0000] {dag.py:3954} INFO - Setting next_dagrun for airbnb_master_ingestion to None, run_after=None
[2026-03-02T13:15:21.500+0000] {processor.py:183} INFO - Processing /opt/airflow/dags/master_load_bronze_data.py took 9.856 seconds
[2026-03-02T13:15:52.005+0000] {processor.py:161} INFO - Started process (PID=181) to work on /opt/airflow/dags/master_load_bronze_data.py
[2026-03-02T13:15:52.008+0000] {processor.py:830} INFO - Processing file /opt/airflow/dags/master_load_bronze_data.py for tasks to queue
[2026-03-02T13:15:52.013+0000] {logging_mixin.py:188} INFO - [2026-03-02T13:15:52.012+0000] {dagbag.py:545} INFO - Filling up the DagBag from /opt/airflow/dags/master_load_bronze_data.py
[2026-03-02T13:15:53.348+0000] {processor.py:840} INFO - DAG(s) 'airbnb_master_ingestion' retrieved from /opt/airflow/dags/master_load_bronze_data.py
[2026-03-02T13:15:53.456+0000] {logging_mixin.py:188} INFO - [2026-03-02T13:15:53.455+0000] {dag.py:3096} INFO - Sync 1 DAGs
[2026-03-02T13:15:53.491+0000] {logging_mixin.py:188} INFO - [2026-03-02T13:15:53.490+0000] {dag.py:3954} INFO - Setting next_dagrun for airbnb_master_ingestion to None, run_after=None
[2026-03-02T13:15:53.543+0000] {processor.py:183} INFO - Processing /opt/airflow/dags/master_load_bronze_data.py took 1.557 seconds
[2026-03-02T13:16:24.302+0000] {processor.py:161} INFO - Started process (PID=203) to work on /opt/airflow/dags/master_load_bronze_data.py
[2026-03-02T13:16:24.305+0000] {processor.py:830} INFO - Processing file /opt/airflow/dags/master_load_bronze_data.py for tasks to queue
[2026-03-02T13:16:24.320+0000] {logging_mixin.py:188} INFO - [2026-03-02T13:16:24.319+0000] {dagbag.py:545} INFO - Filling up the DagBag from /opt/airflow/dags/master_load_bronze_data.py
[2026-03-02T13:16:25.704+0000] {processor.py:840} INFO - DAG(s) 'airbnb_master_ingestion' retrieved from /opt/airflow/dags/master_load_bronze_data.py
[2026-03-02T13:16:25.872+0000] {logging_mixin.py:188} INFO - [2026-03-02T13:16:25.871+0000] {dag.py:3096} INFO - Sync 1 DAGs
[2026-03-02T13:16:25.970+0000] {logging_mixin.py:188} INFO - [2026-03-02T13:16:25.969+0000] {dag.py:3954} INFO - Setting next_dagrun for airbnb_master_ingestion to None, run_after=None
[2026-03-02T13:16:26.040+0000] {processor.py:183} INFO - Processing /opt/airflow/dags/master_load_bronze_data.py took 1.654 seconds
[2026-03-02T13:16:56.922+0000] {processor.py:161} INFO - Started process (PID=221) to work on /opt/airflow/dags/master_load_bronze_data.py
[2026-03-02T13:16:56.926+0000] {processor.py:830} INFO - Processing file /opt/airflow/dags/master_load_bronze_data.py for tasks to queue
[2026-03-02T13:16:56.933+0000] {logging_mixin.py:188} INFO - [2026-03-02T13:16:56.933+0000] {dagbag.py:545} INFO - Filling up the DagBag from /opt/airflow/dags/master_load_bronze_data.py
[2026-03-02T13:16:58.606+0000] {processor.py:840} INFO - DAG(s) 'airbnb_master_ingestion' retrieved from /opt/airflow/dags/master_load_bronze_data.py
[2026-03-02T13:16:58.760+0000] {logging_mixin.py:188} INFO - [2026-03-02T13:16:58.759+0000] {dag.py:3096} INFO - Sync 1 DAGs
[2026-03-02T13:16:58.825+0000] {logging_mixin.py:188} INFO - [2026-03-02T13:16:58.824+0000] {dag.py:3954} INFO - Setting next_dagrun for airbnb_master_ingestion to None, run_after=None
[2026-03-02T13:16:58.946+0000] {processor.py:183} INFO - Processing /opt/airflow/dags/master_load_bronze_data.py took 2.052 seconds
