[2026-02-17T11:23:43.709+0000] {local_task_job_runner.py:120} INFO - ::group::Pre task execution logs
[2026-02-17T11:23:43.889+0000] {taskinstance.py:2076} INFO - Dependencies all met for dep_context=non-requeueable deps ti=<TaskInstance: airbnb_master_ingestion.ingest_census_g01 manual__2026-02-17T11:23:16.860372+00:00 [queued]>
[2026-02-17T11:23:43.933+0000] {taskinstance.py:2076} INFO - Dependencies all met for dep_context=requeueable deps ti=<TaskInstance: airbnb_master_ingestion.ingest_census_g01 manual__2026-02-17T11:23:16.860372+00:00 [queued]>
[2026-02-17T11:23:43.943+0000] {taskinstance.py:2306} INFO - Starting attempt 1 of 1
[2026-02-17T11:23:44.019+0000] {taskinstance.py:2330} INFO - Executing <Task(PythonOperator): ingest_census_g01> on 2026-02-17 11:23:16.860372+00:00
[2026-02-17T11:23:44.040+0000] {standard_task_runner.py:63} INFO - Started process 418 to run task
[2026-02-17T11:23:44.054+0000] {standard_task_runner.py:90} INFO - Running: ['airflow', 'tasks', 'run', 'airbnb_master_ingestion', 'ingest_census_g01', 'manual__2026-02-17T11:23:16.860372+00:00', '--job-id', '39', '--raw', '--subdir', 'DAGS_FOLDER/master_load_bronze_data.py', '--cfg-path', '/tmp/tmppzqkjv1j']
[2026-02-17T11:23:44.060+0000] {standard_task_runner.py:91} INFO - Job 39: Subtask ingest_census_g01
[2026-02-17T11:23:44.444+0000] {task_command.py:426} INFO - Running <TaskInstance: airbnb_master_ingestion.ingest_census_g01 manual__2026-02-17T11:23:16.860372+00:00 [running]> on host 6404cf048eb4
[2026-02-17T11:23:45.635+0000] {taskinstance.py:2648} INFO - Exporting env vars: AIRFLOW_CTX_DAG_OWNER='airflow' AIRFLOW_CTX_DAG_ID='airbnb_master_ingestion' AIRFLOW_CTX_TASK_ID='ingest_census_g01' AIRFLOW_CTX_EXECUTION_DATE='2026-02-17T11:23:16.860372+00:00' AIRFLOW_CTX_TRY_NUMBER='1' AIRFLOW_CTX_DAG_RUN_ID='manual__2026-02-17T11:23:16.860372+00:00'
[2026-02-17T11:23:45.670+0000] {taskinstance.py:430} INFO - ::endgroup::
[2026-02-17T11:23:46.046+0000] {logging_mixin.py:188} INFO - Starting ingestion for: Census_LGA/2016Census_G01_NSW_LGA.csv
[2026-02-17T11:23:46.585+0000] {crypto.py:82} WARNING - empty cryptography key - values will not be stored encrypted.
[2026-02-17T11:23:46.602+0000] {base.py:84} INFO - Using connection ID 'postgres_conn' for task execution.
[2026-02-17T11:23:49.073+0000] {logging_mixin.py:188} INFO - Successfully moved 132 rows to nsw_lga_census_2016_g01
[2026-02-17T11:23:49.086+0000] {python.py:237} INFO - Done. Returned value was: None
[2026-02-17T11:23:49.095+0000] {taskinstance.py:441} INFO - ::group::Post task execution logs
[2026-02-17T11:23:49.450+0000] {taskinstance.py:1206} INFO - Marking task as SUCCESS. dag_id=airbnb_master_ingestion, task_id=ingest_census_g01, run_id=manual__2026-02-17T11:23:16.860372+00:00, execution_date=20260217T112316, start_date=20260217T112343, end_date=20260217T112349
[2026-02-17T11:23:50.076+0000] {local_task_job_runner.py:240} INFO - Task exited with return code 0
[2026-02-17T11:23:50.587+0000] {taskinstance.py:3498} INFO - 1 downstream tasks scheduled from follow-on schedule check
[2026-02-17T11:23:50.604+0000] {local_task_job_runner.py:222} INFO - ::endgroup::
