[2026-02-16T04:31:57.403+0000] {local_task_job_runner.py:120} INFO - ::group::Pre task execution logs
[2026-02-16T04:31:57.551+0000] {taskinstance.py:2076} INFO - Dependencies all met for dep_context=non-requeueable deps ti=<TaskInstance: ingest_airbnb_bronze.load_suburb_mapping manual__2026-02-16T04:31:46.787491+00:00 [queued]>
[2026-02-16T04:31:57.586+0000] {taskinstance.py:2076} INFO - Dependencies all met for dep_context=requeueable deps ti=<TaskInstance: ingest_airbnb_bronze.load_suburb_mapping manual__2026-02-16T04:31:46.787491+00:00 [queued]>
[2026-02-16T04:31:57.587+0000] {taskinstance.py:2306} INFO - Starting attempt 1 of 1
[2026-02-16T04:31:57.641+0000] {taskinstance.py:2330} INFO - Executing <Task(PythonOperator): load_suburb_mapping> on 2026-02-16 04:31:46.787491+00:00
[2026-02-16T04:31:57.654+0000] {standard_task_runner.py:63} INFO - Started process 214 to run task
[2026-02-16T04:31:57.680+0000] {standard_task_runner.py:90} INFO - Running: ['airflow', 'tasks', 'run', 'ingest_airbnb_bronze', 'load_suburb_mapping', 'manual__2026-02-16T04:31:46.787491+00:00', '--job-id', '3', '--raw', '--subdir', 'DAGS_FOLDER/load_bronze_data.py', '--cfg-path', '/tmp/tmplss7hj6j']
[2026-02-16T04:31:57.690+0000] {standard_task_runner.py:91} INFO - Job 3: Subtask load_suburb_mapping
[2026-02-16T04:31:58.133+0000] {task_command.py:426} INFO - Running <TaskInstance: ingest_airbnb_bronze.load_suburb_mapping manual__2026-02-16T04:31:46.787491+00:00 [running]> on host 4c46563a9a95
[2026-02-16T04:31:58.633+0000] {taskinstance.py:2648} INFO - Exporting env vars: AIRFLOW_CTX_DAG_OWNER='airflow' AIRFLOW_CTX_DAG_ID='ingest_airbnb_bronze' AIRFLOW_CTX_TASK_ID='load_suburb_mapping' AIRFLOW_CTX_EXECUTION_DATE='2026-02-16T04:31:46.787491+00:00' AIRFLOW_CTX_TRY_NUMBER='1' AIRFLOW_CTX_DAG_RUN_ID='manual__2026-02-16T04:31:46.787491+00:00'
[2026-02-16T04:31:58.638+0000] {taskinstance.py:430} INFO - ::endgroup::
[2026-02-16T04:31:59.413+0000] {crypto.py:82} WARNING - empty cryptography key - values will not be stored encrypted.
[2026-02-16T04:31:59.415+0000] {base.py:84} INFO - Using connection ID 'postgres_conn' for task execution.
[2026-02-16T04:32:01.432+0000] {logging_mixin.py:188} INFO - nsw_lga_suburb loaded successfully!
[2026-02-16T04:32:01.434+0000] {python.py:237} INFO - Done. Returned value was: None
[2026-02-16T04:32:01.437+0000] {taskinstance.py:441} INFO - ::group::Post task execution logs
[2026-02-16T04:32:01.495+0000] {taskinstance.py:1206} INFO - Marking task as SUCCESS. dag_id=ingest_airbnb_bronze, task_id=load_suburb_mapping, run_id=manual__2026-02-16T04:31:46.787491+00:00, execution_date=20260216T043146, start_date=20260216T043157, end_date=20260216T043201
[2026-02-16T04:32:01.620+0000] {local_task_job_runner.py:240} INFO - Task exited with return code 0
[2026-02-16T04:32:01.717+0000] {taskinstance.py:3498} INFO - 1 downstream tasks scheduled from follow-on schedule check
[2026-02-16T04:32:01.722+0000] {local_task_job_runner.py:222} INFO - ::endgroup::
