[2026-02-16T04:32:19.314+0000] {local_task_job_runner.py:120} INFO - ::group::Pre task execution logs
[2026-02-16T04:32:19.610+0000] {taskinstance.py:2076} INFO - Dependencies all met for dep_context=non-requeueable deps ti=<TaskInstance: ingest_airbnb_bronze.load_listings manual__2026-02-16T04:31:46.787491+00:00 [queued]>
[2026-02-16T04:32:19.682+0000] {taskinstance.py:2076} INFO - Dependencies all met for dep_context=requeueable deps ti=<TaskInstance: ingest_airbnb_bronze.load_listings manual__2026-02-16T04:31:46.787491+00:00 [queued]>
[2026-02-16T04:32:19.684+0000] {taskinstance.py:2306} INFO - Starting attempt 1 of 1
[2026-02-16T04:32:19.786+0000] {taskinstance.py:2330} INFO - Executing <Task(PythonOperator): load_listings> on 2026-02-16 04:31:46.787491+00:00
[2026-02-16T04:32:19.811+0000] {standard_task_runner.py:63} INFO - Started process 225 to run task
[2026-02-16T04:32:19.833+0000] {standard_task_runner.py:90} INFO - Running: ['airflow', 'tasks', 'run', 'ingest_airbnb_bronze', 'load_listings', 'manual__2026-02-16T04:31:46.787491+00:00', '--job-id', '6', '--raw', '--subdir', 'DAGS_FOLDER/load_bronze_data.py', '--cfg-path', '/tmp/tmpassf5mt5']
[2026-02-16T04:32:19.853+0000] {standard_task_runner.py:91} INFO - Job 6: Subtask load_listings
[2026-02-16T04:32:20.498+0000] {task_command.py:426} INFO - Running <TaskInstance: ingest_airbnb_bronze.load_listings manual__2026-02-16T04:31:46.787491+00:00 [running]> on host 4c46563a9a95
[2026-02-16T04:32:21.237+0000] {taskinstance.py:2648} INFO - Exporting env vars: AIRFLOW_CTX_DAG_OWNER='airflow' AIRFLOW_CTX_DAG_ID='ingest_airbnb_bronze' AIRFLOW_CTX_TASK_ID='load_listings' AIRFLOW_CTX_EXECUTION_DATE='2026-02-16T04:31:46.787491+00:00' AIRFLOW_CTX_TRY_NUMBER='1' AIRFLOW_CTX_DAG_RUN_ID='manual__2026-02-16T04:31:46.787491+00:00'
[2026-02-16T04:32:21.241+0000] {taskinstance.py:430} INFO - ::endgroup::
[2026-02-16T04:32:22.839+0000] {crypto.py:82} WARNING - empty cryptography key - values will not be stored encrypted.
[2026-02-16T04:32:22.842+0000] {base.py:84} INFO - Using connection ID 'postgres_conn' for task execution.
[2026-02-16T04:32:47.013+0000] {logging_mixin.py:188} INFO - listings_05_2020 loaded successfully!
[2026-02-16T04:32:47.025+0000] {python.py:237} INFO - Done. Returned value was: None
[2026-02-16T04:32:47.028+0000] {taskinstance.py:441} INFO - ::group::Post task execution logs
[2026-02-16T04:32:47.166+0000] {taskinstance.py:1206} INFO - Marking task as SUCCESS. dag_id=ingest_airbnb_bronze, task_id=load_listings, run_id=manual__2026-02-16T04:31:46.787491+00:00, execution_date=20260216T043146, start_date=20260216T043219, end_date=20260216T043247
[2026-02-16T04:32:47.334+0000] {local_task_job_runner.py:240} INFO - Task exited with return code 0
[2026-02-16T04:32:47.407+0000] {taskinstance.py:3498} INFO - 0 downstream tasks scheduled from follow-on schedule check
[2026-02-16T04:32:47.413+0000] {local_task_job_runner.py:222} INFO - ::endgroup::
