[2026-03-02T12:50:51.759+0000] {local_task_job_runner.py:120} INFO - ::group::Pre task execution logs
[2026-03-02T12:50:54.013+0000] {taskinstance.py:2076} INFO - Dependencies all met for dep_context=non-requeueable deps ti=<TaskInstance: airbnb_master_ingestion_v2.ingest_suburb_mapping manual__2026-03-02T12:50:24.914955+00:00 [queued]>
[2026-03-02T12:50:54.128+0000] {taskinstance.py:2076} INFO - Dependencies all met for dep_context=requeueable deps ti=<TaskInstance: airbnb_master_ingestion_v2.ingest_suburb_mapping manual__2026-03-02T12:50:24.914955+00:00 [queued]>
[2026-03-02T12:50:54.131+0000] {taskinstance.py:2306} INFO - Starting attempt 1 of 1
[2026-03-02T12:50:54.317+0000] {taskinstance.py:2330} INFO - Executing <Task(PythonOperator): ingest_suburb_mapping> on 2026-03-02 12:50:24.914955+00:00
[2026-03-02T12:50:54.345+0000] {standard_task_runner.py:63} INFO - Started process 594 to run task
[2026-03-02T12:50:54.443+0000] {standard_task_runner.py:90} INFO - Running: ['airflow', 'tasks', 'run', 'airbnb_master_ingestion_v2', 'ingest_suburb_mapping', 'manual__2026-03-02T12:50:24.914955+00:00', '--job-id', '56', '--raw', '--subdir', 'DAGS_FOLDER/newly_dag_for_test_master_load_bronze.py', '--cfg-path', '/tmp/tmp7oveobei']
[2026-03-02T12:50:54.603+0000] {standard_task_runner.py:91} INFO - Job 56: Subtask ingest_suburb_mapping
[2026-03-02T12:50:55.682+0000] {task_command.py:426} INFO - Running <TaskInstance: airbnb_master_ingestion_v2.ingest_suburb_mapping manual__2026-03-02T12:50:24.914955+00:00 [running]> on host af14385ea4f7
[2026-03-02T12:50:56.999+0000] {taskinstance.py:2648} INFO - Exporting env vars: AIRFLOW_CTX_DAG_OWNER='airflow' AIRFLOW_CTX_DAG_ID='airbnb_master_ingestion_v2' AIRFLOW_CTX_TASK_ID='ingest_suburb_mapping' AIRFLOW_CTX_EXECUTION_DATE='2026-03-02T12:50:24.914955+00:00' AIRFLOW_CTX_TRY_NUMBER='1' AIRFLOW_CTX_DAG_RUN_ID='manual__2026-03-02T12:50:24.914955+00:00'
[2026-03-02T12:50:57.011+0000] {taskinstance.py:430} INFO - ::endgroup::
[2026-03-02T12:50:57.653+0000] {logging_mixin.py:188} INFO - Starting ingestion for: NSW_LGA/NSW_LGA_SUBURB.csv
[2026-03-02T12:50:59.208+0000] {crypto.py:82} WARNING - empty cryptography key - values will not be stored encrypted.
[2026-03-02T12:50:59.211+0000] {base.py:84} INFO - Using connection ID 'postgres_conn' for task execution.
[2026-03-02T12:51:04.029+0000] {logging_mixin.py:188} INFO - Successfully moved 4470 rows to nsw_lga_suburb
[2026-03-02T12:51:04.040+0000] {python.py:237} INFO - Done. Returned value was: None
[2026-03-02T12:51:04.045+0000] {taskinstance.py:441} INFO - ::group::Post task execution logs
[2026-03-02T12:51:04.120+0000] {taskinstance.py:1206} INFO - Marking task as SUCCESS. dag_id=airbnb_master_ingestion_v2, task_id=ingest_suburb_mapping, run_id=manual__2026-03-02T12:50:24.914955+00:00, execution_date=20260302T125024, start_date=20260302T125054, end_date=20260302T125104
[2026-03-02T12:51:04.333+0000] {local_task_job_runner.py:240} INFO - Task exited with return code 0
[2026-03-02T12:51:04.476+0000] {taskinstance.py:3498} INFO - 1 downstream tasks scheduled from follow-on schedule check
[2026-03-02T12:51:04.485+0000] {local_task_job_runner.py:222} INFO - ::endgroup::
