[2026-02-16T12:27:11.343+0000] {processor.py:161} INFO - Started process (PID=1286) to work on /opt/airflow/dags/master_load_bronze_data.py
[2026-02-16T12:27:11.345+0000] {processor.py:830} INFO - Processing file /opt/airflow/dags/master_load_bronze_data.py for tasks to queue
[2026-02-16T12:27:11.350+0000] {logging_mixin.py:188} INFO - [2026-02-16T12:27:11.349+0000] {dagbag.py:545} INFO - Filling up the DagBag from /opt/airflow/dags/master_load_bronze_data.py
[2026-02-16T12:27:13.111+0000] {processor.py:840} INFO - DAG(s) 'airbnb_master_ingestion' retrieved from /opt/airflow/dags/master_load_bronze_data.py
[2026-02-16T12:27:13.696+0000] {logging_mixin.py:188} INFO - [2026-02-16T12:27:13.694+0000] {override.py:1829} INFO - Created Permission View: can edit on DAG:airbnb_master_ingestion
[2026-02-16T12:27:13.756+0000] {logging_mixin.py:188} INFO - [2026-02-16T12:27:13.755+0000] {override.py:1829} INFO - Created Permission View: can delete on DAG:airbnb_master_ingestion
[2026-02-16T12:27:13.804+0000] {logging_mixin.py:188} INFO - [2026-02-16T12:27:13.802+0000] {override.py:1829} INFO - Created Permission View: can read on DAG:airbnb_master_ingestion
[2026-02-16T12:27:13.812+0000] {logging_mixin.py:188} INFO - [2026-02-16T12:27:13.809+0000] {dag.py:3096} INFO - Sync 1 DAGs
[2026-02-16T12:27:13.864+0000] {logging_mixin.py:188} INFO - [2026-02-16T12:27:13.863+0000] {dag.py:3118} INFO - Creating ORM DAG for airbnb_master_ingestion
[2026-02-16T12:27:13.867+0000] {logging_mixin.py:188} INFO - [2026-02-16T12:27:13.867+0000] {dag.py:3954} INFO - Setting next_dagrun for airbnb_master_ingestion to None, run_after=None
[2026-02-16T12:27:13.921+0000] {processor.py:183} INFO - Processing /opt/airflow/dags/master_load_bronze_data.py took 2.596 seconds
[2026-02-16T12:27:31.517+0000] {processor.py:161} INFO - Started process (PID=1292) to work on /opt/airflow/dags/master_load_bronze_data.py
[2026-02-16T12:27:31.521+0000] {processor.py:830} INFO - Processing file /opt/airflow/dags/master_load_bronze_data.py for tasks to queue
[2026-02-16T12:27:31.531+0000] {logging_mixin.py:188} INFO - [2026-02-16T12:27:31.529+0000] {dagbag.py:545} INFO - Filling up the DagBag from /opt/airflow/dags/master_load_bronze_data.py
[2026-02-16T12:27:32.731+0000] {processor.py:840} INFO - DAG(s) 'airbnb_master_ingestion' retrieved from /opt/airflow/dags/master_load_bronze_data.py
[2026-02-16T12:27:32.778+0000] {logging_mixin.py:188} INFO - [2026-02-16T12:27:32.777+0000] {dag.py:3096} INFO - Sync 1 DAGs
[2026-02-16T12:27:32.814+0000] {logging_mixin.py:188} INFO - [2026-02-16T12:27:32.813+0000] {dag.py:3954} INFO - Setting next_dagrun for airbnb_master_ingestion to None, run_after=None
[2026-02-16T12:27:32.881+0000] {processor.py:183} INFO - Processing /opt/airflow/dags/master_load_bronze_data.py took 1.387 seconds
[2026-02-16T12:27:33.629+0000] {processor.py:161} INFO - Started process (PID=1298) to work on /opt/airflow/dags/master_load_bronze_data.py
[2026-02-16T12:27:33.631+0000] {processor.py:830} INFO - Processing file /opt/airflow/dags/master_load_bronze_data.py for tasks to queue
[2026-02-16T12:27:33.636+0000] {logging_mixin.py:188} INFO - [2026-02-16T12:27:33.635+0000] {dagbag.py:545} INFO - Filling up the DagBag from /opt/airflow/dags/master_load_bronze_data.py
[2026-02-16T12:27:35.370+0000] {processor.py:840} INFO - DAG(s) 'airbnb_master_ingestion' retrieved from /opt/airflow/dags/master_load_bronze_data.py
[2026-02-16T12:27:35.436+0000] {logging_mixin.py:188} INFO - [2026-02-16T12:27:35.434+0000] {dag.py:3096} INFO - Sync 1 DAGs
[2026-02-16T12:27:35.482+0000] {logging_mixin.py:188} INFO - [2026-02-16T12:27:35.481+0000] {dag.py:3954} INFO - Setting next_dagrun for airbnb_master_ingestion to None, run_after=None
[2026-02-16T12:27:35.554+0000] {processor.py:183} INFO - Processing /opt/airflow/dags/master_load_bronze_data.py took 1.942 seconds
[2026-02-16T12:28:05.957+0000] {processor.py:161} INFO - Started process (PID=1310) to work on /opt/airflow/dags/master_load_bronze_data.py
[2026-02-16T12:28:05.961+0000] {processor.py:830} INFO - Processing file /opt/airflow/dags/master_load_bronze_data.py for tasks to queue
[2026-02-16T12:28:05.968+0000] {logging_mixin.py:188} INFO - [2026-02-16T12:28:05.967+0000] {dagbag.py:545} INFO - Filling up the DagBag from /opt/airflow/dags/master_load_bronze_data.py
[2026-02-16T12:28:07.663+0000] {processor.py:840} INFO - DAG(s) 'airbnb_master_ingestion' retrieved from /opt/airflow/dags/master_load_bronze_data.py
[2026-02-16T12:28:08.149+0000] {logging_mixin.py:188} INFO - [2026-02-16T12:28:08.148+0000] {dag.py:3096} INFO - Sync 1 DAGs
[2026-02-16T12:28:08.232+0000] {logging_mixin.py:188} INFO - [2026-02-16T12:28:08.231+0000] {dag.py:3954} INFO - Setting next_dagrun for airbnb_master_ingestion to None, run_after=None
[2026-02-16T12:28:08.517+0000] {processor.py:183} INFO - Processing /opt/airflow/dags/master_load_bronze_data.py took 2.578 seconds
[2026-02-16T12:28:39.519+0000] {processor.py:161} INFO - Started process (PID=1322) to work on /opt/airflow/dags/master_load_bronze_data.py
[2026-02-16T12:28:39.523+0000] {processor.py:830} INFO - Processing file /opt/airflow/dags/master_load_bronze_data.py for tasks to queue
[2026-02-16T12:28:39.531+0000] {logging_mixin.py:188} INFO - [2026-02-16T12:28:39.529+0000] {dagbag.py:545} INFO - Filling up the DagBag from /opt/airflow/dags/master_load_bronze_data.py
[2026-02-16T12:28:40.391+0000] {processor.py:840} INFO - DAG(s) 'airbnb_master_ingestion' retrieved from /opt/airflow/dags/master_load_bronze_data.py
[2026-02-16T12:28:40.488+0000] {logging_mixin.py:188} INFO - [2026-02-16T12:28:40.487+0000] {dag.py:3096} INFO - Sync 1 DAGs
[2026-02-16T12:28:40.547+0000] {logging_mixin.py:188} INFO - [2026-02-16T12:28:40.547+0000] {dag.py:3954} INFO - Setting next_dagrun for airbnb_master_ingestion to None, run_after=None
[2026-02-16T12:28:40.612+0000] {processor.py:183} INFO - Processing /opt/airflow/dags/master_load_bronze_data.py took 1.115 seconds
[2026-02-16T12:28:55.246+0000] {processor.py:161} INFO - Started process (PID=1334) to work on /opt/airflow/dags/master_load_bronze_data.py
[2026-02-16T12:28:55.263+0000] {processor.py:830} INFO - Processing file /opt/airflow/dags/master_load_bronze_data.py for tasks to queue
[2026-02-16T12:28:55.299+0000] {logging_mixin.py:188} INFO - [2026-02-16T12:28:55.297+0000] {dagbag.py:545} INFO - Filling up the DagBag from /opt/airflow/dags/master_load_bronze_data.py
[2026-02-16T12:28:56.752+0000] {logging_mixin.py:188} INFO - [2026-02-16T12:28:56.700+0000] {dagbag.py:355} ERROR - Failed to import: /opt/airflow/dags/master_load_bronze_data.py
Traceback (most recent call last):
  File "/home/airflow/.local/lib/python3.10/site-packages/airflow/models/dagbag.py", line 351, in parse
    loader.exec_module(new_module)
  File "<frozen importlib._bootstrap_external>", line 883, in exec_module
  File "<frozen importlib._bootstrap>", line 241, in _call_with_frames_removed
  File "/opt/airflow/dags/master_load_bronze_data.py", line 74, in <module>
    t = PythonOperator(
  File "/home/airflow/.local/lib/python3.10/site-packages/airflow/models/baseoperator.py", line 484, in apply_defaults
    result = func(self, **kwargs, default_args=default_args)
  File "/home/airflow/.local/lib/python3.10/site-packages/airflow/operators/python.py", line 220, in __init__
    super().__init__(**kwargs)
  File "/home/airflow/.local/lib/python3.10/site-packages/airflow/models/baseoperator.py", line 484, in apply_defaults
    result = func(self, **kwargs, default_args=default_args)
  File "/home/airflow/.local/lib/python3.10/site-packages/airflow/models/baseoperator.py", line 899, in __init__
    task_group.add(self)
  File "/home/airflow/.local/lib/python3.10/site-packages/airflow/utils/task_group.py", line 232, in add
    raise DuplicateTaskIdFound(f"{node_type} id '{key}' has already been added to the DAG")
airflow.exceptions.DuplicateTaskIdFound: Task id 'ingest_listings_05_2020' has already been added to the DAG
[2026-02-16T12:28:56.754+0000] {processor.py:842} WARNING - No viable dags retrieved from /opt/airflow/dags/master_load_bronze_data.py
[2026-02-16T12:28:56.810+0000] {processor.py:183} INFO - Processing /opt/airflow/dags/master_load_bronze_data.py took 1.616 seconds
[2026-02-16T12:29:08.231+0000] {processor.py:161} INFO - Started process (PID=1340) to work on /opt/airflow/dags/master_load_bronze_data.py
[2026-02-16T12:29:08.240+0000] {processor.py:830} INFO - Processing file /opt/airflow/dags/master_load_bronze_data.py for tasks to queue
[2026-02-16T12:29:08.251+0000] {logging_mixin.py:188} INFO - [2026-02-16T12:29:08.247+0000] {dagbag.py:545} INFO - Filling up the DagBag from /opt/airflow/dags/master_load_bronze_data.py
[2026-02-16T12:29:09.907+0000] {logging_mixin.py:188} INFO - [2026-02-16T12:29:09.893+0000] {dagbag.py:355} ERROR - Failed to import: /opt/airflow/dags/master_load_bronze_data.py
Traceback (most recent call last):
  File "/home/airflow/.local/lib/python3.10/site-packages/airflow/models/dagbag.py", line 351, in parse
    loader.exec_module(new_module)
  File "<frozen importlib._bootstrap_external>", line 883, in exec_module
  File "<frozen importlib._bootstrap>", line 241, in _call_with_frames_removed
  File "/opt/airflow/dags/master_load_bronze_data.py", line 74, in <module>
    t = PythonOperator(
  File "/home/airflow/.local/lib/python3.10/site-packages/airflow/models/baseoperator.py", line 484, in apply_defaults
    result = func(self, **kwargs, default_args=default_args)
  File "/home/airflow/.local/lib/python3.10/site-packages/airflow/operators/python.py", line 220, in __init__
    super().__init__(**kwargs)
  File "/home/airflow/.local/lib/python3.10/site-packages/airflow/models/baseoperator.py", line 484, in apply_defaults
    result = func(self, **kwargs, default_args=default_args)
  File "/home/airflow/.local/lib/python3.10/site-packages/airflow/models/baseoperator.py", line 899, in __init__
    task_group.add(self)
  File "/home/airflow/.local/lib/python3.10/site-packages/airflow/utils/task_group.py", line 232, in add
    raise DuplicateTaskIdFound(f"{node_type} id '{key}' has already been added to the DAG")
airflow.exceptions.DuplicateTaskIdFound: Task id 'ingest_listings_05_2020' has already been added to the DAG
[2026-02-16T12:29:09.908+0000] {processor.py:842} WARNING - No viable dags retrieved from /opt/airflow/dags/master_load_bronze_data.py
[2026-02-16T12:29:09.976+0000] {processor.py:183} INFO - Processing /opt/airflow/dags/master_load_bronze_data.py took 1.789 seconds
[2026-02-16T12:29:40.101+0000] {processor.py:161} INFO - Started process (PID=1352) to work on /opt/airflow/dags/master_load_bronze_data.py
[2026-02-16T12:29:40.103+0000] {processor.py:830} INFO - Processing file /opt/airflow/dags/master_load_bronze_data.py for tasks to queue
[2026-02-16T12:29:40.107+0000] {logging_mixin.py:188} INFO - [2026-02-16T12:29:40.107+0000] {dagbag.py:545} INFO - Filling up the DagBag from /opt/airflow/dags/master_load_bronze_data.py
[2026-02-16T12:29:40.904+0000] {logging_mixin.py:188} INFO - [2026-02-16T12:29:40.894+0000] {dagbag.py:355} ERROR - Failed to import: /opt/airflow/dags/master_load_bronze_data.py
Traceback (most recent call last):
  File "/home/airflow/.local/lib/python3.10/site-packages/airflow/models/dagbag.py", line 351, in parse
    loader.exec_module(new_module)
  File "<frozen importlib._bootstrap_external>", line 883, in exec_module
  File "<frozen importlib._bootstrap>", line 241, in _call_with_frames_removed
  File "/opt/airflow/dags/master_load_bronze_data.py", line 74, in <module>
    t = PythonOperator(
  File "/home/airflow/.local/lib/python3.10/site-packages/airflow/models/baseoperator.py", line 484, in apply_defaults
    result = func(self, **kwargs, default_args=default_args)
  File "/home/airflow/.local/lib/python3.10/site-packages/airflow/operators/python.py", line 220, in __init__
    super().__init__(**kwargs)
  File "/home/airflow/.local/lib/python3.10/site-packages/airflow/models/baseoperator.py", line 484, in apply_defaults
    result = func(self, **kwargs, default_args=default_args)
  File "/home/airflow/.local/lib/python3.10/site-packages/airflow/models/baseoperator.py", line 899, in __init__
    task_group.add(self)
  File "/home/airflow/.local/lib/python3.10/site-packages/airflow/utils/task_group.py", line 232, in add
    raise DuplicateTaskIdFound(f"{node_type} id '{key}' has already been added to the DAG")
airflow.exceptions.DuplicateTaskIdFound: Task id 'ingest_listings_05_2020' has already been added to the DAG
[2026-02-16T12:29:40.906+0000] {processor.py:842} WARNING - No viable dags retrieved from /opt/airflow/dags/master_load_bronze_data.py
[2026-02-16T12:29:40.958+0000] {processor.py:183} INFO - Processing /opt/airflow/dags/master_load_bronze_data.py took 0.873 seconds
[2026-02-16T12:30:00.847+0000] {processor.py:161} INFO - Started process (PID=1364) to work on /opt/airflow/dags/master_load_bronze_data.py
[2026-02-16T12:30:00.849+0000] {processor.py:830} INFO - Processing file /opt/airflow/dags/master_load_bronze_data.py for tasks to queue
[2026-02-16T12:30:00.853+0000] {logging_mixin.py:188} INFO - [2026-02-16T12:30:00.852+0000] {dagbag.py:545} INFO - Filling up the DagBag from /opt/airflow/dags/master_load_bronze_data.py
[2026-02-16T12:30:01.993+0000] {logging_mixin.py:188} INFO - [2026-02-16T12:30:01.931+0000] {dagbag.py:355} ERROR - Failed to import: /opt/airflow/dags/master_load_bronze_data.py
Traceback (most recent call last):
  File "/home/airflow/.local/lib/python3.10/site-packages/airflow/models/dagbag.py", line 351, in parse
    loader.exec_module(new_module)
  File "<frozen importlib._bootstrap_external>", line 883, in exec_module
  File "<frozen importlib._bootstrap>", line 241, in _call_with_frames_removed
  File "/opt/airflow/dags/master_load_bronze_data.py", line 74, in <module>
    t = PythonOperator(
  File "/home/airflow/.local/lib/python3.10/site-packages/airflow/models/baseoperator.py", line 484, in apply_defaults
    result = func(self, **kwargs, default_args=default_args)
  File "/home/airflow/.local/lib/python3.10/site-packages/airflow/operators/python.py", line 220, in __init__
    super().__init__(**kwargs)
  File "/home/airflow/.local/lib/python3.10/site-packages/airflow/models/baseoperator.py", line 484, in apply_defaults
    result = func(self, **kwargs, default_args=default_args)
  File "/home/airflow/.local/lib/python3.10/site-packages/airflow/models/baseoperator.py", line 899, in __init__
    task_group.add(self)
  File "/home/airflow/.local/lib/python3.10/site-packages/airflow/utils/task_group.py", line 232, in add
    raise DuplicateTaskIdFound(f"{node_type} id '{key}' has already been added to the DAG")
airflow.exceptions.DuplicateTaskIdFound: Task id 'ingest_listings_05_2020' has already been added to the DAG
[2026-02-16T12:30:01.997+0000] {processor.py:842} WARNING - No viable dags retrieved from /opt/airflow/dags/master_load_bronze_data.py
[2026-02-16T12:30:02.102+0000] {processor.py:183} INFO - Processing /opt/airflow/dags/master_load_bronze_data.py took 1.277 seconds
[2026-02-16T12:30:04.484+0000] {processor.py:161} INFO - Started process (PID=1370) to work on /opt/airflow/dags/master_load_bronze_data.py
[2026-02-16T12:30:04.487+0000] {processor.py:830} INFO - Processing file /opt/airflow/dags/master_load_bronze_data.py for tasks to queue
[2026-02-16T12:30:04.490+0000] {logging_mixin.py:188} INFO - [2026-02-16T12:30:04.489+0000] {dagbag.py:545} INFO - Filling up the DagBag from /opt/airflow/dags/master_load_bronze_data.py
[2026-02-16T12:30:05.707+0000] {logging_mixin.py:188} INFO - [2026-02-16T12:30:05.698+0000] {dagbag.py:355} ERROR - Failed to import: /opt/airflow/dags/master_load_bronze_data.py
Traceback (most recent call last):
  File "/home/airflow/.local/lib/python3.10/site-packages/airflow/models/dagbag.py", line 351, in parse
    loader.exec_module(new_module)
  File "<frozen importlib._bootstrap_external>", line 883, in exec_module
  File "<frozen importlib._bootstrap>", line 241, in _call_with_frames_removed
  File "/opt/airflow/dags/master_load_bronze_data.py", line 74, in <module>
    t = PythonOperator(
  File "/home/airflow/.local/lib/python3.10/site-packages/airflow/models/baseoperator.py", line 484, in apply_defaults
    result = func(self, **kwargs, default_args=default_args)
  File "/home/airflow/.local/lib/python3.10/site-packages/airflow/operators/python.py", line 220, in __init__
    super().__init__(**kwargs)
  File "/home/airflow/.local/lib/python3.10/site-packages/airflow/models/baseoperator.py", line 484, in apply_defaults
    result = func(self, **kwargs, default_args=default_args)
  File "/home/airflow/.local/lib/python3.10/site-packages/airflow/models/baseoperator.py", line 899, in __init__
    task_group.add(self)
  File "/home/airflow/.local/lib/python3.10/site-packages/airflow/utils/task_group.py", line 232, in add
    raise DuplicateTaskIdFound(f"{node_type} id '{key}' has already been added to the DAG")
airflow.exceptions.DuplicateTaskIdFound: Task id 'ingest_listings_05_2020' has already been added to the DAG
[2026-02-16T12:30:05.709+0000] {processor.py:842} WARNING - No viable dags retrieved from /opt/airflow/dags/master_load_bronze_data.py
[2026-02-16T12:30:05.761+0000] {processor.py:183} INFO - Processing /opt/airflow/dags/master_load_bronze_data.py took 1.325 seconds
[2026-02-16T12:30:07.634+0000] {processor.py:161} INFO - Started process (PID=1376) to work on /opt/airflow/dags/master_load_bronze_data.py
[2026-02-16T12:30:07.638+0000] {processor.py:830} INFO - Processing file /opt/airflow/dags/master_load_bronze_data.py for tasks to queue
[2026-02-16T12:30:07.642+0000] {logging_mixin.py:188} INFO - [2026-02-16T12:30:07.641+0000] {dagbag.py:545} INFO - Filling up the DagBag from /opt/airflow/dags/master_load_bronze_data.py
[2026-02-16T12:30:09.152+0000] {logging_mixin.py:188} INFO - [2026-02-16T12:30:09.091+0000] {dagbag.py:355} ERROR - Failed to import: /opt/airflow/dags/master_load_bronze_data.py
Traceback (most recent call last):
  File "/home/airflow/.local/lib/python3.10/site-packages/airflow/models/dagbag.py", line 351, in parse
    loader.exec_module(new_module)
  File "<frozen importlib._bootstrap_external>", line 883, in exec_module
  File "<frozen importlib._bootstrap>", line 241, in _call_with_frames_removed
  File "/opt/airflow/dags/master_load_bronze_data.py", line 74, in <module>
    t = PythonOperator(
  File "/home/airflow/.local/lib/python3.10/site-packages/airflow/models/baseoperator.py", line 484, in apply_defaults
    result = func(self, **kwargs, default_args=default_args)
  File "/home/airflow/.local/lib/python3.10/site-packages/airflow/operators/python.py", line 220, in __init__
    super().__init__(**kwargs)
  File "/home/airflow/.local/lib/python3.10/site-packages/airflow/models/baseoperator.py", line 484, in apply_defaults
    result = func(self, **kwargs, default_args=default_args)
  File "/home/airflow/.local/lib/python3.10/site-packages/airflow/models/baseoperator.py", line 899, in __init__
    task_group.add(self)
  File "/home/airflow/.local/lib/python3.10/site-packages/airflow/utils/task_group.py", line 232, in add
    raise DuplicateTaskIdFound(f"{node_type} id '{key}' has already been added to the DAG")
airflow.exceptions.DuplicateTaskIdFound: Task id 'ingest_listings_05_2020' has already been added to the DAG
[2026-02-16T12:30:09.154+0000] {processor.py:842} WARNING - No viable dags retrieved from /opt/airflow/dags/master_load_bronze_data.py
[2026-02-16T12:30:09.221+0000] {processor.py:183} INFO - Processing /opt/airflow/dags/master_load_bronze_data.py took 1.629 seconds
[2026-02-16T12:30:13.158+0000] {processor.py:161} INFO - Started process (PID=1382) to work on /opt/airflow/dags/master_load_bronze_data.py
[2026-02-16T12:30:13.160+0000] {processor.py:830} INFO - Processing file /opt/airflow/dags/master_load_bronze_data.py for tasks to queue
[2026-02-16T12:30:13.163+0000] {logging_mixin.py:188} INFO - [2026-02-16T12:30:13.162+0000] {dagbag.py:545} INFO - Filling up the DagBag from /opt/airflow/dags/master_load_bronze_data.py
[2026-02-16T12:30:14.217+0000] {processor.py:840} INFO - DAG(s) 'airbnb_master_ingestion' retrieved from /opt/airflow/dags/master_load_bronze_data.py
[2026-02-16T12:30:14.541+0000] {logging_mixin.py:188} INFO - [2026-02-16T12:30:14.540+0000] {dag.py:3096} INFO - Sync 1 DAGs
[2026-02-16T12:30:14.571+0000] {logging_mixin.py:188} INFO - [2026-02-16T12:30:14.570+0000] {dag.py:3954} INFO - Setting next_dagrun for airbnb_master_ingestion to None, run_after=None
[2026-02-16T12:30:14.627+0000] {processor.py:183} INFO - Processing /opt/airflow/dags/master_load_bronze_data.py took 1.486 seconds
[2026-02-16T12:30:19.262+0000] {processor.py:161} INFO - Started process (PID=1394) to work on /opt/airflow/dags/master_load_bronze_data.py
[2026-02-16T12:30:19.265+0000] {processor.py:830} INFO - Processing file /opt/airflow/dags/master_load_bronze_data.py for tasks to queue
[2026-02-16T12:30:19.267+0000] {logging_mixin.py:188} INFO - [2026-02-16T12:30:19.266+0000] {dagbag.py:545} INFO - Filling up the DagBag from /opt/airflow/dags/master_load_bronze_data.py
[2026-02-16T12:30:20.241+0000] {processor.py:840} INFO - DAG(s) 'airbnb_master_ingestion' retrieved from /opt/airflow/dags/master_load_bronze_data.py
[2026-02-16T12:30:20.292+0000] {logging_mixin.py:188} INFO - [2026-02-16T12:30:20.291+0000] {dag.py:3096} INFO - Sync 1 DAGs
[2026-02-16T12:30:20.325+0000] {logging_mixin.py:188} INFO - [2026-02-16T12:30:20.325+0000] {dag.py:3954} INFO - Setting next_dagrun for airbnb_master_ingestion to None, run_after=None
[2026-02-16T12:30:20.376+0000] {processor.py:183} INFO - Processing /opt/airflow/dags/master_load_bronze_data.py took 1.130 seconds
[2026-02-16T12:30:37.421+0000] {processor.py:161} INFO - Started process (PID=1400) to work on /opt/airflow/dags/master_load_bronze_data.py
[2026-02-16T12:30:37.425+0000] {processor.py:830} INFO - Processing file /opt/airflow/dags/master_load_bronze_data.py for tasks to queue
[2026-02-16T12:30:37.430+0000] {logging_mixin.py:188} INFO - [2026-02-16T12:30:37.428+0000] {dagbag.py:545} INFO - Filling up the DagBag from /opt/airflow/dags/master_load_bronze_data.py
[2026-02-16T12:30:38.639+0000] {processor.py:840} INFO - DAG(s) 'airbnb_master_ingestion' retrieved from /opt/airflow/dags/master_load_bronze_data.py
[2026-02-16T12:30:38.717+0000] {logging_mixin.py:188} INFO - [2026-02-16T12:30:38.716+0000] {dag.py:3096} INFO - Sync 1 DAGs
[2026-02-16T12:30:38.769+0000] {logging_mixin.py:188} INFO - [2026-02-16T12:30:38.768+0000] {dag.py:3954} INFO - Setting next_dagrun for airbnb_master_ingestion to None, run_after=None
[2026-02-16T12:30:38.865+0000] {processor.py:183} INFO - Processing /opt/airflow/dags/master_load_bronze_data.py took 1.461 seconds
[2026-02-16T12:30:40.522+0000] {processor.py:161} INFO - Started process (PID=1406) to work on /opt/airflow/dags/master_load_bronze_data.py
[2026-02-16T12:30:40.525+0000] {processor.py:830} INFO - Processing file /opt/airflow/dags/master_load_bronze_data.py for tasks to queue
[2026-02-16T12:30:40.528+0000] {logging_mixin.py:188} INFO - [2026-02-16T12:30:40.527+0000] {dagbag.py:545} INFO - Filling up the DagBag from /opt/airflow/dags/master_load_bronze_data.py
[2026-02-16T12:30:41.524+0000] {processor.py:840} INFO - DAG(s) 'airbnb_master_ingestion' retrieved from /opt/airflow/dags/master_load_bronze_data.py
[2026-02-16T12:30:41.569+0000] {logging_mixin.py:188} INFO - [2026-02-16T12:30:41.568+0000] {dag.py:3096} INFO - Sync 1 DAGs
[2026-02-16T12:30:41.607+0000] {logging_mixin.py:188} INFO - [2026-02-16T12:30:41.606+0000] {dag.py:3954} INFO - Setting next_dagrun for airbnb_master_ingestion to None, run_after=None
[2026-02-16T12:30:41.659+0000] {processor.py:183} INFO - Processing /opt/airflow/dags/master_load_bronze_data.py took 1.158 seconds
[2026-02-16T12:30:45.026+0000] {processor.py:161} INFO - Started process (PID=1412) to work on /opt/airflow/dags/master_load_bronze_data.py
[2026-02-16T12:30:45.029+0000] {processor.py:830} INFO - Processing file /opt/airflow/dags/master_load_bronze_data.py for tasks to queue
[2026-02-16T12:30:45.033+0000] {logging_mixin.py:188} INFO - [2026-02-16T12:30:45.032+0000] {dagbag.py:545} INFO - Filling up the DagBag from /opt/airflow/dags/master_load_bronze_data.py
[2026-02-16T12:30:46.124+0000] {processor.py:840} INFO - DAG(s) 'airbnb_master_ingestion' retrieved from /opt/airflow/dags/master_load_bronze_data.py
[2026-02-16T12:30:46.453+0000] {logging_mixin.py:188} INFO - [2026-02-16T12:30:46.453+0000] {dag.py:3096} INFO - Sync 1 DAGs
[2026-02-16T12:30:46.790+0000] {logging_mixin.py:188} INFO - [2026-02-16T12:30:46.789+0000] {dag.py:3954} INFO - Setting next_dagrun for airbnb_master_ingestion to None, run_after=None
[2026-02-16T12:30:46.849+0000] {processor.py:183} INFO - Processing /opt/airflow/dags/master_load_bronze_data.py took 1.849 seconds
[2026-02-16T12:30:49.188+0000] {processor.py:161} INFO - Started process (PID=1424) to work on /opt/airflow/dags/master_load_bronze_data.py
[2026-02-16T12:30:49.192+0000] {processor.py:830} INFO - Processing file /opt/airflow/dags/master_load_bronze_data.py for tasks to queue
[2026-02-16T12:30:49.197+0000] {logging_mixin.py:188} INFO - [2026-02-16T12:30:49.196+0000] {dagbag.py:545} INFO - Filling up the DagBag from /opt/airflow/dags/master_load_bronze_data.py
[2026-02-16T12:30:50.124+0000] {processor.py:840} INFO - DAG(s) 'airbnb_master_ingestion' retrieved from /opt/airflow/dags/master_load_bronze_data.py
[2026-02-16T12:30:50.162+0000] {logging_mixin.py:188} INFO - [2026-02-16T12:30:50.161+0000] {dag.py:3096} INFO - Sync 1 DAGs
[2026-02-16T12:30:50.196+0000] {logging_mixin.py:188} INFO - [2026-02-16T12:30:50.196+0000] {dag.py:3954} INFO - Setting next_dagrun for airbnb_master_ingestion to None, run_after=None
[2026-02-16T12:30:50.252+0000] {processor.py:183} INFO - Processing /opt/airflow/dags/master_load_bronze_data.py took 1.087 seconds
[2026-02-16T12:30:57.522+0000] {processor.py:161} INFO - Started process (PID=1430) to work on /opt/airflow/dags/master_load_bronze_data.py
[2026-02-16T12:30:57.524+0000] {processor.py:830} INFO - Processing file /opt/airflow/dags/master_load_bronze_data.py for tasks to queue
[2026-02-16T12:30:57.527+0000] {logging_mixin.py:188} INFO - [2026-02-16T12:30:57.526+0000] {dagbag.py:545} INFO - Filling up the DagBag from /opt/airflow/dags/master_load_bronze_data.py
[2026-02-16T12:30:58.644+0000] {processor.py:840} INFO - DAG(s) 'airbnb_master_ingestion' retrieved from /opt/airflow/dags/master_load_bronze_data.py
[2026-02-16T12:30:58.683+0000] {logging_mixin.py:188} INFO - [2026-02-16T12:30:58.682+0000] {dag.py:3096} INFO - Sync 1 DAGs
[2026-02-16T12:30:58.717+0000] {logging_mixin.py:188} INFO - [2026-02-16T12:30:58.716+0000] {dag.py:3954} INFO - Setting next_dagrun for airbnb_master_ingestion to None, run_after=None
[2026-02-16T12:30:58.770+0000] {processor.py:183} INFO - Processing /opt/airflow/dags/master_load_bronze_data.py took 1.266 seconds
[2026-02-16T12:31:29.507+0000] {processor.py:161} INFO - Started process (PID=1442) to work on /opt/airflow/dags/master_load_bronze_data.py
[2026-02-16T12:31:29.510+0000] {processor.py:830} INFO - Processing file /opt/airflow/dags/master_load_bronze_data.py for tasks to queue
[2026-02-16T12:31:29.512+0000] {logging_mixin.py:188} INFO - [2026-02-16T12:31:29.511+0000] {dagbag.py:545} INFO - Filling up the DagBag from /opt/airflow/dags/master_load_bronze_data.py
[2026-02-16T12:31:30.463+0000] {processor.py:840} INFO - DAG(s) 'airbnb_master_ingestion' retrieved from /opt/airflow/dags/master_load_bronze_data.py
[2026-02-16T12:31:30.794+0000] {logging_mixin.py:188} INFO - [2026-02-16T12:31:30.792+0000] {dag.py:3096} INFO - Sync 1 DAGs
[2026-02-16T12:31:30.826+0000] {logging_mixin.py:188} INFO - [2026-02-16T12:31:30.825+0000] {dag.py:3954} INFO - Setting next_dagrun for airbnb_master_ingestion to None, run_after=None
[2026-02-16T12:31:30.884+0000] {processor.py:183} INFO - Processing /opt/airflow/dags/master_load_bronze_data.py took 1.395 seconds
[2026-02-16T12:32:01.390+0000] {processor.py:161} INFO - Started process (PID=1465) to work on /opt/airflow/dags/master_load_bronze_data.py
[2026-02-16T12:32:01.394+0000] {processor.py:830} INFO - Processing file /opt/airflow/dags/master_load_bronze_data.py for tasks to queue
[2026-02-16T12:32:01.398+0000] {logging_mixin.py:188} INFO - [2026-02-16T12:32:01.397+0000] {dagbag.py:545} INFO - Filling up the DagBag from /opt/airflow/dags/master_load_bronze_data.py
[2026-02-16T12:32:02.985+0000] {processor.py:840} INFO - DAG(s) 'airbnb_master_ingestion' retrieved from /opt/airflow/dags/master_load_bronze_data.py
[2026-02-16T12:32:03.121+0000] {logging_mixin.py:188} INFO - [2026-02-16T12:32:03.120+0000] {dag.py:3096} INFO - Sync 1 DAGs
[2026-02-16T12:32:03.163+0000] {logging_mixin.py:188} INFO - [2026-02-16T12:32:03.163+0000] {dag.py:3954} INFO - Setting next_dagrun for airbnb_master_ingestion to None, run_after=None
[2026-02-16T12:32:03.223+0000] {processor.py:183} INFO - Processing /opt/airflow/dags/master_load_bronze_data.py took 1.859 seconds
[2026-02-16T12:32:33.508+0000] {processor.py:161} INFO - Started process (PID=1514) to work on /opt/airflow/dags/master_load_bronze_data.py
[2026-02-16T12:32:33.511+0000] {processor.py:830} INFO - Processing file /opt/airflow/dags/master_load_bronze_data.py for tasks to queue
[2026-02-16T12:32:33.519+0000] {logging_mixin.py:188} INFO - [2026-02-16T12:32:33.513+0000] {dagbag.py:545} INFO - Filling up the DagBag from /opt/airflow/dags/master_load_bronze_data.py
[2026-02-16T12:32:34.697+0000] {processor.py:840} INFO - DAG(s) 'airbnb_master_ingestion' retrieved from /opt/airflow/dags/master_load_bronze_data.py
[2026-02-16T12:32:34.790+0000] {logging_mixin.py:188} INFO - [2026-02-16T12:32:34.789+0000] {dag.py:3096} INFO - Sync 1 DAGs
[2026-02-16T12:32:34.858+0000] {logging_mixin.py:188} INFO - [2026-02-16T12:32:34.857+0000] {dag.py:3954} INFO - Setting next_dagrun for airbnb_master_ingestion to None, run_after=None
[2026-02-16T12:32:34.922+0000] {processor.py:183} INFO - Processing /opt/airflow/dags/master_load_bronze_data.py took 1.464 seconds
[2026-02-16T12:33:05.633+0000] {processor.py:161} INFO - Started process (PID=1526) to work on /opt/airflow/dags/master_load_bronze_data.py
[2026-02-16T12:33:05.636+0000] {processor.py:830} INFO - Processing file /opt/airflow/dags/master_load_bronze_data.py for tasks to queue
[2026-02-16T12:33:05.639+0000] {logging_mixin.py:188} INFO - [2026-02-16T12:33:05.638+0000] {dagbag.py:545} INFO - Filling up the DagBag from /opt/airflow/dags/master_load_bronze_data.py
[2026-02-16T12:33:06.566+0000] {processor.py:840} INFO - DAG(s) 'airbnb_master_ingestion' retrieved from /opt/airflow/dags/master_load_bronze_data.py
[2026-02-16T12:33:06.665+0000] {logging_mixin.py:188} INFO - [2026-02-16T12:33:06.664+0000] {dag.py:3096} INFO - Sync 1 DAGs
[2026-02-16T12:33:06.698+0000] {logging_mixin.py:188} INFO - [2026-02-16T12:33:06.698+0000] {dag.py:3954} INFO - Setting next_dagrun for airbnb_master_ingestion to None, run_after=None
[2026-02-16T12:33:06.743+0000] {processor.py:183} INFO - Processing /opt/airflow/dags/master_load_bronze_data.py took 1.128 seconds
[2026-02-16T12:33:37.966+0000] {processor.py:161} INFO - Started process (PID=1536) to work on /opt/airflow/dags/master_load_bronze_data.py
[2026-02-16T12:33:37.985+0000] {processor.py:830} INFO - Processing file /opt/airflow/dags/master_load_bronze_data.py for tasks to queue
[2026-02-16T12:33:37.989+0000] {logging_mixin.py:188} INFO - [2026-02-16T12:33:37.988+0000] {dagbag.py:545} INFO - Filling up the DagBag from /opt/airflow/dags/master_load_bronze_data.py
[2026-02-16T12:33:39.114+0000] {processor.py:840} INFO - DAG(s) 'airbnb_master_ingestion' retrieved from /opt/airflow/dags/master_load_bronze_data.py
[2026-02-16T12:33:39.263+0000] {logging_mixin.py:188} INFO - [2026-02-16T12:33:39.262+0000] {dag.py:3096} INFO - Sync 1 DAGs
[2026-02-16T12:33:39.318+0000] {logging_mixin.py:188} INFO - [2026-02-16T12:33:39.317+0000] {dag.py:3954} INFO - Setting next_dagrun for airbnb_master_ingestion to None, run_after=None
[2026-02-16T12:33:39.414+0000] {processor.py:183} INFO - Processing /opt/airflow/dags/master_load_bronze_data.py took 1.468 seconds
[2026-02-16T12:34:09.989+0000] {processor.py:161} INFO - Started process (PID=1548) to work on /opt/airflow/dags/master_load_bronze_data.py
[2026-02-16T12:34:09.994+0000] {processor.py:830} INFO - Processing file /opt/airflow/dags/master_load_bronze_data.py for tasks to queue
[2026-02-16T12:34:09.999+0000] {logging_mixin.py:188} INFO - [2026-02-16T12:34:09.998+0000] {dagbag.py:545} INFO - Filling up the DagBag from /opt/airflow/dags/master_load_bronze_data.py
[2026-02-16T12:34:10.855+0000] {processor.py:840} INFO - DAG(s) 'airbnb_master_ingestion' retrieved from /opt/airflow/dags/master_load_bronze_data.py
[2026-02-16T12:34:10.981+0000] {logging_mixin.py:188} INFO - [2026-02-16T12:34:10.979+0000] {dag.py:3096} INFO - Sync 1 DAGs
[2026-02-16T12:34:11.073+0000] {logging_mixin.py:188} INFO - [2026-02-16T12:34:11.071+0000] {dag.py:3954} INFO - Setting next_dagrun for airbnb_master_ingestion to None, run_after=None
[2026-02-16T12:34:11.366+0000] {processor.py:183} INFO - Processing /opt/airflow/dags/master_load_bronze_data.py took 1.395 seconds
[2026-02-16T12:34:42.210+0000] {processor.py:161} INFO - Started process (PID=1560) to work on /opt/airflow/dags/master_load_bronze_data.py
[2026-02-16T12:34:42.213+0000] {processor.py:830} INFO - Processing file /opt/airflow/dags/master_load_bronze_data.py for tasks to queue
[2026-02-16T12:34:42.218+0000] {logging_mixin.py:188} INFO - [2026-02-16T12:34:42.217+0000] {dagbag.py:545} INFO - Filling up the DagBag from /opt/airflow/dags/master_load_bronze_data.py
[2026-02-16T12:34:43.809+0000] {processor.py:840} INFO - DAG(s) 'airbnb_master_ingestion' retrieved from /opt/airflow/dags/master_load_bronze_data.py
[2026-02-16T12:34:43.926+0000] {logging_mixin.py:188} INFO - [2026-02-16T12:34:43.925+0000] {dag.py:3096} INFO - Sync 1 DAGs
[2026-02-16T12:34:43.962+0000] {logging_mixin.py:188} INFO - [2026-02-16T12:34:43.962+0000] {dag.py:3954} INFO - Setting next_dagrun for airbnb_master_ingestion to None, run_after=None
[2026-02-16T12:34:44.011+0000] {processor.py:183} INFO - Processing /opt/airflow/dags/master_load_bronze_data.py took 1.829 seconds
[2026-02-16T12:35:14.919+0000] {processor.py:161} INFO - Started process (PID=1574) to work on /opt/airflow/dags/master_load_bronze_data.py
[2026-02-16T12:35:14.922+0000] {processor.py:830} INFO - Processing file /opt/airflow/dags/master_load_bronze_data.py for tasks to queue
[2026-02-16T12:35:14.926+0000] {logging_mixin.py:188} INFO - [2026-02-16T12:35:14.925+0000] {dagbag.py:545} INFO - Filling up the DagBag from /opt/airflow/dags/master_load_bronze_data.py
[2026-02-16T12:35:16.654+0000] {processor.py:840} INFO - DAG(s) 'airbnb_master_ingestion' retrieved from /opt/airflow/dags/master_load_bronze_data.py
[2026-02-16T12:35:16.872+0000] {logging_mixin.py:188} INFO - [2026-02-16T12:35:16.871+0000] {dag.py:3096} INFO - Sync 1 DAGs
[2026-02-16T12:35:16.917+0000] {logging_mixin.py:188} INFO - [2026-02-16T12:35:16.916+0000] {dag.py:3954} INFO - Setting next_dagrun for airbnb_master_ingestion to None, run_after=None
[2026-02-16T12:35:16.998+0000] {processor.py:183} INFO - Processing /opt/airflow/dags/master_load_bronze_data.py took 2.104 seconds
[2026-02-16T12:35:47.634+0000] {processor.py:161} INFO - Started process (PID=1586) to work on /opt/airflow/dags/master_load_bronze_data.py
[2026-02-16T12:35:47.637+0000] {processor.py:830} INFO - Processing file /opt/airflow/dags/master_load_bronze_data.py for tasks to queue
[2026-02-16T12:35:47.641+0000] {logging_mixin.py:188} INFO - [2026-02-16T12:35:47.640+0000] {dagbag.py:545} INFO - Filling up the DagBag from /opt/airflow/dags/master_load_bronze_data.py
[2026-02-16T12:35:48.655+0000] {processor.py:840} INFO - DAG(s) 'airbnb_master_ingestion' retrieved from /opt/airflow/dags/master_load_bronze_data.py
[2026-02-16T12:35:48.756+0000] {logging_mixin.py:188} INFO - [2026-02-16T12:35:48.755+0000] {dag.py:3096} INFO - Sync 1 DAGs
[2026-02-16T12:35:48.790+0000] {logging_mixin.py:188} INFO - [2026-02-16T12:35:48.790+0000] {dag.py:3954} INFO - Setting next_dagrun for airbnb_master_ingestion to None, run_after=None
[2026-02-16T12:35:48.841+0000] {processor.py:183} INFO - Processing /opt/airflow/dags/master_load_bronze_data.py took 1.230 seconds
[2026-02-16T12:36:19.656+0000] {processor.py:161} INFO - Started process (PID=1598) to work on /opt/airflow/dags/master_load_bronze_data.py
[2026-02-16T12:36:19.660+0000] {processor.py:830} INFO - Processing file /opt/airflow/dags/master_load_bronze_data.py for tasks to queue
[2026-02-16T12:36:19.666+0000] {logging_mixin.py:188} INFO - [2026-02-16T12:36:19.663+0000] {dagbag.py:545} INFO - Filling up the DagBag from /opt/airflow/dags/master_load_bronze_data.py
[2026-02-16T12:36:20.844+0000] {processor.py:840} INFO - DAG(s) 'airbnb_master_ingestion' retrieved from /opt/airflow/dags/master_load_bronze_data.py
[2026-02-16T12:36:20.938+0000] {logging_mixin.py:188} INFO - [2026-02-16T12:36:20.937+0000] {dag.py:3096} INFO - Sync 1 DAGs
[2026-02-16T12:36:20.970+0000] {logging_mixin.py:188} INFO - [2026-02-16T12:36:20.970+0000] {dag.py:3954} INFO - Setting next_dagrun for airbnb_master_ingestion to None, run_after=None
[2026-02-16T12:36:21.072+0000] {processor.py:183} INFO - Processing /opt/airflow/dags/master_load_bronze_data.py took 1.441 seconds
[2026-02-16T12:36:32.904+0000] {processor.py:161} INFO - Started process (PID=1604) to work on /opt/airflow/dags/master_load_bronze_data.py
[2026-02-16T12:36:32.906+0000] {processor.py:830} INFO - Processing file /opt/airflow/dags/master_load_bronze_data.py for tasks to queue
[2026-02-16T12:36:32.909+0000] {logging_mixin.py:188} INFO - [2026-02-16T12:36:32.908+0000] {dagbag.py:545} INFO - Filling up the DagBag from /opt/airflow/dags/master_load_bronze_data.py
[2026-02-16T12:36:34.287+0000] {processor.py:840} INFO - DAG(s) 'airbnb_master_ingestion' retrieved from /opt/airflow/dags/master_load_bronze_data.py
[2026-02-16T12:36:36.394+0000] {logging_mixin.py:188} INFO - [2026-02-16T12:36:36.393+0000] {dag.py:3096} INFO - Sync 1 DAGs
[2026-02-16T12:36:38.492+0000] {logging_mixin.py:188} INFO - [2026-02-16T12:36:38.491+0000] {dag.py:3954} INFO - Setting next_dagrun for airbnb_master_ingestion to None, run_after=None
[2026-02-16T12:36:38.554+0000] {processor.py:183} INFO - Processing /opt/airflow/dags/master_load_bronze_data.py took 5.670 seconds
[2026-02-16T12:36:54.946+0000] {processor.py:161} INFO - Started process (PID=1616) to work on /opt/airflow/dags/master_load_bronze_data.py
[2026-02-16T12:36:54.949+0000] {processor.py:830} INFO - Processing file /opt/airflow/dags/master_load_bronze_data.py for tasks to queue
[2026-02-16T12:36:54.953+0000] {logging_mixin.py:188} INFO - [2026-02-16T12:36:54.952+0000] {dagbag.py:545} INFO - Filling up the DagBag from /opt/airflow/dags/master_load_bronze_data.py
[2026-02-16T12:36:56.675+0000] {processor.py:840} INFO - DAG(s) 'airbnb_master_ingestion' retrieved from /opt/airflow/dags/master_load_bronze_data.py
[2026-02-16T12:36:56.712+0000] {logging_mixin.py:188} INFO - [2026-02-16T12:36:56.711+0000] {dag.py:3096} INFO - Sync 1 DAGs
[2026-02-16T12:36:56.749+0000] {logging_mixin.py:188} INFO - [2026-02-16T12:36:56.749+0000] {dag.py:3954} INFO - Setting next_dagrun for airbnb_master_ingestion to None, run_after=None
[2026-02-16T12:36:56.802+0000] {processor.py:183} INFO - Processing /opt/airflow/dags/master_load_bronze_data.py took 1.876 seconds
[2026-02-16T12:37:27.620+0000] {processor.py:161} INFO - Started process (PID=1631) to work on /opt/airflow/dags/master_load_bronze_data.py
[2026-02-16T12:37:27.635+0000] {processor.py:830} INFO - Processing file /opt/airflow/dags/master_load_bronze_data.py for tasks to queue
[2026-02-16T12:37:27.642+0000] {logging_mixin.py:188} INFO - [2026-02-16T12:37:27.641+0000] {dagbag.py:545} INFO - Filling up the DagBag from /opt/airflow/dags/master_load_bronze_data.py
[2026-02-16T12:37:29.431+0000] {processor.py:840} INFO - DAG(s) 'airbnb_master_ingestion' retrieved from /opt/airflow/dags/master_load_bronze_data.py
[2026-02-16T12:37:29.552+0000] {logging_mixin.py:188} INFO - [2026-02-16T12:37:29.551+0000] {dag.py:3096} INFO - Sync 1 DAGs
[2026-02-16T12:37:29.594+0000] {logging_mixin.py:188} INFO - [2026-02-16T12:37:29.593+0000] {dag.py:3954} INFO - Setting next_dagrun for airbnb_master_ingestion to None, run_after=None
[2026-02-16T12:37:29.647+0000] {processor.py:183} INFO - Processing /opt/airflow/dags/master_load_bronze_data.py took 1.450 seconds
[2026-02-16T12:38:00.140+0000] {processor.py:161} INFO - Started process (PID=1643) to work on /opt/airflow/dags/master_load_bronze_data.py
[2026-02-16T12:38:00.143+0000] {processor.py:830} INFO - Processing file /opt/airflow/dags/master_load_bronze_data.py for tasks to queue
[2026-02-16T12:38:00.146+0000] {logging_mixin.py:188} INFO - [2026-02-16T12:38:00.145+0000] {dagbag.py:545} INFO - Filling up the DagBag from /opt/airflow/dags/master_load_bronze_data.py
[2026-02-16T12:38:01.105+0000] {processor.py:840} INFO - DAG(s) 'airbnb_master_ingestion' retrieved from /opt/airflow/dags/master_load_bronze_data.py
[2026-02-16T12:38:01.230+0000] {logging_mixin.py:188} INFO - [2026-02-16T12:38:01.229+0000] {dag.py:3096} INFO - Sync 1 DAGs
[2026-02-16T12:38:01.299+0000] {logging_mixin.py:188} INFO - [2026-02-16T12:38:01.299+0000] {dag.py:3954} INFO - Setting next_dagrun for airbnb_master_ingestion to None, run_after=None
[2026-02-16T12:38:01.374+0000] {processor.py:183} INFO - Processing /opt/airflow/dags/master_load_bronze_data.py took 1.251 seconds
[2026-02-16T12:38:32.060+0000] {processor.py:161} INFO - Started process (PID=1655) to work on /opt/airflow/dags/master_load_bronze_data.py
[2026-02-16T12:38:32.062+0000] {processor.py:830} INFO - Processing file /opt/airflow/dags/master_load_bronze_data.py for tasks to queue
[2026-02-16T12:38:32.065+0000] {logging_mixin.py:188} INFO - [2026-02-16T12:38:32.064+0000] {dagbag.py:545} INFO - Filling up the DagBag from /opt/airflow/dags/master_load_bronze_data.py
[2026-02-16T12:38:33.061+0000] {processor.py:840} INFO - DAG(s) 'airbnb_master_ingestion' retrieved from /opt/airflow/dags/master_load_bronze_data.py
[2026-02-16T12:38:33.177+0000] {logging_mixin.py:188} INFO - [2026-02-16T12:38:33.176+0000] {dag.py:3096} INFO - Sync 1 DAGs
[2026-02-16T12:38:33.213+0000] {logging_mixin.py:188} INFO - [2026-02-16T12:38:33.213+0000] {dag.py:3954} INFO - Setting next_dagrun for airbnb_master_ingestion to None, run_after=None
[2026-02-16T12:38:33.266+0000] {processor.py:183} INFO - Processing /opt/airflow/dags/master_load_bronze_data.py took 1.228 seconds
[2026-02-16T12:39:04.404+0000] {processor.py:161} INFO - Started process (PID=1673) to work on /opt/airflow/dags/master_load_bronze_data.py
[2026-02-16T12:39:04.419+0000] {processor.py:830} INFO - Processing file /opt/airflow/dags/master_load_bronze_data.py for tasks to queue
[2026-02-16T12:39:04.424+0000] {logging_mixin.py:188} INFO - [2026-02-16T12:39:04.423+0000] {dagbag.py:545} INFO - Filling up the DagBag from /opt/airflow/dags/master_load_bronze_data.py
[2026-02-16T12:39:06.976+0000] {processor.py:840} INFO - DAG(s) 'airbnb_master_ingestion' retrieved from /opt/airflow/dags/master_load_bronze_data.py
[2026-02-16T12:39:07.270+0000] {logging_mixin.py:188} INFO - [2026-02-16T12:39:07.268+0000] {dag.py:3096} INFO - Sync 1 DAGs
[2026-02-16T12:39:07.469+0000] {logging_mixin.py:188} INFO - [2026-02-16T12:39:07.468+0000] {dag.py:3954} INFO - Setting next_dagrun for airbnb_master_ingestion to None, run_after=None
[2026-02-16T12:39:07.599+0000] {processor.py:183} INFO - Processing /opt/airflow/dags/master_load_bronze_data.py took 3.229 seconds
[2026-02-16T12:39:37.916+0000] {processor.py:161} INFO - Started process (PID=1691) to work on /opt/airflow/dags/master_load_bronze_data.py
[2026-02-16T12:39:37.919+0000] {processor.py:830} INFO - Processing file /opt/airflow/dags/master_load_bronze_data.py for tasks to queue
[2026-02-16T12:39:37.922+0000] {logging_mixin.py:188} INFO - [2026-02-16T12:39:37.921+0000] {dagbag.py:545} INFO - Filling up the DagBag from /opt/airflow/dags/master_load_bronze_data.py
[2026-02-16T12:39:39.707+0000] {processor.py:840} INFO - DAG(s) 'airbnb_master_ingestion' retrieved from /opt/airflow/dags/master_load_bronze_data.py
[2026-02-16T12:39:39.919+0000] {logging_mixin.py:188} INFO - [2026-02-16T12:39:39.917+0000] {dag.py:3096} INFO - Sync 1 DAGs
[2026-02-16T12:39:39.972+0000] {logging_mixin.py:188} INFO - [2026-02-16T12:39:39.972+0000] {dag.py:3954} INFO - Setting next_dagrun for airbnb_master_ingestion to None, run_after=None
[2026-02-16T12:39:40.039+0000] {processor.py:183} INFO - Processing /opt/airflow/dags/master_load_bronze_data.py took 2.144 seconds
[2026-02-16T12:40:10.639+0000] {processor.py:161} INFO - Started process (PID=1708) to work on /opt/airflow/dags/master_load_bronze_data.py
[2026-02-16T12:40:10.645+0000] {processor.py:830} INFO - Processing file /opt/airflow/dags/master_load_bronze_data.py for tasks to queue
[2026-02-16T12:40:10.668+0000] {logging_mixin.py:188} INFO - [2026-02-16T12:40:10.664+0000] {dagbag.py:545} INFO - Filling up the DagBag from /opt/airflow/dags/master_load_bronze_data.py
[2026-02-16T12:40:15.635+0000] {processor.py:840} INFO - DAG(s) 'airbnb_master_ingestion' retrieved from /opt/airflow/dags/master_load_bronze_data.py
[2026-02-16T12:40:16.434+0000] {logging_mixin.py:188} INFO - [2026-02-16T12:40:16.420+0000] {dag.py:3096} INFO - Sync 1 DAGs
[2026-02-16T12:40:16.518+0000] {logging_mixin.py:188} INFO - [2026-02-16T12:40:16.517+0000] {dag.py:3954} INFO - Setting next_dagrun for airbnb_master_ingestion to None, run_after=None
[2026-02-16T12:40:16.685+0000] {processor.py:183} INFO - Processing /opt/airflow/dags/master_load_bronze_data.py took 6.095 seconds
[2026-02-16T12:40:47.470+0000] {processor.py:161} INFO - Started process (PID=1727) to work on /opt/airflow/dags/master_load_bronze_data.py
[2026-02-16T12:40:47.504+0000] {processor.py:830} INFO - Processing file /opt/airflow/dags/master_load_bronze_data.py for tasks to queue
[2026-02-16T12:40:47.524+0000] {logging_mixin.py:188} INFO - [2026-02-16T12:40:47.523+0000] {dagbag.py:545} INFO - Filling up the DagBag from /opt/airflow/dags/master_load_bronze_data.py
[2026-02-16T12:40:58.531+0000] {processor.py:840} INFO - DAG(s) 'airbnb_master_ingestion' retrieved from /opt/airflow/dags/master_load_bronze_data.py
[2026-02-16T12:40:58.901+0000] {logging_mixin.py:188} INFO - [2026-02-16T12:40:58.900+0000] {dag.py:3096} INFO - Sync 1 DAGs
[2026-02-16T12:40:59.028+0000] {logging_mixin.py:188} INFO - [2026-02-16T12:40:59.027+0000] {dag.py:3954} INFO - Setting next_dagrun for airbnb_master_ingestion to None, run_after=None
[2026-02-16T12:40:59.467+0000] {processor.py:183} INFO - Processing /opt/airflow/dags/master_load_bronze_data.py took 12.112 seconds
[2026-02-16T12:41:30.898+0000] {processor.py:161} INFO - Started process (PID=1746) to work on /opt/airflow/dags/master_load_bronze_data.py
[2026-02-16T12:41:30.916+0000] {processor.py:830} INFO - Processing file /opt/airflow/dags/master_load_bronze_data.py for tasks to queue
[2026-02-16T12:41:30.922+0000] {logging_mixin.py:188} INFO - [2026-02-16T12:41:30.920+0000] {dagbag.py:545} INFO - Filling up the DagBag from /opt/airflow/dags/master_load_bronze_data.py
[2026-02-16T12:41:39.168+0000] {processor.py:840} INFO - DAG(s) 'airbnb_master_ingestion' retrieved from /opt/airflow/dags/master_load_bronze_data.py
[2026-02-16T12:41:39.787+0000] {logging_mixin.py:188} INFO - [2026-02-16T12:41:39.785+0000] {dag.py:3096} INFO - Sync 1 DAGs
[2026-02-16T12:41:40.286+0000] {logging_mixin.py:188} INFO - [2026-02-16T12:41:40.285+0000] {dag.py:3954} INFO - Setting next_dagrun for airbnb_master_ingestion to None, run_after=None
[2026-02-16T12:41:40.661+0000] {processor.py:183} INFO - Processing /opt/airflow/dags/master_load_bronze_data.py took 10.207 seconds
[2026-02-16T12:42:11.539+0000] {processor.py:161} INFO - Started process (PID=1760) to work on /opt/airflow/dags/master_load_bronze_data.py
[2026-02-16T12:42:11.544+0000] {processor.py:830} INFO - Processing file /opt/airflow/dags/master_load_bronze_data.py for tasks to queue
[2026-02-16T12:42:11.547+0000] {logging_mixin.py:188} INFO - [2026-02-16T12:42:11.546+0000] {dagbag.py:545} INFO - Filling up the DagBag from /opt/airflow/dags/master_load_bronze_data.py
[2026-02-16T12:42:12.523+0000] {processor.py:840} INFO - DAG(s) 'airbnb_master_ingestion' retrieved from /opt/airflow/dags/master_load_bronze_data.py
[2026-02-16T12:42:12.776+0000] {logging_mixin.py:188} INFO - [2026-02-16T12:42:12.774+0000] {dag.py:3096} INFO - Sync 1 DAGs
[2026-02-16T12:42:12.873+0000] {logging_mixin.py:188} INFO - [2026-02-16T12:42:12.872+0000] {dag.py:3954} INFO - Setting next_dagrun for airbnb_master_ingestion to None, run_after=None
[2026-02-16T12:42:12.921+0000] {processor.py:183} INFO - Processing /opt/airflow/dags/master_load_bronze_data.py took 1.401 seconds
[2026-02-16T12:42:43.304+0000] {processor.py:161} INFO - Started process (PID=1772) to work on /opt/airflow/dags/master_load_bronze_data.py
[2026-02-16T12:42:43.307+0000] {processor.py:830} INFO - Processing file /opt/airflow/dags/master_load_bronze_data.py for tasks to queue
[2026-02-16T12:42:43.310+0000] {logging_mixin.py:188} INFO - [2026-02-16T12:42:43.309+0000] {dagbag.py:545} INFO - Filling up the DagBag from /opt/airflow/dags/master_load_bronze_data.py
[2026-02-16T12:42:44.333+0000] {processor.py:840} INFO - DAG(s) 'airbnb_master_ingestion' retrieved from /opt/airflow/dags/master_load_bronze_data.py
[2026-02-16T12:42:44.430+0000] {logging_mixin.py:188} INFO - [2026-02-16T12:42:44.429+0000] {dag.py:3096} INFO - Sync 1 DAGs
[2026-02-16T12:42:44.466+0000] {logging_mixin.py:188} INFO - [2026-02-16T12:42:44.465+0000] {dag.py:3954} INFO - Setting next_dagrun for airbnb_master_ingestion to None, run_after=None
[2026-02-16T12:42:44.513+0000] {processor.py:183} INFO - Processing /opt/airflow/dags/master_load_bronze_data.py took 1.233 seconds
[2026-02-16T12:43:15.185+0000] {processor.py:161} INFO - Started process (PID=1784) to work on /opt/airflow/dags/master_load_bronze_data.py
[2026-02-16T12:43:15.188+0000] {processor.py:830} INFO - Processing file /opt/airflow/dags/master_load_bronze_data.py for tasks to queue
[2026-02-16T12:43:15.191+0000] {logging_mixin.py:188} INFO - [2026-02-16T12:43:15.190+0000] {dagbag.py:545} INFO - Filling up the DagBag from /opt/airflow/dags/master_load_bronze_data.py
[2026-02-16T12:43:16.499+0000] {processor.py:840} INFO - DAG(s) 'airbnb_master_ingestion' retrieved from /opt/airflow/dags/master_load_bronze_data.py
[2026-02-16T12:43:16.610+0000] {logging_mixin.py:188} INFO - [2026-02-16T12:43:16.609+0000] {dag.py:3096} INFO - Sync 1 DAGs
[2026-02-16T12:43:16.654+0000] {logging_mixin.py:188} INFO - [2026-02-16T12:43:16.654+0000] {dag.py:3954} INFO - Setting next_dagrun for airbnb_master_ingestion to None, run_after=None
[2026-02-16T12:43:16.712+0000] {processor.py:183} INFO - Processing /opt/airflow/dags/master_load_bronze_data.py took 1.551 seconds
[2026-02-16T12:43:47.429+0000] {processor.py:161} INFO - Started process (PID=1796) to work on /opt/airflow/dags/master_load_bronze_data.py
[2026-02-16T12:43:47.432+0000] {processor.py:830} INFO - Processing file /opt/airflow/dags/master_load_bronze_data.py for tasks to queue
[2026-02-16T12:43:47.435+0000] {logging_mixin.py:188} INFO - [2026-02-16T12:43:47.434+0000] {dagbag.py:545} INFO - Filling up the DagBag from /opt/airflow/dags/master_load_bronze_data.py
[2026-02-16T12:43:48.250+0000] {processor.py:840} INFO - DAG(s) 'airbnb_master_ingestion' retrieved from /opt/airflow/dags/master_load_bronze_data.py
[2026-02-16T12:43:48.349+0000] {logging_mixin.py:188} INFO - [2026-02-16T12:43:48.348+0000] {dag.py:3096} INFO - Sync 1 DAGs
[2026-02-16T12:43:48.384+0000] {logging_mixin.py:188} INFO - [2026-02-16T12:43:48.383+0000] {dag.py:3954} INFO - Setting next_dagrun for airbnb_master_ingestion to None, run_after=None
[2026-02-16T12:43:48.432+0000] {processor.py:183} INFO - Processing /opt/airflow/dags/master_load_bronze_data.py took 1.020 seconds
[2026-02-16T12:44:18.905+0000] {processor.py:161} INFO - Started process (PID=1808) to work on /opt/airflow/dags/master_load_bronze_data.py
[2026-02-16T12:44:18.908+0000] {processor.py:830} INFO - Processing file /opt/airflow/dags/master_load_bronze_data.py for tasks to queue
[2026-02-16T12:44:18.910+0000] {logging_mixin.py:188} INFO - [2026-02-16T12:44:18.909+0000] {dagbag.py:545} INFO - Filling up the DagBag from /opt/airflow/dags/master_load_bronze_data.py
[2026-02-16T12:44:19.828+0000] {processor.py:840} INFO - DAG(s) 'airbnb_master_ingestion' retrieved from /opt/airflow/dags/master_load_bronze_data.py
[2026-02-16T12:44:19.931+0000] {logging_mixin.py:188} INFO - [2026-02-16T12:44:19.930+0000] {dag.py:3096} INFO - Sync 1 DAGs
[2026-02-16T12:44:19.970+0000] {logging_mixin.py:188} INFO - [2026-02-16T12:44:19.969+0000] {dag.py:3954} INFO - Setting next_dagrun for airbnb_master_ingestion to None, run_after=None
[2026-02-16T12:44:20.025+0000] {processor.py:183} INFO - Processing /opt/airflow/dags/master_load_bronze_data.py took 1.141 seconds
[2026-02-16T12:44:50.191+0000] {processor.py:161} INFO - Started process (PID=1820) to work on /opt/airflow/dags/master_load_bronze_data.py
[2026-02-16T12:44:50.194+0000] {processor.py:830} INFO - Processing file /opt/airflow/dags/master_load_bronze_data.py for tasks to queue
[2026-02-16T12:44:50.196+0000] {logging_mixin.py:188} INFO - [2026-02-16T12:44:50.196+0000] {dagbag.py:545} INFO - Filling up the DagBag from /opt/airflow/dags/master_load_bronze_data.py
[2026-02-16T12:44:51.155+0000] {processor.py:840} INFO - DAG(s) 'airbnb_master_ingestion' retrieved from /opt/airflow/dags/master_load_bronze_data.py
[2026-02-16T12:44:51.247+0000] {logging_mixin.py:188} INFO - [2026-02-16T12:44:51.246+0000] {dag.py:3096} INFO - Sync 1 DAGs
[2026-02-16T12:44:51.280+0000] {logging_mixin.py:188} INFO - [2026-02-16T12:44:51.280+0000] {dag.py:3954} INFO - Setting next_dagrun for airbnb_master_ingestion to None, run_after=None
[2026-02-16T12:44:51.325+0000] {processor.py:183} INFO - Processing /opt/airflow/dags/master_load_bronze_data.py took 1.151 seconds
[2026-02-16T12:45:22.002+0000] {processor.py:161} INFO - Started process (PID=1832) to work on /opt/airflow/dags/master_load_bronze_data.py
[2026-02-16T12:45:22.005+0000] {processor.py:830} INFO - Processing file /opt/airflow/dags/master_load_bronze_data.py for tasks to queue
[2026-02-16T12:45:22.007+0000] {logging_mixin.py:188} INFO - [2026-02-16T12:45:22.007+0000] {dagbag.py:545} INFO - Filling up the DagBag from /opt/airflow/dags/master_load_bronze_data.py
[2026-02-16T12:45:22.931+0000] {processor.py:840} INFO - DAG(s) 'airbnb_master_ingestion' retrieved from /opt/airflow/dags/master_load_bronze_data.py
[2026-02-16T12:45:23.024+0000] {logging_mixin.py:188} INFO - [2026-02-16T12:45:23.023+0000] {dag.py:3096} INFO - Sync 1 DAGs
[2026-02-16T12:45:23.057+0000] {logging_mixin.py:188} INFO - [2026-02-16T12:45:23.056+0000] {dag.py:3954} INFO - Setting next_dagrun for airbnb_master_ingestion to None, run_after=None
[2026-02-16T12:45:23.105+0000] {processor.py:183} INFO - Processing /opt/airflow/dags/master_load_bronze_data.py took 1.120 seconds
[2026-02-16T12:45:53.718+0000] {processor.py:161} INFO - Started process (PID=1844) to work on /opt/airflow/dags/master_load_bronze_data.py
[2026-02-16T12:45:53.731+0000] {processor.py:830} INFO - Processing file /opt/airflow/dags/master_load_bronze_data.py for tasks to queue
[2026-02-16T12:45:53.738+0000] {logging_mixin.py:188} INFO - [2026-02-16T12:45:53.737+0000] {dagbag.py:545} INFO - Filling up the DagBag from /opt/airflow/dags/master_load_bronze_data.py
[2026-02-16T12:45:54.775+0000] {processor.py:840} INFO - DAG(s) 'airbnb_master_ingestion' retrieved from /opt/airflow/dags/master_load_bronze_data.py
[2026-02-16T12:45:54.895+0000] {logging_mixin.py:188} INFO - [2026-02-16T12:45:54.893+0000] {dag.py:3096} INFO - Sync 1 DAGs
[2026-02-16T12:45:54.928+0000] {logging_mixin.py:188} INFO - [2026-02-16T12:45:54.928+0000] {dag.py:3954} INFO - Setting next_dagrun for airbnb_master_ingestion to None, run_after=None
[2026-02-16T12:45:54.981+0000] {processor.py:183} INFO - Processing /opt/airflow/dags/master_load_bronze_data.py took 1.303 seconds
[2026-02-16T12:46:25.823+0000] {processor.py:161} INFO - Started process (PID=1856) to work on /opt/airflow/dags/master_load_bronze_data.py
[2026-02-16T12:46:25.826+0000] {processor.py:830} INFO - Processing file /opt/airflow/dags/master_load_bronze_data.py for tasks to queue
[2026-02-16T12:46:25.829+0000] {logging_mixin.py:188} INFO - [2026-02-16T12:46:25.828+0000] {dagbag.py:545} INFO - Filling up the DagBag from /opt/airflow/dags/master_load_bronze_data.py
[2026-02-16T12:46:27.106+0000] {processor.py:840} INFO - DAG(s) 'airbnb_master_ingestion' retrieved from /opt/airflow/dags/master_load_bronze_data.py
[2026-02-16T12:46:27.289+0000] {logging_mixin.py:188} INFO - [2026-02-16T12:46:27.288+0000] {dag.py:3096} INFO - Sync 1 DAGs
[2026-02-16T12:46:27.324+0000] {logging_mixin.py:188} INFO - [2026-02-16T12:46:27.323+0000] {dag.py:3954} INFO - Setting next_dagrun for airbnb_master_ingestion to None, run_after=None
[2026-02-16T12:46:27.385+0000] {processor.py:183} INFO - Processing /opt/airflow/dags/master_load_bronze_data.py took 1.580 seconds
[2026-02-16T12:46:57.517+0000] {processor.py:161} INFO - Started process (PID=1868) to work on /opt/airflow/dags/master_load_bronze_data.py
[2026-02-16T12:46:57.519+0000] {processor.py:830} INFO - Processing file /opt/airflow/dags/master_load_bronze_data.py for tasks to queue
[2026-02-16T12:46:57.522+0000] {logging_mixin.py:188} INFO - [2026-02-16T12:46:57.521+0000] {dagbag.py:545} INFO - Filling up the DagBag from /opt/airflow/dags/master_load_bronze_data.py
[2026-02-16T12:46:58.369+0000] {processor.py:840} INFO - DAG(s) 'airbnb_master_ingestion' retrieved from /opt/airflow/dags/master_load_bronze_data.py
[2026-02-16T12:46:58.487+0000] {logging_mixin.py:188} INFO - [2026-02-16T12:46:58.486+0000] {dag.py:3096} INFO - Sync 1 DAGs
[2026-02-16T12:46:58.542+0000] {logging_mixin.py:188} INFO - [2026-02-16T12:46:58.541+0000] {dag.py:3954} INFO - Setting next_dagrun for airbnb_master_ingestion to None, run_after=None
[2026-02-16T12:46:58.606+0000] {processor.py:183} INFO - Processing /opt/airflow/dags/master_load_bronze_data.py took 1.106 seconds
[2026-02-16T12:47:29.476+0000] {processor.py:161} INFO - Started process (PID=1880) to work on /opt/airflow/dags/master_load_bronze_data.py
[2026-02-16T12:47:29.478+0000] {processor.py:830} INFO - Processing file /opt/airflow/dags/master_load_bronze_data.py for tasks to queue
[2026-02-16T12:47:29.481+0000] {logging_mixin.py:188} INFO - [2026-02-16T12:47:29.480+0000] {dagbag.py:545} INFO - Filling up the DagBag from /opt/airflow/dags/master_load_bronze_data.py
[2026-02-16T12:47:30.382+0000] {processor.py:840} INFO - DAG(s) 'airbnb_master_ingestion' retrieved from /opt/airflow/dags/master_load_bronze_data.py
[2026-02-16T12:47:30.482+0000] {logging_mixin.py:188} INFO - [2026-02-16T12:47:30.482+0000] {dag.py:3096} INFO - Sync 1 DAGs
[2026-02-16T12:47:30.516+0000] {logging_mixin.py:188} INFO - [2026-02-16T12:47:30.516+0000] {dag.py:3954} INFO - Setting next_dagrun for airbnb_master_ingestion to None, run_after=None
[2026-02-16T12:47:30.562+0000] {processor.py:183} INFO - Processing /opt/airflow/dags/master_load_bronze_data.py took 1.105 seconds
