[2026-02-19T17:06:13.962+0000] {processor.py:161} INFO - Started process (PID=159) to work on /opt/airflow/dags/load_bronze_data.py
[2026-02-19T17:06:13.993+0000] {processor.py:830} INFO - Processing file /opt/airflow/dags/load_bronze_data.py for tasks to queue
[2026-02-19T17:06:14.014+0000] {logging_mixin.py:188} INFO - [2026-02-19T17:06:14.013+0000] {dagbag.py:545} INFO - Filling up the DagBag from /opt/airflow/dags/load_bronze_data.py
[2026-02-19T17:06:29.034+0000] {processor.py:840} INFO - DAG(s) 'ingest_airbnb_bronze' retrieved from /opt/airflow/dags/load_bronze_data.py
[2026-02-19T17:06:29.371+0000] {logging_mixin.py:188} INFO - [2026-02-19T17:06:29.370+0000] {dag.py:3096} INFO - Sync 1 DAGs
[2026-02-19T17:06:29.562+0000] {logging_mixin.py:188} INFO - [2026-02-19T17:06:29.561+0000] {dag.py:3954} INFO - Setting next_dagrun for ingest_airbnb_bronze to None, run_after=None
[2026-02-19T17:06:29.985+0000] {processor.py:183} INFO - Processing /opt/airflow/dags/load_bronze_data.py took 16.115 seconds
[2026-02-19T17:07:00.465+0000] {processor.py:161} INFO - Started process (PID=172) to work on /opt/airflow/dags/load_bronze_data.py
[2026-02-19T17:07:00.478+0000] {processor.py:830} INFO - Processing file /opt/airflow/dags/load_bronze_data.py for tasks to queue
[2026-02-19T17:07:00.488+0000] {logging_mixin.py:188} INFO - [2026-02-19T17:07:00.487+0000] {dagbag.py:545} INFO - Filling up the DagBag from /opt/airflow/dags/load_bronze_data.py
[2026-02-19T17:07:01.907+0000] {processor.py:840} INFO - DAG(s) 'ingest_airbnb_bronze' retrieved from /opt/airflow/dags/load_bronze_data.py
[2026-02-19T17:07:02.889+0000] {logging_mixin.py:188} INFO - [2026-02-19T17:07:02.888+0000] {dag.py:3096} INFO - Sync 1 DAGs
[2026-02-19T17:07:02.929+0000] {logging_mixin.py:188} INFO - [2026-02-19T17:07:02.929+0000] {dag.py:3954} INFO - Setting next_dagrun for ingest_airbnb_bronze to None, run_after=None
[2026-02-19T17:07:03.001+0000] {processor.py:183} INFO - Processing /opt/airflow/dags/load_bronze_data.py took 2.580 seconds
[2026-02-19T17:07:33.547+0000] {processor.py:161} INFO - Started process (PID=184) to work on /opt/airflow/dags/load_bronze_data.py
[2026-02-19T17:07:33.573+0000] {processor.py:830} INFO - Processing file /opt/airflow/dags/load_bronze_data.py for tasks to queue
[2026-02-19T17:07:33.586+0000] {logging_mixin.py:188} INFO - [2026-02-19T17:07:33.585+0000] {dagbag.py:545} INFO - Filling up the DagBag from /opt/airflow/dags/load_bronze_data.py
[2026-02-19T17:07:39.510+0000] {processor.py:840} INFO - DAG(s) 'ingest_airbnb_bronze' retrieved from /opt/airflow/dags/load_bronze_data.py
[2026-02-19T17:07:40.143+0000] {logging_mixin.py:188} INFO - [2026-02-19T17:07:40.141+0000] {dag.py:3096} INFO - Sync 1 DAGs
[2026-02-19T17:07:40.366+0000] {logging_mixin.py:188} INFO - [2026-02-19T17:07:40.365+0000] {dag.py:3954} INFO - Setting next_dagrun for ingest_airbnb_bronze to None, run_after=None
[2026-02-19T17:07:40.660+0000] {processor.py:183} INFO - Processing /opt/airflow/dags/load_bronze_data.py took 7.156 seconds
[2026-02-19T17:08:13.030+0000] {processor.py:161} INFO - Started process (PID=199) to work on /opt/airflow/dags/load_bronze_data.py
[2026-02-19T17:08:13.093+0000] {processor.py:830} INFO - Processing file /opt/airflow/dags/load_bronze_data.py for tasks to queue
[2026-02-19T17:08:13.175+0000] {logging_mixin.py:188} INFO - [2026-02-19T17:08:13.173+0000] {dagbag.py:545} INFO - Filling up the DagBag from /opt/airflow/dags/load_bronze_data.py
[2026-02-19T17:08:16.023+0000] {processor.py:840} INFO - DAG(s) 'ingest_airbnb_bronze' retrieved from /opt/airflow/dags/load_bronze_data.py
[2026-02-19T17:08:16.221+0000] {logging_mixin.py:188} INFO - [2026-02-19T17:08:16.220+0000] {dag.py:3096} INFO - Sync 1 DAGs
[2026-02-19T17:08:16.272+0000] {logging_mixin.py:188} INFO - [2026-02-19T17:08:16.272+0000] {dag.py:3954} INFO - Setting next_dagrun for ingest_airbnb_bronze to None, run_after=None
[2026-02-19T17:08:16.326+0000] {processor.py:183} INFO - Processing /opt/airflow/dags/load_bronze_data.py took 3.342 seconds
[2026-02-19T17:08:48.097+0000] {processor.py:161} INFO - Started process (PID=211) to work on /opt/airflow/dags/load_bronze_data.py
[2026-02-19T17:08:48.099+0000] {processor.py:830} INFO - Processing file /opt/airflow/dags/load_bronze_data.py for tasks to queue
[2026-02-19T17:08:48.105+0000] {logging_mixin.py:188} INFO - [2026-02-19T17:08:48.104+0000] {dagbag.py:545} INFO - Filling up the DagBag from /opt/airflow/dags/load_bronze_data.py
[2026-02-19T17:08:49.122+0000] {processor.py:840} INFO - DAG(s) 'ingest_airbnb_bronze' retrieved from /opt/airflow/dags/load_bronze_data.py
[2026-02-19T17:08:49.224+0000] {logging_mixin.py:188} INFO - [2026-02-19T17:08:49.223+0000] {dag.py:3096} INFO - Sync 1 DAGs
[2026-02-19T17:08:49.270+0000] {logging_mixin.py:188} INFO - [2026-02-19T17:08:49.270+0000] {dag.py:3954} INFO - Setting next_dagrun for ingest_airbnb_bronze to None, run_after=None
[2026-02-19T17:08:49.315+0000] {processor.py:183} INFO - Processing /opt/airflow/dags/load_bronze_data.py took 1.234 seconds
[2026-02-19T17:09:19.466+0000] {processor.py:161} INFO - Started process (PID=223) to work on /opt/airflow/dags/load_bronze_data.py
[2026-02-19T17:09:19.469+0000] {processor.py:830} INFO - Processing file /opt/airflow/dags/load_bronze_data.py for tasks to queue
[2026-02-19T17:09:19.473+0000] {logging_mixin.py:188} INFO - [2026-02-19T17:09:19.472+0000] {dagbag.py:545} INFO - Filling up the DagBag from /opt/airflow/dags/load_bronze_data.py
[2026-02-19T17:09:20.170+0000] {processor.py:840} INFO - DAG(s) 'ingest_airbnb_bronze' retrieved from /opt/airflow/dags/load_bronze_data.py
[2026-02-19T17:09:20.230+0000] {logging_mixin.py:188} INFO - [2026-02-19T17:09:20.229+0000] {dag.py:3096} INFO - Sync 1 DAGs
[2026-02-19T17:09:20.259+0000] {logging_mixin.py:188} INFO - [2026-02-19T17:09:20.259+0000] {dag.py:3954} INFO - Setting next_dagrun for ingest_airbnb_bronze to None, run_after=None
[2026-02-19T17:09:20.297+0000] {processor.py:183} INFO - Processing /opt/airflow/dags/load_bronze_data.py took 0.847 seconds
[2026-02-19T17:09:50.500+0000] {processor.py:161} INFO - Started process (PID=235) to work on /opt/airflow/dags/load_bronze_data.py
[2026-02-19T17:09:50.503+0000] {processor.py:830} INFO - Processing file /opt/airflow/dags/load_bronze_data.py for tasks to queue
[2026-02-19T17:09:50.508+0000] {logging_mixin.py:188} INFO - [2026-02-19T17:09:50.507+0000] {dagbag.py:545} INFO - Filling up the DagBag from /opt/airflow/dags/load_bronze_data.py
[2026-02-19T17:09:51.171+0000] {processor.py:840} INFO - DAG(s) 'ingest_airbnb_bronze' retrieved from /opt/airflow/dags/load_bronze_data.py
[2026-02-19T17:09:51.232+0000] {logging_mixin.py:188} INFO - [2026-02-19T17:09:51.232+0000] {dag.py:3096} INFO - Sync 1 DAGs
[2026-02-19T17:09:51.257+0000] {logging_mixin.py:188} INFO - [2026-02-19T17:09:51.257+0000] {dag.py:3954} INFO - Setting next_dagrun for ingest_airbnb_bronze to None, run_after=None
[2026-02-19T17:09:51.292+0000] {processor.py:183} INFO - Processing /opt/airflow/dags/load_bronze_data.py took 0.821 seconds
[2026-02-19T17:10:21.867+0000] {processor.py:161} INFO - Started process (PID=247) to work on /opt/airflow/dags/load_bronze_data.py
[2026-02-19T17:10:21.869+0000] {processor.py:830} INFO - Processing file /opt/airflow/dags/load_bronze_data.py for tasks to queue
[2026-02-19T17:10:21.873+0000] {logging_mixin.py:188} INFO - [2026-02-19T17:10:21.872+0000] {dagbag.py:545} INFO - Filling up the DagBag from /opt/airflow/dags/load_bronze_data.py
[2026-02-19T17:10:22.682+0000] {processor.py:840} INFO - DAG(s) 'ingest_airbnb_bronze' retrieved from /opt/airflow/dags/load_bronze_data.py
[2026-02-19T17:10:22.827+0000] {logging_mixin.py:188} INFO - [2026-02-19T17:10:22.826+0000] {dag.py:3096} INFO - Sync 1 DAGs
[2026-02-19T17:10:22.893+0000] {logging_mixin.py:188} INFO - [2026-02-19T17:10:22.893+0000] {dag.py:3954} INFO - Setting next_dagrun for ingest_airbnb_bronze to None, run_after=None
[2026-02-19T17:10:22.952+0000] {processor.py:183} INFO - Processing /opt/airflow/dags/load_bronze_data.py took 1.096 seconds
[2026-02-19T17:10:53.398+0000] {processor.py:161} INFO - Started process (PID=259) to work on /opt/airflow/dags/load_bronze_data.py
[2026-02-19T17:10:53.400+0000] {processor.py:830} INFO - Processing file /opt/airflow/dags/load_bronze_data.py for tasks to queue
[2026-02-19T17:10:53.404+0000] {logging_mixin.py:188} INFO - [2026-02-19T17:10:53.403+0000] {dagbag.py:545} INFO - Filling up the DagBag from /opt/airflow/dags/load_bronze_data.py
[2026-02-19T17:10:54.018+0000] {processor.py:840} INFO - DAG(s) 'ingest_airbnb_bronze' retrieved from /opt/airflow/dags/load_bronze_data.py
[2026-02-19T17:10:54.077+0000] {logging_mixin.py:188} INFO - [2026-02-19T17:10:54.076+0000] {dag.py:3096} INFO - Sync 1 DAGs
[2026-02-19T17:10:54.103+0000] {logging_mixin.py:188} INFO - [2026-02-19T17:10:54.103+0000] {dag.py:3954} INFO - Setting next_dagrun for ingest_airbnb_bronze to None, run_after=None
[2026-02-19T17:10:54.140+0000] {processor.py:183} INFO - Processing /opt/airflow/dags/load_bronze_data.py took 0.754 seconds
[2026-02-19T17:11:24.519+0000] {processor.py:161} INFO - Started process (PID=271) to work on /opt/airflow/dags/load_bronze_data.py
[2026-02-19T17:11:24.520+0000] {processor.py:830} INFO - Processing file /opt/airflow/dags/load_bronze_data.py for tasks to queue
[2026-02-19T17:11:24.524+0000] {logging_mixin.py:188} INFO - [2026-02-19T17:11:24.523+0000] {dagbag.py:545} INFO - Filling up the DagBag from /opt/airflow/dags/load_bronze_data.py
[2026-02-19T17:11:25.308+0000] {processor.py:840} INFO - DAG(s) 'ingest_airbnb_bronze' retrieved from /opt/airflow/dags/load_bronze_data.py
[2026-02-19T17:11:25.417+0000] {logging_mixin.py:188} INFO - [2026-02-19T17:11:25.416+0000] {dag.py:3096} INFO - Sync 1 DAGs
[2026-02-19T17:11:25.450+0000] {logging_mixin.py:188} INFO - [2026-02-19T17:11:25.449+0000] {dag.py:3954} INFO - Setting next_dagrun for ingest_airbnb_bronze to None, run_after=None
[2026-02-19T17:11:25.496+0000] {processor.py:183} INFO - Processing /opt/airflow/dags/load_bronze_data.py took 0.990 seconds
[2026-02-19T17:11:55.901+0000] {processor.py:161} INFO - Started process (PID=283) to work on /opt/airflow/dags/load_bronze_data.py
[2026-02-19T17:11:55.905+0000] {processor.py:830} INFO - Processing file /opt/airflow/dags/load_bronze_data.py for tasks to queue
[2026-02-19T17:11:55.910+0000] {logging_mixin.py:188} INFO - [2026-02-19T17:11:55.909+0000] {dagbag.py:545} INFO - Filling up the DagBag from /opt/airflow/dags/load_bronze_data.py
[2026-02-19T17:11:57.271+0000] {processor.py:840} INFO - DAG(s) 'ingest_airbnb_bronze' retrieved from /opt/airflow/dags/load_bronze_data.py
[2026-02-19T17:11:57.375+0000] {logging_mixin.py:188} INFO - [2026-02-19T17:11:57.374+0000] {dag.py:3096} INFO - Sync 1 DAGs
[2026-02-19T17:11:57.409+0000] {logging_mixin.py:188} INFO - [2026-02-19T17:11:57.408+0000] {dag.py:3954} INFO - Setting next_dagrun for ingest_airbnb_bronze to None, run_after=None
[2026-02-19T17:11:57.497+0000] {processor.py:183} INFO - Processing /opt/airflow/dags/load_bronze_data.py took 1.611 seconds
[2026-02-19T17:12:27.997+0000] {processor.py:161} INFO - Started process (PID=295) to work on /opt/airflow/dags/load_bronze_data.py
[2026-02-19T17:12:28.000+0000] {processor.py:830} INFO - Processing file /opt/airflow/dags/load_bronze_data.py for tasks to queue
[2026-02-19T17:12:28.006+0000] {logging_mixin.py:188} INFO - [2026-02-19T17:12:28.005+0000] {dagbag.py:545} INFO - Filling up the DagBag from /opt/airflow/dags/load_bronze_data.py
[2026-02-19T17:12:28.976+0000] {processor.py:840} INFO - DAG(s) 'ingest_airbnb_bronze' retrieved from /opt/airflow/dags/load_bronze_data.py
[2026-02-19T17:12:29.032+0000] {logging_mixin.py:188} INFO - [2026-02-19T17:12:29.032+0000] {dag.py:3096} INFO - Sync 1 DAGs
[2026-02-19T17:12:29.076+0000] {logging_mixin.py:188} INFO - [2026-02-19T17:12:29.075+0000] {dag.py:3954} INFO - Setting next_dagrun for ingest_airbnb_bronze to None, run_after=None
[2026-02-19T17:12:29.112+0000] {processor.py:183} INFO - Processing /opt/airflow/dags/load_bronze_data.py took 1.141 seconds
[2026-02-19T17:12:59.356+0000] {processor.py:161} INFO - Started process (PID=307) to work on /opt/airflow/dags/load_bronze_data.py
[2026-02-19T17:12:59.359+0000] {processor.py:830} INFO - Processing file /opt/airflow/dags/load_bronze_data.py for tasks to queue
[2026-02-19T17:12:59.364+0000] {logging_mixin.py:188} INFO - [2026-02-19T17:12:59.364+0000] {dagbag.py:545} INFO - Filling up the DagBag from /opt/airflow/dags/load_bronze_data.py
[2026-02-19T17:13:00.762+0000] {processor.py:840} INFO - DAG(s) 'ingest_airbnb_bronze' retrieved from /opt/airflow/dags/load_bronze_data.py
[2026-02-19T17:13:00.864+0000] {logging_mixin.py:188} INFO - [2026-02-19T17:13:00.863+0000] {dag.py:3096} INFO - Sync 1 DAGs
[2026-02-19T17:13:00.909+0000] {logging_mixin.py:188} INFO - [2026-02-19T17:13:00.908+0000] {dag.py:3954} INFO - Setting next_dagrun for ingest_airbnb_bronze to None, run_after=None
[2026-02-19T17:13:01.029+0000] {processor.py:183} INFO - Processing /opt/airflow/dags/load_bronze_data.py took 1.691 seconds
[2026-02-19T17:13:31.793+0000] {processor.py:161} INFO - Started process (PID=319) to work on /opt/airflow/dags/load_bronze_data.py
[2026-02-19T17:13:31.795+0000] {processor.py:830} INFO - Processing file /opt/airflow/dags/load_bronze_data.py for tasks to queue
[2026-02-19T17:13:31.799+0000] {logging_mixin.py:188} INFO - [2026-02-19T17:13:31.799+0000] {dagbag.py:545} INFO - Filling up the DagBag from /opt/airflow/dags/load_bronze_data.py
[2026-02-19T17:13:32.450+0000] {processor.py:840} INFO - DAG(s) 'ingest_airbnb_bronze' retrieved from /opt/airflow/dags/load_bronze_data.py
[2026-02-19T17:13:32.505+0000] {logging_mixin.py:188} INFO - [2026-02-19T17:13:32.504+0000] {dag.py:3096} INFO - Sync 1 DAGs
[2026-02-19T17:13:32.531+0000] {logging_mixin.py:188} INFO - [2026-02-19T17:13:32.531+0000] {dag.py:3954} INFO - Setting next_dagrun for ingest_airbnb_bronze to None, run_after=None
[2026-02-19T17:13:32.566+0000] {processor.py:183} INFO - Processing /opt/airflow/dags/load_bronze_data.py took 0.790 seconds
[2026-02-19T17:14:02.916+0000] {processor.py:161} INFO - Started process (PID=331) to work on /opt/airflow/dags/load_bronze_data.py
[2026-02-19T17:14:02.918+0000] {processor.py:830} INFO - Processing file /opt/airflow/dags/load_bronze_data.py for tasks to queue
[2026-02-19T17:14:02.922+0000] {logging_mixin.py:188} INFO - [2026-02-19T17:14:02.922+0000] {dagbag.py:545} INFO - Filling up the DagBag from /opt/airflow/dags/load_bronze_data.py
[2026-02-19T17:14:03.544+0000] {processor.py:840} INFO - DAG(s) 'ingest_airbnb_bronze' retrieved from /opt/airflow/dags/load_bronze_data.py
[2026-02-19T17:14:03.629+0000] {logging_mixin.py:188} INFO - [2026-02-19T17:14:03.627+0000] {dag.py:3096} INFO - Sync 1 DAGs
[2026-02-19T17:14:03.661+0000] {logging_mixin.py:188} INFO - [2026-02-19T17:14:03.660+0000] {dag.py:3954} INFO - Setting next_dagrun for ingest_airbnb_bronze to None, run_after=None
[2026-02-19T17:14:03.697+0000] {processor.py:183} INFO - Processing /opt/airflow/dags/load_bronze_data.py took 0.794 seconds
[2026-02-19T17:14:34.392+0000] {processor.py:161} INFO - Started process (PID=343) to work on /opt/airflow/dags/load_bronze_data.py
[2026-02-19T17:14:34.394+0000] {processor.py:830} INFO - Processing file /opt/airflow/dags/load_bronze_data.py for tasks to queue
[2026-02-19T17:14:34.398+0000] {logging_mixin.py:188} INFO - [2026-02-19T17:14:34.397+0000] {dagbag.py:545} INFO - Filling up the DagBag from /opt/airflow/dags/load_bronze_data.py
[2026-02-19T17:14:35.055+0000] {processor.py:840} INFO - DAG(s) 'ingest_airbnb_bronze' retrieved from /opt/airflow/dags/load_bronze_data.py
[2026-02-19T17:14:35.156+0000] {logging_mixin.py:188} INFO - [2026-02-19T17:14:35.155+0000] {dag.py:3096} INFO - Sync 1 DAGs
[2026-02-19T17:14:35.181+0000] {logging_mixin.py:188} INFO - [2026-02-19T17:14:35.181+0000] {dag.py:3954} INFO - Setting next_dagrun for ingest_airbnb_bronze to None, run_after=None
[2026-02-19T17:14:35.217+0000] {processor.py:183} INFO - Processing /opt/airflow/dags/load_bronze_data.py took 0.837 seconds
[2026-02-19T17:15:05.583+0000] {processor.py:161} INFO - Started process (PID=355) to work on /opt/airflow/dags/load_bronze_data.py
[2026-02-19T17:15:05.586+0000] {processor.py:830} INFO - Processing file /opt/airflow/dags/load_bronze_data.py for tasks to queue
[2026-02-19T17:15:05.592+0000] {logging_mixin.py:188} INFO - [2026-02-19T17:15:05.591+0000] {dagbag.py:545} INFO - Filling up the DagBag from /opt/airflow/dags/load_bronze_data.py
[2026-02-19T17:15:06.544+0000] {processor.py:840} INFO - DAG(s) 'ingest_airbnb_bronze' retrieved from /opt/airflow/dags/load_bronze_data.py
[2026-02-19T17:15:06.658+0000] {logging_mixin.py:188} INFO - [2026-02-19T17:15:06.658+0000] {dag.py:3096} INFO - Sync 1 DAGs
[2026-02-19T17:15:06.703+0000] {logging_mixin.py:188} INFO - [2026-02-19T17:15:06.702+0000] {dag.py:3954} INFO - Setting next_dagrun for ingest_airbnb_bronze to None, run_after=None
[2026-02-19T17:15:06.761+0000] {processor.py:183} INFO - Processing /opt/airflow/dags/load_bronze_data.py took 1.199 seconds
[2026-02-19T17:15:37.500+0000] {processor.py:161} INFO - Started process (PID=367) to work on /opt/airflow/dags/load_bronze_data.py
[2026-02-19T17:15:37.504+0000] {processor.py:830} INFO - Processing file /opt/airflow/dags/load_bronze_data.py for tasks to queue
[2026-02-19T17:15:37.511+0000] {logging_mixin.py:188} INFO - [2026-02-19T17:15:37.510+0000] {dagbag.py:545} INFO - Filling up the DagBag from /opt/airflow/dags/load_bronze_data.py
[2026-02-19T17:15:40.803+0000] {processor.py:840} INFO - DAG(s) 'ingest_airbnb_bronze' retrieved from /opt/airflow/dags/load_bronze_data.py
[2026-02-19T17:15:40.980+0000] {logging_mixin.py:188} INFO - [2026-02-19T17:15:40.977+0000] {dag.py:3096} INFO - Sync 1 DAGs
[2026-02-19T17:15:41.046+0000] {logging_mixin.py:188} INFO - [2026-02-19T17:15:41.045+0000] {dag.py:3954} INFO - Setting next_dagrun for ingest_airbnb_bronze to None, run_after=None
[2026-02-19T17:15:41.217+0000] {processor.py:183} INFO - Processing /opt/airflow/dags/load_bronze_data.py took 3.744 seconds
[2026-02-19T17:16:11.472+0000] {processor.py:161} INFO - Started process (PID=379) to work on /opt/airflow/dags/load_bronze_data.py
[2026-02-19T17:16:11.474+0000] {processor.py:830} INFO - Processing file /opt/airflow/dags/load_bronze_data.py for tasks to queue
[2026-02-19T17:16:11.478+0000] {logging_mixin.py:188} INFO - [2026-02-19T17:16:11.477+0000] {dagbag.py:545} INFO - Filling up the DagBag from /opt/airflow/dags/load_bronze_data.py
[2026-02-19T17:16:12.210+0000] {processor.py:840} INFO - DAG(s) 'ingest_airbnb_bronze' retrieved from /opt/airflow/dags/load_bronze_data.py
[2026-02-19T17:16:12.271+0000] {logging_mixin.py:188} INFO - [2026-02-19T17:16:12.270+0000] {dag.py:3096} INFO - Sync 1 DAGs
[2026-02-19T17:16:12.299+0000] {logging_mixin.py:188} INFO - [2026-02-19T17:16:12.298+0000] {dag.py:3954} INFO - Setting next_dagrun for ingest_airbnb_bronze to None, run_after=None
[2026-02-19T17:16:12.333+0000] {processor.py:183} INFO - Processing /opt/airflow/dags/load_bronze_data.py took 0.873 seconds
[2026-02-19T17:16:43.263+0000] {processor.py:161} INFO - Started process (PID=391) to work on /opt/airflow/dags/load_bronze_data.py
[2026-02-19T17:16:43.265+0000] {processor.py:830} INFO - Processing file /opt/airflow/dags/load_bronze_data.py for tasks to queue
[2026-02-19T17:16:43.270+0000] {logging_mixin.py:188} INFO - [2026-02-19T17:16:43.269+0000] {dagbag.py:545} INFO - Filling up the DagBag from /opt/airflow/dags/load_bronze_data.py
[2026-02-19T17:16:43.882+0000] {processor.py:840} INFO - DAG(s) 'ingest_airbnb_bronze' retrieved from /opt/airflow/dags/load_bronze_data.py
[2026-02-19T17:16:43.941+0000] {logging_mixin.py:188} INFO - [2026-02-19T17:16:43.940+0000] {dag.py:3096} INFO - Sync 1 DAGs
[2026-02-19T17:16:43.966+0000] {logging_mixin.py:188} INFO - [2026-02-19T17:16:43.966+0000] {dag.py:3954} INFO - Setting next_dagrun for ingest_airbnb_bronze to None, run_after=None
[2026-02-19T17:16:44.002+0000] {processor.py:183} INFO - Processing /opt/airflow/dags/load_bronze_data.py took 0.754 seconds
[2026-02-19T17:17:14.410+0000] {processor.py:161} INFO - Started process (PID=403) to work on /opt/airflow/dags/load_bronze_data.py
[2026-02-19T17:17:14.412+0000] {processor.py:830} INFO - Processing file /opt/airflow/dags/load_bronze_data.py for tasks to queue
[2026-02-19T17:17:14.416+0000] {logging_mixin.py:188} INFO - [2026-02-19T17:17:14.416+0000] {dagbag.py:545} INFO - Filling up the DagBag from /opt/airflow/dags/load_bronze_data.py
[2026-02-19T17:17:15.157+0000] {processor.py:840} INFO - DAG(s) 'ingest_airbnb_bronze' retrieved from /opt/airflow/dags/load_bronze_data.py
[2026-02-19T17:17:15.234+0000] {logging_mixin.py:188} INFO - [2026-02-19T17:17:15.233+0000] {dag.py:3096} INFO - Sync 1 DAGs
[2026-02-19T17:17:15.283+0000] {logging_mixin.py:188} INFO - [2026-02-19T17:17:15.282+0000] {dag.py:3954} INFO - Setting next_dagrun for ingest_airbnb_bronze to None, run_after=None
[2026-02-19T17:17:15.321+0000] {processor.py:183} INFO - Processing /opt/airflow/dags/load_bronze_data.py took 0.923 seconds
[2026-02-19T17:17:45.577+0000] {processor.py:161} INFO - Started process (PID=415) to work on /opt/airflow/dags/load_bronze_data.py
[2026-02-19T17:17:45.582+0000] {processor.py:830} INFO - Processing file /opt/airflow/dags/load_bronze_data.py for tasks to queue
[2026-02-19T17:17:45.588+0000] {logging_mixin.py:188} INFO - [2026-02-19T17:17:45.587+0000] {dagbag.py:545} INFO - Filling up the DagBag from /opt/airflow/dags/load_bronze_data.py
[2026-02-19T17:17:46.764+0000] {processor.py:840} INFO - DAG(s) 'ingest_airbnb_bronze' retrieved from /opt/airflow/dags/load_bronze_data.py
[2026-02-19T17:17:46.883+0000] {logging_mixin.py:188} INFO - [2026-02-19T17:17:46.882+0000] {dag.py:3096} INFO - Sync 1 DAGs
[2026-02-19T17:17:46.924+0000] {logging_mixin.py:188} INFO - [2026-02-19T17:17:46.923+0000] {dag.py:3954} INFO - Setting next_dagrun for ingest_airbnb_bronze to None, run_after=None
[2026-02-19T17:17:46.972+0000] {processor.py:183} INFO - Processing /opt/airflow/dags/load_bronze_data.py took 1.409 seconds
[2026-02-19T17:18:17.653+0000] {processor.py:161} INFO - Started process (PID=427) to work on /opt/airflow/dags/load_bronze_data.py
[2026-02-19T17:18:17.655+0000] {processor.py:830} INFO - Processing file /opt/airflow/dags/load_bronze_data.py for tasks to queue
[2026-02-19T17:18:17.659+0000] {logging_mixin.py:188} INFO - [2026-02-19T17:18:17.658+0000] {dagbag.py:545} INFO - Filling up the DagBag from /opt/airflow/dags/load_bronze_data.py
[2026-02-19T17:18:18.362+0000] {processor.py:840} INFO - DAG(s) 'ingest_airbnb_bronze' retrieved from /opt/airflow/dags/load_bronze_data.py
[2026-02-19T17:18:18.419+0000] {logging_mixin.py:188} INFO - [2026-02-19T17:18:18.419+0000] {dag.py:3096} INFO - Sync 1 DAGs
[2026-02-19T17:18:18.446+0000] {logging_mixin.py:188} INFO - [2026-02-19T17:18:18.445+0000] {dag.py:3954} INFO - Setting next_dagrun for ingest_airbnb_bronze to None, run_after=None
[2026-02-19T17:18:18.481+0000] {processor.py:183} INFO - Processing /opt/airflow/dags/load_bronze_data.py took 0.840 seconds
