[2026-02-19T17:06:13.833+0000] {processor.py:161} INFO - Started process (PID=156) to work on /opt/airflow/dags/master_load_bronze_data.py
[2026-02-19T17:06:13.843+0000] {processor.py:830} INFO - Processing file /opt/airflow/dags/master_load_bronze_data.py for tasks to queue
[2026-02-19T17:06:13.855+0000] {logging_mixin.py:188} INFO - [2026-02-19T17:06:13.854+0000] {dagbag.py:545} INFO - Filling up the DagBag from /opt/airflow/dags/master_load_bronze_data.py
[2026-02-19T17:06:29.064+0000] {processor.py:840} INFO - DAG(s) 'airbnb_master_ingestion' retrieved from /opt/airflow/dags/master_load_bronze_data.py
[2026-02-19T17:06:29.350+0000] {logging_mixin.py:188} INFO - [2026-02-19T17:06:29.349+0000] {dag.py:3096} INFO - Sync 1 DAGs
[2026-02-19T17:06:29.481+0000] {logging_mixin.py:188} INFO - [2026-02-19T17:06:29.460+0000] {dag.py:3954} INFO - Setting next_dagrun for airbnb_master_ingestion to None, run_after=None
[2026-02-19T17:06:29.748+0000] {processor.py:183} INFO - Processing /opt/airflow/dags/master_load_bronze_data.py took 15.973 seconds
[2026-02-19T17:07:00.482+0000] {processor.py:161} INFO - Started process (PID=169) to work on /opt/airflow/dags/master_load_bronze_data.py
[2026-02-19T17:07:00.489+0000] {processor.py:830} INFO - Processing file /opt/airflow/dags/master_load_bronze_data.py for tasks to queue
[2026-02-19T17:07:00.496+0000] {logging_mixin.py:188} INFO - [2026-02-19T17:07:00.495+0000] {dagbag.py:545} INFO - Filling up the DagBag from /opt/airflow/dags/master_load_bronze_data.py
[2026-02-19T17:07:02.334+0000] {processor.py:840} INFO - DAG(s) 'airbnb_master_ingestion' retrieved from /opt/airflow/dags/master_load_bronze_data.py
[2026-02-19T17:07:02.954+0000] {logging_mixin.py:188} INFO - [2026-02-19T17:07:02.954+0000] {dag.py:3096} INFO - Sync 1 DAGs
[2026-02-19T17:07:02.997+0000] {logging_mixin.py:188} INFO - [2026-02-19T17:07:02.997+0000] {dag.py:3954} INFO - Setting next_dagrun for airbnb_master_ingestion to None, run_after=None
[2026-02-19T17:07:03.062+0000] {processor.py:183} INFO - Processing /opt/airflow/dags/master_load_bronze_data.py took 2.636 seconds
[2026-02-19T17:07:33.507+0000] {processor.py:161} INFO - Started process (PID=181) to work on /opt/airflow/dags/master_load_bronze_data.py
[2026-02-19T17:07:33.518+0000] {processor.py:830} INFO - Processing file /opt/airflow/dags/master_load_bronze_data.py for tasks to queue
[2026-02-19T17:07:33.528+0000] {logging_mixin.py:188} INFO - [2026-02-19T17:07:33.527+0000] {dagbag.py:545} INFO - Filling up the DagBag from /opt/airflow/dags/master_load_bronze_data.py
[2026-02-19T17:07:39.547+0000] {processor.py:840} INFO - DAG(s) 'airbnb_master_ingestion' retrieved from /opt/airflow/dags/master_load_bronze_data.py
[2026-02-19T17:07:40.298+0000] {logging_mixin.py:188} INFO - [2026-02-19T17:07:40.296+0000] {dag.py:3096} INFO - Sync 1 DAGs
[2026-02-19T17:07:40.461+0000] {logging_mixin.py:188} INFO - [2026-02-19T17:07:40.460+0000] {dag.py:3954} INFO - Setting next_dagrun for airbnb_master_ingestion to None, run_after=None
[2026-02-19T17:07:40.776+0000] {processor.py:183} INFO - Processing /opt/airflow/dags/master_load_bronze_data.py took 7.308 seconds
[2026-02-19T17:07:52.486+0000] {processor.py:161} INFO - Started process (PID=193) to work on /opt/airflow/dags/master_load_bronze_data.py
[2026-02-19T17:07:52.493+0000] {processor.py:830} INFO - Processing file /opt/airflow/dags/master_load_bronze_data.py for tasks to queue
[2026-02-19T17:07:52.505+0000] {logging_mixin.py:188} INFO - [2026-02-19T17:07:52.500+0000] {dagbag.py:545} INFO - Filling up the DagBag from /opt/airflow/dags/master_load_bronze_data.py
[2026-02-19T17:07:55.744+0000] {processor.py:840} INFO - DAG(s) 'airbnb_master_ingestion' retrieved from /opt/airflow/dags/master_load_bronze_data.py
[2026-02-19T17:07:55.842+0000] {logging_mixin.py:188} INFO - [2026-02-19T17:07:55.841+0000] {dag.py:3096} INFO - Sync 1 DAGs
[2026-02-19T17:07:55.882+0000] {logging_mixin.py:188} INFO - [2026-02-19T17:07:55.881+0000] {dag.py:3954} INFO - Setting next_dagrun for airbnb_master_ingestion to None, run_after=None
[2026-02-19T17:07:55.950+0000] {processor.py:183} INFO - Processing /opt/airflow/dags/master_load_bronze_data.py took 3.506 seconds
[2026-02-19T17:08:26.802+0000] {processor.py:161} INFO - Started process (PID=205) to work on /opt/airflow/dags/master_load_bronze_data.py
[2026-02-19T17:08:26.806+0000] {processor.py:830} INFO - Processing file /opt/airflow/dags/master_load_bronze_data.py for tasks to queue
[2026-02-19T17:08:26.823+0000] {logging_mixin.py:188} INFO - [2026-02-19T17:08:26.822+0000] {dagbag.py:545} INFO - Filling up the DagBag from /opt/airflow/dags/master_load_bronze_data.py
[2026-02-19T17:08:28.585+0000] {processor.py:840} INFO - DAG(s) 'airbnb_master_ingestion' retrieved from /opt/airflow/dags/master_load_bronze_data.py
[2026-02-19T17:08:29.002+0000] {logging_mixin.py:188} INFO - [2026-02-19T17:08:29.001+0000] {dag.py:3096} INFO - Sync 1 DAGs
[2026-02-19T17:08:29.219+0000] {logging_mixin.py:188} INFO - [2026-02-19T17:08:29.218+0000] {dag.py:3954} INFO - Setting next_dagrun for airbnb_master_ingestion to None, run_after=None
[2026-02-19T17:08:29.385+0000] {processor.py:183} INFO - Processing /opt/airflow/dags/master_load_bronze_data.py took 2.617 seconds
[2026-02-19T17:09:00.269+0000] {processor.py:161} INFO - Started process (PID=217) to work on /opt/airflow/dags/master_load_bronze_data.py
[2026-02-19T17:09:00.273+0000] {processor.py:830} INFO - Processing file /opt/airflow/dags/master_load_bronze_data.py for tasks to queue
[2026-02-19T17:09:00.279+0000] {logging_mixin.py:188} INFO - [2026-02-19T17:09:00.278+0000] {dagbag.py:545} INFO - Filling up the DagBag from /opt/airflow/dags/master_load_bronze_data.py
[2026-02-19T17:09:01.641+0000] {processor.py:840} INFO - DAG(s) 'airbnb_master_ingestion' retrieved from /opt/airflow/dags/master_load_bronze_data.py
[2026-02-19T17:09:01.777+0000] {logging_mixin.py:188} INFO - [2026-02-19T17:09:01.776+0000] {dag.py:3096} INFO - Sync 1 DAGs
[2026-02-19T17:09:01.819+0000] {logging_mixin.py:188} INFO - [2026-02-19T17:09:01.819+0000] {dag.py:3954} INFO - Setting next_dagrun for airbnb_master_ingestion to None, run_after=None
[2026-02-19T17:09:01.876+0000] {processor.py:183} INFO - Processing /opt/airflow/dags/master_load_bronze_data.py took 1.632 seconds
[2026-02-19T17:09:32.263+0000] {processor.py:161} INFO - Started process (PID=229) to work on /opt/airflow/dags/master_load_bronze_data.py
[2026-02-19T17:09:32.265+0000] {processor.py:830} INFO - Processing file /opt/airflow/dags/master_load_bronze_data.py for tasks to queue
[2026-02-19T17:09:32.270+0000] {logging_mixin.py:188} INFO - [2026-02-19T17:09:32.269+0000] {dagbag.py:545} INFO - Filling up the DagBag from /opt/airflow/dags/master_load_bronze_data.py
[2026-02-19T17:09:33.151+0000] {processor.py:840} INFO - DAG(s) 'airbnb_master_ingestion' retrieved from /opt/airflow/dags/master_load_bronze_data.py
[2026-02-19T17:09:33.220+0000] {logging_mixin.py:188} INFO - [2026-02-19T17:09:33.220+0000] {dag.py:3096} INFO - Sync 1 DAGs
[2026-02-19T17:09:33.249+0000] {logging_mixin.py:188} INFO - [2026-02-19T17:09:33.249+0000] {dag.py:3954} INFO - Setting next_dagrun for airbnb_master_ingestion to None, run_after=None
[2026-02-19T17:09:33.287+0000] {processor.py:183} INFO - Processing /opt/airflow/dags/master_load_bronze_data.py took 1.037 seconds
[2026-02-19T17:10:03.606+0000] {processor.py:161} INFO - Started process (PID=241) to work on /opt/airflow/dags/master_load_bronze_data.py
[2026-02-19T17:10:03.609+0000] {processor.py:830} INFO - Processing file /opt/airflow/dags/master_load_bronze_data.py for tasks to queue
[2026-02-19T17:10:03.614+0000] {logging_mixin.py:188} INFO - [2026-02-19T17:10:03.613+0000] {dagbag.py:545} INFO - Filling up the DagBag from /opt/airflow/dags/master_load_bronze_data.py
[2026-02-19T17:10:04.457+0000] {processor.py:840} INFO - DAG(s) 'airbnb_master_ingestion' retrieved from /opt/airflow/dags/master_load_bronze_data.py
[2026-02-19T17:10:04.535+0000] {logging_mixin.py:188} INFO - [2026-02-19T17:10:04.534+0000] {dag.py:3096} INFO - Sync 1 DAGs
[2026-02-19T17:10:04.565+0000] {logging_mixin.py:188} INFO - [2026-02-19T17:10:04.565+0000] {dag.py:3954} INFO - Setting next_dagrun for airbnb_master_ingestion to None, run_after=None
[2026-02-19T17:10:04.609+0000] {processor.py:183} INFO - Processing /opt/airflow/dags/master_load_bronze_data.py took 1.017 seconds
[2026-02-19T17:10:35.045+0000] {processor.py:161} INFO - Started process (PID=253) to work on /opt/airflow/dags/master_load_bronze_data.py
[2026-02-19T17:10:35.047+0000] {processor.py:830} INFO - Processing file /opt/airflow/dags/master_load_bronze_data.py for tasks to queue
[2026-02-19T17:10:35.050+0000] {logging_mixin.py:188} INFO - [2026-02-19T17:10:35.050+0000] {dagbag.py:545} INFO - Filling up the DagBag from /opt/airflow/dags/master_load_bronze_data.py
[2026-02-19T17:10:35.778+0000] {processor.py:840} INFO - DAG(s) 'airbnb_master_ingestion' retrieved from /opt/airflow/dags/master_load_bronze_data.py
[2026-02-19T17:10:35.856+0000] {logging_mixin.py:188} INFO - [2026-02-19T17:10:35.855+0000] {dag.py:3096} INFO - Sync 1 DAGs
[2026-02-19T17:10:35.889+0000] {logging_mixin.py:188} INFO - [2026-02-19T17:10:35.888+0000] {dag.py:3954} INFO - Setting next_dagrun for airbnb_master_ingestion to None, run_after=None
[2026-02-19T17:10:35.930+0000] {processor.py:183} INFO - Processing /opt/airflow/dags/master_load_bronze_data.py took 0.897 seconds
[2026-02-19T17:11:06.329+0000] {processor.py:161} INFO - Started process (PID=265) to work on /opt/airflow/dags/master_load_bronze_data.py
[2026-02-19T17:11:06.331+0000] {processor.py:830} INFO - Processing file /opt/airflow/dags/master_load_bronze_data.py for tasks to queue
[2026-02-19T17:11:06.335+0000] {logging_mixin.py:188} INFO - [2026-02-19T17:11:06.334+0000] {dagbag.py:545} INFO - Filling up the DagBag from /opt/airflow/dags/master_load_bronze_data.py
[2026-02-19T17:11:07.028+0000] {processor.py:840} INFO - DAG(s) 'airbnb_master_ingestion' retrieved from /opt/airflow/dags/master_load_bronze_data.py
[2026-02-19T17:11:07.104+0000] {logging_mixin.py:188} INFO - [2026-02-19T17:11:07.103+0000] {dag.py:3096} INFO - Sync 1 DAGs
[2026-02-19T17:11:07.140+0000] {logging_mixin.py:188} INFO - [2026-02-19T17:11:07.139+0000] {dag.py:3954} INFO - Setting next_dagrun for airbnb_master_ingestion to None, run_after=None
[2026-02-19T17:11:07.185+0000] {processor.py:183} INFO - Processing /opt/airflow/dags/master_load_bronze_data.py took 0.869 seconds
[2026-02-19T17:11:37.683+0000] {processor.py:161} INFO - Started process (PID=277) to work on /opt/airflow/dags/master_load_bronze_data.py
[2026-02-19T17:11:37.685+0000] {processor.py:830} INFO - Processing file /opt/airflow/dags/master_load_bronze_data.py for tasks to queue
[2026-02-19T17:11:37.689+0000] {logging_mixin.py:188} INFO - [2026-02-19T17:11:37.688+0000] {dagbag.py:545} INFO - Filling up the DagBag from /opt/airflow/dags/master_load_bronze_data.py
[2026-02-19T17:11:38.480+0000] {processor.py:840} INFO - DAG(s) 'airbnb_master_ingestion' retrieved from /opt/airflow/dags/master_load_bronze_data.py
[2026-02-19T17:11:38.554+0000] {logging_mixin.py:188} INFO - [2026-02-19T17:11:38.553+0000] {dag.py:3096} INFO - Sync 1 DAGs
[2026-02-19T17:11:38.582+0000] {logging_mixin.py:188} INFO - [2026-02-19T17:11:38.581+0000] {dag.py:3954} INFO - Setting next_dagrun for airbnb_master_ingestion to None, run_after=None
[2026-02-19T17:11:38.620+0000] {processor.py:183} INFO - Processing /opt/airflow/dags/master_load_bronze_data.py took 0.952 seconds
[2026-02-19T17:12:08.884+0000] {processor.py:161} INFO - Started process (PID=289) to work on /opt/airflow/dags/master_load_bronze_data.py
[2026-02-19T17:12:08.886+0000] {processor.py:830} INFO - Processing file /opt/airflow/dags/master_load_bronze_data.py for tasks to queue
[2026-02-19T17:12:08.890+0000] {logging_mixin.py:188} INFO - [2026-02-19T17:12:08.889+0000] {dagbag.py:545} INFO - Filling up the DagBag from /opt/airflow/dags/master_load_bronze_data.py
[2026-02-19T17:12:09.581+0000] {processor.py:840} INFO - DAG(s) 'airbnb_master_ingestion' retrieved from /opt/airflow/dags/master_load_bronze_data.py
[2026-02-19T17:12:09.652+0000] {logging_mixin.py:188} INFO - [2026-02-19T17:12:09.652+0000] {dag.py:3096} INFO - Sync 1 DAGs
[2026-02-19T17:12:09.677+0000] {logging_mixin.py:188} INFO - [2026-02-19T17:12:09.677+0000] {dag.py:3954} INFO - Setting next_dagrun for airbnb_master_ingestion to None, run_after=None
[2026-02-19T17:12:09.721+0000] {processor.py:183} INFO - Processing /opt/airflow/dags/master_load_bronze_data.py took 0.850 seconds
[2026-02-19T17:12:40.102+0000] {processor.py:161} INFO - Started process (PID=301) to work on /opt/airflow/dags/master_load_bronze_data.py
[2026-02-19T17:12:40.105+0000] {processor.py:830} INFO - Processing file /opt/airflow/dags/master_load_bronze_data.py for tasks to queue
[2026-02-19T17:12:40.108+0000] {logging_mixin.py:188} INFO - [2026-02-19T17:12:40.107+0000] {dagbag.py:545} INFO - Filling up the DagBag from /opt/airflow/dags/master_load_bronze_data.py
[2026-02-19T17:12:40.994+0000] {processor.py:840} INFO - DAG(s) 'airbnb_master_ingestion' retrieved from /opt/airflow/dags/master_load_bronze_data.py
[2026-02-19T17:12:41.100+0000] {logging_mixin.py:188} INFO - [2026-02-19T17:12:41.099+0000] {dag.py:3096} INFO - Sync 1 DAGs
[2026-02-19T17:12:41.137+0000] {logging_mixin.py:188} INFO - [2026-02-19T17:12:41.137+0000] {dag.py:3954} INFO - Setting next_dagrun for airbnb_master_ingestion to None, run_after=None
[2026-02-19T17:12:41.183+0000] {processor.py:183} INFO - Processing /opt/airflow/dags/master_load_bronze_data.py took 1.094 seconds
[2026-02-19T17:13:11.597+0000] {processor.py:161} INFO - Started process (PID=313) to work on /opt/airflow/dags/master_load_bronze_data.py
[2026-02-19T17:13:11.600+0000] {processor.py:830} INFO - Processing file /opt/airflow/dags/master_load_bronze_data.py for tasks to queue
[2026-02-19T17:13:11.604+0000] {logging_mixin.py:188} INFO - [2026-02-19T17:13:11.603+0000] {dagbag.py:545} INFO - Filling up the DagBag from /opt/airflow/dags/master_load_bronze_data.py
[2026-02-19T17:13:12.494+0000] {processor.py:840} INFO - DAG(s) 'airbnb_master_ingestion' retrieved from /opt/airflow/dags/master_load_bronze_data.py
[2026-02-19T17:13:12.587+0000] {logging_mixin.py:188} INFO - [2026-02-19T17:13:12.586+0000] {dag.py:3096} INFO - Sync 1 DAGs
[2026-02-19T17:13:12.622+0000] {logging_mixin.py:188} INFO - [2026-02-19T17:13:12.621+0000] {dag.py:3954} INFO - Setting next_dagrun for airbnb_master_ingestion to None, run_after=None
[2026-02-19T17:13:12.674+0000] {processor.py:183} INFO - Processing /opt/airflow/dags/master_load_bronze_data.py took 1.100 seconds
[2026-02-19T17:13:43.020+0000] {processor.py:161} INFO - Started process (PID=325) to work on /opt/airflow/dags/master_load_bronze_data.py
[2026-02-19T17:13:43.022+0000] {processor.py:830} INFO - Processing file /opt/airflow/dags/master_load_bronze_data.py for tasks to queue
[2026-02-19T17:13:43.026+0000] {logging_mixin.py:188} INFO - [2026-02-19T17:13:43.025+0000] {dagbag.py:545} INFO - Filling up the DagBag from /opt/airflow/dags/master_load_bronze_data.py
[2026-02-19T17:13:43.645+0000] {processor.py:840} INFO - DAG(s) 'airbnb_master_ingestion' retrieved from /opt/airflow/dags/master_load_bronze_data.py
[2026-02-19T17:13:43.719+0000] {logging_mixin.py:188} INFO - [2026-02-19T17:13:43.718+0000] {dag.py:3096} INFO - Sync 1 DAGs
[2026-02-19T17:13:43.745+0000] {logging_mixin.py:188} INFO - [2026-02-19T17:13:43.744+0000] {dag.py:3954} INFO - Setting next_dagrun for airbnb_master_ingestion to None, run_after=None
[2026-02-19T17:13:43.786+0000] {processor.py:183} INFO - Processing /opt/airflow/dags/master_load_bronze_data.py took 0.779 seconds
[2026-02-19T17:14:14.129+0000] {processor.py:161} INFO - Started process (PID=337) to work on /opt/airflow/dags/master_load_bronze_data.py
[2026-02-19T17:14:14.131+0000] {processor.py:830} INFO - Processing file /opt/airflow/dags/master_load_bronze_data.py for tasks to queue
[2026-02-19T17:14:14.135+0000] {logging_mixin.py:188} INFO - [2026-02-19T17:14:14.134+0000] {dagbag.py:545} INFO - Filling up the DagBag from /opt/airflow/dags/master_load_bronze_data.py
[2026-02-19T17:14:14.985+0000] {processor.py:840} INFO - DAG(s) 'airbnb_master_ingestion' retrieved from /opt/airflow/dags/master_load_bronze_data.py
[2026-02-19T17:14:15.140+0000] {logging_mixin.py:188} INFO - [2026-02-19T17:14:15.140+0000] {dag.py:3096} INFO - Sync 1 DAGs
[2026-02-19T17:14:15.178+0000] {logging_mixin.py:188} INFO - [2026-02-19T17:14:15.178+0000] {dag.py:3954} INFO - Setting next_dagrun for airbnb_master_ingestion to None, run_after=None
[2026-02-19T17:14:15.239+0000] {processor.py:183} INFO - Processing /opt/airflow/dags/master_load_bronze_data.py took 1.123 seconds
[2026-02-19T17:14:45.384+0000] {processor.py:161} INFO - Started process (PID=349) to work on /opt/airflow/dags/master_load_bronze_data.py
[2026-02-19T17:14:45.387+0000] {processor.py:830} INFO - Processing file /opt/airflow/dags/master_load_bronze_data.py for tasks to queue
[2026-02-19T17:14:45.392+0000] {logging_mixin.py:188} INFO - [2026-02-19T17:14:45.392+0000] {dagbag.py:545} INFO - Filling up the DagBag from /opt/airflow/dags/master_load_bronze_data.py
[2026-02-19T17:14:46.142+0000] {processor.py:840} INFO - DAG(s) 'airbnb_master_ingestion' retrieved from /opt/airflow/dags/master_load_bronze_data.py
[2026-02-19T17:14:46.211+0000] {logging_mixin.py:188} INFO - [2026-02-19T17:14:46.210+0000] {dag.py:3096} INFO - Sync 1 DAGs
[2026-02-19T17:14:46.237+0000] {logging_mixin.py:188} INFO - [2026-02-19T17:14:46.237+0000] {dag.py:3954} INFO - Setting next_dagrun for airbnb_master_ingestion to None, run_after=None
[2026-02-19T17:14:46.273+0000] {processor.py:183} INFO - Processing /opt/airflow/dags/master_load_bronze_data.py took 0.904 seconds
[2026-02-19T17:15:16.877+0000] {processor.py:161} INFO - Started process (PID=361) to work on /opt/airflow/dags/master_load_bronze_data.py
[2026-02-19T17:15:16.880+0000] {processor.py:830} INFO - Processing file /opt/airflow/dags/master_load_bronze_data.py for tasks to queue
[2026-02-19T17:15:16.886+0000] {logging_mixin.py:188} INFO - [2026-02-19T17:15:16.885+0000] {dagbag.py:545} INFO - Filling up the DagBag from /opt/airflow/dags/master_load_bronze_data.py
[2026-02-19T17:15:18.194+0000] {processor.py:840} INFO - DAG(s) 'airbnb_master_ingestion' retrieved from /opt/airflow/dags/master_load_bronze_data.py
[2026-02-19T17:15:18.299+0000] {logging_mixin.py:188} INFO - [2026-02-19T17:15:18.298+0000] {dag.py:3096} INFO - Sync 1 DAGs
[2026-02-19T17:15:18.330+0000] {logging_mixin.py:188} INFO - [2026-02-19T17:15:18.330+0000] {dag.py:3954} INFO - Setting next_dagrun for airbnb_master_ingestion to None, run_after=None
[2026-02-19T17:15:18.373+0000] {processor.py:183} INFO - Processing /opt/airflow/dags/master_load_bronze_data.py took 1.515 seconds
[2026-02-19T17:15:49.484+0000] {processor.py:161} INFO - Started process (PID=373) to work on /opt/airflow/dags/master_load_bronze_data.py
[2026-02-19T17:15:49.487+0000] {processor.py:830} INFO - Processing file /opt/airflow/dags/master_load_bronze_data.py for tasks to queue
[2026-02-19T17:15:49.492+0000] {logging_mixin.py:188} INFO - [2026-02-19T17:15:49.491+0000] {dagbag.py:545} INFO - Filling up the DagBag from /opt/airflow/dags/master_load_bronze_data.py
[2026-02-19T17:15:51.422+0000] {processor.py:840} INFO - DAG(s) 'airbnb_master_ingestion' retrieved from /opt/airflow/dags/master_load_bronze_data.py
[2026-02-19T17:15:51.643+0000] {logging_mixin.py:188} INFO - [2026-02-19T17:15:51.642+0000] {dag.py:3096} INFO - Sync 1 DAGs
[2026-02-19T17:15:51.723+0000] {logging_mixin.py:188} INFO - [2026-02-19T17:15:51.717+0000] {dag.py:3954} INFO - Setting next_dagrun for airbnb_master_ingestion to None, run_after=None
[2026-02-19T17:15:51.817+0000] {processor.py:183} INFO - Processing /opt/airflow/dags/master_load_bronze_data.py took 2.353 seconds
[2026-02-19T17:16:22.062+0000] {processor.py:161} INFO - Started process (PID=385) to work on /opt/airflow/dags/master_load_bronze_data.py
[2026-02-19T17:16:22.064+0000] {processor.py:830} INFO - Processing file /opt/airflow/dags/master_load_bronze_data.py for tasks to queue
[2026-02-19T17:16:22.069+0000] {logging_mixin.py:188} INFO - [2026-02-19T17:16:22.069+0000] {dagbag.py:545} INFO - Filling up the DagBag from /opt/airflow/dags/master_load_bronze_data.py
[2026-02-19T17:16:22.807+0000] {processor.py:840} INFO - DAG(s) 'airbnb_master_ingestion' retrieved from /opt/airflow/dags/master_load_bronze_data.py
[2026-02-19T17:16:22.895+0000] {logging_mixin.py:188} INFO - [2026-02-19T17:16:22.894+0000] {dag.py:3096} INFO - Sync 1 DAGs
[2026-02-19T17:16:22.944+0000] {logging_mixin.py:188} INFO - [2026-02-19T17:16:22.944+0000] {dag.py:3954} INFO - Setting next_dagrun for airbnb_master_ingestion to None, run_after=None
[2026-02-19T17:16:23.041+0000] {processor.py:183} INFO - Processing /opt/airflow/dags/master_load_bronze_data.py took 0.996 seconds
[2026-02-19T17:16:53.168+0000] {processor.py:161} INFO - Started process (PID=397) to work on /opt/airflow/dags/master_load_bronze_data.py
[2026-02-19T17:16:53.171+0000] {processor.py:830} INFO - Processing file /opt/airflow/dags/master_load_bronze_data.py for tasks to queue
[2026-02-19T17:16:53.174+0000] {logging_mixin.py:188} INFO - [2026-02-19T17:16:53.174+0000] {dagbag.py:545} INFO - Filling up the DagBag from /opt/airflow/dags/master_load_bronze_data.py
[2026-02-19T17:16:53.987+0000] {processor.py:840} INFO - DAG(s) 'airbnb_master_ingestion' retrieved from /opt/airflow/dags/master_load_bronze_data.py
[2026-02-19T17:16:54.060+0000] {logging_mixin.py:188} INFO - [2026-02-19T17:16:54.059+0000] {dag.py:3096} INFO - Sync 1 DAGs
[2026-02-19T17:16:54.086+0000] {logging_mixin.py:188} INFO - [2026-02-19T17:16:54.085+0000] {dag.py:3954} INFO - Setting next_dagrun for airbnb_master_ingestion to None, run_after=None
[2026-02-19T17:16:54.123+0000] {processor.py:183} INFO - Processing /opt/airflow/dags/master_load_bronze_data.py took 0.968 seconds
[2026-02-19T17:17:24.516+0000] {processor.py:161} INFO - Started process (PID=409) to work on /opt/airflow/dags/master_load_bronze_data.py
[2026-02-19T17:17:24.519+0000] {processor.py:830} INFO - Processing file /opt/airflow/dags/master_load_bronze_data.py for tasks to queue
[2026-02-19T17:17:24.525+0000] {logging_mixin.py:188} INFO - [2026-02-19T17:17:24.524+0000] {dagbag.py:545} INFO - Filling up the DagBag from /opt/airflow/dags/master_load_bronze_data.py
[2026-02-19T17:17:25.766+0000] {processor.py:840} INFO - DAG(s) 'airbnb_master_ingestion' retrieved from /opt/airflow/dags/master_load_bronze_data.py
[2026-02-19T17:17:25.904+0000] {logging_mixin.py:188} INFO - [2026-02-19T17:17:25.903+0000] {dag.py:3096} INFO - Sync 1 DAGs
[2026-02-19T17:17:25.953+0000] {logging_mixin.py:188} INFO - [2026-02-19T17:17:25.952+0000] {dag.py:3954} INFO - Setting next_dagrun for airbnb_master_ingestion to None, run_after=None
[2026-02-19T17:17:26.030+0000] {processor.py:183} INFO - Processing /opt/airflow/dags/master_load_bronze_data.py took 1.530 seconds
[2026-02-19T17:17:56.410+0000] {processor.py:161} INFO - Started process (PID=421) to work on /opt/airflow/dags/master_load_bronze_data.py
[2026-02-19T17:17:56.413+0000] {processor.py:830} INFO - Processing file /opt/airflow/dags/master_load_bronze_data.py for tasks to queue
[2026-02-19T17:17:56.418+0000] {logging_mixin.py:188} INFO - [2026-02-19T17:17:56.417+0000] {dagbag.py:545} INFO - Filling up the DagBag from /opt/airflow/dags/master_load_bronze_data.py
[2026-02-19T17:17:57.457+0000] {processor.py:840} INFO - DAG(s) 'airbnb_master_ingestion' retrieved from /opt/airflow/dags/master_load_bronze_data.py
[2026-02-19T17:17:57.549+0000] {logging_mixin.py:188} INFO - [2026-02-19T17:17:57.548+0000] {dag.py:3096} INFO - Sync 1 DAGs
[2026-02-19T17:17:57.581+0000] {logging_mixin.py:188} INFO - [2026-02-19T17:17:57.581+0000] {dag.py:3954} INFO - Setting next_dagrun for airbnb_master_ingestion to None, run_after=None
[2026-02-19T17:17:57.627+0000] {processor.py:183} INFO - Processing /opt/airflow/dags/master_load_bronze_data.py took 1.240 seconds
