[2026-02-16T12:39:47.895+0000] {local_task_job_runner.py:120} INFO - ::group::Pre task execution logs
[2026-02-16T12:39:47.994+0000] {taskinstance.py:2076} INFO - Dependencies all met for dep_context=non-requeueable deps ti=<TaskInstance: airbnb_master_ingestion.ingest_listings_06_2020 manual__2026-02-16T12:31:43.521350+00:00 [queued]>
[2026-02-16T12:39:48.020+0000] {taskinstance.py:2076} INFO - Dependencies all met for dep_context=requeueable deps ti=<TaskInstance: airbnb_master_ingestion.ingest_listings_06_2020 manual__2026-02-16T12:31:43.521350+00:00 [queued]>
[2026-02-16T12:39:48.021+0000] {taskinstance.py:2306} INFO - Starting attempt 2 of 2
[2026-02-16T12:39:48.059+0000] {taskinstance.py:2330} INFO - Executing <Task(PythonOperator): ingest_listings_06_2020> on 2026-02-16 12:31:43.521350+00:00
[2026-02-16T12:39:48.068+0000] {standard_task_runner.py:63} INFO - Started process 1699 to run task
[2026-02-16T12:39:48.080+0000] {standard_task_runner.py:90} INFO - Running: ['airflow', 'tasks', 'run', 'airbnb_master_ingestion', 'ingest_listings_06_2020', 'manual__2026-02-16T12:31:43.521350+00:00', '--job-id', '29', '--raw', '--subdir', 'DAGS_FOLDER/master_load_bronze_data.py', '--cfg-path', '/tmp/tmpc_j29jb8']
[2026-02-16T12:39:48.085+0000] {standard_task_runner.py:91} INFO - Job 29: Subtask ingest_listings_06_2020
[2026-02-16T12:39:48.249+0000] {task_command.py:426} INFO - Running <TaskInstance: airbnb_master_ingestion.ingest_listings_06_2020 manual__2026-02-16T12:31:43.521350+00:00 [running]> on host 6404cf048eb4
[2026-02-16T12:39:48.570+0000] {taskinstance.py:2648} INFO - Exporting env vars: AIRFLOW_CTX_DAG_OWNER='airflow' AIRFLOW_CTX_DAG_ID='airbnb_master_ingestion' AIRFLOW_CTX_TASK_ID='ingest_listings_06_2020' AIRFLOW_CTX_EXECUTION_DATE='2026-02-16T12:31:43.521350+00:00' AIRFLOW_CTX_TRY_NUMBER='2' AIRFLOW_CTX_DAG_RUN_ID='manual__2026-02-16T12:31:43.521350+00:00'
[2026-02-16T12:39:48.575+0000] {taskinstance.py:430} INFO - ::endgroup::
[2026-02-16T12:39:48.666+0000] {logging_mixin.py:188} INFO - Starting ingestion for: listings/06_2020.csv
[2026-02-16T12:39:49.496+0000] {crypto.py:82} WARNING - empty cryptography key - values will not be stored encrypted.
[2026-02-16T12:39:49.500+0000] {base.py:84} INFO - Using connection ID 'postgres_conn' for task execution.
[2026-02-16T12:40:12.322+0000] {logging_mixin.py:188} INFO - Successfully moved 36901 rows to listings_06_2020
[2026-02-16T12:40:12.329+0000] {python.py:237} INFO - Done. Returned value was: None
[2026-02-16T12:40:12.342+0000] {taskinstance.py:441} INFO - ::group::Post task execution logs
[2026-02-16T12:40:12.941+0000] {taskinstance.py:1206} INFO - Marking task as SUCCESS. dag_id=airbnb_master_ingestion, task_id=ingest_listings_06_2020, run_id=manual__2026-02-16T12:31:43.521350+00:00, execution_date=20260216T123143, start_date=20260216T123947, end_date=20260216T124012
[2026-02-16T12:40:13.346+0000] {local_task_job_runner.py:240} INFO - Task exited with return code 0
[2026-02-16T12:40:13.560+0000] {taskinstance.py:3498} INFO - 0 downstream tasks scheduled from follow-on schedule check
[2026-02-16T12:40:13.625+0000] {local_task_job_runner.py:222} INFO - ::endgroup::
