[2026-03-02T12:54:49.954+0000] {local_task_job_runner.py:120} INFO - ::group::Pre task execution logs
[2026-03-02T12:54:50.059+0000] {taskinstance.py:2076} INFO - Dependencies all met for dep_context=non-requeueable deps ti=<TaskInstance: airbnb_master_ingestion_v2.trigger_dbt_models manual__2026-03-02T12:50:24.914955+00:00 [queued]>
[2026-03-02T12:54:50.088+0000] {taskinstance.py:2076} INFO - Dependencies all met for dep_context=requeueable deps ti=<TaskInstance: airbnb_master_ingestion_v2.trigger_dbt_models manual__2026-03-02T12:50:24.914955+00:00 [queued]>
[2026-03-02T12:54:50.089+0000] {taskinstance.py:2306} INFO - Starting attempt 1 of 1
[2026-03-02T12:54:50.134+0000] {taskinstance.py:2330} INFO - Executing <Task(BashOperator): trigger_dbt_models> on 2026-03-02 12:50:24.914955+00:00
[2026-03-02T12:54:50.144+0000] {standard_task_runner.py:63} INFO - Started process 748 to run task
[2026-03-02T12:54:50.172+0000] {standard_task_runner.py:90} INFO - Running: ['airflow', 'tasks', 'run', 'airbnb_master_ingestion_v2', 'trigger_dbt_models', 'manual__2026-03-02T12:50:24.914955+00:00', '--job-id', '72', '--raw', '--subdir', 'DAGS_FOLDER/newly_dag_for_test_master_load_bronze.py', '--cfg-path', '/tmp/tmp4zzk3wjk']
[2026-03-02T12:54:50.183+0000] {standard_task_runner.py:91} INFO - Job 72: Subtask trigger_dbt_models
[2026-03-02T12:54:50.432+0000] {task_command.py:426} INFO - Running <TaskInstance: airbnb_master_ingestion_v2.trigger_dbt_models manual__2026-03-02T12:50:24.914955+00:00 [running]> on host af14385ea4f7
[2026-03-02T12:54:50.728+0000] {taskinstance.py:2648} INFO - Exporting env vars: AIRFLOW_CTX_DAG_OWNER='airflow' AIRFLOW_CTX_DAG_ID='airbnb_master_ingestion_v2' AIRFLOW_CTX_TASK_ID='trigger_dbt_models' AIRFLOW_CTX_EXECUTION_DATE='2026-03-02T12:50:24.914955+00:00' AIRFLOW_CTX_TRY_NUMBER='1' AIRFLOW_CTX_DAG_RUN_ID='manual__2026-03-02T12:50:24.914955+00:00'
[2026-03-02T12:54:50.731+0000] {taskinstance.py:430} INFO - ::endgroup::
[2026-03-02T12:54:50.761+0000] {subprocess.py:63} INFO - Tmp dir root location: /tmp
[2026-03-02T12:54:50.765+0000] {subprocess.py:75} INFO - Running command: ['/usr/bin/bash', '-c', 'cd /opt/airflow/airbnb_project && dbt run && dbt snapshot']
[2026-03-02T12:54:50.820+0000] {subprocess.py:86} INFO - Output:
[2026-03-02T12:54:50.871+0000] {subprocess.py:93} INFO - /usr/bin/bash: line 1: cd: /opt/airflow/airbnb_project: No such file or directory
[2026-03-02T12:54:50.873+0000] {subprocess.py:97} INFO - Command exited with return code 1
[2026-03-02T12:54:50.875+0000] {taskinstance.py:441} INFO - ::group::Post task execution logs
[2026-03-02T12:54:51.010+0000] {taskinstance.py:2905} ERROR - Task failed with exception
Traceback (most recent call last):
  File "/home/airflow/.local/lib/python3.10/site-packages/airflow/models/taskinstance.py", line 465, in _execute_task
    result = _execute_callable(context=context, **execute_callable_kwargs)
  File "/home/airflow/.local/lib/python3.10/site-packages/airflow/models/taskinstance.py", line 432, in _execute_callable
    return execute_callable(context=context, **execute_callable_kwargs)
  File "/home/airflow/.local/lib/python3.10/site-packages/airflow/models/baseoperator.py", line 400, in wrapper
    return func(self, *args, **kwargs)
  File "/home/airflow/.local/lib/python3.10/site-packages/airflow/operators/bash.py", line 243, in execute
    raise AirflowException(
airflow.exceptions.AirflowException: Bash command failed. The command returned a non-zero exit code 1.
[2026-03-02T12:54:51.027+0000] {taskinstance.py:1206} INFO - Marking task as FAILED. dag_id=airbnb_master_ingestion_v2, task_id=trigger_dbt_models, run_id=manual__2026-03-02T12:50:24.914955+00:00, execution_date=20260302T125024, start_date=20260302T125450, end_date=20260302T125451
[2026-03-02T12:54:51.118+0000] {standard_task_runner.py:110} ERROR - Failed to execute job 72 for task trigger_dbt_models (Bash command failed. The command returned a non-zero exit code 1.; 748)
[2026-03-02T12:54:51.174+0000] {local_task_job_runner.py:240} INFO - Task exited with return code 1
[2026-03-02T12:54:51.291+0000] {taskinstance.py:3498} INFO - 0 downstream tasks scheduled from follow-on schedule check
[2026-03-02T12:54:51.304+0000] {local_task_job_runner.py:222} INFO - ::endgroup::
