[2026-02-15T18:22:23.470+0000] {local_task_job_runner.py:120} INFO - ::group::Pre task execution logs
[2026-02-15T18:22:23.595+0000] {taskinstance.py:2076} INFO - Dependencies all met for dep_context=non-requeueable deps ti=<TaskInstance: ingest_airbnb_bronze.load_lga_codes manual__2026-02-15T18:22:18.331718+00:00 [queued]>
[2026-02-15T18:22:23.623+0000] {taskinstance.py:2076} INFO - Dependencies all met for dep_context=requeueable deps ti=<TaskInstance: ingest_airbnb_bronze.load_lga_codes manual__2026-02-15T18:22:18.331718+00:00 [queued]>
[2026-02-15T18:22:23.624+0000] {taskinstance.py:2306} INFO - Starting attempt 1 of 1
[2026-02-15T18:22:23.664+0000] {taskinstance.py:2330} INFO - Executing <Task(PythonOperator): load_lga_codes> on 2026-02-15 18:22:18.331718+00:00
[2026-02-15T18:22:23.677+0000] {standard_task_runner.py:63} INFO - Started process 224 to run task
[2026-02-15T18:22:23.702+0000] {standard_task_runner.py:90} INFO - Running: ['airflow', 'tasks', 'run', 'ingest_airbnb_bronze', 'load_lga_codes', 'manual__2026-02-15T18:22:18.331718+00:00', '--job-id', '3', '--raw', '--subdir', 'DAGS_FOLDER/load_bronze_data.py', '--cfg-path', '/tmp/tmpl8hmm7xp']
[2026-02-15T18:22:23.707+0000] {standard_task_runner.py:91} INFO - Job 3: Subtask load_lga_codes
[2026-02-15T18:22:23.947+0000] {task_command.py:426} INFO - Running <TaskInstance: ingest_airbnb_bronze.load_lga_codes manual__2026-02-15T18:22:18.331718+00:00 [running]> on host 384129f8cd20
[2026-02-15T18:22:24.825+0000] {taskinstance.py:2648} INFO - Exporting env vars: AIRFLOW_CTX_DAG_OWNER='airflow' AIRFLOW_CTX_DAG_ID='ingest_airbnb_bronze' AIRFLOW_CTX_TASK_ID='load_lga_codes' AIRFLOW_CTX_EXECUTION_DATE='2026-02-15T18:22:18.331718+00:00' AIRFLOW_CTX_TRY_NUMBER='1' AIRFLOW_CTX_DAG_RUN_ID='manual__2026-02-15T18:22:18.331718+00:00'
[2026-02-15T18:22:24.829+0000] {taskinstance.py:430} INFO - ::endgroup::
[2026-02-15T18:22:24.900+0000] {taskinstance.py:441} INFO - ::group::Post task execution logs
[2026-02-15T18:22:24.904+0000] {taskinstance.py:2905} ERROR - Task failed with exception
Traceback (most recent call last):
  File "/home/airflow/.local/lib/python3.10/site-packages/airflow/models/taskinstance.py", line 465, in _execute_task
    result = _execute_callable(context=context, **execute_callable_kwargs)
  File "/home/airflow/.local/lib/python3.10/site-packages/airflow/models/taskinstance.py", line 432, in _execute_callable
    return execute_callable(context=context, **execute_callable_kwargs)
  File "/home/airflow/.local/lib/python3.10/site-packages/airflow/models/baseoperator.py", line 400, in wrapper
    return func(self, *args, **kwargs)
  File "/home/airflow/.local/lib/python3.10/site-packages/airflow/operators/python.py", line 235, in execute
    return_value = self.execute_callable()
  File "/home/airflow/.local/lib/python3.10/site-packages/airflow/operators/python.py", line 252, in execute_callable
    return self.python_callable(*self.op_args, **self.op_kwargs)
  File "/opt/airflow/dags/load_bronze_data.py", line 13, in load_csv_to_postgres
    df = pd.read_csv(os.path.join(DATA_PATH, file_name))
  File "/home/airflow/.local/lib/python3.10/site-packages/pandas/io/parsers/readers.py", line 948, in read_csv
    return _read(filepath_or_buffer, kwds)
  File "/home/airflow/.local/lib/python3.10/site-packages/pandas/io/parsers/readers.py", line 611, in _read
    parser = TextFileReader(filepath_or_buffer, **kwds)
  File "/home/airflow/.local/lib/python3.10/site-packages/pandas/io/parsers/readers.py", line 1448, in __init__
    self._engine = self._make_engine(f, self.engine)
  File "/home/airflow/.local/lib/python3.10/site-packages/pandas/io/parsers/readers.py", line 1705, in _make_engine
    self.handles = get_handle(
  File "/home/airflow/.local/lib/python3.10/site-packages/pandas/io/common.py", line 863, in get_handle
    handle = open(
FileNotFoundError: [Errno 2] No such file or directory: '/opt/airflow/data/NSW_LGA_CODES.csv'
[2026-02-15T18:22:24.965+0000] {taskinstance.py:1206} INFO - Marking task as FAILED. dag_id=ingest_airbnb_bronze, task_id=load_lga_codes, run_id=manual__2026-02-15T18:22:18.331718+00:00, execution_date=20260215T182218, start_date=20260215T182223, end_date=20260215T182224
[2026-02-15T18:22:25.049+0000] {standard_task_runner.py:110} ERROR - Failed to execute job 3 for task load_lga_codes ([Errno 2] No such file or directory: '/opt/airflow/data/NSW_LGA_CODES.csv'; 224)
[2026-02-15T18:22:25.114+0000] {local_task_job_runner.py:240} INFO - Task exited with return code 1
[2026-02-15T18:22:25.256+0000] {taskinstance.py:3498} INFO - 0 downstream tasks scheduled from follow-on schedule check
[2026-02-15T18:22:25.269+0000] {local_task_job_runner.py:222} INFO - ::endgroup::
