[2026-02-16T04:32:05.096+0000] {local_task_job_runner.py:120} INFO - ::group::Pre task execution logs
[2026-02-16T04:32:05.240+0000] {taskinstance.py:2076} INFO - Dependencies all met for dep_context=non-requeueable deps ti=<TaskInstance: ingest_airbnb_bronze.load_census_g01 manual__2026-02-16T04:31:46.787491+00:00 [queued]>
[2026-02-16T04:32:05.267+0000] {taskinstance.py:2076} INFO - Dependencies all met for dep_context=requeueable deps ti=<TaskInstance: ingest_airbnb_bronze.load_census_g01 manual__2026-02-16T04:31:46.787491+00:00 [queued]>
[2026-02-16T04:32:05.271+0000] {taskinstance.py:2306} INFO - Starting attempt 1 of 1
[2026-02-16T04:32:05.351+0000] {taskinstance.py:2330} INFO - Executing <Task(PythonOperator): load_census_g01> on 2026-02-16 04:31:46.787491+00:00
[2026-02-16T04:32:05.381+0000] {standard_task_runner.py:63} INFO - Started process 219 to run task
[2026-02-16T04:32:05.419+0000] {standard_task_runner.py:90} INFO - Running: ['airflow', 'tasks', 'run', 'ingest_airbnb_bronze', 'load_census_g01', 'manual__2026-02-16T04:31:46.787491+00:00', '--job-id', '4', '--raw', '--subdir', 'DAGS_FOLDER/load_bronze_data.py', '--cfg-path', '/tmp/tmpc7qhxnwd']
[2026-02-16T04:32:05.446+0000] {standard_task_runner.py:91} INFO - Job 4: Subtask load_census_g01
[2026-02-16T04:32:05.708+0000] {task_command.py:426} INFO - Running <TaskInstance: ingest_airbnb_bronze.load_census_g01 manual__2026-02-16T04:31:46.787491+00:00 [running]> on host 4c46563a9a95
[2026-02-16T04:32:06.075+0000] {taskinstance.py:2648} INFO - Exporting env vars: AIRFLOW_CTX_DAG_OWNER='airflow' AIRFLOW_CTX_DAG_ID='ingest_airbnb_bronze' AIRFLOW_CTX_TASK_ID='load_census_g01' AIRFLOW_CTX_EXECUTION_DATE='2026-02-16T04:31:46.787491+00:00' AIRFLOW_CTX_TRY_NUMBER='1' AIRFLOW_CTX_DAG_RUN_ID='manual__2026-02-16T04:31:46.787491+00:00'
[2026-02-16T04:32:06.078+0000] {taskinstance.py:430} INFO - ::endgroup::
[2026-02-16T04:32:06.486+0000] {crypto.py:82} WARNING - empty cryptography key - values will not be stored encrypted.
[2026-02-16T04:32:06.487+0000] {base.py:84} INFO - Using connection ID 'postgres_conn' for task execution.
[2026-02-16T04:32:06.971+0000] {logging_mixin.py:188} INFO - nsw_lga_census_2016_g01 loaded successfully!
[2026-02-16T04:32:06.973+0000] {python.py:237} INFO - Done. Returned value was: None
[2026-02-16T04:32:06.976+0000] {taskinstance.py:441} INFO - ::group::Post task execution logs
[2026-02-16T04:32:07.030+0000] {taskinstance.py:1206} INFO - Marking task as SUCCESS. dag_id=ingest_airbnb_bronze, task_id=load_census_g01, run_id=manual__2026-02-16T04:31:46.787491+00:00, execution_date=20260216T043146, start_date=20260216T043205, end_date=20260216T043207
[2026-02-16T04:32:07.138+0000] {local_task_job_runner.py:240} INFO - Task exited with return code 0
[2026-02-16T04:32:07.374+0000] {taskinstance.py:3498} INFO - 0 downstream tasks scheduled from follow-on schedule check
[2026-02-16T04:32:07.392+0000] {local_task_job_runner.py:222} INFO - ::endgroup::
