[2026-03-02T12:53:20.262+0000] {local_task_job_runner.py:120} INFO - ::group::Pre task execution logs
[2026-03-02T12:53:20.407+0000] {taskinstance.py:2076} INFO - Dependencies all met for dep_context=non-requeueable deps ti=<TaskInstance: airbnb_master_ingestion_v2.ingest_listings_12_2020 manual__2026-03-02T12:50:24.914955+00:00 [queued]>
[2026-03-02T12:53:20.440+0000] {taskinstance.py:2076} INFO - Dependencies all met for dep_context=requeueable deps ti=<TaskInstance: airbnb_master_ingestion_v2.ingest_listings_12_2020 manual__2026-03-02T12:50:24.914955+00:00 [queued]>
[2026-03-02T12:53:20.442+0000] {taskinstance.py:2306} INFO - Starting attempt 1 of 1
[2026-03-02T12:53:20.499+0000] {taskinstance.py:2330} INFO - Executing <Task(PythonOperator): ingest_listings_12_2020> on 2026-03-02 12:50:24.914955+00:00
[2026-03-02T12:53:20.511+0000] {standard_task_runner.py:63} INFO - Started process 697 to run task
[2026-03-02T12:53:20.540+0000] {standard_task_runner.py:90} INFO - Running: ['airflow', 'tasks', 'run', 'airbnb_master_ingestion_v2', 'ingest_listings_12_2020', 'manual__2026-03-02T12:50:24.914955+00:00', '--job-id', '67', '--raw', '--subdir', 'DAGS_FOLDER/newly_dag_for_test_master_load_bronze.py', '--cfg-path', '/tmp/tmproudmyq5']
[2026-03-02T12:53:20.559+0000] {standard_task_runner.py:91} INFO - Job 67: Subtask ingest_listings_12_2020
[2026-03-02T12:53:20.861+0000] {task_command.py:426} INFO - Running <TaskInstance: airbnb_master_ingestion_v2.ingest_listings_12_2020 manual__2026-03-02T12:50:24.914955+00:00 [running]> on host af14385ea4f7
[2026-03-02T12:53:21.318+0000] {taskinstance.py:2648} INFO - Exporting env vars: AIRFLOW_CTX_DAG_OWNER='airflow' AIRFLOW_CTX_DAG_ID='airbnb_master_ingestion_v2' AIRFLOW_CTX_TASK_ID='ingest_listings_12_2020' AIRFLOW_CTX_EXECUTION_DATE='2026-03-02T12:50:24.914955+00:00' AIRFLOW_CTX_TRY_NUMBER='1' AIRFLOW_CTX_DAG_RUN_ID='manual__2026-03-02T12:50:24.914955+00:00'
[2026-03-02T12:53:21.321+0000] {taskinstance.py:430} INFO - ::endgroup::
[2026-03-02T12:53:21.366+0000] {logging_mixin.py:188} INFO - Starting ingestion for: listings/12_2020.csv
[2026-03-02T12:53:21.968+0000] {crypto.py:82} WARNING - empty cryptography key - values will not be stored encrypted.
[2026-03-02T12:53:21.970+0000] {base.py:84} INFO - Using connection ID 'postgres_conn' for task execution.
[2026-03-02T12:53:33.864+0000] {logging_mixin.py:188} INFO - Successfully moved 33871 rows to listings_12_2020
[2026-03-02T12:53:33.869+0000] {python.py:237} INFO - Done. Returned value was: None
[2026-03-02T12:53:33.871+0000] {taskinstance.py:441} INFO - ::group::Post task execution logs
[2026-03-02T12:53:33.932+0000] {taskinstance.py:1206} INFO - Marking task as SUCCESS. dag_id=airbnb_master_ingestion_v2, task_id=ingest_listings_12_2020, run_id=manual__2026-03-02T12:50:24.914955+00:00, execution_date=20260302T125024, start_date=20260302T125320, end_date=20260302T125333
[2026-03-02T12:53:34.043+0000] {local_task_job_runner.py:240} INFO - Task exited with return code 0
[2026-03-02T12:53:34.147+0000] {taskinstance.py:3498} INFO - 1 downstream tasks scheduled from follow-on schedule check
[2026-03-02T12:53:34.151+0000] {local_task_job_runner.py:222} INFO - ::endgroup::
