[2026-02-17T11:23:31.023+0000] {local_task_job_runner.py:120} INFO - ::group::Pre task execution logs
[2026-02-17T11:23:31.243+0000] {taskinstance.py:2076} INFO - Dependencies all met for dep_context=non-requeueable deps ti=<TaskInstance: airbnb_master_ingestion.ingest_lga_codes manual__2026-02-17T11:23:16.860372+00:00 [queued]>
[2026-02-17T11:23:31.343+0000] {taskinstance.py:2076} INFO - Dependencies all met for dep_context=requeueable deps ti=<TaskInstance: airbnb_master_ingestion.ingest_lga_codes manual__2026-02-17T11:23:16.860372+00:00 [queued]>
[2026-02-17T11:23:31.350+0000] {taskinstance.py:2306} INFO - Starting attempt 1 of 1
[2026-02-17T11:23:31.413+0000] {taskinstance.py:2330} INFO - Executing <Task(PythonOperator): ingest_lga_codes> on 2026-02-17 11:23:16.860372+00:00
[2026-02-17T11:23:31.439+0000] {standard_task_runner.py:63} INFO - Started process 415 to run task
[2026-02-17T11:23:31.455+0000] {standard_task_runner.py:90} INFO - Running: ['airflow', 'tasks', 'run', 'airbnb_master_ingestion', 'ingest_lga_codes', 'manual__2026-02-17T11:23:16.860372+00:00', '--job-id', '38', '--raw', '--subdir', 'DAGS_FOLDER/master_load_bronze_data.py', '--cfg-path', '/tmp/tmp9_pk8woa']
[2026-02-17T11:23:31.487+0000] {standard_task_runner.py:91} INFO - Job 38: Subtask ingest_lga_codes
[2026-02-17T11:23:32.004+0000] {task_command.py:426} INFO - Running <TaskInstance: airbnb_master_ingestion.ingest_lga_codes manual__2026-02-17T11:23:16.860372+00:00 [running]> on host 6404cf048eb4
[2026-02-17T11:23:32.709+0000] {taskinstance.py:2648} INFO - Exporting env vars: AIRFLOW_CTX_DAG_OWNER='airflow' AIRFLOW_CTX_DAG_ID='airbnb_master_ingestion' AIRFLOW_CTX_TASK_ID='ingest_lga_codes' AIRFLOW_CTX_EXECUTION_DATE='2026-02-17T11:23:16.860372+00:00' AIRFLOW_CTX_TRY_NUMBER='1' AIRFLOW_CTX_DAG_RUN_ID='manual__2026-02-17T11:23:16.860372+00:00'
[2026-02-17T11:23:32.714+0000] {taskinstance.py:430} INFO - ::endgroup::
[2026-02-17T11:23:32.845+0000] {logging_mixin.py:188} INFO - Starting ingestion for: NSW_LGA/NSW_LGA_CODE.csv
[2026-02-17T11:23:34.861+0000] {crypto.py:82} WARNING - empty cryptography key - values will not be stored encrypted.
[2026-02-17T11:23:34.866+0000] {base.py:84} INFO - Using connection ID 'postgres_conn' for task execution.
[2026-02-17T11:23:35.323+0000] {logging_mixin.py:188} INFO - Successfully moved 129 rows to nsw_lga_codes
[2026-02-17T11:23:35.325+0000] {python.py:237} INFO - Done. Returned value was: None
[2026-02-17T11:23:35.328+0000] {taskinstance.py:441} INFO - ::group::Post task execution logs
[2026-02-17T11:23:35.386+0000] {taskinstance.py:1206} INFO - Marking task as SUCCESS. dag_id=airbnb_master_ingestion, task_id=ingest_lga_codes, run_id=manual__2026-02-17T11:23:16.860372+00:00, execution_date=20260217T112316, start_date=20260217T112331, end_date=20260217T112335
[2026-02-17T11:23:35.502+0000] {local_task_job_runner.py:240} INFO - Task exited with return code 0
[2026-02-17T11:23:35.696+0000] {taskinstance.py:3498} INFO - 0 downstream tasks scheduled from follow-on schedule check
[2026-02-17T11:23:35.728+0000] {local_task_job_runner.py:222} INFO - ::endgroup::
