[2026-03-02T12:50:52.788+0000] {local_task_job_runner.py:120} INFO - ::group::Pre task execution logs
[2026-03-02T12:50:53.885+0000] {taskinstance.py:2076} INFO - Dependencies all met for dep_context=non-requeueable deps ti=<TaskInstance: airbnb_master_ingestion_v2.ingest_census_g02 manual__2026-03-02T12:50:24.914955+00:00 [queued]>
[2026-03-02T12:50:54.015+0000] {taskinstance.py:2076} INFO - Dependencies all met for dep_context=requeueable deps ti=<TaskInstance: airbnb_master_ingestion_v2.ingest_census_g02 manual__2026-03-02T12:50:24.914955+00:00 [queued]>
[2026-03-02T12:50:54.025+0000] {taskinstance.py:2306} INFO - Starting attempt 1 of 1
[2026-03-02T12:50:54.246+0000] {taskinstance.py:2330} INFO - Executing <Task(PythonOperator): ingest_census_g02> on 2026-03-02 12:50:24.914955+00:00
[2026-03-02T12:50:54.302+0000] {standard_task_runner.py:63} INFO - Started process 593 to run task
[2026-03-02T12:50:54.420+0000] {standard_task_runner.py:90} INFO - Running: ['airflow', 'tasks', 'run', 'airbnb_master_ingestion_v2', 'ingest_census_g02', 'manual__2026-03-02T12:50:24.914955+00:00', '--job-id', '58', '--raw', '--subdir', 'DAGS_FOLDER/newly_dag_for_test_master_load_bronze.py', '--cfg-path', '/tmp/tmp_r4oa2m2']
[2026-03-02T12:50:54.603+0000] {standard_task_runner.py:91} INFO - Job 58: Subtask ingest_census_g02
[2026-03-02T12:50:55.651+0000] {task_command.py:426} INFO - Running <TaskInstance: airbnb_master_ingestion_v2.ingest_census_g02 manual__2026-03-02T12:50:24.914955+00:00 [running]> on host af14385ea4f7
[2026-03-02T12:50:57.082+0000] {taskinstance.py:2648} INFO - Exporting env vars: AIRFLOW_CTX_DAG_OWNER='airflow' AIRFLOW_CTX_DAG_ID='airbnb_master_ingestion_v2' AIRFLOW_CTX_TASK_ID='ingest_census_g02' AIRFLOW_CTX_EXECUTION_DATE='2026-03-02T12:50:24.914955+00:00' AIRFLOW_CTX_TRY_NUMBER='1' AIRFLOW_CTX_DAG_RUN_ID='manual__2026-03-02T12:50:24.914955+00:00'
[2026-03-02T12:50:57.085+0000] {taskinstance.py:430} INFO - ::endgroup::
[2026-03-02T12:50:57.650+0000] {logging_mixin.py:188} INFO - Starting ingestion for: Census_LGA/2016Census_G02_NSW_LGA.csv
[2026-03-02T12:50:58.288+0000] {crypto.py:82} WARNING - empty cryptography key - values will not be stored encrypted.
[2026-03-02T12:50:58.290+0000] {base.py:84} INFO - Using connection ID 'postgres_conn' for task execution.
[2026-03-02T12:50:58.456+0000] {logging_mixin.py:188} INFO - Successfully moved 132 rows to nsw_lga_census_2016_g02
[2026-03-02T12:50:58.459+0000] {python.py:237} INFO - Done. Returned value was: None
[2026-03-02T12:50:58.464+0000] {taskinstance.py:441} INFO - ::group::Post task execution logs
[2026-03-02T12:50:58.505+0000] {taskinstance.py:1206} INFO - Marking task as SUCCESS. dag_id=airbnb_master_ingestion_v2, task_id=ingest_census_g02, run_id=manual__2026-03-02T12:50:24.914955+00:00, execution_date=20260302T125024, start_date=20260302T125053, end_date=20260302T125058
[2026-03-02T12:50:58.569+0000] {local_task_job_runner.py:240} INFO - Task exited with return code 0
[2026-03-02T12:50:58.684+0000] {taskinstance.py:3498} INFO - 1 downstream tasks scheduled from follow-on schedule check
[2026-03-02T12:50:58.689+0000] {local_task_job_runner.py:222} INFO - ::endgroup::
