[2026-02-16T12:38:53.416+0000] {local_task_job_runner.py:120} INFO - ::group::Pre task execution logs
[2026-02-16T12:38:53.526+0000] {taskinstance.py:2076} INFO - Dependencies all met for dep_context=non-requeueable deps ti=<TaskInstance: airbnb_master_ingestion.ingest_listings_03_2021 manual__2026-02-16T12:31:43.521350+00:00 [queued]>
[2026-02-16T12:38:53.588+0000] {taskinstance.py:2076} INFO - Dependencies all met for dep_context=requeueable deps ti=<TaskInstance: airbnb_master_ingestion.ingest_listings_03_2021 manual__2026-02-16T12:31:43.521350+00:00 [queued]>
[2026-02-16T12:38:53.589+0000] {taskinstance.py:2306} INFO - Starting attempt 2 of 2
[2026-02-16T12:38:53.649+0000] {taskinstance.py:2330} INFO - Executing <Task(PythonOperator): ingest_listings_03_2021> on 2026-02-16 12:31:43.521350+00:00
[2026-02-16T12:38:53.660+0000] {standard_task_runner.py:63} INFO - Started process 1666 to run task
[2026-02-16T12:38:53.679+0000] {standard_task_runner.py:90} INFO - Running: ['airflow', 'tasks', 'run', 'airbnb_master_ingestion', 'ingest_listings_03_2021', 'manual__2026-02-16T12:31:43.521350+00:00', '--job-id', '26', '--raw', '--subdir', 'DAGS_FOLDER/master_load_bronze_data.py', '--cfg-path', '/tmp/tmpj95hi000']
[2026-02-16T12:38:53.687+0000] {standard_task_runner.py:91} INFO - Job 26: Subtask ingest_listings_03_2021
[2026-02-16T12:38:53.883+0000] {task_command.py:426} INFO - Running <TaskInstance: airbnb_master_ingestion.ingest_listings_03_2021 manual__2026-02-16T12:31:43.521350+00:00 [running]> on host 6404cf048eb4
[2026-02-16T12:38:54.283+0000] {taskinstance.py:2648} INFO - Exporting env vars: AIRFLOW_CTX_DAG_OWNER='airflow' AIRFLOW_CTX_DAG_ID='airbnb_master_ingestion' AIRFLOW_CTX_TASK_ID='ingest_listings_03_2021' AIRFLOW_CTX_EXECUTION_DATE='2026-02-16T12:31:43.521350+00:00' AIRFLOW_CTX_TRY_NUMBER='2' AIRFLOW_CTX_DAG_RUN_ID='manual__2026-02-16T12:31:43.521350+00:00'
[2026-02-16T12:38:54.288+0000] {taskinstance.py:430} INFO - ::endgroup::
[2026-02-16T12:38:54.392+0000] {logging_mixin.py:188} INFO - Starting ingestion for: listings/03_2021.csv
[2026-02-16T12:38:55.334+0000] {crypto.py:82} WARNING - empty cryptography key - values will not be stored encrypted.
[2026-02-16T12:38:55.337+0000] {base.py:84} INFO - Using connection ID 'postgres_conn' for task execution.
[2026-02-16T12:39:16.467+0000] {logging_mixin.py:188} INFO - Successfully moved 33229 rows to listings_03_2021
[2026-02-16T12:39:16.472+0000] {python.py:237} INFO - Done. Returned value was: None
[2026-02-16T12:39:16.475+0000] {taskinstance.py:441} INFO - ::group::Post task execution logs
[2026-02-16T12:39:16.534+0000] {taskinstance.py:1206} INFO - Marking task as SUCCESS. dag_id=airbnb_master_ingestion, task_id=ingest_listings_03_2021, run_id=manual__2026-02-16T12:31:43.521350+00:00, execution_date=20260216T123143, start_date=20260216T123853, end_date=20260216T123916
[2026-02-16T12:39:16.711+0000] {local_task_job_runner.py:240} INFO - Task exited with return code 0
[2026-02-16T12:39:16.803+0000] {taskinstance.py:3498} INFO - 0 downstream tasks scheduled from follow-on schedule check
[2026-02-16T12:39:16.811+0000] {local_task_job_runner.py:222} INFO - ::endgroup::
