[2026-03-02T12:52:00.191+0000] {local_task_job_runner.py:120} INFO - ::group::Pre task execution logs
[2026-03-02T12:52:00.280+0000] {taskinstance.py:2076} INFO - Dependencies all met for dep_context=non-requeueable deps ti=<TaskInstance: airbnb_master_ingestion_v2.ingest_listings_08_2020 manual__2026-03-02T12:50:24.914955+00:00 [queued]>
[2026-03-02T12:52:00.307+0000] {taskinstance.py:2076} INFO - Dependencies all met for dep_context=requeueable deps ti=<TaskInstance: airbnb_master_ingestion_v2.ingest_listings_08_2020 manual__2026-03-02T12:50:24.914955+00:00 [queued]>
[2026-03-02T12:52:00.313+0000] {taskinstance.py:2306} INFO - Starting attempt 1 of 1
[2026-03-02T12:52:00.355+0000] {taskinstance.py:2330} INFO - Executing <Task(PythonOperator): ingest_listings_08_2020> on 2026-03-02 12:50:24.914955+00:00
[2026-03-02T12:52:00.368+0000] {standard_task_runner.py:63} INFO - Started process 643 to run task
[2026-03-02T12:52:00.381+0000] {standard_task_runner.py:90} INFO - Running: ['airflow', 'tasks', 'run', 'airbnb_master_ingestion_v2', 'ingest_listings_08_2020', 'manual__2026-03-02T12:50:24.914955+00:00', '--job-id', '63', '--raw', '--subdir', 'DAGS_FOLDER/newly_dag_for_test_master_load_bronze.py', '--cfg-path', '/tmp/tmpe66tf9gp']
[2026-03-02T12:52:00.398+0000] {standard_task_runner.py:91} INFO - Job 63: Subtask ingest_listings_08_2020
[2026-03-02T12:52:00.650+0000] {task_command.py:426} INFO - Running <TaskInstance: airbnb_master_ingestion_v2.ingest_listings_08_2020 manual__2026-03-02T12:50:24.914955+00:00 [running]> on host af14385ea4f7
[2026-03-02T12:52:01.157+0000] {taskinstance.py:2648} INFO - Exporting env vars: AIRFLOW_CTX_DAG_OWNER='airflow' AIRFLOW_CTX_DAG_ID='airbnb_master_ingestion_v2' AIRFLOW_CTX_TASK_ID='ingest_listings_08_2020' AIRFLOW_CTX_EXECUTION_DATE='2026-03-02T12:50:24.914955+00:00' AIRFLOW_CTX_TRY_NUMBER='1' AIRFLOW_CTX_DAG_RUN_ID='manual__2026-03-02T12:50:24.914955+00:00'
[2026-03-02T12:52:01.205+0000] {taskinstance.py:430} INFO - ::endgroup::
[2026-03-02T12:52:01.292+0000] {logging_mixin.py:188} INFO - Starting ingestion for: listings/08_2020.csv
[2026-03-02T12:52:02.353+0000] {crypto.py:82} WARNING - empty cryptography key - values will not be stored encrypted.
[2026-03-02T12:52:02.355+0000] {base.py:84} INFO - Using connection ID 'postgres_conn' for task execution.
[2026-03-02T12:52:15.609+0000] {logging_mixin.py:188} INFO - Successfully moved 31391 rows to listings_08_2020
[2026-03-02T12:52:15.613+0000] {python.py:237} INFO - Done. Returned value was: None
[2026-03-02T12:52:15.615+0000] {taskinstance.py:441} INFO - ::group::Post task execution logs
[2026-03-02T12:52:15.653+0000] {taskinstance.py:1206} INFO - Marking task as SUCCESS. dag_id=airbnb_master_ingestion_v2, task_id=ingest_listings_08_2020, run_id=manual__2026-03-02T12:50:24.914955+00:00, execution_date=20260302T125024, start_date=20260302T125200, end_date=20260302T125215
[2026-03-02T12:52:15.730+0000] {local_task_job_runner.py:240} INFO - Task exited with return code 0
[2026-03-02T12:52:15.823+0000] {taskinstance.py:3498} INFO - 1 downstream tasks scheduled from follow-on schedule check
[2026-03-02T12:52:15.828+0000] {local_task_job_runner.py:222} INFO - ::endgroup::
